ARM GAS  C:\Users\Matuesz\AppData\Local\Temp\ccxoXVgA.s 			page 1


   1              		.syntax unified
   2              		.cpu cortex-m4
   3              		.fpu softvfp
   4              		.eabi_attribute 20, 1
   5              		.eabi_attribute 21, 1
   6              		.eabi_attribute 23, 3
   7              		.eabi_attribute 24, 1
   8              		.eabi_attribute 25, 1
   9              		.eabi_attribute 26, 1
  10              		.eabi_attribute 30, 2
  11              		.eabi_attribute 34, 1
  12              		.eabi_attribute 18, 4
  13              		.thumb
  14              		.file	"board.c"
  15              		.text
  16              	.Ltext0:
  17              		.cfi_sections	.debug_frame
  18              		.section	.text.__early_init,"ax",%progbits
  19              		.align	2
  20              		.p2align 4,,15
  21              		.global	__early_init
  22              		.thumb
  23              		.thumb_func
  24              		.type	__early_init, %function
  25              	__early_init:
  26              	.LFB118:
  27              		.file 1 "../../boards/OLIMEX_STM32_E407_REV_D/board.c"
  28              		.loc 1 54 0
  29              		.cfi_startproc
  30              		@ args = 0, pretend = 0, frame = 0
  31              		@ frame_needed = 0, uses_anonymous_args = 0
  32              		@ link register save eliminated.
  33              		.loc 1 57 0
  34              		.loc 1 56 0
  35 0000 FFF7FEBF 		b	stm32_clock_init
  36              	.LVL0:
  37              		.cfi_endproc
  38              	.LFE118:
  39              		.size	__early_init, .-__early_init
  40 0004 AFF30080 		.section	.text.sdc_lld_is_card_inserted,"ax",%progbits
  40      AFF30080 
  40      AFF30080 
  41              		.align	2
  42              		.p2align 4,,15
  43              		.global	sdc_lld_is_card_inserted
  44              		.thumb
  45              		.thumb_func
  46              		.type	sdc_lld_is_card_inserted, %function
  47              	sdc_lld_is_card_inserted:
  48              	.LFB119:
  49              		.loc 1 63 0
  50              		.cfi_startproc
  51              		@ args = 0, pretend = 0, frame = 0
  52              		@ frame_needed = 0, uses_anonymous_args = 0
  53              		@ link register save eliminated.
  54              	.LVL1:
  55              		.loc 1 66 0
ARM GAS  C:\Users\Matuesz\AppData\Local\Temp\ccxoXVgA.s 			page 2


  56 0000 0379     		ldrb	r3, [r0, #4]	@ zero_extendqisi2
  57 0002 DA1E     		subs	r2, r3, #3
  58 0004 012A     		cmp	r2, #1
  59 0006 0DD9     		bls	.L3
  60              		.loc 1 66 0 is_stmt 0 discriminator 1
  61 0008 062B     		cmp	r3, #6
  62 000a 0BD0     		beq	.L3
  63 000c 072B     		cmp	r3, #7
  64 000e 09D0     		beq	.L3
  65              		.loc 1 68 0 is_stmt 1
  66 0010 4FF40060 		mov	r0, #2048
  67              	.LVL2:
  68 0014 C4F20200 		movt	r0, 16386
  69 0018 044B     		ldr	r3, .L10
  70 001a 0169     		ldr	r1, [r0, #16]
  71 001c C1F3C020 		ubfx	r0, r1, #11, #1
  72 0020 1870     		strb	r0, [r3, #0]
  73              		.loc 1 69 0
  74 0022 7047     		bx	lr
  75              	.LVL3:
  76              	.L3:
  77              		.loc 1 67 0
  78 0024 014A     		ldr	r2, .L10
  79 0026 1078     		ldrb	r0, [r2, #0]	@ zero_extendqisi2
  80              	.LVL4:
  81 0028 7047     		bx	lr
  82              	.L11:
  83 002a 00BF     		.align	2
  84              	.L10:
  85 002c 00000000 		.word	.LANCHOR0
  86              		.cfi_endproc
  87              	.LFE119:
  88              		.size	sdc_lld_is_card_inserted, .-sdc_lld_is_card_inserted
  89              		.section	.text.sdc_lld_is_write_protected,"ax",%progbits
  90              		.align	2
  91              		.p2align 4,,15
  92              		.global	sdc_lld_is_write_protected
  93              		.thumb
  94              		.thumb_func
  95              		.type	sdc_lld_is_write_protected, %function
  96              	sdc_lld_is_write_protected:
  97              	.LFB120:
  98              		.loc 1 74 0
  99              		.cfi_startproc
 100              		@ args = 0, pretend = 0, frame = 0
 101              		@ frame_needed = 0, uses_anonymous_args = 0
 102              		@ link register save eliminated.
 103              	.LVL5:
 104              		.loc 1 78 0
 105 0000 0020     		movs	r0, #0
 106              	.LVL6:
 107 0002 7047     		bx	lr
 108              		.cfi_endproc
 109              	.LFE120:
 110              		.size	sdc_lld_is_write_protected, .-sdc_lld_is_write_protected
 111 0004 AFF30080 		.section	.text.boardInit,"ax",%progbits
 111      AFF30080 
ARM GAS  C:\Users\Matuesz\AppData\Local\Temp\ccxoXVgA.s 			page 3


 111      AFF30080 
 112              		.align	2
 113              		.p2align 4,,15
 114              		.global	boardInit
 115              		.thumb
 116              		.thumb_func
 117              		.type	boardInit, %function
 118              	boardInit:
 119              	.LFB121:
 120              		.loc 1 107 0
 121              		.cfi_startproc
 122              		@ args = 0, pretend = 0, frame = 0
 123              		@ frame_needed = 0, uses_anonymous_args = 0
 124              		@ link register save eliminated.
 125 0000 7047     		bx	lr
 126              		.cfi_endproc
 127              	.LFE121:
 128              		.size	boardInit, .-boardInit
 129              		.global	pal_default_config
 130 0002 00BFAFF3 		.section	.rodata.pal_default_config,"a",%progbits
 130      0080AFF3 
 130      0080AFF3 
 130      0080
 131              		.align	2
 132              		.type	pal_default_config, %object
 133              		.size	pal_default_config, 252
 134              	pal_default_config:
 135 0000 2880A1AA 		.word	-1432256472
 136 0004 00000000 		.word	0
 137 0008 FFFFFFFF 		.word	-1
 138 000c 00150820 		.word	537400576
 139 0010 FFFF0000 		.word	65535
 140 0014 B00B00B0 		.word	-1342174288
 141 0018 00AA0A00 		.word	698880
 142 001c 81022AA2 		.word	-1574305151
 143 0020 00030000 		.word	768
 144 0024 FFFFFFFF 		.word	-1
 145 0028 00544008 		.word	138433536
 146 002c FFFF0000 		.word	65535
 147 0030 00000000 		.word	0
 148 0034 44050CCC 		.word	-871627452
 149 0038 A8AAAA06 		.word	111848104
 150 003c 00000000 		.word	0
 151 0040 FFFFFFFF 		.word	-1
 152 0044 01000000 		.word	1
 153 0048 FFFF0000 		.word	65535
 154 004c B055BB88 		.word	-2000988752
 155 0050 CCCC0C00 		.word	838860
 156 0054 20000000 		.word	32
 157 0058 00000000 		.word	0
 158 005c FFFFFFFF 		.word	-1
 159 0060 45555555 		.word	1431655749
 160 0064 FFFF0000 		.word	65535
 161 0068 000C0000 		.word	3072
 162 006c 00000000 		.word	0
 163 0070 00000000 		.word	0
 164 0074 00000000 		.word	0
ARM GAS  C:\Users\Matuesz\AppData\Local\Temp\ccxoXVgA.s 			page 4


 165 0078 FFFFFFFF 		.word	-1
 166 007c 55555555 		.word	1431655765
 167 0080 FFFF0000 		.word	65535
 168 0084 00000000 		.word	0
 169 0088 00000000 		.word	0
 170 008c 00000000 		.word	0
 171 0090 00000000 		.word	0
 172 0094 FFFFFFFF 		.word	-1
 173 0098 55551555 		.word	1427461461
 174 009c FFFF0000 		.word	65535
 175 00a0 00000000 		.word	0
 176 00a4 00000000 		.word	0
 177 00a8 00009028 		.word	680525824
 178 00ac 00000000 		.word	0
 179 00b0 FFFFFFFF 		.word	-1
 180 00b4 55550541 		.word	1090868565
 181 00b8 FFFF0000 		.word	65535
 182 00bc 00000000 		.word	0
 183 00c0 00B0B00B 		.word	196128768
 184 00c4 00000000 		.word	0
 185 00c8 00000000 		.word	0
 186 00cc FFFFFFFF 		.word	-1
 187 00d0 50555555 		.word	1431655760
 188 00d4 FFFF0000 		.word	65535
 189 00d8 00000000 		.word	0
 190 00dc 00000000 		.word	0
 191 00e0 00000000 		.word	0
 192 00e4 00000000 		.word	0
 193 00e8 FFFFFFFF 		.word	-1
 194 00ec 55555555 		.word	1431655765
 195 00f0 FFFF0000 		.word	65535
 196 00f4 00000000 		.word	0
 197 00f8 00000000 		.word	0
 198              		.section	.bss.last_status.7251,"aw",%nobits
 199              		.set	.LANCHOR0,. + 0
 200              		.type	last_status.7251, %object
 201              		.size	last_status.7251, 1
 202              	last_status.7251:
 203 0000 00       		.space	1
 204              		.text
 205              	.Letext0:
 206              		.file 2 "c:\\chibistudio\\tools\\gnu tools arm embedded\\4.7 2014q2\\bin\\../lib/gcc/arm-none-eabi
 207              		.file 3 "../../os/ports/GCC/ARMCMx/chtypes.h"
 208              		.file 4 "../../os/kernel/include/chlists.h"
 209              		.file 5 "../../os/kernel/include/chthreads.h"
 210              		.file 6 "../../os/ports/GCC/ARMCMx/chcore_v7m.h"
 211              		.file 7 "../../os/kernel/include/chmtx.h"
 212              		.file 8 "../../os/hal/platforms/STM32F4xx/stm32f4xx.h"
 213              		.file 9 "../../os/hal/platforms/STM32F4xx/stm32_dma.h"
 214              		.file 10 "../../os/hal/include/io_block.h"
 215              		.file 11 "../../os/hal/platforms/STM32/GPIOv2/pal_lld.h"
 216              		.file 12 "../../os/hal/platforms/STM32/sdc_lld.h"
 217              		.file 13 "../../os/ports/common/ARMCMx/CMSIS/include/core_cm4.h"
 218              		.file 14 "../../os/hal/platforms/STM32F4xx/hal_lld.h"
 219              		.section	.debug_info,"",%progbits
 220              	.Ldebug_info0:
 221 0000 470A0000 		.4byte	0xa47
ARM GAS  C:\Users\Matuesz\AppData\Local\Temp\ccxoXVgA.s 			page 5


 222 0004 0200     		.2byte	0x2
 223 0006 00000000 		.4byte	.Ldebug_abbrev0
 224 000a 04       		.byte	0x4
 225 000b 01       		.uleb128 0x1
 226 000c D4020000 		.4byte	.LASF134
 227 0010 01       		.byte	0x1
 228 0011 66030000 		.4byte	.LASF135
 229 0015 6B040000 		.4byte	.LASF136
 230 0019 00000000 		.4byte	.Ldebug_ranges0+0
 231 001d 00000000 		.4byte	0
 232 0021 00000000 		.4byte	0
 233 0025 00000000 		.4byte	.Ldebug_line0
 234 0029 02       		.uleb128 0x2
 235 002a 04       		.byte	0x4
 236 002b 05       		.byte	0x5
 237 002c 696E7400 		.ascii	"int\000"
 238 0030 03       		.uleb128 0x3
 239 0031 04       		.byte	0x4
 240 0032 07       		.byte	0x7
 241 0033 E5010000 		.4byte	.LASF0
 242 0037 03       		.uleb128 0x3
 243 0038 01       		.byte	0x1
 244 0039 06       		.byte	0x6
 245 003a F2000000 		.4byte	.LASF1
 246 003e 04       		.uleb128 0x4
 247 003f 44050000 		.4byte	.LASF4
 248 0043 02       		.byte	0x2
 249 0044 2A       		.byte	0x2a
 250 0045 49000000 		.4byte	0x49
 251 0049 03       		.uleb128 0x3
 252 004a 01       		.byte	0x1
 253 004b 08       		.byte	0x8
 254 004c CA030000 		.4byte	.LASF2
 255 0050 03       		.uleb128 0x3
 256 0051 02       		.byte	0x2
 257 0052 05       		.byte	0x5
 258 0053 E7030000 		.4byte	.LASF3
 259 0057 04       		.uleb128 0x4
 260 0058 63010000 		.4byte	.LASF5
 261 005c 02       		.byte	0x2
 262 005d 36       		.byte	0x36
 263 005e 62000000 		.4byte	0x62
 264 0062 03       		.uleb128 0x3
 265 0063 02       		.byte	0x2
 266 0064 07       		.byte	0x7
 267 0065 25020000 		.4byte	.LASF6
 268 0069 04       		.uleb128 0x4
 269 006a C2030000 		.4byte	.LASF7
 270 006e 02       		.byte	0x2
 271 006f 4F       		.byte	0x4f
 272 0070 74000000 		.4byte	0x74
 273 0074 03       		.uleb128 0x3
 274 0075 04       		.byte	0x4
 275 0076 05       		.byte	0x5
 276 0077 41010000 		.4byte	.LASF8
 277 007b 04       		.uleb128 0x4
 278 007c 50040000 		.4byte	.LASF9
ARM GAS  C:\Users\Matuesz\AppData\Local\Temp\ccxoXVgA.s 			page 6


 279 0080 02       		.byte	0x2
 280 0081 50       		.byte	0x50
 281 0082 86000000 		.4byte	0x86
 282 0086 03       		.uleb128 0x3
 283 0087 04       		.byte	0x4
 284 0088 07       		.byte	0x7
 285 0089 59040000 		.4byte	.LASF10
 286 008d 03       		.uleb128 0x3
 287 008e 08       		.byte	0x8
 288 008f 05       		.byte	0x5
 289 0090 E4000000 		.4byte	.LASF11
 290 0094 03       		.uleb128 0x3
 291 0095 08       		.byte	0x8
 292 0096 07       		.byte	0x7
 293 0097 8F000000 		.4byte	.LASF12
 294 009b 04       		.uleb128 0x4
 295 009c 06010000 		.4byte	.LASF13
 296 00a0 03       		.byte	0x3
 297 00a1 2B       		.byte	0x2b
 298 00a2 A6000000 		.4byte	0xa6
 299 00a6 03       		.uleb128 0x3
 300 00a7 01       		.byte	0x1
 301 00a8 02       		.byte	0x2
 302 00a9 BC030000 		.4byte	.LASF14
 303 00ad 04       		.uleb128 0x4
 304 00ae 86020000 		.4byte	.LASF15
 305 00b2 03       		.byte	0x3
 306 00b3 2C       		.byte	0x2c
 307 00b4 3E000000 		.4byte	0x3e
 308 00b8 04       		.uleb128 0x4
 309 00b9 51010000 		.4byte	.LASF16
 310 00bd 03       		.byte	0x3
 311 00be 2D       		.byte	0x2d
 312 00bf 3E000000 		.4byte	0x3e
 313 00c3 04       		.uleb128 0x4
 314 00c4 5E030000 		.4byte	.LASF17
 315 00c8 03       		.byte	0x3
 316 00c9 2E       		.byte	0x2e
 317 00ca 3E000000 		.4byte	0x3e
 318 00ce 04       		.uleb128 0x4
 319 00cf 26010000 		.4byte	.LASF18
 320 00d3 03       		.byte	0x3
 321 00d4 2F       		.byte	0x2f
 322 00d5 3E000000 		.4byte	0x3e
 323 00d9 04       		.uleb128 0x4
 324 00da AD030000 		.4byte	.LASF19
 325 00de 03       		.byte	0x3
 326 00df 30       		.byte	0x30
 327 00e0 7B000000 		.4byte	0x7b
 328 00e4 04       		.uleb128 0x4
 329 00e5 71020000 		.4byte	.LASF20
 330 00e9 03       		.byte	0x3
 331 00ea 31       		.byte	0x31
 332 00eb 69000000 		.4byte	0x69
 333 00ef 04       		.uleb128 0x4
 334 00f0 9A020000 		.4byte	.LASF21
 335 00f4 03       		.byte	0x3
ARM GAS  C:\Users\Matuesz\AppData\Local\Temp\ccxoXVgA.s 			page 7


 336 00f5 33       		.byte	0x33
 337 00f6 7B000000 		.4byte	0x7b
 338 00fa 04       		.uleb128 0x4
 339 00fb CC040000 		.4byte	.LASF22
 340 00ff 03       		.byte	0x3
 341 0100 35       		.byte	0x35
 342 0101 7B000000 		.4byte	0x7b
 343 0105 04       		.uleb128 0x4
 344 0106 AB010000 		.4byte	.LASF23
 345 010a 04       		.byte	0x4
 346 010b 2A       		.byte	0x2a
 347 010c 10010000 		.4byte	0x110
 348 0110 05       		.uleb128 0x5
 349 0111 AB010000 		.4byte	.LASF23
 350 0115 48       		.byte	0x48
 351 0116 05       		.byte	0x5
 352 0117 5E       		.byte	0x5e
 353 0118 35020000 		.4byte	0x235
 354 011c 06       		.uleb128 0x6
 355 011d 1D040000 		.4byte	.LASF24
 356 0121 05       		.byte	0x5
 357 0122 5F       		.byte	0x5f
 358 0123 5A020000 		.4byte	0x25a
 359 0127 02       		.byte	0x2
 360 0128 23       		.byte	0x23
 361 0129 00       		.uleb128 0
 362 012a 06       		.uleb128 0x6
 363 012b 93030000 		.4byte	.LASF25
 364 012f 05       		.byte	0x5
 365 0130 61       		.byte	0x61
 366 0131 5A020000 		.4byte	0x25a
 367 0135 02       		.byte	0x2
 368 0136 23       		.byte	0x23
 369 0137 04       		.uleb128 0x4
 370 0138 06       		.uleb128 0x6
 371 0139 DD000000 		.4byte	.LASF26
 372 013d 05       		.byte	0x5
 373 013e 63       		.byte	0x63
 374 013f D9000000 		.4byte	0xd9
 375 0143 02       		.byte	0x2
 376 0144 23       		.byte	0x23
 377 0145 08       		.uleb128 0x8
 378 0146 06       		.uleb128 0x6
 379 0147 A9050000 		.4byte	.LASF27
 380 014b 05       		.byte	0x5
 381 014c 64       		.byte	0x64
 382 014d 28030000 		.4byte	0x328
 383 0151 02       		.byte	0x2
 384 0152 23       		.byte	0x23
 385 0153 0C       		.uleb128 0xc
 386 0154 06       		.uleb128 0x6
 387 0155 6C010000 		.4byte	.LASF28
 388 0159 05       		.byte	0x5
 389 015a 66       		.byte	0x66
 390 015b 5A020000 		.4byte	0x25a
 391 015f 02       		.byte	0x2
 392 0160 23       		.byte	0x23
ARM GAS  C:\Users\Matuesz\AppData\Local\Temp\ccxoXVgA.s 			page 8


 393 0161 10       		.uleb128 0x10
 394 0162 06       		.uleb128 0x6
 395 0163 1D030000 		.4byte	.LASF29
 396 0167 05       		.byte	0x5
 397 0168 67       		.byte	0x67
 398 0169 5A020000 		.4byte	0x25a
 399 016d 02       		.byte	0x2
 400 016e 23       		.byte	0x23
 401 016f 14       		.uleb128 0x14
 402 0170 06       		.uleb128 0x6
 403 0171 66050000 		.4byte	.LASF30
 404 0175 05       		.byte	0x5
 405 0176 6E       		.byte	0x6e
 406 0177 D9030000 		.4byte	0x3d9
 407 017b 02       		.byte	0x2
 408 017c 23       		.byte	0x23
 409 017d 18       		.uleb128 0x18
 410 017e 06       		.uleb128 0x6
 411 017f F1030000 		.4byte	.LASF31
 412 0183 05       		.byte	0x5
 413 0184 79       		.byte	0x79
 414 0185 B8000000 		.4byte	0xb8
 415 0189 02       		.byte	0x2
 416 018a 23       		.byte	0x23
 417 018b 1C       		.uleb128 0x1c
 418 018c 06       		.uleb128 0x6
 419 018d DD010000 		.4byte	.LASF32
 420 0191 05       		.byte	0x5
 421 0192 7D       		.byte	0x7d
 422 0193 AD000000 		.4byte	0xad
 423 0197 02       		.byte	0x2
 424 0198 23       		.byte	0x23
 425 0199 1D       		.uleb128 0x1d
 426 019a 06       		.uleb128 0x6
 427 019b 24050000 		.4byte	.LASF33
 428 019f 05       		.byte	0x5
 429 01a0 82       		.byte	0x82
 430 01a1 C3000000 		.4byte	0xc3
 431 01a5 02       		.byte	0x2
 432 01a6 23       		.byte	0x23
 433 01a7 1E       		.uleb128 0x1e
 434 01a8 06       		.uleb128 0x6
 435 01a9 05040000 		.4byte	.LASF34
 436 01ad 05       		.byte	0x5
 437 01ae 88       		.byte	0x88
 438 01af CE000000 		.4byte	0xce
 439 01b3 02       		.byte	0x2
 440 01b4 23       		.byte	0x23
 441 01b5 1F       		.uleb128 0x1f
 442 01b6 06       		.uleb128 0x6
 443 01b7 41000000 		.4byte	.LASF35
 444 01bb 05       		.byte	0x5
 445 01bc 8F       		.byte	0x8f
 446 01bd 57030000 		.4byte	0x357
 447 01c1 02       		.byte	0x2
 448 01c2 23       		.byte	0x23
 449 01c3 20       		.uleb128 0x20
ARM GAS  C:\Users\Matuesz\AppData\Local\Temp\ccxoXVgA.s 			page 9


 450 01c4 07       		.uleb128 0x7
 451 01c5 705F7500 		.ascii	"p_u\000"
 452 01c9 05       		.byte	0x5
 453 01ca B4       		.byte	0xb4
 454 01cb A4030000 		.4byte	0x3a4
 455 01cf 02       		.byte	0x2
 456 01d0 23       		.byte	0x23
 457 01d1 24       		.uleb128 0x24
 458 01d2 06       		.uleb128 0x6
 459 01d3 AF050000 		.4byte	.LASF36
 460 01d7 05       		.byte	0x5
 461 01d8 B9       		.byte	0xb9
 462 01d9 82020000 		.4byte	0x282
 463 01dd 02       		.byte	0x2
 464 01de 23       		.byte	0x23
 465 01df 28       		.uleb128 0x28
 466 01e0 06       		.uleb128 0x6
 467 01e1 F9010000 		.4byte	.LASF37
 468 01e5 05       		.byte	0x5
 469 01e6 BF       		.byte	0xbf
 470 01e7 60020000 		.4byte	0x260
 471 01eb 02       		.byte	0x2
 472 01ec 23       		.byte	0x23
 473 01ed 2C       		.uleb128 0x2c
 474 01ee 06       		.uleb128 0x6
 475 01ef 74050000 		.4byte	.LASF38
 476 01f3 05       		.byte	0x5
 477 01f4 C3       		.byte	0xc3
 478 01f5 E4000000 		.4byte	0xe4
 479 01f9 02       		.byte	0x2
 480 01fa 23       		.byte	0x23
 481 01fb 34       		.uleb128 0x34
 482 01fc 06       		.uleb128 0x6
 483 01fd 40040000 		.4byte	.LASF39
 484 0201 05       		.byte	0x5
 485 0202 C9       		.byte	0xc9
 486 0203 EF000000 		.4byte	0xef
 487 0207 02       		.byte	0x2
 488 0208 23       		.byte	0x23
 489 0209 38       		.uleb128 0x38
 490 020a 06       		.uleb128 0x6
 491 020b DD030000 		.4byte	.LASF40
 492 020f 05       		.byte	0x5
 493 0210 D0       		.byte	0xd0
 494 0211 EB030000 		.4byte	0x3eb
 495 0215 02       		.byte	0x2
 496 0216 23       		.byte	0x23
 497 0217 3C       		.uleb128 0x3c
 498 0218 06       		.uleb128 0x6
 499 0219 D6040000 		.4byte	.LASF41
 500 021d 05       		.byte	0x5
 501 021e D4       		.byte	0xd4
 502 021f D9000000 		.4byte	0xd9
 503 0223 02       		.byte	0x2
 504 0224 23       		.byte	0x23
 505 0225 40       		.uleb128 0x40
 506 0226 06       		.uleb128 0x6
ARM GAS  C:\Users\Matuesz\AppData\Local\Temp\ccxoXVgA.s 			page 10


 507 0227 FE000000 		.4byte	.LASF42
 508 022b 05       		.byte	0x5
 509 022c DA       		.byte	0xda
 510 022d 98020000 		.4byte	0x298
 511 0231 02       		.byte	0x2
 512 0232 23       		.byte	0x23
 513 0233 44       		.uleb128 0x44
 514 0234 00       		.byte	0
 515 0235 08       		.uleb128 0x8
 516 0236 08       		.byte	0x8
 517 0237 04       		.byte	0x4
 518 0238 61       		.byte	0x61
 519 0239 5A020000 		.4byte	0x25a
 520 023d 06       		.uleb128 0x6
 521 023e 1D040000 		.4byte	.LASF24
 522 0242 04       		.byte	0x4
 523 0243 62       		.byte	0x62
 524 0244 5A020000 		.4byte	0x25a
 525 0248 02       		.byte	0x2
 526 0249 23       		.byte	0x23
 527 024a 00       		.uleb128 0
 528 024b 06       		.uleb128 0x6
 529 024c 93030000 		.4byte	.LASF25
 530 0250 04       		.byte	0x4
 531 0251 64       		.byte	0x64
 532 0252 5A020000 		.4byte	0x25a
 533 0256 02       		.byte	0x2
 534 0257 23       		.byte	0x23
 535 0258 04       		.uleb128 0x4
 536 0259 00       		.byte	0
 537 025a 09       		.uleb128 0x9
 538 025b 04       		.byte	0x4
 539 025c 05010000 		.4byte	0x105
 540 0260 04       		.uleb128 0x4
 541 0261 3B030000 		.4byte	.LASF43
 542 0265 04       		.byte	0x4
 543 0266 66       		.byte	0x66
 544 0267 35020000 		.4byte	0x235
 545 026b 08       		.uleb128 0x8
 546 026c 04       		.byte	0x4
 547 026d 04       		.byte	0x4
 548 026e 6B       		.byte	0x6b
 549 026f 82020000 		.4byte	0x282
 550 0273 06       		.uleb128 0x6
 551 0274 1D040000 		.4byte	.LASF24
 552 0278 04       		.byte	0x4
 553 0279 6D       		.byte	0x6d
 554 027a 5A020000 		.4byte	0x25a
 555 027e 02       		.byte	0x2
 556 027f 23       		.byte	0x23
 557 0280 00       		.uleb128 0
 558 0281 00       		.byte	0
 559 0282 04       		.uleb128 0x4
 560 0283 8E020000 		.4byte	.LASF44
 561 0287 04       		.byte	0x4
 562 0288 70       		.byte	0x70
 563 0289 6B020000 		.4byte	0x26b
ARM GAS  C:\Users\Matuesz\AppData\Local\Temp\ccxoXVgA.s 			page 11


 564 028d 04       		.uleb128 0x4
 565 028e 92010000 		.4byte	.LASF45
 566 0292 06       		.byte	0x6
 567 0293 E5       		.byte	0xe5
 568 0294 98020000 		.4byte	0x298
 569 0298 0A       		.uleb128 0xa
 570 0299 04       		.byte	0x4
 571 029a 0B       		.uleb128 0xb
 572 029b 0C050000 		.4byte	.LASF46
 573 029f 24       		.byte	0x24
 574 02a0 06       		.byte	0x6
 575 02a1 0C01     		.2byte	0x10c
 576 02a3 28030000 		.4byte	0x328
 577 02a7 0C       		.uleb128 0xc
 578 02a8 723400   		.ascii	"r4\000"
 579 02ab 06       		.byte	0x6
 580 02ac 1F01     		.2byte	0x11f
 581 02ae 8D020000 		.4byte	0x28d
 582 02b2 02       		.byte	0x2
 583 02b3 23       		.byte	0x23
 584 02b4 00       		.uleb128 0
 585 02b5 0C       		.uleb128 0xc
 586 02b6 723500   		.ascii	"r5\000"
 587 02b9 06       		.byte	0x6
 588 02ba 2001     		.2byte	0x120
 589 02bc 8D020000 		.4byte	0x28d
 590 02c0 02       		.byte	0x2
 591 02c1 23       		.byte	0x23
 592 02c2 04       		.uleb128 0x4
 593 02c3 0C       		.uleb128 0xc
 594 02c4 723600   		.ascii	"r6\000"
 595 02c7 06       		.byte	0x6
 596 02c8 2101     		.2byte	0x121
 597 02ca 8D020000 		.4byte	0x28d
 598 02ce 02       		.byte	0x2
 599 02cf 23       		.byte	0x23
 600 02d0 08       		.uleb128 0x8
 601 02d1 0C       		.uleb128 0xc
 602 02d2 723700   		.ascii	"r7\000"
 603 02d5 06       		.byte	0x6
 604 02d6 2201     		.2byte	0x122
 605 02d8 8D020000 		.4byte	0x28d
 606 02dc 02       		.byte	0x2
 607 02dd 23       		.byte	0x23
 608 02de 0C       		.uleb128 0xc
 609 02df 0C       		.uleb128 0xc
 610 02e0 723800   		.ascii	"r8\000"
 611 02e3 06       		.byte	0x6
 612 02e4 2301     		.2byte	0x123
 613 02e6 8D020000 		.4byte	0x28d
 614 02ea 02       		.byte	0x2
 615 02eb 23       		.byte	0x23
 616 02ec 10       		.uleb128 0x10
 617 02ed 0C       		.uleb128 0xc
 618 02ee 723900   		.ascii	"r9\000"
 619 02f1 06       		.byte	0x6
 620 02f2 2401     		.2byte	0x124
ARM GAS  C:\Users\Matuesz\AppData\Local\Temp\ccxoXVgA.s 			page 12


 621 02f4 8D020000 		.4byte	0x28d
 622 02f8 02       		.byte	0x2
 623 02f9 23       		.byte	0x23
 624 02fa 14       		.uleb128 0x14
 625 02fb 0C       		.uleb128 0xc
 626 02fc 72313000 		.ascii	"r10\000"
 627 0300 06       		.byte	0x6
 628 0301 2501     		.2byte	0x125
 629 0303 8D020000 		.4byte	0x28d
 630 0307 02       		.byte	0x2
 631 0308 23       		.byte	0x23
 632 0309 18       		.uleb128 0x18
 633 030a 0C       		.uleb128 0xc
 634 030b 72313100 		.ascii	"r11\000"
 635 030f 06       		.byte	0x6
 636 0310 2601     		.2byte	0x126
 637 0312 8D020000 		.4byte	0x28d
 638 0316 02       		.byte	0x2
 639 0317 23       		.byte	0x23
 640 0318 1C       		.uleb128 0x1c
 641 0319 0C       		.uleb128 0xc
 642 031a 6C7200   		.ascii	"lr\000"
 643 031d 06       		.byte	0x6
 644 031e 2701     		.2byte	0x127
 645 0320 8D020000 		.4byte	0x28d
 646 0324 02       		.byte	0x2
 647 0325 23       		.byte	0x23
 648 0326 20       		.uleb128 0x20
 649 0327 00       		.byte	0
 650 0328 0B       		.uleb128 0xb
 651 0329 F9040000 		.4byte	.LASF47
 652 032d 04       		.byte	0x4
 653 032e 06       		.byte	0x6
 654 032f 3101     		.2byte	0x131
 655 0331 45030000 		.4byte	0x345
 656 0335 0C       		.uleb128 0xc
 657 0336 72313300 		.ascii	"r13\000"
 658 033a 06       		.byte	0x6
 659 033b 3201     		.2byte	0x132
 660 033d 45030000 		.4byte	0x345
 661 0341 02       		.byte	0x2
 662 0342 23       		.byte	0x23
 663 0343 00       		.uleb128 0
 664 0344 00       		.byte	0
 665 0345 09       		.uleb128 0x9
 666 0346 04       		.byte	0x4
 667 0347 9A020000 		.4byte	0x29a
 668 034b 0D       		.uleb128 0xd
 669 034c 7B000000 		.4byte	0x7b
 670 0350 03       		.uleb128 0x3
 671 0351 04       		.byte	0x4
 672 0352 07       		.byte	0x7
 673 0353 BF020000 		.4byte	.LASF48
 674 0357 0D       		.uleb128 0xd
 675 0358 FA000000 		.4byte	0xfa
 676 035c 05       		.uleb128 0x5
 677 035d CE020000 		.4byte	.LASF49
ARM GAS  C:\Users\Matuesz\AppData\Local\Temp\ccxoXVgA.s 			page 13


 678 0361 10       		.byte	0x10
 679 0362 07       		.byte	0x7
 680 0363 2C       		.byte	0x2c
 681 0364 93030000 		.4byte	0x393
 682 0368 06       		.uleb128 0x6
 683 0369 0D010000 		.4byte	.LASF50
 684 036d 07       		.byte	0x7
 685 036e 2D       		.byte	0x2d
 686 036f 60020000 		.4byte	0x260
 687 0373 02       		.byte	0x2
 688 0374 23       		.byte	0x23
 689 0375 00       		.uleb128 0
 690 0376 06       		.uleb128 0x6
 691 0377 84050000 		.4byte	.LASF51
 692 037b 07       		.byte	0x7
 693 037c 2F       		.byte	0x2f
 694 037d 5A020000 		.4byte	0x25a
 695 0381 02       		.byte	0x2
 696 0382 23       		.byte	0x23
 697 0383 08       		.uleb128 0x8
 698 0384 06       		.uleb128 0x6
 699 0385 C5040000 		.4byte	.LASF52
 700 0389 07       		.byte	0x7
 701 038a 31       		.byte	0x31
 702 038b 93030000 		.4byte	0x393
 703 038f 02       		.byte	0x2
 704 0390 23       		.byte	0x23
 705 0391 0C       		.uleb128 0xc
 706 0392 00       		.byte	0
 707 0393 09       		.uleb128 0x9
 708 0394 04       		.byte	0x4
 709 0395 5C030000 		.4byte	0x35c
 710 0399 04       		.uleb128 0x4
 711 039a CE020000 		.4byte	.LASF49
 712 039e 07       		.byte	0x7
 713 039f 33       		.byte	0x33
 714 03a0 5C030000 		.4byte	0x35c
 715 03a4 0E       		.uleb128 0xe
 716 03a5 04       		.byte	0x4
 717 03a6 05       		.byte	0x5
 718 03a7 96       		.byte	0x96
 719 03a8 D9030000 		.4byte	0x3d9
 720 03ac 0F       		.uleb128 0xf
 721 03ad 50000000 		.4byte	.LASF53
 722 03b1 05       		.byte	0x5
 723 03b2 9D       		.byte	0x9d
 724 03b3 E4000000 		.4byte	0xe4
 725 03b7 0F       		.uleb128 0xf
 726 03b8 AC000000 		.4byte	.LASF54
 727 03bc 05       		.byte	0x5
 728 03bd A4       		.byte	0xa4
 729 03be E4000000 		.4byte	0xe4
 730 03c2 0F       		.uleb128 0xf
 731 03c3 5F050000 		.4byte	.LASF55
 732 03c7 05       		.byte	0x5
 733 03c8 AB       		.byte	0xab
 734 03c9 98020000 		.4byte	0x298
ARM GAS  C:\Users\Matuesz\AppData\Local\Temp\ccxoXVgA.s 			page 14


 735 03cd 0F       		.uleb128 0xf
 736 03ce 16040000 		.4byte	.LASF56
 737 03d2 05       		.byte	0x5
 738 03d3 B2       		.byte	0xb2
 739 03d4 EF000000 		.4byte	0xef
 740 03d8 00       		.byte	0
 741 03d9 09       		.uleb128 0x9
 742 03da 04       		.byte	0x4
 743 03db DF030000 		.4byte	0x3df
 744 03df 10       		.uleb128 0x10
 745 03e0 E4030000 		.4byte	0x3e4
 746 03e4 03       		.uleb128 0x3
 747 03e5 01       		.byte	0x1
 748 03e6 08       		.byte	0x8
 749 03e7 A2040000 		.4byte	.LASF57
 750 03eb 09       		.uleb128 0x9
 751 03ec 04       		.byte	0x4
 752 03ed 99030000 		.4byte	0x399
 753 03f1 09       		.uleb128 0x9
 754 03f2 04       		.byte	0x4
 755 03f3 3E000000 		.4byte	0x3e
 756 03f7 09       		.uleb128 0x9
 757 03f8 04       		.byte	0x4
 758 03f9 FD030000 		.4byte	0x3fd
 759 03fd 10       		.uleb128 0x10
 760 03fe 3E000000 		.4byte	0x3e
 761 0402 11       		.uleb128 0x11
 762 0403 7B000000 		.4byte	0x7b
 763 0407 12040000 		.4byte	0x412
 764 040b 12       		.uleb128 0x12
 765 040c 50030000 		.4byte	0x350
 766 0410 03       		.byte	0x3
 767 0411 00       		.byte	0
 768 0412 0D       		.uleb128 0xd
 769 0413 69000000 		.4byte	0x69
 770 0417 13       		.uleb128 0x13
 771 0418 18       		.byte	0x18
 772 0419 08       		.byte	0x8
 773 041a B102     		.2byte	0x2b1
 774 041c 7A040000 		.4byte	0x47a
 775 0420 0C       		.uleb128 0xc
 776 0421 435200   		.ascii	"CR\000"
 777 0424 08       		.byte	0x8
 778 0425 B302     		.2byte	0x2b3
 779 0427 4B030000 		.4byte	0x34b
 780 042b 02       		.byte	0x2
 781 042c 23       		.byte	0x23
 782 042d 00       		.uleb128 0
 783 042e 14       		.uleb128 0x14
 784 042f E1040000 		.4byte	.LASF58
 785 0433 08       		.byte	0x8
 786 0434 B402     		.2byte	0x2b4
 787 0436 4B030000 		.4byte	0x34b
 788 043a 02       		.byte	0x2
 789 043b 23       		.byte	0x23
 790 043c 04       		.uleb128 0x4
 791 043d 0C       		.uleb128 0xc
ARM GAS  C:\Users\Matuesz\AppData\Local\Temp\ccxoXVgA.s 			page 15


 792 043e 50415200 		.ascii	"PAR\000"
 793 0442 08       		.byte	0x8
 794 0443 B502     		.2byte	0x2b5
 795 0445 4B030000 		.4byte	0x34b
 796 0449 02       		.byte	0x2
 797 044a 23       		.byte	0x23
 798 044b 08       		.uleb128 0x8
 799 044c 14       		.uleb128 0x14
 800 044d 3C000000 		.4byte	.LASF59
 801 0451 08       		.byte	0x8
 802 0452 B602     		.2byte	0x2b6
 803 0454 4B030000 		.4byte	0x34b
 804 0458 02       		.byte	0x2
 805 0459 23       		.byte	0x23
 806 045a 0C       		.uleb128 0xc
 807 045b 14       		.uleb128 0x14
 808 045c 1F050000 		.4byte	.LASF60
 809 0460 08       		.byte	0x8
 810 0461 B702     		.2byte	0x2b7
 811 0463 4B030000 		.4byte	0x34b
 812 0467 02       		.byte	0x2
 813 0468 23       		.byte	0x23
 814 0469 10       		.uleb128 0x10
 815 046a 0C       		.uleb128 0xc
 816 046b 46435200 		.ascii	"FCR\000"
 817 046f 08       		.byte	0x8
 818 0470 B802     		.2byte	0x2b8
 819 0472 4B030000 		.4byte	0x34b
 820 0476 02       		.byte	0x2
 821 0477 23       		.byte	0x23
 822 0478 14       		.uleb128 0x14
 823 0479 00       		.byte	0
 824 047a 15       		.uleb128 0x15
 825 047b E6040000 		.4byte	.LASF61
 826 047f 08       		.byte	0x8
 827 0480 B902     		.2byte	0x2b9
 828 0482 17040000 		.4byte	0x417
 829 0486 08       		.uleb128 0x8
 830 0487 0C       		.byte	0xc
 831 0488 09       		.byte	0x9
 832 0489 DA       		.byte	0xda
 833 048a D5040000 		.4byte	0x4d5
 834 048e 06       		.uleb128 0x6
 835 048f 7B000000 		.4byte	.LASF62
 836 0493 09       		.byte	0x9
 837 0494 DB       		.byte	0xdb
 838 0495 D5040000 		.4byte	0x4d5
 839 0499 02       		.byte	0x2
 840 049a 23       		.byte	0x23
 841 049b 00       		.uleb128 0
 842 049c 06       		.uleb128 0x6
 843 049d 4B040000 		.4byte	.LASF63
 844 04a1 09       		.byte	0x9
 845 04a2 DC       		.byte	0xdc
 846 04a3 DB040000 		.4byte	0x4db
 847 04a7 02       		.byte	0x2
 848 04a8 23       		.byte	0x23
ARM GAS  C:\Users\Matuesz\AppData\Local\Temp\ccxoXVgA.s 			page 16


 849 04a9 04       		.uleb128 0x4
 850 04aa 06       		.uleb128 0x6
 851 04ab 11020000 		.4byte	.LASF64
 852 04af 09       		.byte	0x9
 853 04b0 DD       		.byte	0xdd
 854 04b1 3E000000 		.4byte	0x3e
 855 04b5 02       		.byte	0x2
 856 04b6 23       		.byte	0x23
 857 04b7 08       		.uleb128 0x8
 858 04b8 06       		.uleb128 0x6
 859 04b9 9B010000 		.4byte	.LASF65
 860 04bd 09       		.byte	0x9
 861 04be DF       		.byte	0xdf
 862 04bf 3E000000 		.4byte	0x3e
 863 04c3 02       		.byte	0x2
 864 04c4 23       		.byte	0x23
 865 04c5 09       		.uleb128 0x9
 866 04c6 06       		.uleb128 0x6
 867 04c7 B5000000 		.4byte	.LASF66
 868 04cb 09       		.byte	0x9
 869 04cc E0       		.byte	0xe0
 870 04cd 3E000000 		.4byte	0x3e
 871 04d1 02       		.byte	0x2
 872 04d2 23       		.byte	0x23
 873 04d3 0A       		.uleb128 0xa
 874 04d4 00       		.byte	0
 875 04d5 09       		.uleb128 0x9
 876 04d6 04       		.byte	0x4
 877 04d7 7A040000 		.4byte	0x47a
 878 04db 09       		.uleb128 0x9
 879 04dc 04       		.byte	0x4
 880 04dd 4B030000 		.4byte	0x34b
 881 04e1 04       		.uleb128 0x4
 882 04e2 9A030000 		.4byte	.LASF67
 883 04e6 09       		.byte	0x9
 884 04e7 E1       		.byte	0xe1
 885 04e8 86040000 		.4byte	0x486
 886 04ec 16       		.uleb128 0x16
 887 04ed 01       		.byte	0x1
 888 04ee 0A       		.byte	0xa
 889 04ef 33       		.byte	0x33
 890 04f0 2B050000 		.4byte	0x52b
 891 04f4 17       		.uleb128 0x17
 892 04f5 30010000 		.4byte	.LASF68
 893 04f9 00       		.sleb128 0
 894 04fa 17       		.uleb128 0x17
 895 04fb 5A010000 		.4byte	.LASF69
 896 04ff 01       		.sleb128 1
 897 0500 17       		.uleb128 0x17
 898 0501 3F020000 		.4byte	.LASF70
 899 0505 02       		.sleb128 2
 900 0506 17       		.uleb128 0x17
 901 0507 77020000 		.4byte	.LASF71
 902 050b 03       		.sleb128 3
 903 050c 17       		.uleb128 0x17
 904 050d A7040000 		.4byte	.LASF72
 905 0511 04       		.sleb128 4
ARM GAS  C:\Users\Matuesz\AppData\Local\Temp\ccxoXVgA.s 			page 17


 906 0512 17       		.uleb128 0x17
 907 0513 31030000 		.4byte	.LASF73
 908 0517 05       		.sleb128 5
 909 0518 17       		.uleb128 0x17
 910 0519 B3020000 		.4byte	.LASF74
 911 051d 06       		.sleb128 6
 912 051e 17       		.uleb128 0x17
 913 051f F9030000 		.4byte	.LASF75
 914 0523 07       		.sleb128 7
 915 0524 17       		.uleb128 0x17
 916 0525 25030000 		.4byte	.LASF76
 917 0529 08       		.sleb128 8
 918 052a 00       		.byte	0
 919 052b 04       		.uleb128 0x4
 920 052c D2000000 		.4byte	.LASF77
 921 0530 0A       		.byte	0xa
 922 0531 3D       		.byte	0x3d
 923 0532 EC040000 		.4byte	0x4ec
 924 0536 08       		.uleb128 0x8
 925 0537 08       		.byte	0x8
 926 0538 0A       		.byte	0xa
 927 0539 42       		.byte	0x42
 928 053a 5B050000 		.4byte	0x55b
 929 053e 06       		.uleb128 0x6
 930 053f B2010000 		.4byte	.LASF78
 931 0543 0A       		.byte	0xa
 932 0544 43       		.byte	0x43
 933 0545 7B000000 		.4byte	0x7b
 934 0549 02       		.byte	0x2
 935 054a 23       		.byte	0x23
 936 054b 00       		.uleb128 0
 937 054c 06       		.uleb128 0x6
 938 054d 48000000 		.4byte	.LASF79
 939 0551 0A       		.byte	0xa
 940 0552 44       		.byte	0x44
 941 0553 7B000000 		.4byte	0x7b
 942 0557 02       		.byte	0x2
 943 0558 23       		.byte	0x23
 944 0559 04       		.uleb128 0x4
 945 055a 00       		.byte	0
 946 055b 04       		.uleb128 0x4
 947 055c 00000000 		.4byte	.LASF80
 948 0560 0A       		.byte	0xa
 949 0561 45       		.byte	0x45
 950 0562 36050000 		.4byte	0x536
 951 0566 18       		.uleb128 0x18
 952 0567 01       		.byte	0x1
 953 0568 9B000000 		.4byte	0x9b
 954 056c 76050000 		.4byte	0x576
 955 0570 19       		.uleb128 0x19
 956 0571 98020000 		.4byte	0x298
 957 0575 00       		.byte	0
 958 0576 09       		.uleb128 0x9
 959 0577 04       		.byte	0x4
 960 0578 66050000 		.4byte	0x566
 961 057c 18       		.uleb128 0x18
 962 057d 01       		.byte	0x1
ARM GAS  C:\Users\Matuesz\AppData\Local\Temp\ccxoXVgA.s 			page 18


 963 057e 9B000000 		.4byte	0x9b
 964 0582 9B050000 		.4byte	0x59b
 965 0586 19       		.uleb128 0x19
 966 0587 98020000 		.4byte	0x298
 967 058b 19       		.uleb128 0x19
 968 058c 7B000000 		.4byte	0x7b
 969 0590 19       		.uleb128 0x19
 970 0591 F1030000 		.4byte	0x3f1
 971 0595 19       		.uleb128 0x19
 972 0596 7B000000 		.4byte	0x7b
 973 059a 00       		.byte	0
 974 059b 09       		.uleb128 0x9
 975 059c 04       		.byte	0x4
 976 059d 7C050000 		.4byte	0x57c
 977 05a1 18       		.uleb128 0x18
 978 05a2 01       		.byte	0x1
 979 05a3 9B000000 		.4byte	0x9b
 980 05a7 C0050000 		.4byte	0x5c0
 981 05ab 19       		.uleb128 0x19
 982 05ac 98020000 		.4byte	0x298
 983 05b0 19       		.uleb128 0x19
 984 05b1 7B000000 		.4byte	0x7b
 985 05b5 19       		.uleb128 0x19
 986 05b6 F7030000 		.4byte	0x3f7
 987 05ba 19       		.uleb128 0x19
 988 05bb 7B000000 		.4byte	0x7b
 989 05bf 00       		.byte	0
 990 05c0 09       		.uleb128 0x9
 991 05c1 04       		.byte	0x4
 992 05c2 A1050000 		.4byte	0x5a1
 993 05c6 18       		.uleb128 0x18
 994 05c7 01       		.byte	0x1
 995 05c8 9B000000 		.4byte	0x9b
 996 05cc DB050000 		.4byte	0x5db
 997 05d0 19       		.uleb128 0x19
 998 05d1 98020000 		.4byte	0x298
 999 05d5 19       		.uleb128 0x19
 1000 05d6 DB050000 		.4byte	0x5db
 1001 05da 00       		.byte	0
 1002 05db 09       		.uleb128 0x9
 1003 05dc 04       		.byte	0x4
 1004 05dd 5B050000 		.4byte	0x55b
 1005 05e1 09       		.uleb128 0x9
 1006 05e2 04       		.byte	0x4
 1007 05e3 C6050000 		.4byte	0x5c6
 1008 05e7 08       		.uleb128 0x8
 1009 05e8 04       		.byte	0x4
 1010 05e9 0B       		.byte	0xb
 1011 05ea 96       		.byte	0x96
 1012 05eb 0C060000 		.4byte	0x60c
 1013 05ef 07       		.uleb128 0x7
 1014 05f0 73657400 		.ascii	"set\000"
 1015 05f4 0B       		.byte	0xb
 1016 05f5 97       		.byte	0x97
 1017 05f6 57000000 		.4byte	0x57
 1018 05fa 02       		.byte	0x2
 1019 05fb 23       		.byte	0x23
ARM GAS  C:\Users\Matuesz\AppData\Local\Temp\ccxoXVgA.s 			page 19


 1020 05fc 00       		.uleb128 0
 1021 05fd 06       		.uleb128 0x6
 1022 05fe C8020000 		.4byte	.LASF81
 1023 0602 0B       		.byte	0xb
 1024 0603 98       		.byte	0x98
 1025 0604 57000000 		.4byte	0x57
 1026 0608 02       		.byte	0x2
 1027 0609 23       		.byte	0x23
 1028 060a 02       		.uleb128 0x2
 1029 060b 00       		.byte	0
 1030 060c 0E       		.uleb128 0xe
 1031 060d 04       		.byte	0x4
 1032 060e 0B       		.byte	0xb
 1033 060f 94       		.byte	0x94
 1034 0610 27060000 		.4byte	0x627
 1035 0614 1A       		.uleb128 0x1a
 1036 0615 5700     		.ascii	"W\000"
 1037 0617 0B       		.byte	0xb
 1038 0618 95       		.byte	0x95
 1039 0619 7B000000 		.4byte	0x7b
 1040 061d 1A       		.uleb128 0x1a
 1041 061e 4800     		.ascii	"H\000"
 1042 0620 0B       		.byte	0xb
 1043 0621 99       		.byte	0x99
 1044 0622 E7050000 		.4byte	0x5e7
 1045 0626 00       		.byte	0
 1046 0627 08       		.uleb128 0x8
 1047 0628 28       		.byte	0x28
 1048 0629 0B       		.byte	0xb
 1049 062a 8C       		.byte	0x8c
 1050 062b BC060000 		.4byte	0x6bc
 1051 062f 06       		.uleb128 0x6
 1052 0630 89000000 		.4byte	.LASF82
 1053 0634 0B       		.byte	0xb
 1054 0635 8E       		.byte	0x8e
 1055 0636 4B030000 		.4byte	0x34b
 1056 063a 02       		.byte	0x2
 1057 063b 23       		.byte	0x23
 1058 063c 00       		.uleb128 0
 1059 063d 06       		.uleb128 0x6
 1060 063e 64000000 		.4byte	.LASF83
 1061 0642 0B       		.byte	0xb
 1062 0643 8F       		.byte	0x8f
 1063 0644 4B030000 		.4byte	0x34b
 1064 0648 02       		.byte	0x2
 1065 0649 23       		.byte	0x23
 1066 064a 04       		.uleb128 0x4
 1067 064b 06       		.uleb128 0x6
 1068 064c 8A010000 		.4byte	.LASF84
 1069 0650 0B       		.byte	0xb
 1070 0651 90       		.byte	0x90
 1071 0652 4B030000 		.4byte	0x34b
 1072 0656 02       		.byte	0x2
 1073 0657 23       		.byte	0x23
 1074 0658 08       		.uleb128 0x8
 1075 0659 06       		.uleb128 0x6
 1076 065a A6000000 		.4byte	.LASF85
ARM GAS  C:\Users\Matuesz\AppData\Local\Temp\ccxoXVgA.s 			page 20


 1077 065e 0B       		.byte	0xb
 1078 065f 91       		.byte	0x91
 1079 0660 4B030000 		.4byte	0x34b
 1080 0664 02       		.byte	0x2
 1081 0665 23       		.byte	0x23
 1082 0666 0C       		.uleb128 0xc
 1083 0667 07       		.uleb128 0x7
 1084 0668 49445200 		.ascii	"IDR\000"
 1085 066c 0B       		.byte	0xb
 1086 066d 92       		.byte	0x92
 1087 066e 4B030000 		.4byte	0x34b
 1088 0672 02       		.byte	0x2
 1089 0673 23       		.byte	0x23
 1090 0674 10       		.uleb128 0x10
 1091 0675 07       		.uleb128 0x7
 1092 0676 4F445200 		.ascii	"ODR\000"
 1093 067a 0B       		.byte	0xb
 1094 067b 93       		.byte	0x93
 1095 067c 4B030000 		.4byte	0x34b
 1096 0680 02       		.byte	0x2
 1097 0681 23       		.byte	0x23
 1098 0682 14       		.uleb128 0x14
 1099 0683 06       		.uleb128 0x6
 1100 0684 2B050000 		.4byte	.LASF86
 1101 0688 0B       		.byte	0xb
 1102 0689 9A       		.byte	0x9a
 1103 068a BC060000 		.4byte	0x6bc
 1104 068e 02       		.byte	0x2
 1105 068f 23       		.byte	0x23
 1106 0690 18       		.uleb128 0x18
 1107 0691 06       		.uleb128 0x6
 1108 0692 0C020000 		.4byte	.LASF87
 1109 0696 0B       		.byte	0xb
 1110 0697 9B       		.byte	0x9b
 1111 0698 4B030000 		.4byte	0x34b
 1112 069c 02       		.byte	0x2
 1113 069d 23       		.byte	0x23
 1114 069e 1C       		.uleb128 0x1c
 1115 069f 06       		.uleb128 0x6
 1116 06a0 59030000 		.4byte	.LASF88
 1117 06a4 0B       		.byte	0xb
 1118 06a5 9C       		.byte	0x9c
 1119 06a6 4B030000 		.4byte	0x34b
 1120 06aa 02       		.byte	0x2
 1121 06ab 23       		.byte	0x23
 1122 06ac 20       		.uleb128 0x20
 1123 06ad 06       		.uleb128 0x6
 1124 06ae 54030000 		.4byte	.LASF89
 1125 06b2 0B       		.byte	0xb
 1126 06b3 9D       		.byte	0x9d
 1127 06b4 4B030000 		.4byte	0x34b
 1128 06b8 02       		.byte	0x2
 1129 06b9 23       		.byte	0x23
 1130 06ba 24       		.uleb128 0x24
 1131 06bb 00       		.byte	0
 1132 06bc 0D       		.uleb128 0xd
 1133 06bd 0C060000 		.4byte	0x60c
ARM GAS  C:\Users\Matuesz\AppData\Local\Temp\ccxoXVgA.s 			page 21


 1134 06c1 04       		.uleb128 0x4
 1135 06c2 74010000 		.4byte	.LASF90
 1136 06c6 0B       		.byte	0xb
 1137 06c7 9E       		.byte	0x9e
 1138 06c8 27060000 		.4byte	0x627
 1139 06cc 08       		.uleb128 0x8
 1140 06cd 1C       		.byte	0x1c
 1141 06ce 0B       		.byte	0xb
 1142 06cf A3       		.byte	0xa3
 1143 06d0 37070000 		.4byte	0x737
 1144 06d4 06       		.uleb128 0x6
 1145 06d5 20010000 		.4byte	.LASF91
 1146 06d9 0B       		.byte	0xb
 1147 06da A5       		.byte	0xa5
 1148 06db 7B000000 		.4byte	0x7b
 1149 06df 02       		.byte	0x2
 1150 06e0 23       		.byte	0x23
 1151 06e1 00       		.uleb128 0
 1152 06e2 06       		.uleb128 0x6
 1153 06e3 6B000000 		.4byte	.LASF92
 1154 06e7 0B       		.byte	0xb
 1155 06e8 A7       		.byte	0xa7
 1156 06e9 7B000000 		.4byte	0x7b
 1157 06ed 02       		.byte	0x2
 1158 06ee 23       		.byte	0x23
 1159 06ef 04       		.uleb128 0x4
 1160 06f0 06       		.uleb128 0x6
 1161 06f1 04020000 		.4byte	.LASF93
 1162 06f5 0B       		.byte	0xb
 1163 06f6 A9       		.byte	0xa9
 1164 06f7 7B000000 		.4byte	0x7b
 1165 06fb 02       		.byte	0x2
 1166 06fc 23       		.byte	0x23
 1167 06fd 08       		.uleb128 0x8
 1168 06fe 06       		.uleb128 0x6
 1169 06ff 4C050000 		.4byte	.LASF94
 1170 0703 0B       		.byte	0xb
 1171 0704 AB       		.byte	0xab
 1172 0705 7B000000 		.4byte	0x7b
 1173 0709 02       		.byte	0x2
 1174 070a 23       		.byte	0x23
 1175 070b 0C       		.uleb128 0xc
 1176 070c 07       		.uleb128 0x7
 1177 070d 6F647200 		.ascii	"odr\000"
 1178 0711 0B       		.byte	0xb
 1179 0712 AD       		.byte	0xad
 1180 0713 7B000000 		.4byte	0x7b
 1181 0717 02       		.byte	0x2
 1182 0718 23       		.byte	0x23
 1183 0719 10       		.uleb128 0x10
 1184 071a 06       		.uleb128 0x6
 1185 071b D8030000 		.4byte	.LASF95
 1186 071f 0B       		.byte	0xb
 1187 0720 AF       		.byte	0xaf
 1188 0721 7B000000 		.4byte	0x7b
 1189 0725 02       		.byte	0x2
 1190 0726 23       		.byte	0x23
ARM GAS  C:\Users\Matuesz\AppData\Local\Temp\ccxoXVgA.s 			page 22


 1191 0727 14       		.uleb128 0x14
 1192 0728 06       		.uleb128 0x6
 1193 0729 48030000 		.4byte	.LASF96
 1194 072d 0B       		.byte	0xb
 1195 072e B1       		.byte	0xb1
 1196 072f 7B000000 		.4byte	0x7b
 1197 0733 02       		.byte	0x2
 1198 0734 23       		.byte	0x23
 1199 0735 18       		.uleb128 0x18
 1200 0736 00       		.byte	0
 1201 0737 04       		.uleb128 0x4
 1202 0738 10000000 		.4byte	.LASF97
 1203 073c 0B       		.byte	0xb
 1204 073d B2       		.byte	0xb2
 1205 073e CC060000 		.4byte	0x6cc
 1206 0742 08       		.uleb128 0x8
 1207 0743 FC       		.byte	0xfc
 1208 0744 0B       		.byte	0xb
 1209 0745 BB       		.byte	0xbb
 1210 0746 CD070000 		.4byte	0x7cd
 1211 074a 06       		.uleb128 0x6
 1212 074b 0F040000 		.4byte	.LASF98
 1213 074f 0B       		.byte	0xb
 1214 0750 BE       		.byte	0xbe
 1215 0751 37070000 		.4byte	0x737
 1216 0755 02       		.byte	0x2
 1217 0756 23       		.byte	0x23
 1218 0757 00       		.uleb128 0
 1219 0758 06       		.uleb128 0x6
 1220 0759 D6010000 		.4byte	.LASF99
 1221 075d 0B       		.byte	0xb
 1222 075e C2       		.byte	0xc2
 1223 075f 37070000 		.4byte	0x737
 1224 0763 02       		.byte	0x2
 1225 0764 23       		.byte	0x23
 1226 0765 1C       		.uleb128 0x1c
 1227 0766 06       		.uleb128 0x6
 1228 0767 6D050000 		.4byte	.LASF100
 1229 076b 0B       		.byte	0xb
 1230 076c C6       		.byte	0xc6
 1231 076d 37070000 		.4byte	0x737
 1232 0771 02       		.byte	0x2
 1233 0772 23       		.byte	0x23
 1234 0773 38       		.uleb128 0x38
 1235 0774 06       		.uleb128 0x6
 1236 0775 4D030000 		.4byte	.LASF101
 1237 0779 0B       		.byte	0xb
 1238 077a CA       		.byte	0xca
 1239 077b 37070000 		.4byte	0x737
 1240 077f 02       		.byte	0x2
 1241 0780 23       		.byte	0x23
 1242 0781 54       		.uleb128 0x54
 1243 0782 06       		.uleb128 0x6
 1244 0783 4A010000 		.4byte	.LASF102
 1245 0787 0B       		.byte	0xb
 1246 0788 CE       		.byte	0xce
 1247 0789 37070000 		.4byte	0x737
ARM GAS  C:\Users\Matuesz\AppData\Local\Temp\ccxoXVgA.s 			page 23


 1248 078d 02       		.byte	0x2
 1249 078e 23       		.byte	0x23
 1250 078f 70       		.uleb128 0x70
 1251 0790 06       		.uleb128 0x6
 1252 0791 38020000 		.4byte	.LASF103
 1253 0795 0B       		.byte	0xb
 1254 0796 D2       		.byte	0xd2
 1255 0797 37070000 		.4byte	0x737
 1256 079b 03       		.byte	0x3
 1257 079c 23       		.byte	0x23
 1258 079d 8C01     		.uleb128 0x8c
 1259 079f 06       		.uleb128 0x6
 1260 07a0 A6020000 		.4byte	.LASF104
 1261 07a4 0B       		.byte	0xb
 1262 07a5 D6       		.byte	0xd6
 1263 07a6 37070000 		.4byte	0x737
 1264 07aa 03       		.byte	0x3
 1265 07ab 23       		.byte	0x23
 1266 07ac A801     		.uleb128 0xa8
 1267 07ae 06       		.uleb128 0x6
 1268 07af 82000000 		.4byte	.LASF105
 1269 07b3 0B       		.byte	0xb
 1270 07b4 DA       		.byte	0xda
 1271 07b5 37070000 		.4byte	0x737
 1272 07b9 03       		.byte	0x3
 1273 07ba 23       		.byte	0x23
 1274 07bb C401     		.uleb128 0xc4
 1275 07bd 06       		.uleb128 0x6
 1276 07be 31040000 		.4byte	.LASF106
 1277 07c2 0B       		.byte	0xb
 1278 07c3 DE       		.byte	0xde
 1279 07c4 37070000 		.4byte	0x737
 1280 07c8 03       		.byte	0x3
 1281 07c9 23       		.byte	0x23
 1282 07ca E001     		.uleb128 0xe0
 1283 07cc 00       		.byte	0
 1284 07cd 04       		.uleb128 0x4
 1285 07ce 7A050000 		.4byte	.LASF107
 1286 07d2 0B       		.byte	0xb
 1287 07d3 E0       		.byte	0xe0
 1288 07d4 42070000 		.4byte	0x742
 1289 07d8 09       		.uleb128 0x9
 1290 07d9 04       		.byte	0x4
 1291 07da DE070000 		.4byte	0x7de
 1292 07de 10       		.uleb128 0x10
 1293 07df E1040000 		.4byte	0x4e1
 1294 07e3 04       		.uleb128 0x4
 1295 07e4 CC010000 		.4byte	.LASF108
 1296 07e8 0C       		.byte	0xc
 1297 07e9 BF       		.byte	0xbf
 1298 07ea 7B000000 		.4byte	0x7b
 1299 07ee 04       		.uleb128 0x4
 1300 07ef 01050000 		.4byte	.LASF109
 1301 07f3 0C       		.byte	0xc
 1302 07f4 C4       		.byte	0xc4
 1303 07f5 7B000000 		.4byte	0x7b
 1304 07f9 04       		.uleb128 0x4
ARM GAS  C:\Users\Matuesz\AppData\Local\Temp\ccxoXVgA.s 			page 24


 1305 07fa 8C050000 		.4byte	.LASF110
 1306 07fe 0C       		.byte	0xc
 1307 07ff C9       		.byte	0xc9
 1308 0800 04080000 		.4byte	0x804
 1309 0804 05       		.uleb128 0x5
 1310 0805 8C050000 		.4byte	.LASF110
 1311 0809 48       		.byte	0x48
 1312 080a 0C       		.byte	0xc
 1313 080b E5       		.byte	0xe5
 1314 080c BB080000 		.4byte	0x8bb
 1315 0810 07       		.uleb128 0x7
 1316 0811 766D7400 		.ascii	"vmt\000"
 1317 0815 0C       		.byte	0xc
 1318 0816 E9       		.byte	0xe9
 1319 0817 5A090000 		.4byte	0x95a
 1320 081b 02       		.byte	0x2
 1321 081c 23       		.byte	0x23
 1322 081d 00       		.uleb128 0
 1323 081e 06       		.uleb128 0x6
 1324 081f 3B010000 		.4byte	.LASF111
 1325 0823 0C       		.byte	0xc
 1326 0824 EA       		.byte	0xea
 1327 0825 2B050000 		.4byte	0x52b
 1328 0829 02       		.byte	0x2
 1329 082a 23       		.byte	0x23
 1330 082b 04       		.uleb128 0x4
 1331 082c 07       		.uleb128 0x7
 1332 082d 63696400 		.ascii	"cid\000"
 1333 0831 0C       		.byte	0xc
 1334 0832 EA       		.byte	0xea
 1335 0833 02040000 		.4byte	0x402
 1336 0837 02       		.byte	0x2
 1337 0838 23       		.byte	0x23
 1338 0839 08       		.uleb128 0x8
 1339 083a 07       		.uleb128 0x7
 1340 083b 63736400 		.ascii	"csd\000"
 1341 083f 0C       		.byte	0xc
 1342 0840 EA       		.byte	0xea
 1343 0841 02040000 		.4byte	0x402
 1344 0845 02       		.byte	0x2
 1345 0846 23       		.byte	0x23
 1346 0847 18       		.uleb128 0x18
 1347 0848 06       		.uleb128 0x6
 1348 0849 72000000 		.4byte	.LASF112
 1349 084d 0C       		.byte	0xc
 1350 084e EA       		.byte	0xea
 1351 084f 7B000000 		.4byte	0x7b
 1352 0853 02       		.byte	0x2
 1353 0854 23       		.byte	0x23
 1354 0855 28       		.uleb128 0x28
 1355 0856 06       		.uleb128 0x6
 1356 0857 B9040000 		.4byte	.LASF113
 1357 085b 0C       		.byte	0xc
 1358 085c EE       		.byte	0xee
 1359 085d 65090000 		.4byte	0x965
 1360 0861 02       		.byte	0x2
 1361 0862 23       		.byte	0x23
ARM GAS  C:\Users\Matuesz\AppData\Local\Temp\ccxoXVgA.s 			page 25


 1362 0863 2C       		.uleb128 0x2c
 1363 0864 06       		.uleb128 0x6
 1364 0865 BC000000 		.4byte	.LASF114
 1365 0869 0C       		.byte	0xc
 1366 086a F2       		.byte	0xf2
 1367 086b E3070000 		.4byte	0x7e3
 1368 086f 02       		.byte	0x2
 1369 0870 23       		.byte	0x23
 1370 0871 30       		.uleb128 0x30
 1371 0872 06       		.uleb128 0x6
 1372 0873 F2010000 		.4byte	.LASF115
 1373 0877 0C       		.byte	0xc
 1374 0878 F6       		.byte	0xf6
 1375 0879 EE070000 		.4byte	0x7ee
 1376 087d 02       		.byte	0x2
 1377 087e 23       		.byte	0x23
 1378 087f 34       		.uleb128 0x34
 1379 0880 07       		.uleb128 0x7
 1380 0881 72636100 		.ascii	"rca\000"
 1381 0885 0C       		.byte	0xc
 1382 0886 FA       		.byte	0xfa
 1383 0887 7B000000 		.4byte	0x7b
 1384 088b 02       		.byte	0x2
 1385 088c 23       		.byte	0x23
 1386 088d 38       		.uleb128 0x38
 1387 088e 06       		.uleb128 0x6
 1388 088f B5030000 		.4byte	.LASF116
 1389 0893 0C       		.byte	0xc
 1390 0894 FF       		.byte	0xff
 1391 0895 5A020000 		.4byte	0x25a
 1392 0899 02       		.byte	0x2
 1393 089a 23       		.byte	0x23
 1394 089b 3C       		.uleb128 0x3c
 1395 089c 14       		.uleb128 0x14
 1396 089d 57050000 		.4byte	.LASF117
 1397 08a1 0C       		.byte	0xc
 1398 08a2 0301     		.2byte	0x103
 1399 08a4 7B000000 		.4byte	0x7b
 1400 08a8 02       		.byte	0x2
 1401 08a9 23       		.byte	0x23
 1402 08aa 40       		.uleb128 0x40
 1403 08ab 0C       		.uleb128 0xc
 1404 08ac 646D6100 		.ascii	"dma\000"
 1405 08b0 0C       		.byte	0xc
 1406 08b1 0701     		.2byte	0x107
 1407 08b3 D8070000 		.4byte	0x7d8
 1408 08b7 02       		.byte	0x2
 1409 08b8 23       		.byte	0x23
 1410 08b9 44       		.uleb128 0x44
 1411 08ba 00       		.byte	0
 1412 08bb 08       		.uleb128 0x8
 1413 08bc 04       		.byte	0x4
 1414 08bd 0C       		.byte	0xc
 1415 08be CF       		.byte	0xcf
 1416 08bf D2080000 		.4byte	0x8d2
 1417 08c3 06       		.uleb128 0x6
 1418 08c4 A5010000 		.4byte	.LASF118
ARM GAS  C:\Users\Matuesz\AppData\Local\Temp\ccxoXVgA.s 			page 26


 1419 08c8 0C       		.byte	0xc
 1420 08c9 D0       		.byte	0xd0
 1421 08ca 7B000000 		.4byte	0x7b
 1422 08ce 02       		.byte	0x2
 1423 08cf 23       		.byte	0x23
 1424 08d0 00       		.uleb128 0
 1425 08d1 00       		.byte	0
 1426 08d2 04       		.uleb128 0x4
 1427 08d3 30050000 		.4byte	.LASF119
 1428 08d7 0C       		.byte	0xc
 1429 08d8 D1       		.byte	0xd1
 1430 08d9 BB080000 		.4byte	0x8bb
 1431 08dd 05       		.uleb128 0x5
 1432 08de 24040000 		.4byte	.LASF120
 1433 08e2 20       		.byte	0x20
 1434 08e3 0C       		.byte	0xc
 1435 08e4 DE       		.byte	0xde
 1436 08e5 5A090000 		.4byte	0x95a
 1437 08e9 06       		.uleb128 0x6
 1438 08ea 13050000 		.4byte	.LASF121
 1439 08ee 0C       		.byte	0xc
 1440 08ef DF       		.byte	0xdf
 1441 08f0 76050000 		.4byte	0x576
 1442 08f4 02       		.byte	0x2
 1443 08f5 23       		.byte	0x23
 1444 08f6 00       		.uleb128 0
 1445 08f7 06       		.uleb128 0x6
 1446 08f8 57000000 		.4byte	.LASF122
 1447 08fc 0C       		.byte	0xc
 1448 08fd DF       		.byte	0xdf
 1449 08fe 76050000 		.4byte	0x576
 1450 0902 02       		.byte	0x2
 1451 0903 23       		.byte	0x23
 1452 0904 04       		.uleb128 0x4
 1453 0905 06       		.uleb128 0x6
 1454 0906 38040000 		.4byte	.LASF123
 1455 090a 0C       		.byte	0xc
 1456 090b DF       		.byte	0xdf
 1457 090c 76050000 		.4byte	0x576
 1458 0910 02       		.byte	0x2
 1459 0911 23       		.byte	0x23
 1460 0912 08       		.uleb128 0x8
 1461 0913 06       		.uleb128 0x6
 1462 0914 15010000 		.4byte	.LASF124
 1463 0918 0C       		.byte	0xc
 1464 0919 DF       		.byte	0xdf
 1465 091a 76050000 		.4byte	0x576
 1466 091e 02       		.byte	0x2
 1467 091f 23       		.byte	0x23
 1468 0920 0C       		.uleb128 0xc
 1469 0921 06       		.uleb128 0x6
 1470 0922 9D040000 		.4byte	.LASF125
 1471 0926 0C       		.byte	0xc
 1472 0927 DF       		.byte	0xdf
 1473 0928 9B050000 		.4byte	0x59b
 1474 092c 02       		.byte	0x2
 1475 092d 23       		.byte	0x23
ARM GAS  C:\Users\Matuesz\AppData\Local\Temp\ccxoXVgA.s 			page 27


 1476 092e 10       		.uleb128 0x10
 1477 092f 06       		.uleb128 0x6
 1478 0930 AD020000 		.4byte	.LASF126
 1479 0934 0C       		.byte	0xc
 1480 0935 DF       		.byte	0xdf
 1481 0936 C0050000 		.4byte	0x5c0
 1482 093a 02       		.byte	0x2
 1483 093b 23       		.byte	0x23
 1484 093c 14       		.uleb128 0x14
 1485 093d 06       		.uleb128 0x6
 1486 093e 52050000 		.4byte	.LASF127
 1487 0942 0C       		.byte	0xc
 1488 0943 DF       		.byte	0xdf
 1489 0944 76050000 		.4byte	0x576
 1490 0948 02       		.byte	0x2
 1491 0949 23       		.byte	0x23
 1492 094a 18       		.uleb128 0x18
 1493 094b 06       		.uleb128 0x6
 1494 094c 81010000 		.4byte	.LASF128
 1495 0950 0C       		.byte	0xc
 1496 0951 DF       		.byte	0xdf
 1497 0952 E1050000 		.4byte	0x5e1
 1498 0956 02       		.byte	0x2
 1499 0957 23       		.byte	0x23
 1500 0958 1C       		.uleb128 0x1c
 1501 0959 00       		.byte	0
 1502 095a 09       		.uleb128 0x9
 1503 095b 04       		.byte	0x4
 1504 095c 60090000 		.4byte	0x960
 1505 0960 10       		.uleb128 0x10
 1506 0961 DD080000 		.4byte	0x8dd
 1507 0965 09       		.uleb128 0x9
 1508 0966 04       		.byte	0x4
 1509 0967 6B090000 		.4byte	0x96b
 1510 096b 10       		.uleb128 0x10
 1511 096c D2080000 		.4byte	0x8d2
 1512 0970 1B       		.uleb128 0x1b
 1513 0971 01       		.byte	0x1
 1514 0972 18020000 		.4byte	.LASF137
 1515 0976 01       		.byte	0x1
 1516 0977 36       		.byte	0x36
 1517 0978 01       		.byte	0x1
 1518 0979 00000000 		.4byte	.LFB118
 1519 097d 04000000 		.4byte	.LFE118
 1520 0981 02       		.byte	0x2
 1521 0982 7D       		.byte	0x7d
 1522 0983 00       		.sleb128 0
 1523 0984 01       		.byte	0x1
 1524 0985 94090000 		.4byte	0x994
 1525 0989 1C       		.uleb128 0x1c
 1526 098a 04000000 		.4byte	.LVL0
 1527 098e 01       		.byte	0x1
 1528 098f 3F0A0000 		.4byte	0xa3f
 1529 0993 00       		.byte	0
 1530 0994 1D       		.uleb128 0x1d
 1531 0995 01       		.byte	0x1
 1532 0996 23000000 		.4byte	.LASF129
ARM GAS  C:\Users\Matuesz\AppData\Local\Temp\ccxoXVgA.s 			page 28


 1533 099a 01       		.byte	0x1
 1534 099b 3F       		.byte	0x3f
 1535 099c 01       		.byte	0x1
 1536 099d 9B000000 		.4byte	0x9b
 1537 09a1 00000000 		.4byte	.LFB119
 1538 09a5 30000000 		.4byte	.LFE119
 1539 09a9 02       		.byte	0x2
 1540 09aa 7D       		.byte	0x7d
 1541 09ab 00       		.sleb128 0
 1542 09ac 01       		.byte	0x1
 1543 09ad D2090000 		.4byte	0x9d2
 1544 09b1 1E       		.uleb128 0x1e
 1545 09b2 C0040000 		.4byte	.LASF131
 1546 09b6 01       		.byte	0x1
 1547 09b7 3F       		.byte	0x3f
 1548 09b8 D2090000 		.4byte	0x9d2
 1549 09bc 00000000 		.4byte	.LLST0
 1550 09c0 1F       		.uleb128 0x1f
 1551 09c1 4A020000 		.4byte	.LASF138
 1552 09c5 01       		.byte	0x1
 1553 09c6 40       		.byte	0x40
 1554 09c7 9B000000 		.4byte	0x9b
 1555 09cb 05       		.byte	0x5
 1556 09cc 03       		.byte	0x3
 1557 09cd 00000000 		.4byte	last_status.7251
 1558 09d1 00       		.byte	0
 1559 09d2 09       		.uleb128 0x9
 1560 09d3 04       		.byte	0x4
 1561 09d4 F9070000 		.4byte	0x7f9
 1562 09d8 1D       		.uleb128 0x1d
 1563 09d9 01       		.byte	0x1
 1564 09da 56020000 		.4byte	.LASF130
 1565 09de 01       		.byte	0x1
 1566 09df 4A       		.byte	0x4a
 1567 09e0 01       		.byte	0x1
 1568 09e1 9B000000 		.4byte	0x9b
 1569 09e5 00000000 		.4byte	.LFB120
 1570 09e9 04000000 		.4byte	.LFE120
 1571 09ed 02       		.byte	0x2
 1572 09ee 7D       		.byte	0x7d
 1573 09ef 00       		.sleb128 0
 1574 09f0 01       		.byte	0x1
 1575 09f1 050A0000 		.4byte	0xa05
 1576 09f5 1E       		.uleb128 0x1e
 1577 09f6 C0040000 		.4byte	.LASF131
 1578 09fa 01       		.byte	0x1
 1579 09fb 4A       		.byte	0x4a
 1580 09fc D2090000 		.4byte	0x9d2
 1581 0a00 3A000000 		.4byte	.LLST1
 1582 0a04 00       		.byte	0
 1583 0a05 20       		.uleb128 0x20
 1584 0a06 01       		.byte	0x1
 1585 0a07 3A050000 		.4byte	.LASF139
 1586 0a0b 01       		.byte	0x1
 1587 0a0c 6B       		.byte	0x6b
 1588 0a0d 01       		.byte	0x1
 1589 0a0e 00000000 		.4byte	.LFB121
ARM GAS  C:\Users\Matuesz\AppData\Local\Temp\ccxoXVgA.s 			page 29


 1590 0a12 02000000 		.4byte	.LFE121
 1591 0a16 02       		.byte	0x2
 1592 0a17 7D       		.byte	0x7d
 1593 0a18 00       		.sleb128 0
 1594 0a19 01       		.byte	0x1
 1595 0a1a 21       		.uleb128 0x21
 1596 0a1b C5000000 		.4byte	.LASF132
 1597 0a1f 0D       		.byte	0xd
 1598 0a20 9806     		.2byte	0x698
 1599 0a22 12040000 		.4byte	0x412
 1600 0a26 01       		.byte	0x1
 1601 0a27 01       		.byte	0x1
 1602 0a28 22       		.uleb128 0x22
 1603 0a29 96050000 		.4byte	.LASF133
 1604 0a2d 01       		.byte	0x1
 1605 0a2e 1A       		.byte	0x1a
 1606 0a2f 3A0A0000 		.4byte	0xa3a
 1607 0a33 01       		.byte	0x1
 1608 0a34 05       		.byte	0x5
 1609 0a35 03       		.byte	0x3
 1610 0a36 00000000 		.4byte	pal_default_config
 1611 0a3a 10       		.uleb128 0x10
 1612 0a3b CD070000 		.4byte	0x7cd
 1613 0a3f 23       		.uleb128 0x23
 1614 0a40 01       		.byte	0x1
 1615 0a41 BB010000 		.4byte	.LASF140
 1616 0a45 0E       		.byte	0xe
 1617 0a46 EA06     		.2byte	0x6ea
 1618 0a48 01       		.byte	0x1
 1619 0a49 01       		.byte	0x1
 1620 0a4a 00       		.byte	0
 1621              		.section	.debug_abbrev,"",%progbits
 1622              	.Ldebug_abbrev0:
 1623 0000 01       		.uleb128 0x1
 1624 0001 11       		.uleb128 0x11
 1625 0002 01       		.byte	0x1
 1626 0003 25       		.uleb128 0x25
 1627 0004 0E       		.uleb128 0xe
 1628 0005 13       		.uleb128 0x13
 1629 0006 0B       		.uleb128 0xb
 1630 0007 03       		.uleb128 0x3
 1631 0008 0E       		.uleb128 0xe
 1632 0009 1B       		.uleb128 0x1b
 1633 000a 0E       		.uleb128 0xe
 1634 000b 55       		.uleb128 0x55
 1635 000c 06       		.uleb128 0x6
 1636 000d 11       		.uleb128 0x11
 1637 000e 01       		.uleb128 0x1
 1638 000f 52       		.uleb128 0x52
 1639 0010 01       		.uleb128 0x1
 1640 0011 10       		.uleb128 0x10
 1641 0012 06       		.uleb128 0x6
 1642 0013 00       		.byte	0
 1643 0014 00       		.byte	0
 1644 0015 02       		.uleb128 0x2
 1645 0016 24       		.uleb128 0x24
 1646 0017 00       		.byte	0
ARM GAS  C:\Users\Matuesz\AppData\Local\Temp\ccxoXVgA.s 			page 30


 1647 0018 0B       		.uleb128 0xb
 1648 0019 0B       		.uleb128 0xb
 1649 001a 3E       		.uleb128 0x3e
 1650 001b 0B       		.uleb128 0xb
 1651 001c 03       		.uleb128 0x3
 1652 001d 08       		.uleb128 0x8
 1653 001e 00       		.byte	0
 1654 001f 00       		.byte	0
 1655 0020 03       		.uleb128 0x3
 1656 0021 24       		.uleb128 0x24
 1657 0022 00       		.byte	0
 1658 0023 0B       		.uleb128 0xb
 1659 0024 0B       		.uleb128 0xb
 1660 0025 3E       		.uleb128 0x3e
 1661 0026 0B       		.uleb128 0xb
 1662 0027 03       		.uleb128 0x3
 1663 0028 0E       		.uleb128 0xe
 1664 0029 00       		.byte	0
 1665 002a 00       		.byte	0
 1666 002b 04       		.uleb128 0x4
 1667 002c 16       		.uleb128 0x16
 1668 002d 00       		.byte	0
 1669 002e 03       		.uleb128 0x3
 1670 002f 0E       		.uleb128 0xe
 1671 0030 3A       		.uleb128 0x3a
 1672 0031 0B       		.uleb128 0xb
 1673 0032 3B       		.uleb128 0x3b
 1674 0033 0B       		.uleb128 0xb
 1675 0034 49       		.uleb128 0x49
 1676 0035 13       		.uleb128 0x13
 1677 0036 00       		.byte	0
 1678 0037 00       		.byte	0
 1679 0038 05       		.uleb128 0x5
 1680 0039 13       		.uleb128 0x13
 1681 003a 01       		.byte	0x1
 1682 003b 03       		.uleb128 0x3
 1683 003c 0E       		.uleb128 0xe
 1684 003d 0B       		.uleb128 0xb
 1685 003e 0B       		.uleb128 0xb
 1686 003f 3A       		.uleb128 0x3a
 1687 0040 0B       		.uleb128 0xb
 1688 0041 3B       		.uleb128 0x3b
 1689 0042 0B       		.uleb128 0xb
 1690 0043 01       		.uleb128 0x1
 1691 0044 13       		.uleb128 0x13
 1692 0045 00       		.byte	0
 1693 0046 00       		.byte	0
 1694 0047 06       		.uleb128 0x6
 1695 0048 0D       		.uleb128 0xd
 1696 0049 00       		.byte	0
 1697 004a 03       		.uleb128 0x3
 1698 004b 0E       		.uleb128 0xe
 1699 004c 3A       		.uleb128 0x3a
 1700 004d 0B       		.uleb128 0xb
 1701 004e 3B       		.uleb128 0x3b
 1702 004f 0B       		.uleb128 0xb
 1703 0050 49       		.uleb128 0x49
ARM GAS  C:\Users\Matuesz\AppData\Local\Temp\ccxoXVgA.s 			page 31


 1704 0051 13       		.uleb128 0x13
 1705 0052 38       		.uleb128 0x38
 1706 0053 0A       		.uleb128 0xa
 1707 0054 00       		.byte	0
 1708 0055 00       		.byte	0
 1709 0056 07       		.uleb128 0x7
 1710 0057 0D       		.uleb128 0xd
 1711 0058 00       		.byte	0
 1712 0059 03       		.uleb128 0x3
 1713 005a 08       		.uleb128 0x8
 1714 005b 3A       		.uleb128 0x3a
 1715 005c 0B       		.uleb128 0xb
 1716 005d 3B       		.uleb128 0x3b
 1717 005e 0B       		.uleb128 0xb
 1718 005f 49       		.uleb128 0x49
 1719 0060 13       		.uleb128 0x13
 1720 0061 38       		.uleb128 0x38
 1721 0062 0A       		.uleb128 0xa
 1722 0063 00       		.byte	0
 1723 0064 00       		.byte	0
 1724 0065 08       		.uleb128 0x8
 1725 0066 13       		.uleb128 0x13
 1726 0067 01       		.byte	0x1
 1727 0068 0B       		.uleb128 0xb
 1728 0069 0B       		.uleb128 0xb
 1729 006a 3A       		.uleb128 0x3a
 1730 006b 0B       		.uleb128 0xb
 1731 006c 3B       		.uleb128 0x3b
 1732 006d 0B       		.uleb128 0xb
 1733 006e 01       		.uleb128 0x1
 1734 006f 13       		.uleb128 0x13
 1735 0070 00       		.byte	0
 1736 0071 00       		.byte	0
 1737 0072 09       		.uleb128 0x9
 1738 0073 0F       		.uleb128 0xf
 1739 0074 00       		.byte	0
 1740 0075 0B       		.uleb128 0xb
 1741 0076 0B       		.uleb128 0xb
 1742 0077 49       		.uleb128 0x49
 1743 0078 13       		.uleb128 0x13
 1744 0079 00       		.byte	0
 1745 007a 00       		.byte	0
 1746 007b 0A       		.uleb128 0xa
 1747 007c 0F       		.uleb128 0xf
 1748 007d 00       		.byte	0
 1749 007e 0B       		.uleb128 0xb
 1750 007f 0B       		.uleb128 0xb
 1751 0080 00       		.byte	0
 1752 0081 00       		.byte	0
 1753 0082 0B       		.uleb128 0xb
 1754 0083 13       		.uleb128 0x13
 1755 0084 01       		.byte	0x1
 1756 0085 03       		.uleb128 0x3
 1757 0086 0E       		.uleb128 0xe
 1758 0087 0B       		.uleb128 0xb
 1759 0088 0B       		.uleb128 0xb
 1760 0089 3A       		.uleb128 0x3a
ARM GAS  C:\Users\Matuesz\AppData\Local\Temp\ccxoXVgA.s 			page 32


 1761 008a 0B       		.uleb128 0xb
 1762 008b 3B       		.uleb128 0x3b
 1763 008c 05       		.uleb128 0x5
 1764 008d 01       		.uleb128 0x1
 1765 008e 13       		.uleb128 0x13
 1766 008f 00       		.byte	0
 1767 0090 00       		.byte	0
 1768 0091 0C       		.uleb128 0xc
 1769 0092 0D       		.uleb128 0xd
 1770 0093 00       		.byte	0
 1771 0094 03       		.uleb128 0x3
 1772 0095 08       		.uleb128 0x8
 1773 0096 3A       		.uleb128 0x3a
 1774 0097 0B       		.uleb128 0xb
 1775 0098 3B       		.uleb128 0x3b
 1776 0099 05       		.uleb128 0x5
 1777 009a 49       		.uleb128 0x49
 1778 009b 13       		.uleb128 0x13
 1779 009c 38       		.uleb128 0x38
 1780 009d 0A       		.uleb128 0xa
 1781 009e 00       		.byte	0
 1782 009f 00       		.byte	0
 1783 00a0 0D       		.uleb128 0xd
 1784 00a1 35       		.uleb128 0x35
 1785 00a2 00       		.byte	0
 1786 00a3 49       		.uleb128 0x49
 1787 00a4 13       		.uleb128 0x13
 1788 00a5 00       		.byte	0
 1789 00a6 00       		.byte	0
 1790 00a7 0E       		.uleb128 0xe
 1791 00a8 17       		.uleb128 0x17
 1792 00a9 01       		.byte	0x1
 1793 00aa 0B       		.uleb128 0xb
 1794 00ab 0B       		.uleb128 0xb
 1795 00ac 3A       		.uleb128 0x3a
 1796 00ad 0B       		.uleb128 0xb
 1797 00ae 3B       		.uleb128 0x3b
 1798 00af 0B       		.uleb128 0xb
 1799 00b0 01       		.uleb128 0x1
 1800 00b1 13       		.uleb128 0x13
 1801 00b2 00       		.byte	0
 1802 00b3 00       		.byte	0
 1803 00b4 0F       		.uleb128 0xf
 1804 00b5 0D       		.uleb128 0xd
 1805 00b6 00       		.byte	0
 1806 00b7 03       		.uleb128 0x3
 1807 00b8 0E       		.uleb128 0xe
 1808 00b9 3A       		.uleb128 0x3a
 1809 00ba 0B       		.uleb128 0xb
 1810 00bb 3B       		.uleb128 0x3b
 1811 00bc 0B       		.uleb128 0xb
 1812 00bd 49       		.uleb128 0x49
 1813 00be 13       		.uleb128 0x13
 1814 00bf 00       		.byte	0
 1815 00c0 00       		.byte	0
 1816 00c1 10       		.uleb128 0x10
 1817 00c2 26       		.uleb128 0x26
ARM GAS  C:\Users\Matuesz\AppData\Local\Temp\ccxoXVgA.s 			page 33


 1818 00c3 00       		.byte	0
 1819 00c4 49       		.uleb128 0x49
 1820 00c5 13       		.uleb128 0x13
 1821 00c6 00       		.byte	0
 1822 00c7 00       		.byte	0
 1823 00c8 11       		.uleb128 0x11
 1824 00c9 01       		.uleb128 0x1
 1825 00ca 01       		.byte	0x1
 1826 00cb 49       		.uleb128 0x49
 1827 00cc 13       		.uleb128 0x13
 1828 00cd 01       		.uleb128 0x1
 1829 00ce 13       		.uleb128 0x13
 1830 00cf 00       		.byte	0
 1831 00d0 00       		.byte	0
 1832 00d1 12       		.uleb128 0x12
 1833 00d2 21       		.uleb128 0x21
 1834 00d3 00       		.byte	0
 1835 00d4 49       		.uleb128 0x49
 1836 00d5 13       		.uleb128 0x13
 1837 00d6 2F       		.uleb128 0x2f
 1838 00d7 0B       		.uleb128 0xb
 1839 00d8 00       		.byte	0
 1840 00d9 00       		.byte	0
 1841 00da 13       		.uleb128 0x13
 1842 00db 13       		.uleb128 0x13
 1843 00dc 01       		.byte	0x1
 1844 00dd 0B       		.uleb128 0xb
 1845 00de 0B       		.uleb128 0xb
 1846 00df 3A       		.uleb128 0x3a
 1847 00e0 0B       		.uleb128 0xb
 1848 00e1 3B       		.uleb128 0x3b
 1849 00e2 05       		.uleb128 0x5
 1850 00e3 01       		.uleb128 0x1
 1851 00e4 13       		.uleb128 0x13
 1852 00e5 00       		.byte	0
 1853 00e6 00       		.byte	0
 1854 00e7 14       		.uleb128 0x14
 1855 00e8 0D       		.uleb128 0xd
 1856 00e9 00       		.byte	0
 1857 00ea 03       		.uleb128 0x3
 1858 00eb 0E       		.uleb128 0xe
 1859 00ec 3A       		.uleb128 0x3a
 1860 00ed 0B       		.uleb128 0xb
 1861 00ee 3B       		.uleb128 0x3b
 1862 00ef 05       		.uleb128 0x5
 1863 00f0 49       		.uleb128 0x49
 1864 00f1 13       		.uleb128 0x13
 1865 00f2 38       		.uleb128 0x38
 1866 00f3 0A       		.uleb128 0xa
 1867 00f4 00       		.byte	0
 1868 00f5 00       		.byte	0
 1869 00f6 15       		.uleb128 0x15
 1870 00f7 16       		.uleb128 0x16
 1871 00f8 00       		.byte	0
 1872 00f9 03       		.uleb128 0x3
 1873 00fa 0E       		.uleb128 0xe
 1874 00fb 3A       		.uleb128 0x3a
ARM GAS  C:\Users\Matuesz\AppData\Local\Temp\ccxoXVgA.s 			page 34


 1875 00fc 0B       		.uleb128 0xb
 1876 00fd 3B       		.uleb128 0x3b
 1877 00fe 05       		.uleb128 0x5
 1878 00ff 49       		.uleb128 0x49
 1879 0100 13       		.uleb128 0x13
 1880 0101 00       		.byte	0
 1881 0102 00       		.byte	0
 1882 0103 16       		.uleb128 0x16
 1883 0104 04       		.uleb128 0x4
 1884 0105 01       		.byte	0x1
 1885 0106 0B       		.uleb128 0xb
 1886 0107 0B       		.uleb128 0xb
 1887 0108 3A       		.uleb128 0x3a
 1888 0109 0B       		.uleb128 0xb
 1889 010a 3B       		.uleb128 0x3b
 1890 010b 0B       		.uleb128 0xb
 1891 010c 01       		.uleb128 0x1
 1892 010d 13       		.uleb128 0x13
 1893 010e 00       		.byte	0
 1894 010f 00       		.byte	0
 1895 0110 17       		.uleb128 0x17
 1896 0111 28       		.uleb128 0x28
 1897 0112 00       		.byte	0
 1898 0113 03       		.uleb128 0x3
 1899 0114 0E       		.uleb128 0xe
 1900 0115 1C       		.uleb128 0x1c
 1901 0116 0D       		.uleb128 0xd
 1902 0117 00       		.byte	0
 1903 0118 00       		.byte	0
 1904 0119 18       		.uleb128 0x18
 1905 011a 15       		.uleb128 0x15
 1906 011b 01       		.byte	0x1
 1907 011c 27       		.uleb128 0x27
 1908 011d 0C       		.uleb128 0xc
 1909 011e 49       		.uleb128 0x49
 1910 011f 13       		.uleb128 0x13
 1911 0120 01       		.uleb128 0x1
 1912 0121 13       		.uleb128 0x13
 1913 0122 00       		.byte	0
 1914 0123 00       		.byte	0
 1915 0124 19       		.uleb128 0x19
 1916 0125 05       		.uleb128 0x5
 1917 0126 00       		.byte	0
 1918 0127 49       		.uleb128 0x49
 1919 0128 13       		.uleb128 0x13
 1920 0129 00       		.byte	0
 1921 012a 00       		.byte	0
 1922 012b 1A       		.uleb128 0x1a
 1923 012c 0D       		.uleb128 0xd
 1924 012d 00       		.byte	0
 1925 012e 03       		.uleb128 0x3
 1926 012f 08       		.uleb128 0x8
 1927 0130 3A       		.uleb128 0x3a
 1928 0131 0B       		.uleb128 0xb
 1929 0132 3B       		.uleb128 0x3b
 1930 0133 0B       		.uleb128 0xb
 1931 0134 49       		.uleb128 0x49
ARM GAS  C:\Users\Matuesz\AppData\Local\Temp\ccxoXVgA.s 			page 35


 1932 0135 13       		.uleb128 0x13
 1933 0136 00       		.byte	0
 1934 0137 00       		.byte	0
 1935 0138 1B       		.uleb128 0x1b
 1936 0139 2E       		.uleb128 0x2e
 1937 013a 01       		.byte	0x1
 1938 013b 3F       		.uleb128 0x3f
 1939 013c 0C       		.uleb128 0xc
 1940 013d 03       		.uleb128 0x3
 1941 013e 0E       		.uleb128 0xe
 1942 013f 3A       		.uleb128 0x3a
 1943 0140 0B       		.uleb128 0xb
 1944 0141 3B       		.uleb128 0x3b
 1945 0142 0B       		.uleb128 0xb
 1946 0143 27       		.uleb128 0x27
 1947 0144 0C       		.uleb128 0xc
 1948 0145 11       		.uleb128 0x11
 1949 0146 01       		.uleb128 0x1
 1950 0147 12       		.uleb128 0x12
 1951 0148 01       		.uleb128 0x1
 1952 0149 40       		.uleb128 0x40
 1953 014a 0A       		.uleb128 0xa
 1954 014b 9742     		.uleb128 0x2117
 1955 014d 0C       		.uleb128 0xc
 1956 014e 01       		.uleb128 0x1
 1957 014f 13       		.uleb128 0x13
 1958 0150 00       		.byte	0
 1959 0151 00       		.byte	0
 1960 0152 1C       		.uleb128 0x1c
 1961 0153 898201   		.uleb128 0x4109
 1962 0156 00       		.byte	0
 1963 0157 11       		.uleb128 0x11
 1964 0158 01       		.uleb128 0x1
 1965 0159 9542     		.uleb128 0x2115
 1966 015b 0C       		.uleb128 0xc
 1967 015c 31       		.uleb128 0x31
 1968 015d 13       		.uleb128 0x13
 1969 015e 00       		.byte	0
 1970 015f 00       		.byte	0
 1971 0160 1D       		.uleb128 0x1d
 1972 0161 2E       		.uleb128 0x2e
 1973 0162 01       		.byte	0x1
 1974 0163 3F       		.uleb128 0x3f
 1975 0164 0C       		.uleb128 0xc
 1976 0165 03       		.uleb128 0x3
 1977 0166 0E       		.uleb128 0xe
 1978 0167 3A       		.uleb128 0x3a
 1979 0168 0B       		.uleb128 0xb
 1980 0169 3B       		.uleb128 0x3b
 1981 016a 0B       		.uleb128 0xb
 1982 016b 27       		.uleb128 0x27
 1983 016c 0C       		.uleb128 0xc
 1984 016d 49       		.uleb128 0x49
 1985 016e 13       		.uleb128 0x13
 1986 016f 11       		.uleb128 0x11
 1987 0170 01       		.uleb128 0x1
 1988 0171 12       		.uleb128 0x12
ARM GAS  C:\Users\Matuesz\AppData\Local\Temp\ccxoXVgA.s 			page 36


 1989 0172 01       		.uleb128 0x1
 1990 0173 40       		.uleb128 0x40
 1991 0174 0A       		.uleb128 0xa
 1992 0175 9742     		.uleb128 0x2117
 1993 0177 0C       		.uleb128 0xc
 1994 0178 01       		.uleb128 0x1
 1995 0179 13       		.uleb128 0x13
 1996 017a 00       		.byte	0
 1997 017b 00       		.byte	0
 1998 017c 1E       		.uleb128 0x1e
 1999 017d 05       		.uleb128 0x5
 2000 017e 00       		.byte	0
 2001 017f 03       		.uleb128 0x3
 2002 0180 0E       		.uleb128 0xe
 2003 0181 3A       		.uleb128 0x3a
 2004 0182 0B       		.uleb128 0xb
 2005 0183 3B       		.uleb128 0x3b
 2006 0184 0B       		.uleb128 0xb
 2007 0185 49       		.uleb128 0x49
 2008 0186 13       		.uleb128 0x13
 2009 0187 02       		.uleb128 0x2
 2010 0188 06       		.uleb128 0x6
 2011 0189 00       		.byte	0
 2012 018a 00       		.byte	0
 2013 018b 1F       		.uleb128 0x1f
 2014 018c 34       		.uleb128 0x34
 2015 018d 00       		.byte	0
 2016 018e 03       		.uleb128 0x3
 2017 018f 0E       		.uleb128 0xe
 2018 0190 3A       		.uleb128 0x3a
 2019 0191 0B       		.uleb128 0xb
 2020 0192 3B       		.uleb128 0x3b
 2021 0193 0B       		.uleb128 0xb
 2022 0194 49       		.uleb128 0x49
 2023 0195 13       		.uleb128 0x13
 2024 0196 02       		.uleb128 0x2
 2025 0197 0A       		.uleb128 0xa
 2026 0198 00       		.byte	0
 2027 0199 00       		.byte	0
 2028 019a 20       		.uleb128 0x20
 2029 019b 2E       		.uleb128 0x2e
 2030 019c 00       		.byte	0
 2031 019d 3F       		.uleb128 0x3f
 2032 019e 0C       		.uleb128 0xc
 2033 019f 03       		.uleb128 0x3
 2034 01a0 0E       		.uleb128 0xe
 2035 01a1 3A       		.uleb128 0x3a
 2036 01a2 0B       		.uleb128 0xb
 2037 01a3 3B       		.uleb128 0x3b
 2038 01a4 0B       		.uleb128 0xb
 2039 01a5 27       		.uleb128 0x27
 2040 01a6 0C       		.uleb128 0xc
 2041 01a7 11       		.uleb128 0x11
 2042 01a8 01       		.uleb128 0x1
 2043 01a9 12       		.uleb128 0x12
 2044 01aa 01       		.uleb128 0x1
 2045 01ab 40       		.uleb128 0x40
ARM GAS  C:\Users\Matuesz\AppData\Local\Temp\ccxoXVgA.s 			page 37


 2046 01ac 0A       		.uleb128 0xa
 2047 01ad 9742     		.uleb128 0x2117
 2048 01af 0C       		.uleb128 0xc
 2049 01b0 00       		.byte	0
 2050 01b1 00       		.byte	0
 2051 01b2 21       		.uleb128 0x21
 2052 01b3 34       		.uleb128 0x34
 2053 01b4 00       		.byte	0
 2054 01b5 03       		.uleb128 0x3
 2055 01b6 0E       		.uleb128 0xe
 2056 01b7 3A       		.uleb128 0x3a
 2057 01b8 0B       		.uleb128 0xb
 2058 01b9 3B       		.uleb128 0x3b
 2059 01ba 05       		.uleb128 0x5
 2060 01bb 49       		.uleb128 0x49
 2061 01bc 13       		.uleb128 0x13
 2062 01bd 3F       		.uleb128 0x3f
 2063 01be 0C       		.uleb128 0xc
 2064 01bf 3C       		.uleb128 0x3c
 2065 01c0 0C       		.uleb128 0xc
 2066 01c1 00       		.byte	0
 2067 01c2 00       		.byte	0
 2068 01c3 22       		.uleb128 0x22
 2069 01c4 34       		.uleb128 0x34
 2070 01c5 00       		.byte	0
 2071 01c6 03       		.uleb128 0x3
 2072 01c7 0E       		.uleb128 0xe
 2073 01c8 3A       		.uleb128 0x3a
 2074 01c9 0B       		.uleb128 0xb
 2075 01ca 3B       		.uleb128 0x3b
 2076 01cb 0B       		.uleb128 0xb
 2077 01cc 49       		.uleb128 0x49
 2078 01cd 13       		.uleb128 0x13
 2079 01ce 3F       		.uleb128 0x3f
 2080 01cf 0C       		.uleb128 0xc
 2081 01d0 02       		.uleb128 0x2
 2082 01d1 0A       		.uleb128 0xa
 2083 01d2 00       		.byte	0
 2084 01d3 00       		.byte	0
 2085 01d4 23       		.uleb128 0x23
 2086 01d5 2E       		.uleb128 0x2e
 2087 01d6 00       		.byte	0
 2088 01d7 3F       		.uleb128 0x3f
 2089 01d8 0C       		.uleb128 0xc
 2090 01d9 03       		.uleb128 0x3
 2091 01da 0E       		.uleb128 0xe
 2092 01db 3A       		.uleb128 0x3a
 2093 01dc 0B       		.uleb128 0xb
 2094 01dd 3B       		.uleb128 0x3b
 2095 01de 05       		.uleb128 0x5
 2096 01df 27       		.uleb128 0x27
 2097 01e0 0C       		.uleb128 0xc
 2098 01e1 3C       		.uleb128 0x3c
 2099 01e2 0C       		.uleb128 0xc
 2100 01e3 00       		.byte	0
 2101 01e4 00       		.byte	0
 2102 01e5 00       		.byte	0
ARM GAS  C:\Users\Matuesz\AppData\Local\Temp\ccxoXVgA.s 			page 38


 2103              		.section	.debug_loc,"",%progbits
 2104              	.Ldebug_loc0:
 2105              	.LLST0:
 2106 0000 00000000 		.4byte	.LVL1
 2107 0004 14000000 		.4byte	.LVL2
 2108 0008 0100     		.2byte	0x1
 2109 000a 50       		.byte	0x50
 2110 000b 14000000 		.4byte	.LVL2
 2111 000f 24000000 		.4byte	.LVL3
 2112 0013 0400     		.2byte	0x4
 2113 0015 F3       		.byte	0xf3
 2114 0016 01       		.uleb128 0x1
 2115 0017 50       		.byte	0x50
 2116 0018 9F       		.byte	0x9f
 2117 0019 24000000 		.4byte	.LVL3
 2118 001d 28000000 		.4byte	.LVL4
 2119 0021 0100     		.2byte	0x1
 2120 0023 50       		.byte	0x50
 2121 0024 28000000 		.4byte	.LVL4
 2122 0028 30000000 		.4byte	.LFE119
 2123 002c 0400     		.2byte	0x4
 2124 002e F3       		.byte	0xf3
 2125 002f 01       		.uleb128 0x1
 2126 0030 50       		.byte	0x50
 2127 0031 9F       		.byte	0x9f
 2128 0032 00000000 		.4byte	0
 2129 0036 00000000 		.4byte	0
 2130              	.LLST1:
 2131 003a 00000000 		.4byte	.LVL5
 2132 003e 02000000 		.4byte	.LVL6
 2133 0042 0100     		.2byte	0x1
 2134 0044 50       		.byte	0x50
 2135 0045 02000000 		.4byte	.LVL6
 2136 0049 04000000 		.4byte	.LFE120
 2137 004d 0400     		.2byte	0x4
 2138 004f F3       		.byte	0xf3
 2139 0050 01       		.uleb128 0x1
 2140 0051 50       		.byte	0x50
 2141 0052 9F       		.byte	0x9f
 2142 0053 00000000 		.4byte	0
 2143 0057 00000000 		.4byte	0
 2144              		.section	.debug_aranges,"",%progbits
 2145 0000 34000000 		.4byte	0x34
 2146 0004 0200     		.2byte	0x2
 2147 0006 00000000 		.4byte	.Ldebug_info0
 2148 000a 04       		.byte	0x4
 2149 000b 00       		.byte	0
 2150 000c 0000     		.2byte	0
 2151 000e 0000     		.2byte	0
 2152 0010 00000000 		.4byte	.LFB118
 2153 0014 04000000 		.4byte	.LFE118-.LFB118
 2154 0018 00000000 		.4byte	.LFB119
 2155 001c 30000000 		.4byte	.LFE119-.LFB119
 2156 0020 00000000 		.4byte	.LFB120
 2157 0024 04000000 		.4byte	.LFE120-.LFB120
 2158 0028 00000000 		.4byte	.LFB121
 2159 002c 02000000 		.4byte	.LFE121-.LFB121
ARM GAS  C:\Users\Matuesz\AppData\Local\Temp\ccxoXVgA.s 			page 39


 2160 0030 00000000 		.4byte	0
 2161 0034 00000000 		.4byte	0
 2162              		.section	.debug_ranges,"",%progbits
 2163              	.Ldebug_ranges0:
 2164 0000 00000000 		.4byte	.LFB118
 2165 0004 04000000 		.4byte	.LFE118
 2166 0008 00000000 		.4byte	.LFB119
 2167 000c 30000000 		.4byte	.LFE119
 2168 0010 00000000 		.4byte	.LFB120
 2169 0014 04000000 		.4byte	.LFE120
 2170 0018 00000000 		.4byte	.LFB121
 2171 001c 02000000 		.4byte	.LFE121
 2172 0020 00000000 		.4byte	0
 2173 0024 00000000 		.4byte	0
 2174              		.section	.debug_line,"",%progbits
 2175              	.Ldebug_line0:
 2176 0000 96020000 		.section	.debug_str,"MS",%progbits,1
 2176      02004402 
 2176      00000201 
 2176      FB0E0D00 
 2176      01010101 
 2177              	.LASF80:
 2178 0000 426C6F63 		.ascii	"BlockDeviceInfo\000"
 2178      6B446576 
 2178      69636549 
 2178      6E666F00 
 2179              	.LASF97:
 2180 0010 73746D33 		.ascii	"stm32_gpio_setup_t\000"
 2180      325F6770 
 2180      696F5F73 
 2180      65747570 
 2180      5F7400
 2181              	.LASF129:
 2182 0023 7364635F 		.ascii	"sdc_lld_is_card_inserted\000"
 2182      6C6C645F 
 2182      69735F63 
 2182      6172645F 
 2182      696E7365 
 2183              	.LASF59:
 2184 003c 4D304152 		.ascii	"M0AR\000"
 2184      00
 2185              	.LASF35:
 2186 0041 705F7469 		.ascii	"p_time\000"
 2186      6D6500
 2187              	.LASF79:
 2188 0048 626C6B5F 		.ascii	"blk_num\000"
 2188      6E756D00 
 2189              	.LASF53:
 2190 0050 7264796D 		.ascii	"rdymsg\000"
 2190      736700
 2191              	.LASF122:
 2192 0057 69735F70 		.ascii	"is_protected\000"
 2192      726F7465 
 2192      63746564 
 2192      00
 2193              	.LASF83:
 2194 0064 4F545950 		.ascii	"OTYPER\000"
ARM GAS  C:\Users\Matuesz\AppData\Local\Temp\ccxoXVgA.s 			page 40


 2194      455200
 2195              	.LASF92:
 2196 006b 6F747970 		.ascii	"otyper\000"
 2196      657200
 2197              	.LASF112:
 2198 0072 63617061 		.ascii	"capacity\000"
 2198      63697479 
 2198      00
 2199              	.LASF62:
 2200 007b 73747265 		.ascii	"stream\000"
 2200      616D00
 2201              	.LASF105:
 2202 0082 50484461 		.ascii	"PHData\000"
 2202      746100
 2203              	.LASF82:
 2204 0089 4D4F4445 		.ascii	"MODER\000"
 2204      5200
 2205              	.LASF12:
 2206 008f 6C6F6E67 		.ascii	"long long unsigned int\000"
 2206      206C6F6E 
 2206      6720756E 
 2206      7369676E 
 2206      65642069 
 2207              	.LASF85:
 2208 00a6 50555044 		.ascii	"PUPDR\000"
 2208      5200
 2209              	.LASF54:
 2210 00ac 65786974 		.ascii	"exitcode\000"
 2210      636F6465 
 2210      00
 2211              	.LASF66:
 2212 00b5 76656374 		.ascii	"vector\000"
 2212      6F7200
 2213              	.LASF114:
 2214 00bc 63617264 		.ascii	"cardmode\000"
 2214      6D6F6465 
 2214      00
 2215              	.LASF132:
 2216 00c5 49544D5F 		.ascii	"ITM_RxBuffer\000"
 2216      52784275 
 2216      66666572 
 2216      00
 2217              	.LASF77:
 2218 00d2 626C6B73 		.ascii	"blkstate_t\000"
 2218      74617465 
 2218      5F7400
 2219              	.LASF26:
 2220 00dd 705F7072 		.ascii	"p_prio\000"
 2220      696F00
 2221              	.LASF11:
 2222 00e4 6C6F6E67 		.ascii	"long long int\000"
 2222      206C6F6E 
 2222      6720696E 
 2222      7400
 2223              	.LASF1:
 2224 00f2 7369676E 		.ascii	"signed char\000"
 2224      65642063 
ARM GAS  C:\Users\Matuesz\AppData\Local\Temp\ccxoXVgA.s 			page 41


 2224      68617200 
 2225              	.LASF42:
 2226 00fe 705F6D70 		.ascii	"p_mpool\000"
 2226      6F6F6C00 
 2227              	.LASF13:
 2228 0106 626F6F6C 		.ascii	"bool_t\000"
 2228      5F7400
 2229              	.LASF50:
 2230 010d 6D5F7175 		.ascii	"m_queue\000"
 2230      65756500 
 2231              	.LASF124:
 2232 0115 64697363 		.ascii	"disconnect\000"
 2232      6F6E6E65 
 2232      637400
 2233              	.LASF91:
 2234 0120 6D6F6465 		.ascii	"moder\000"
 2234      7200
 2235              	.LASF18:
 2236 0126 74736C69 		.ascii	"tslices_t\000"
 2236      6365735F 
 2236      7400
 2237              	.LASF68:
 2238 0130 424C4B5F 		.ascii	"BLK_UNINIT\000"
 2238      554E494E 
 2238      495400
 2239              	.LASF111:
 2240 013b 73746174 		.ascii	"state\000"
 2240      6500
 2241              	.LASF8:
 2242 0141 6C6F6E67 		.ascii	"long int\000"
 2242      20696E74 
 2242      00
 2243              	.LASF102:
 2244 014a 50454461 		.ascii	"PEData\000"
 2244      746100
 2245              	.LASF16:
 2246 0151 74737461 		.ascii	"tstate_t\000"
 2246      74655F74 
 2246      00
 2247              	.LASF69:
 2248 015a 424C4B5F 		.ascii	"BLK_STOP\000"
 2248      53544F50 
 2248      00
 2249              	.LASF5:
 2250 0163 75696E74 		.ascii	"uint16_t\000"
 2250      31365F74 
 2250      00
 2251              	.LASF28:
 2252 016c 705F6E65 		.ascii	"p_newer\000"
 2252      77657200 
 2253              	.LASF90:
 2254 0174 4750494F 		.ascii	"GPIO_TypeDef\000"
 2254      5F547970 
 2254      65446566 
 2254      00
 2255              	.LASF128:
 2256 0181 6765745F 		.ascii	"get_info\000"
ARM GAS  C:\Users\Matuesz\AppData\Local\Temp\ccxoXVgA.s 			page 42


 2256      696E666F 
 2256      00
 2257              	.LASF84:
 2258 018a 4F535045 		.ascii	"OSPEEDR\000"
 2258      45445200 
 2259              	.LASF45:
 2260 0192 72656761 		.ascii	"regarm_t\000"
 2260      726D5F74 
 2260      00
 2261              	.LASF65:
 2262 019b 73656C66 		.ascii	"selfindex\000"
 2262      696E6465 
 2262      7800
 2263              	.LASF118:
 2264 01a5 64756D6D 		.ascii	"dummy\000"
 2264      7900
 2265              	.LASF23:
 2266 01ab 54687265 		.ascii	"Thread\000"
 2266      616400
 2267              	.LASF78:
 2268 01b2 626C6B5F 		.ascii	"blk_size\000"
 2268      73697A65 
 2268      00
 2269              	.LASF140:
 2270 01bb 73746D33 		.ascii	"stm32_clock_init\000"
 2270      325F636C 
 2270      6F636B5F 
 2270      696E6974 
 2270      00
 2271              	.LASF108:
 2272 01cc 7364636D 		.ascii	"sdcmode_t\000"
 2272      6F64655F 
 2272      7400
 2273              	.LASF99:
 2274 01d6 50424461 		.ascii	"PBData\000"
 2274      746100
 2275              	.LASF32:
 2276 01dd 705F666C 		.ascii	"p_flags\000"
 2276      61677300 
 2277              	.LASF0:
 2278 01e5 756E7369 		.ascii	"unsigned int\000"
 2278      676E6564 
 2278      20696E74 
 2278      00
 2279              	.LASF115:
 2280 01f2 6572726F 		.ascii	"errors\000"
 2280      727300
 2281              	.LASF37:
 2282 01f9 705F6D73 		.ascii	"p_msgqueue\000"
 2282      67717565 
 2282      756500
 2283              	.LASF93:
 2284 0204 6F737065 		.ascii	"ospeedr\000"
 2284      65647200 
 2285              	.LASF87:
 2286 020c 4C434B52 		.ascii	"LCKR\000"
 2286      00
ARM GAS  C:\Users\Matuesz\AppData\Local\Temp\ccxoXVgA.s 			page 43


 2287              	.LASF64:
 2288 0211 69736869 		.ascii	"ishift\000"
 2288      667400
 2289              	.LASF137:
 2290 0218 5F5F6561 		.ascii	"__early_init\000"
 2290      726C795F 
 2290      696E6974 
 2290      00
 2291              	.LASF6:
 2292 0225 73686F72 		.ascii	"short unsigned int\000"
 2292      7420756E 
 2292      7369676E 
 2292      65642069 
 2292      6E7400
 2293              	.LASF103:
 2294 0238 50464461 		.ascii	"PFData\000"
 2294      746100
 2295              	.LASF70:
 2296 023f 424C4B5F 		.ascii	"BLK_ACTIVE\000"
 2296      41435449 
 2296      564500
 2297              	.LASF138:
 2298 024a 6C617374 		.ascii	"last_status\000"
 2298      5F737461 
 2298      74757300 
 2299              	.LASF130:
 2300 0256 7364635F 		.ascii	"sdc_lld_is_write_protected\000"
 2300      6C6C645F 
 2300      69735F77 
 2300      72697465 
 2300      5F70726F 
 2301              	.LASF20:
 2302 0271 6D73675F 		.ascii	"msg_t\000"
 2302      7400
 2303              	.LASF71:
 2304 0277 424C4B5F 		.ascii	"BLK_CONNECTING\000"
 2304      434F4E4E 
 2304      45435449 
 2304      4E4700
 2305              	.LASF15:
 2306 0286 746D6F64 		.ascii	"tmode_t\000"
 2306      655F7400 
 2307              	.LASF44:
 2308 028e 54687265 		.ascii	"ThreadsList\000"
 2308      6164734C 
 2308      69737400 
 2309              	.LASF21:
 2310 029a 6576656E 		.ascii	"eventmask_t\000"
 2310      746D6173 
 2310      6B5F7400 
 2311              	.LASF104:
 2312 02a6 50474461 		.ascii	"PGData\000"
 2312      746100
 2313              	.LASF126:
 2314 02ad 77726974 		.ascii	"write\000"
 2314      6500
 2315              	.LASF74:
ARM GAS  C:\Users\Matuesz\AppData\Local\Temp\ccxoXVgA.s 			page 44


 2316 02b3 424C4B5F 		.ascii	"BLK_READING\000"
 2316      52454144 
 2316      494E4700 
 2317              	.LASF48:
 2318 02bf 73697A65 		.ascii	"sizetype\000"
 2318      74797065 
 2318      00
 2319              	.LASF81:
 2320 02c8 636C6561 		.ascii	"clear\000"
 2320      7200
 2321              	.LASF49:
 2322 02ce 4D757465 		.ascii	"Mutex\000"
 2322      7800
 2323              	.LASF134:
 2324 02d4 474E5520 		.ascii	"GNU C 4.7.4 20140401 (release) [ARM/embedded-4_7-br"
 2324      4320342E 
 2324      372E3420 
 2324      32303134 
 2324      30343031 
 2325 0307 616E6368 		.ascii	"anch revision 209195]\000"
 2325      20726576 
 2325      6973696F 
 2325      6E203230 
 2325      39313935 
 2326              	.LASF29:
 2327 031d 705F6F6C 		.ascii	"p_older\000"
 2327      64657200 
 2328              	.LASF76:
 2329 0325 424C4B5F 		.ascii	"BLK_SYNCING\000"
 2329      53594E43 
 2329      494E4700 
 2330              	.LASF73:
 2331 0331 424C4B5F 		.ascii	"BLK_READY\000"
 2331      52454144 
 2331      5900
 2332              	.LASF43:
 2333 033b 54687265 		.ascii	"ThreadsQueue\000"
 2333      61647351 
 2333      75657565 
 2333      00
 2334              	.LASF96:
 2335 0348 61667268 		.ascii	"afrh\000"
 2335      00
 2336              	.LASF101:
 2337 034d 50444461 		.ascii	"PDData\000"
 2337      746100
 2338              	.LASF89:
 2339 0354 41465248 		.ascii	"AFRH\000"
 2339      00
 2340              	.LASF88:
 2341 0359 4146524C 		.ascii	"AFRL\000"
 2341      00
 2342              	.LASF17:
 2343 035e 74726566 		.ascii	"trefs_t\000"
 2343      735F7400 
 2344              	.LASF135:
 2345 0366 2E2E2F2E 		.ascii	"../../boards/OLIMEX_STM32_E407_REV_D/board.c\000"
ARM GAS  C:\Users\Matuesz\AppData\Local\Temp\ccxoXVgA.s 			page 45


 2345      2E2F626F 
 2345      61726473 
 2345      2F4F4C49 
 2345      4D45585F 
 2346              	.LASF25:
 2347 0393 705F7072 		.ascii	"p_prev\000"
 2347      657600
 2348              	.LASF67:
 2349 039a 73746D33 		.ascii	"stm32_dma_stream_t\000"
 2349      325F646D 
 2349      615F7374 
 2349      7265616D 
 2349      5F7400
 2350              	.LASF19:
 2351 03ad 74707269 		.ascii	"tprio_t\000"
 2351      6F5F7400 
 2352              	.LASF116:
 2353 03b5 74687265 		.ascii	"thread\000"
 2353      616400
 2354              	.LASF14:
 2355 03bc 5F426F6F 		.ascii	"_Bool\000"
 2355      6C00
 2356              	.LASF7:
 2357 03c2 696E7433 		.ascii	"int32_t\000"
 2357      325F7400 
 2358              	.LASF2:
 2359 03ca 756E7369 		.ascii	"unsigned char\000"
 2359      676E6564 
 2359      20636861 
 2359      7200
 2360              	.LASF95:
 2361 03d8 6166726C 		.ascii	"afrl\000"
 2361      00
 2362              	.LASF40:
 2363 03dd 705F6D74 		.ascii	"p_mtxlist\000"
 2363      786C6973 
 2363      7400
 2364              	.LASF3:
 2365 03e7 73686F72 		.ascii	"short int\000"
 2365      7420696E 
 2365      7400
 2366              	.LASF31:
 2367 03f1 705F7374 		.ascii	"p_state\000"
 2367      61746500 
 2368              	.LASF75:
 2369 03f9 424C4B5F 		.ascii	"BLK_WRITING\000"
 2369      57524954 
 2369      494E4700 
 2370              	.LASF34:
 2371 0405 705F7072 		.ascii	"p_preempt\000"
 2371      65656D70 
 2371      7400
 2372              	.LASF98:
 2373 040f 50414461 		.ascii	"PAData\000"
 2373      746100
 2374              	.LASF56:
 2375 0416 65776D61 		.ascii	"ewmask\000"
ARM GAS  C:\Users\Matuesz\AppData\Local\Temp\ccxoXVgA.s 			page 46


 2375      736B00
 2376              	.LASF24:
 2377 041d 705F6E65 		.ascii	"p_next\000"
 2377      787400
 2378              	.LASF120:
 2379 0424 53444344 		.ascii	"SDCDriverVMT\000"
 2379      72697665 
 2379      72564D54 
 2379      00
 2380              	.LASF106:
 2381 0431 50494461 		.ascii	"PIData\000"
 2381      746100
 2382              	.LASF123:
 2383 0438 636F6E6E 		.ascii	"connect\000"
 2383      65637400 
 2384              	.LASF39:
 2385 0440 705F6570 		.ascii	"p_epending\000"
 2385      656E6469 
 2385      6E6700
 2386              	.LASF63:
 2387 044b 69666372 		.ascii	"ifcr\000"
 2387      00
 2388              	.LASF9:
 2389 0450 75696E74 		.ascii	"uint32_t\000"
 2389      33325F74 
 2389      00
 2390              	.LASF10:
 2391 0459 6C6F6E67 		.ascii	"long unsigned int\000"
 2391      20756E73 
 2391      69676E65 
 2391      6420696E 
 2391      7400
 2392              	.LASF136:
 2393 046b 433A5C43 		.ascii	"C:\\ChibiStudio\\chibios\\demos\\ARMCM4-STM32F407-E"
 2393      68696269 
 2393      53747564 
 2393      696F5C63 
 2393      68696269 
 2394 049a 4D4700   		.ascii	"MG\000"
 2395              	.LASF125:
 2396 049d 72656164 		.ascii	"read\000"
 2396      00
 2397              	.LASF57:
 2398 04a2 63686172 		.ascii	"char\000"
 2398      00
 2399              	.LASF72:
 2400 04a7 424C4B5F 		.ascii	"BLK_DISCONNECTING\000"
 2400      44495343 
 2400      4F4E4E45 
 2400      4354494E 
 2400      4700
 2401              	.LASF113:
 2402 04b9 636F6E66 		.ascii	"config\000"
 2402      696700
 2403              	.LASF131:
 2404 04c0 73646370 		.ascii	"sdcp\000"
 2404      00
ARM GAS  C:\Users\Matuesz\AppData\Local\Temp\ccxoXVgA.s 			page 47


 2405              	.LASF52:
 2406 04c5 6D5F6E65 		.ascii	"m_next\000"
 2406      787400
 2407              	.LASF22:
 2408 04cc 73797374 		.ascii	"systime_t\000"
 2408      696D655F 
 2408      7400
 2409              	.LASF41:
 2410 04d6 705F7265 		.ascii	"p_realprio\000"
 2410      616C7072 
 2410      696F00
 2411              	.LASF58:
 2412 04e1 4E445452 		.ascii	"NDTR\000"
 2412      00
 2413              	.LASF61:
 2414 04e6 444D415F 		.ascii	"DMA_Stream_TypeDef\000"
 2414      53747265 
 2414      616D5F54 
 2414      79706544 
 2414      656600
 2415              	.LASF47:
 2416 04f9 636F6E74 		.ascii	"context\000"
 2416      65787400 
 2417              	.LASF109:
 2418 0501 73646366 		.ascii	"sdcflags_t\000"
 2418      6C616773 
 2418      5F7400
 2419              	.LASF46:
 2420 050c 696E7463 		.ascii	"intctx\000"
 2420      747800
 2421              	.LASF121:
 2422 0513 69735F69 		.ascii	"is_inserted\000"
 2422      6E736572 
 2422      74656400 
 2423              	.LASF60:
 2424 051f 4D314152 		.ascii	"M1AR\000"
 2424      00
 2425              	.LASF33:
 2426 0524 705F7265 		.ascii	"p_refs\000"
 2426      667300
 2427              	.LASF86:
 2428 052b 42535252 		.ascii	"BSRR\000"
 2428      00
 2429              	.LASF119:
 2430 0530 53444343 		.ascii	"SDCConfig\000"
 2430      6F6E6669 
 2430      6700
 2431              	.LASF139:
 2432 053a 626F6172 		.ascii	"boardInit\000"
 2432      64496E69 
 2432      7400
 2433              	.LASF4:
 2434 0544 75696E74 		.ascii	"uint8_t\000"
 2434      385F7400 
 2435              	.LASF94:
 2436 054c 70757064 		.ascii	"pupdr\000"
 2436      7200
ARM GAS  C:\Users\Matuesz\AppData\Local\Temp\ccxoXVgA.s 			page 48


 2437              	.LASF127:
 2438 0552 73796E63 		.ascii	"sync\000"
 2438      00
 2439              	.LASF117:
 2440 0557 646D616D 		.ascii	"dmamode\000"
 2440      6F646500 
 2441              	.LASF55:
 2442 055f 77746F62 		.ascii	"wtobjp\000"
 2442      6A7000
 2443              	.LASF30:
 2444 0566 705F6E61 		.ascii	"p_name\000"
 2444      6D6500
 2445              	.LASF100:
 2446 056d 50434461 		.ascii	"PCData\000"
 2446      746100
 2447              	.LASF38:
 2448 0574 705F6D73 		.ascii	"p_msg\000"
 2448      6700
 2449              	.LASF107:
 2450 057a 50414C43 		.ascii	"PALConfig\000"
 2450      6F6E6669 
 2450      6700
 2451              	.LASF51:
 2452 0584 6D5F6F77 		.ascii	"m_owner\000"
 2452      6E657200 
 2453              	.LASF110:
 2454 058c 53444344 		.ascii	"SDCDriver\000"
 2454      72697665 
 2454      7200
 2455              	.LASF133:
 2456 0596 70616C5F 		.ascii	"pal_default_config\000"
 2456      64656661 
 2456      756C745F 
 2456      636F6E66 
 2456      696700
 2457              	.LASF27:
 2458 05a9 705F6374 		.ascii	"p_ctx\000"
 2458      7800
 2459              	.LASF36:
 2460 05af 705F7761 		.ascii	"p_waiting\000"
 2460      6974696E 
 2460      6700
 2461              		.ident	"GCC: (GNU Tools for ARM Embedded Processors) 4.7.4 20140401 (release) [ARM/embedded-4_7-br
ARM GAS  C:\Users\Matuesz\AppData\Local\Temp\ccxoXVgA.s 			page 49


DEFINED SYMBOLS
                            *ABS*:00000000 board.c
C:\Users\Matuesz\AppData\Local\Temp\ccxoXVgA.s:19     .text.__early_init:00000000 $t
C:\Users\Matuesz\AppData\Local\Temp\ccxoXVgA.s:25     .text.__early_init:00000000 __early_init
C:\Users\Matuesz\AppData\Local\Temp\ccxoXVgA.s:41     .text.sdc_lld_is_card_inserted:00000000 $t
C:\Users\Matuesz\AppData\Local\Temp\ccxoXVgA.s:47     .text.sdc_lld_is_card_inserted:00000000 sdc_lld_is_card_inserted
C:\Users\Matuesz\AppData\Local\Temp\ccxoXVgA.s:85     .text.sdc_lld_is_card_inserted:0000002c $d
C:\Users\Matuesz\AppData\Local\Temp\ccxoXVgA.s:90     .text.sdc_lld_is_write_protected:00000000 $t
C:\Users\Matuesz\AppData\Local\Temp\ccxoXVgA.s:96     .text.sdc_lld_is_write_protected:00000000 sdc_lld_is_write_protected
C:\Users\Matuesz\AppData\Local\Temp\ccxoXVgA.s:112    .text.boardInit:00000000 $t
C:\Users\Matuesz\AppData\Local\Temp\ccxoXVgA.s:118    .text.boardInit:00000000 boardInit
C:\Users\Matuesz\AppData\Local\Temp\ccxoXVgA.s:134    .rodata.pal_default_config:00000000 pal_default_config
C:\Users\Matuesz\AppData\Local\Temp\ccxoXVgA.s:131    .rodata.pal_default_config:00000000 $d
C:\Users\Matuesz\AppData\Local\Temp\ccxoXVgA.s:202    .bss.last_status.7251:00000000 last_status.7251
C:\Users\Matuesz\AppData\Local\Temp\ccxoXVgA.s:203    .bss.last_status.7251:00000000 $d
                     .debug_frame:00000010 $d

UNDEFINED SYMBOLS
stm32_clock_init
