ARM GAS  C:\Users\Matuesz\AppData\Local\Temp\cchlXVgA.s 			page 1


   1              		.syntax unified
   2              		.cpu cortex-m4
   3              		.fpu softvfp
   4              		.eabi_attribute 20, 1
   5              		.eabi_attribute 21, 1
   6              		.eabi_attribute 23, 3
   7              		.eabi_attribute 24, 1
   8              		.eabi_attribute 25, 1
   9              		.eabi_attribute 26, 1
  10              		.eabi_attribute 30, 2
  11              		.eabi_attribute 34, 1
  12              		.eabi_attribute 18, 4
  13              		.thumb
  14              		.file	"ccsbcs.c"
  15              		.text
  16              	.Ltext0:
  17              		.cfi_sections	.debug_frame
  18              		.section	.text.ff_convert,"ax",%progbits
  19              		.align	2
  20              		.p2align 4,,15
  21              		.global	ff_convert
  22              		.thumb
  23              		.thumb_func
  24              		.type	ff_convert, %function
  25              	ff_convert:
  26              	.LFB7:
  27              		.file 1 "../../ext/fatfs/src/option/ccsbcs.c"
  28              		.loc 1 505 0
  29              		.cfi_startproc
  30              		@ args = 0, pretend = 0, frame = 0
  31              		@ frame_needed = 0, uses_anonymous_args = 0
  32              		@ link register save eliminated.
  33              	.LVL0:
  34              		.loc 1 509 0
  35 0000 7F28     		cmp	r0, #127
  36              		.loc 1 505 0
  37 0002 30B4     		push	{r4, r5}
  38              	.LCFI0:
  39              		.cfi_def_cfa_offset 8
  40              		.cfi_offset 4, -8
  41              		.cfi_offset 5, -4
  42              		.loc 1 509 0
  43 0004 14D9     		bls	.L2
  44              		.loc 1 513 0
  45 0006 A9B9     		cbnz	r1, .L15
  46 0008 0F4B     		ldr	r3, .L16
  47 000a 07E0     		b	.L6
  48              	.LVL1:
  49              	.L4:
  50              		.loc 1 518 0
  51 000c 5288     		ldrh	r2, [r2, #2]
  52              		.loc 1 517 0
  53 000e A9B2     		uxth	r1, r5
  54              	.LVL2:
  55 0010 4C1C     		adds	r4, r1, #1
  56              		.loc 1 518 0
  57 0012 8242     		cmp	r2, r0
ARM GAS  C:\Users\Matuesz\AppData\Local\Temp\cchlXVgA.s 			page 2


  58 0014 09D0     		beq	.L12
  59              		.loc 1 517 0
  60 0016 A1B2     		uxth	r1, r4
  61              	.LVL3:
  62 0018 8029     		cmp	r1, #128
  63 001a 12D0     		beq	.L8
  64              	.LVL4:
  65              	.L6:
  66              		.loc 1 518 0
  67 001c 5C88     		ldrh	r4, [r3, #2]
  68 001e 9A1C     		adds	r2, r3, #2
  69              		.loc 1 517 0
  70 0020 4D1C     		adds	r5, r1, #1
  71              		.loc 1 518 0
  72 0022 8442     		cmp	r4, r0
  73 0024 02F10203 		add	r3, r2, #2
  74 0028 F0D1     		bne	.L4
  75              	.L12:
  76 002a 01F18000 		add	r0, r1, #128
  77              	.LVL5:
  78 002e 80B2     		uxth	r0, r0
  79              	.L2:
  80              	.LVL6:
  81              		.loc 1 525 0
  82 0030 30BC     		pop	{r4, r5}
  83 0032 7047     		bx	lr
  84              	.LVL7:
  85              	.L15:
  86              		.loc 1 514 0
  87 0034 FF28     		cmp	r0, #255
  88 0036 04D8     		bhi	.L8
  89              		.loc 1 514 0 is_stmt 0 discriminator 1
  90 0038 8038     		subs	r0, r0, #128
  91              	.LVL8:
  92 003a 0449     		ldr	r1, .L16+4
  93              	.LVL9:
  94 003c 31F81000 		ldrh	r0, [r1, r0, lsl #1]
  95 0040 F6E7     		b	.L2
  96              	.LVL10:
  97              	.L8:
  98              		.loc 1 514 0
  99 0042 0020     		movs	r0, #0
 100              	.LVL11:
 101 0044 F4E7     		b	.L2
 102              	.L17:
 103 0046 00BF     		.align	2
 104              	.L16:
 105 0048 FEFFFFFF 		.word	.LANCHOR0-2
 106 004c 00000000 		.word	.LANCHOR0
 107              		.cfi_endproc
 108              	.LFE7:
 109              		.size	ff_convert, .-ff_convert
 110              		.section	.text.ff_wtoupper,"ax",%progbits
 111              		.align	2
 112              		.p2align 4,,15
 113              		.global	ff_wtoupper
 114              		.thumb
ARM GAS  C:\Users\Matuesz\AppData\Local\Temp\cchlXVgA.s 			page 3


 115              		.thumb_func
 116              		.type	ff_wtoupper, %function
 117              	ff_wtoupper:
 118              	.LFB8:
 119              		.loc 1 531 0 is_stmt 1
 120              		.cfi_startproc
 121              		@ args = 0, pretend = 0, frame = 0
 122              		@ frame_needed = 0, uses_anonymous_args = 0
 123              		@ link register save eliminated.
 124              	.LVL12:
 125              		.loc 1 537 0
 126 0000 6128     		cmp	r0, #97
 127 0002 0AD0     		beq	.L22
 128 0004 0749     		ldr	r1, .L29
 129 0006 0022     		movs	r2, #0
 130 0008 01E0     		b	.L21
 131              	.LVL13:
 132              	.L28:
 133              		.loc 1 537 0 is_stmt 0 discriminator 2
 134 000a 8342     		cmp	r3, r0
 135 000c 06D0     		beq	.L19
 136              	.LVL14:
 137              	.L21:
 138              		.loc 1 537 0 discriminator 1
 139 000e 31F8023F 		ldrh	r3, [r1, #2]!
 140 0012 0132     		adds	r2, r2, #1
 141              	.LVL15:
 142 0014 002B     		cmp	r3, #0
 143 0016 F8D1     		bne	.L28
 144              		.loc 1 540 0 is_stmt 1
 145 0018 7047     		bx	lr
 146              	.LVL16:
 147              	.L22:
 148              		.loc 1 537 0
 149 001a 0022     		movs	r2, #0
 150              	.LVL17:
 151              	.L19:
 152              		.loc 1 539 0
 153 001c 0248     		ldr	r0, .L29+4
 154              	.LVL18:
 155 001e 30F81200 		ldrh	r0, [r0, r2, lsl #1]
 156              		.loc 1 540 0
 157 0022 7047     		bx	lr
 158              	.L30:
 159              		.align	2
 160              	.L29:
 161 0024 00000000 		.word	.LANCHOR1
 162 0028 00000000 		.word	.LANCHOR2
 163              		.cfi_endproc
 164              	.LFE8:
 165              		.size	ff_wtoupper, .-ff_wtoupper
 166 002c AFF30080 		.section	.rodata.tbl_lower.4976,"a",%progbits
 167              		.align	2
 168              		.set	.LANCHOR1,. + 0
 169              		.type	tbl_lower.4976, %object
 170              		.size	tbl_lower.4976, 480
 171              	tbl_lower.4976:
ARM GAS  C:\Users\Matuesz\AppData\Local\Temp\cchlXVgA.s 			page 4


 172 0000 6100     		.short	97
 173 0002 6200     		.short	98
 174 0004 6300     		.short	99
 175 0006 6400     		.short	100
 176 0008 6500     		.short	101
 177 000a 6600     		.short	102
 178 000c 6700     		.short	103
 179 000e 6800     		.short	104
 180 0010 6900     		.short	105
 181 0012 6A00     		.short	106
 182 0014 6B00     		.short	107
 183 0016 6C00     		.short	108
 184 0018 6D00     		.short	109
 185 001a 6E00     		.short	110
 186 001c 6F00     		.short	111
 187 001e 7000     		.short	112
 188 0020 7100     		.short	113
 189 0022 7200     		.short	114
 190 0024 7300     		.short	115
 191 0026 7400     		.short	116
 192 0028 7500     		.short	117
 193 002a 7600     		.short	118
 194 002c 7700     		.short	119
 195 002e 7800     		.short	120
 196 0030 7900     		.short	121
 197 0032 7A00     		.short	122
 198 0034 A100     		.short	161
 199 0036 A200     		.short	162
 200 0038 A300     		.short	163
 201 003a A500     		.short	165
 202 003c AC00     		.short	172
 203 003e AF00     		.short	175
 204 0040 E000     		.short	224
 205 0042 E100     		.short	225
 206 0044 E200     		.short	226
 207 0046 E300     		.short	227
 208 0048 E400     		.short	228
 209 004a E500     		.short	229
 210 004c E600     		.short	230
 211 004e E700     		.short	231
 212 0050 E800     		.short	232
 213 0052 E900     		.short	233
 214 0054 EA00     		.short	234
 215 0056 EB00     		.short	235
 216 0058 EC00     		.short	236
 217 005a ED00     		.short	237
 218 005c EE00     		.short	238
 219 005e EF00     		.short	239
 220 0060 F000     		.short	240
 221 0062 F100     		.short	241
 222 0064 F200     		.short	242
 223 0066 F300     		.short	243
 224 0068 F400     		.short	244
 225 006a F500     		.short	245
 226 006c F600     		.short	246
 227 006e F800     		.short	248
 228 0070 F900     		.short	249
ARM GAS  C:\Users\Matuesz\AppData\Local\Temp\cchlXVgA.s 			page 5


 229 0072 FA00     		.short	250
 230 0074 FB00     		.short	251
 231 0076 FC00     		.short	252
 232 0078 FD00     		.short	253
 233 007a FE00     		.short	254
 234 007c FF00     		.short	255
 235 007e 0101     		.short	257
 236 0080 0301     		.short	259
 237 0082 0501     		.short	261
 238 0084 0701     		.short	263
 239 0086 0901     		.short	265
 240 0088 0B01     		.short	267
 241 008a 0D01     		.short	269
 242 008c 0F01     		.short	271
 243 008e 1101     		.short	273
 244 0090 1301     		.short	275
 245 0092 1501     		.short	277
 246 0094 1701     		.short	279
 247 0096 1901     		.short	281
 248 0098 1B01     		.short	283
 249 009a 1D01     		.short	285
 250 009c 1F01     		.short	287
 251 009e 2101     		.short	289
 252 00a0 2301     		.short	291
 253 00a2 2501     		.short	293
 254 00a4 2701     		.short	295
 255 00a6 2901     		.short	297
 256 00a8 2B01     		.short	299
 257 00aa 2D01     		.short	301
 258 00ac 2F01     		.short	303
 259 00ae 3101     		.short	305
 260 00b0 3301     		.short	307
 261 00b2 3501     		.short	309
 262 00b4 3701     		.short	311
 263 00b6 3A01     		.short	314
 264 00b8 3C01     		.short	316
 265 00ba 3E01     		.short	318
 266 00bc 4001     		.short	320
 267 00be 4201     		.short	322
 268 00c0 4401     		.short	324
 269 00c2 4601     		.short	326
 270 00c4 4801     		.short	328
 271 00c6 4B01     		.short	331
 272 00c8 4D01     		.short	333
 273 00ca 4F01     		.short	335
 274 00cc 5101     		.short	337
 275 00ce 5301     		.short	339
 276 00d0 5501     		.short	341
 277 00d2 5701     		.short	343
 278 00d4 5901     		.short	345
 279 00d6 5B01     		.short	347
 280 00d8 5D01     		.short	349
 281 00da 5F01     		.short	351
 282 00dc 6101     		.short	353
 283 00de 6301     		.short	355
 284 00e0 6501     		.short	357
 285 00e2 6701     		.short	359
ARM GAS  C:\Users\Matuesz\AppData\Local\Temp\cchlXVgA.s 			page 6


 286 00e4 6901     		.short	361
 287 00e6 6B01     		.short	363
 288 00e8 6D01     		.short	365
 289 00ea 6F01     		.short	367
 290 00ec 7101     		.short	369
 291 00ee 7301     		.short	371
 292 00f0 7501     		.short	373
 293 00f2 7701     		.short	375
 294 00f4 7A01     		.short	378
 295 00f6 7C01     		.short	380
 296 00f8 7E01     		.short	382
 297 00fa 9201     		.short	402
 298 00fc B103     		.short	945
 299 00fe B203     		.short	946
 300 0100 B303     		.short	947
 301 0102 B403     		.short	948
 302 0104 B503     		.short	949
 303 0106 B603     		.short	950
 304 0108 B703     		.short	951
 305 010a B803     		.short	952
 306 010c B903     		.short	953
 307 010e BA03     		.short	954
 308 0110 BB03     		.short	955
 309 0112 BC03     		.short	956
 310 0114 BD03     		.short	957
 311 0116 BE03     		.short	958
 312 0118 BF03     		.short	959
 313 011a C003     		.short	960
 314 011c C103     		.short	961
 315 011e C303     		.short	963
 316 0120 C403     		.short	964
 317 0122 C503     		.short	965
 318 0124 C603     		.short	966
 319 0126 C703     		.short	967
 320 0128 C803     		.short	968
 321 012a C903     		.short	969
 322 012c CA03     		.short	970
 323 012e 3004     		.short	1072
 324 0130 3104     		.short	1073
 325 0132 3204     		.short	1074
 326 0134 3304     		.short	1075
 327 0136 3404     		.short	1076
 328 0138 3504     		.short	1077
 329 013a 3604     		.short	1078
 330 013c 3704     		.short	1079
 331 013e 3804     		.short	1080
 332 0140 3904     		.short	1081
 333 0142 3A04     		.short	1082
 334 0144 3B04     		.short	1083
 335 0146 3C04     		.short	1084
 336 0148 3D04     		.short	1085
 337 014a 3E04     		.short	1086
 338 014c 3F04     		.short	1087
 339 014e 4004     		.short	1088
 340 0150 4104     		.short	1089
 341 0152 4204     		.short	1090
 342 0154 4304     		.short	1091
ARM GAS  C:\Users\Matuesz\AppData\Local\Temp\cchlXVgA.s 			page 7


 343 0156 4404     		.short	1092
 344 0158 4504     		.short	1093
 345 015a 4604     		.short	1094
 346 015c 4704     		.short	1095
 347 015e 4804     		.short	1096
 348 0160 4904     		.short	1097
 349 0162 4A04     		.short	1098
 350 0164 4B04     		.short	1099
 351 0166 4C04     		.short	1100
 352 0168 4D04     		.short	1101
 353 016a 4E04     		.short	1102
 354 016c 4F04     		.short	1103
 355 016e 5104     		.short	1105
 356 0170 5204     		.short	1106
 357 0172 5304     		.short	1107
 358 0174 5404     		.short	1108
 359 0176 5504     		.short	1109
 360 0178 5604     		.short	1110
 361 017a 5704     		.short	1111
 362 017c 5804     		.short	1112
 363 017e 5904     		.short	1113
 364 0180 5A04     		.short	1114
 365 0182 5B04     		.short	1115
 366 0184 5C04     		.short	1116
 367 0186 5E04     		.short	1118
 368 0188 5F04     		.short	1119
 369 018a 7021     		.short	8560
 370 018c 7121     		.short	8561
 371 018e 7221     		.short	8562
 372 0190 7321     		.short	8563
 373 0192 7421     		.short	8564
 374 0194 7521     		.short	8565
 375 0196 7621     		.short	8566
 376 0198 7721     		.short	8567
 377 019a 7821     		.short	8568
 378 019c 7921     		.short	8569
 379 019e 7A21     		.short	8570
 380 01a0 7B21     		.short	8571
 381 01a2 7C21     		.short	8572
 382 01a4 7D21     		.short	8573
 383 01a6 7E21     		.short	8574
 384 01a8 7F21     		.short	8575
 385 01aa 41FF     		.short	-191
 386 01ac 42FF     		.short	-190
 387 01ae 43FF     		.short	-189
 388 01b0 44FF     		.short	-188
 389 01b2 45FF     		.short	-187
 390 01b4 46FF     		.short	-186
 391 01b6 47FF     		.short	-185
 392 01b8 48FF     		.short	-184
 393 01ba 49FF     		.short	-183
 394 01bc 4AFF     		.short	-182
 395 01be 4BFF     		.short	-181
 396 01c0 4CFF     		.short	-180
 397 01c2 4DFF     		.short	-179
 398 01c4 4EFF     		.short	-178
 399 01c6 4FFF     		.short	-177
ARM GAS  C:\Users\Matuesz\AppData\Local\Temp\cchlXVgA.s 			page 8


 400 01c8 50FF     		.short	-176
 401 01ca 51FF     		.short	-175
 402 01cc 52FF     		.short	-174
 403 01ce 53FF     		.short	-173
 404 01d0 54FF     		.short	-172
 405 01d2 55FF     		.short	-171
 406 01d4 56FF     		.short	-170
 407 01d6 57FF     		.short	-169
 408 01d8 58FF     		.short	-168
 409 01da 59FF     		.short	-167
 410 01dc 5AFF     		.short	-166
 411 01de 0000     		.short	0
 412              		.section	.rodata.Tbl,"a",%progbits
 413              		.align	2
 414              		.set	.LANCHOR0,. + 0
 415              		.type	Tbl, %object
 416              		.size	Tbl, 256
 417              	Tbl:
 418 0000 AC20     		.short	8364
 419 0002 0000     		.short	0
 420 0004 1A20     		.short	8218
 421 0006 9201     		.short	402
 422 0008 1E20     		.short	8222
 423 000a 2620     		.short	8230
 424 000c 2020     		.short	8224
 425 000e 2120     		.short	8225
 426 0010 C602     		.short	710
 427 0012 3020     		.short	8240
 428 0014 6001     		.short	352
 429 0016 3920     		.short	8249
 430 0018 5201     		.short	338
 431 001a 0000     		.short	0
 432 001c 7D01     		.short	381
 433 001e 0000     		.short	0
 434 0020 0000     		.short	0
 435 0022 1820     		.short	8216
 436 0024 1920     		.short	8217
 437 0026 1C20     		.short	8220
 438 0028 1D20     		.short	8221
 439 002a 2220     		.short	8226
 440 002c 1320     		.short	8211
 441 002e 1420     		.short	8212
 442 0030 DC02     		.short	732
 443 0032 2221     		.short	8482
 444 0034 6101     		.short	353
 445 0036 3A20     		.short	8250
 446 0038 5301     		.short	339
 447 003a 0000     		.short	0
 448 003c 7E01     		.short	382
 449 003e 7801     		.short	376
 450 0040 A000     		.short	160
 451 0042 A100     		.short	161
 452 0044 A200     		.short	162
 453 0046 A300     		.short	163
 454 0048 A400     		.short	164
 455 004a A500     		.short	165
 456 004c A600     		.short	166
ARM GAS  C:\Users\Matuesz\AppData\Local\Temp\cchlXVgA.s 			page 9


 457 004e A700     		.short	167
 458 0050 A800     		.short	168
 459 0052 A900     		.short	169
 460 0054 AA00     		.short	170
 461 0056 AB00     		.short	171
 462 0058 AC00     		.short	172
 463 005a AD00     		.short	173
 464 005c AE00     		.short	174
 465 005e AF00     		.short	175
 466 0060 B000     		.short	176
 467 0062 B100     		.short	177
 468 0064 B200     		.short	178
 469 0066 B300     		.short	179
 470 0068 B400     		.short	180
 471 006a B500     		.short	181
 472 006c B600     		.short	182
 473 006e B700     		.short	183
 474 0070 B800     		.short	184
 475 0072 B900     		.short	185
 476 0074 BA00     		.short	186
 477 0076 BB00     		.short	187
 478 0078 BC00     		.short	188
 479 007a BD00     		.short	189
 480 007c BE00     		.short	190
 481 007e BF00     		.short	191
 482 0080 C000     		.short	192
 483 0082 C100     		.short	193
 484 0084 C200     		.short	194
 485 0086 C300     		.short	195
 486 0088 C400     		.short	196
 487 008a C500     		.short	197
 488 008c C600     		.short	198
 489 008e C700     		.short	199
 490 0090 C800     		.short	200
 491 0092 C900     		.short	201
 492 0094 CA00     		.short	202
 493 0096 CB00     		.short	203
 494 0098 CC00     		.short	204
 495 009a CD00     		.short	205
 496 009c CE00     		.short	206
 497 009e CF00     		.short	207
 498 00a0 D000     		.short	208
 499 00a2 D100     		.short	209
 500 00a4 D200     		.short	210
 501 00a6 D300     		.short	211
 502 00a8 D400     		.short	212
 503 00aa D500     		.short	213
 504 00ac D600     		.short	214
 505 00ae D700     		.short	215
 506 00b0 D800     		.short	216
 507 00b2 D900     		.short	217
 508 00b4 DA00     		.short	218
 509 00b6 DB00     		.short	219
 510 00b8 DC00     		.short	220
 511 00ba DD00     		.short	221
 512 00bc DE00     		.short	222
 513 00be DF00     		.short	223
ARM GAS  C:\Users\Matuesz\AppData\Local\Temp\cchlXVgA.s 			page 10


 514 00c0 E000     		.short	224
 515 00c2 E100     		.short	225
 516 00c4 E200     		.short	226
 517 00c6 E300     		.short	227
 518 00c8 E400     		.short	228
 519 00ca E500     		.short	229
 520 00cc E600     		.short	230
 521 00ce E700     		.short	231
 522 00d0 E800     		.short	232
 523 00d2 E900     		.short	233
 524 00d4 EA00     		.short	234
 525 00d6 EB00     		.short	235
 526 00d8 EC00     		.short	236
 527 00da ED00     		.short	237
 528 00dc EE00     		.short	238
 529 00de EF00     		.short	239
 530 00e0 F000     		.short	240
 531 00e2 F100     		.short	241
 532 00e4 F200     		.short	242
 533 00e6 F300     		.short	243
 534 00e8 F400     		.short	244
 535 00ea F500     		.short	245
 536 00ec F600     		.short	246
 537 00ee F700     		.short	247
 538 00f0 F800     		.short	248
 539 00f2 F900     		.short	249
 540 00f4 FA00     		.short	250
 541 00f6 FB00     		.short	251
 542 00f8 FC00     		.short	252
 543 00fa FD00     		.short	253
 544 00fc FE00     		.short	254
 545 00fe FF00     		.short	255
 546              		.section	.rodata.tbl_upper.4977,"a",%progbits
 547              		.align	2
 548              		.set	.LANCHOR2,. + 0
 549              		.type	tbl_upper.4977, %object
 550              		.size	tbl_upper.4977, 480
 551              	tbl_upper.4977:
 552 0000 4100     		.short	65
 553 0002 4200     		.short	66
 554 0004 4300     		.short	67
 555 0006 4400     		.short	68
 556 0008 4500     		.short	69
 557 000a 4600     		.short	70
 558 000c 4700     		.short	71
 559 000e 4800     		.short	72
 560 0010 4900     		.short	73
 561 0012 4A00     		.short	74
 562 0014 4B00     		.short	75
 563 0016 4C00     		.short	76
 564 0018 4D00     		.short	77
 565 001a 4E00     		.short	78
 566 001c 4F00     		.short	79
 567 001e 5000     		.short	80
 568 0020 5100     		.short	81
 569 0022 5200     		.short	82
 570 0024 5300     		.short	83
ARM GAS  C:\Users\Matuesz\AppData\Local\Temp\cchlXVgA.s 			page 11


 571 0026 5400     		.short	84
 572 0028 5500     		.short	85
 573 002a 5600     		.short	86
 574 002c 5700     		.short	87
 575 002e 5800     		.short	88
 576 0030 5900     		.short	89
 577 0032 5A00     		.short	90
 578 0034 2100     		.short	33
 579 0036 E0FF     		.short	-32
 580 0038 E1FF     		.short	-31
 581 003a E5FF     		.short	-27
 582 003c E2FF     		.short	-30
 583 003e E3FF     		.short	-29
 584 0040 C000     		.short	192
 585 0042 C100     		.short	193
 586 0044 C200     		.short	194
 587 0046 C300     		.short	195
 588 0048 C400     		.short	196
 589 004a C500     		.short	197
 590 004c C600     		.short	198
 591 004e C700     		.short	199
 592 0050 C800     		.short	200
 593 0052 C900     		.short	201
 594 0054 CA00     		.short	202
 595 0056 CB00     		.short	203
 596 0058 CC00     		.short	204
 597 005a CD00     		.short	205
 598 005c CE00     		.short	206
 599 005e CF00     		.short	207
 600 0060 D000     		.short	208
 601 0062 D100     		.short	209
 602 0064 D200     		.short	210
 603 0066 D300     		.short	211
 604 0068 D400     		.short	212
 605 006a D500     		.short	213
 606 006c D600     		.short	214
 607 006e D800     		.short	216
 608 0070 D900     		.short	217
 609 0072 DA00     		.short	218
 610 0074 DB00     		.short	219
 611 0076 DC00     		.short	220
 612 0078 DD00     		.short	221
 613 007a DE00     		.short	222
 614 007c 7801     		.short	376
 615 007e 0001     		.short	256
 616 0080 0201     		.short	258
 617 0082 0401     		.short	260
 618 0084 0601     		.short	262
 619 0086 0801     		.short	264
 620 0088 0A01     		.short	266
 621 008a 0C01     		.short	268
 622 008c 0E01     		.short	270
 623 008e 1001     		.short	272
 624 0090 1201     		.short	274
 625 0092 1401     		.short	276
 626 0094 1601     		.short	278
 627 0096 1801     		.short	280
ARM GAS  C:\Users\Matuesz\AppData\Local\Temp\cchlXVgA.s 			page 12


 628 0098 1A01     		.short	282
 629 009a 1C01     		.short	284
 630 009c 1E01     		.short	286
 631 009e 2001     		.short	288
 632 00a0 2201     		.short	290
 633 00a2 2401     		.short	292
 634 00a4 2601     		.short	294
 635 00a6 2801     		.short	296
 636 00a8 2A01     		.short	298
 637 00aa 2C01     		.short	300
 638 00ac 2E01     		.short	302
 639 00ae 3001     		.short	304
 640 00b0 3201     		.short	306
 641 00b2 3401     		.short	308
 642 00b4 3601     		.short	310
 643 00b6 3901     		.short	313
 644 00b8 3B01     		.short	315
 645 00ba 3D01     		.short	317
 646 00bc 3F01     		.short	319
 647 00be 4101     		.short	321
 648 00c0 4301     		.short	323
 649 00c2 4501     		.short	325
 650 00c4 4701     		.short	327
 651 00c6 4A01     		.short	330
 652 00c8 4C01     		.short	332
 653 00ca 4E01     		.short	334
 654 00cc 5001     		.short	336
 655 00ce 5201     		.short	338
 656 00d0 5401     		.short	340
 657 00d2 5601     		.short	342
 658 00d4 5801     		.short	344
 659 00d6 5A01     		.short	346
 660 00d8 5C01     		.short	348
 661 00da 5E01     		.short	350
 662 00dc 6001     		.short	352
 663 00de 6201     		.short	354
 664 00e0 6401     		.short	356
 665 00e2 6601     		.short	358
 666 00e4 6801     		.short	360
 667 00e6 6A01     		.short	362
 668 00e8 6C01     		.short	364
 669 00ea 6E01     		.short	366
 670 00ec 7001     		.short	368
 671 00ee 7201     		.short	370
 672 00f0 7401     		.short	372
 673 00f2 7601     		.short	374
 674 00f4 7901     		.short	377
 675 00f6 7B01     		.short	379
 676 00f8 7D01     		.short	381
 677 00fa 9101     		.short	401
 678 00fc 9103     		.short	913
 679 00fe 9203     		.short	914
 680 0100 9303     		.short	915
 681 0102 9403     		.short	916
 682 0104 9503     		.short	917
 683 0106 9603     		.short	918
 684 0108 9703     		.short	919
ARM GAS  C:\Users\Matuesz\AppData\Local\Temp\cchlXVgA.s 			page 13


 685 010a 9803     		.short	920
 686 010c 9903     		.short	921
 687 010e 9A03     		.short	922
 688 0110 9B03     		.short	923
 689 0112 9C03     		.short	924
 690 0114 9D03     		.short	925
 691 0116 9E03     		.short	926
 692 0118 9F03     		.short	927
 693 011a A003     		.short	928
 694 011c A103     		.short	929
 695 011e A303     		.short	931
 696 0120 A403     		.short	932
 697 0122 A503     		.short	933
 698 0124 A603     		.short	934
 699 0126 A703     		.short	935
 700 0128 A803     		.short	936
 701 012a A903     		.short	937
 702 012c AA03     		.short	938
 703 012e 1004     		.short	1040
 704 0130 1104     		.short	1041
 705 0132 1204     		.short	1042
 706 0134 1304     		.short	1043
 707 0136 1404     		.short	1044
 708 0138 1504     		.short	1045
 709 013a 1604     		.short	1046
 710 013c 1704     		.short	1047
 711 013e 1804     		.short	1048
 712 0140 1904     		.short	1049
 713 0142 1A04     		.short	1050
 714 0144 1B04     		.short	1051
 715 0146 1C04     		.short	1052
 716 0148 1D04     		.short	1053
 717 014a 1E04     		.short	1054
 718 014c 1F04     		.short	1055
 719 014e 2004     		.short	1056
 720 0150 2104     		.short	1057
 721 0152 2204     		.short	1058
 722 0154 2304     		.short	1059
 723 0156 2404     		.short	1060
 724 0158 2504     		.short	1061
 725 015a 2604     		.short	1062
 726 015c 2704     		.short	1063
 727 015e 2804     		.short	1064
 728 0160 2904     		.short	1065
 729 0162 2A04     		.short	1066
 730 0164 2B04     		.short	1067
 731 0166 2C04     		.short	1068
 732 0168 2D04     		.short	1069
 733 016a 2E04     		.short	1070
 734 016c 2F04     		.short	1071
 735 016e 0104     		.short	1025
 736 0170 0204     		.short	1026
 737 0172 0304     		.short	1027
 738 0174 0404     		.short	1028
 739 0176 0504     		.short	1029
 740 0178 0604     		.short	1030
 741 017a 0704     		.short	1031
ARM GAS  C:\Users\Matuesz\AppData\Local\Temp\cchlXVgA.s 			page 14


 742 017c 0804     		.short	1032
 743 017e 0904     		.short	1033
 744 0180 0A04     		.short	1034
 745 0182 0B04     		.short	1035
 746 0184 0C04     		.short	1036
 747 0186 0E04     		.short	1038
 748 0188 0F04     		.short	1039
 749 018a 6021     		.short	8544
 750 018c 6121     		.short	8545
 751 018e 6221     		.short	8546
 752 0190 6321     		.short	8547
 753 0192 6421     		.short	8548
 754 0194 6521     		.short	8549
 755 0196 6621     		.short	8550
 756 0198 6721     		.short	8551
 757 019a 6821     		.short	8552
 758 019c 6921     		.short	8553
 759 019e 6A21     		.short	8554
 760 01a0 6B21     		.short	8555
 761 01a2 6C21     		.short	8556
 762 01a4 6D21     		.short	8557
 763 01a6 6E21     		.short	8558
 764 01a8 6F21     		.short	8559
 765 01aa 21FF     		.short	-223
 766 01ac 22FF     		.short	-222
 767 01ae 23FF     		.short	-221
 768 01b0 24FF     		.short	-220
 769 01b2 25FF     		.short	-219
 770 01b4 26FF     		.short	-218
 771 01b6 27FF     		.short	-217
 772 01b8 28FF     		.short	-216
 773 01ba 29FF     		.short	-215
 774 01bc 2AFF     		.short	-214
 775 01be 2BFF     		.short	-213
 776 01c0 2CFF     		.short	-212
 777 01c2 2DFF     		.short	-211
 778 01c4 2EFF     		.short	-210
 779 01c6 2FFF     		.short	-209
 780 01c8 30FF     		.short	-208
 781 01ca 31FF     		.short	-207
 782 01cc 32FF     		.short	-206
 783 01ce 33FF     		.short	-205
 784 01d0 34FF     		.short	-204
 785 01d2 35FF     		.short	-203
 786 01d4 36FF     		.short	-202
 787 01d6 37FF     		.short	-201
 788 01d8 38FF     		.short	-200
 789 01da 39FF     		.short	-199
 790 01dc 3AFF     		.short	-198
 791 01de 0000     		.short	0
 792              		.text
 793              	.Letext0:
 794              		.file 2 "../../ext/fatfs/src/option/../integer.h"
 795              		.section	.debug_info,"",%progbits
 796              	.Ldebug_info0:
 797 0000 87010000 		.4byte	0x187
 798 0004 0200     		.2byte	0x2
ARM GAS  C:\Users\Matuesz\AppData\Local\Temp\cchlXVgA.s 			page 15


 799 0006 00000000 		.4byte	.Ldebug_abbrev0
 800 000a 04       		.byte	0x4
 801 000b 01       		.uleb128 0x1
 802 000c 4D000000 		.4byte	.LASF18
 803 0010 01       		.byte	0x1
 804 0011 3F010000 		.4byte	.LASF19
 805 0015 1B000000 		.4byte	.LASF20
 806 0019 00000000 		.4byte	.Ldebug_ranges0+0
 807 001d 00000000 		.4byte	0
 808 0021 00000000 		.4byte	0
 809 0025 00000000 		.4byte	.Ldebug_line0
 810 0029 02       		.uleb128 0x2
 811 002a 04       		.byte	0x4
 812 002b 05       		.byte	0x5
 813 002c 696E7400 		.ascii	"int\000"
 814 0030 03       		.uleb128 0x3
 815 0031 9C000000 		.4byte	.LASF5
 816 0035 02       		.byte	0x2
 817 0036 11       		.byte	0x11
 818 0037 3B000000 		.4byte	0x3b
 819 003b 04       		.uleb128 0x4
 820 003c 04       		.byte	0x4
 821 003d 07       		.byte	0x7
 822 003e 0E000000 		.4byte	.LASF0
 823 0042 04       		.uleb128 0x4
 824 0043 01       		.byte	0x1
 825 0044 08       		.byte	0x8
 826 0045 E7000000 		.4byte	.LASF1
 827 0049 04       		.uleb128 0x4
 828 004a 01       		.byte	0x1
 829 004b 08       		.byte	0x8
 830 004c D9000000 		.4byte	.LASF2
 831 0050 04       		.uleb128 0x4
 832 0051 02       		.byte	0x2
 833 0052 05       		.byte	0x5
 834 0053 35010000 		.4byte	.LASF3
 835 0057 04       		.uleb128 0x4
 836 0058 02       		.byte	0x2
 837 0059 07       		.byte	0x7
 838 005a 0D010000 		.4byte	.LASF4
 839 005e 03       		.uleb128 0x3
 840 005f 96000000 		.4byte	.LASF6
 841 0063 02       		.byte	0x2
 842 0064 1C       		.byte	0x1c
 843 0065 57000000 		.4byte	0x57
 844 0069 04       		.uleb128 0x4
 845 006a 04       		.byte	0x4
 846 006b 05       		.byte	0x5
 847 006c EC000000 		.4byte	.LASF7
 848 0070 04       		.uleb128 0x4
 849 0071 04       		.byte	0x4
 850 0072 07       		.byte	0x7
 851 0073 F5000000 		.4byte	.LASF8
 852 0077 04       		.uleb128 0x4
 853 0078 01       		.byte	0x1
 854 0079 06       		.byte	0x6
 855 007a 20010000 		.4byte	.LASF9
ARM GAS  C:\Users\Matuesz\AppData\Local\Temp\cchlXVgA.s 			page 16


 856 007e 04       		.uleb128 0x4
 857 007f 08       		.byte	0x8
 858 0080 05       		.byte	0x5
 859 0081 00000000 		.4byte	.LASF10
 860 0085 04       		.uleb128 0x4
 861 0086 08       		.byte	0x8
 862 0087 07       		.byte	0x7
 863 0088 AD000000 		.4byte	.LASF11
 864 008c 04       		.uleb128 0x4
 865 008d 01       		.byte	0x1
 866 008e 02       		.byte	0x2
 867 008f 07010000 		.4byte	.LASF12
 868 0093 04       		.uleb128 0x4
 869 0094 04       		.byte	0x4
 870 0095 07       		.byte	0x7
 871 0096 2C010000 		.4byte	.LASF13
 872 009a 05       		.uleb128 0x5
 873 009b 01       		.byte	0x1
 874 009c CE000000 		.4byte	.LASF14
 875 00a0 01       		.byte	0x1
 876 00a1 F501     		.2byte	0x1f5
 877 00a3 01       		.byte	0x1
 878 00a4 5E000000 		.4byte	0x5e
 879 00a8 00000000 		.4byte	.LFB7
 880 00ac 50000000 		.4byte	.LFE7
 881 00b0 00000000 		.4byte	.LLST0
 882 00b4 01       		.byte	0x1
 883 00b5 E8000000 		.4byte	0xe8
 884 00b9 06       		.uleb128 0x6
 885 00ba 73726300 		.ascii	"src\000"
 886 00be 01       		.byte	0x1
 887 00bf F601     		.2byte	0x1f6
 888 00c1 5E000000 		.4byte	0x5e
 889 00c5 20000000 		.4byte	.LLST1
 890 00c9 06       		.uleb128 0x6
 891 00ca 64697200 		.ascii	"dir\000"
 892 00ce 01       		.byte	0x1
 893 00cf F701     		.2byte	0x1f7
 894 00d1 30000000 		.4byte	0x30
 895 00d5 73000000 		.4byte	.LLST2
 896 00d9 07       		.uleb128 0x7
 897 00da 6300     		.ascii	"c\000"
 898 00dc 01       		.byte	0x1
 899 00dd FA01     		.2byte	0x1fa
 900 00df 5E000000 		.4byte	0x5e
 901 00e3 AD000000 		.4byte	.LLST3
 902 00e7 00       		.byte	0
 903 00e8 08       		.uleb128 0x8
 904 00e9 01       		.byte	0x1
 905 00ea A1000000 		.4byte	.LASF15
 906 00ee 01       		.byte	0x1
 907 00ef 1002     		.2byte	0x210
 908 00f1 01       		.byte	0x1
 909 00f2 5E000000 		.4byte	0x5e
 910 00f6 00000000 		.4byte	.LFB8
 911 00fa 2C000000 		.4byte	.LFE8
 912 00fe 02       		.byte	0x2
ARM GAS  C:\Users\Matuesz\AppData\Local\Temp\cchlXVgA.s 			page 17


 913 00ff 7D       		.byte	0x7d
 914 0100 00       		.sleb128 0
 915 0101 01       		.byte	0x1
 916 0102 49010000 		.4byte	0x149
 917 0106 06       		.uleb128 0x6
 918 0107 63687200 		.ascii	"chr\000"
 919 010b 01       		.byte	0x1
 920 010c 1102     		.2byte	0x211
 921 010e 5E000000 		.4byte	0x5e
 922 0112 D6000000 		.4byte	.LLST4
 923 0116 09       		.uleb128 0x9
 924 0117 C4000000 		.4byte	.LASF16
 925 011b 01       		.byte	0x1
 926 011c 1402     		.2byte	0x214
 927 011e 59010000 		.4byte	0x159
 928 0122 05       		.byte	0x5
 929 0123 03       		.byte	0x3
 930 0124 00000000 		.4byte	tbl_lower.4976
 931 0128 09       		.uleb128 0x9
 932 0129 63010000 		.4byte	.LASF17
 933 012d 01       		.byte	0x1
 934 012e 1502     		.2byte	0x215
 935 0130 5E010000 		.4byte	0x15e
 936 0134 05       		.byte	0x5
 937 0135 03       		.byte	0x3
 938 0136 00000000 		.4byte	tbl_upper.4977
 939 013a 07       		.uleb128 0x7
 940 013b 6900     		.ascii	"i\000"
 941 013d 01       		.byte	0x1
 942 013e 1602     		.2byte	0x216
 943 0140 29000000 		.4byte	0x29
 944 0144 F7000000 		.4byte	.LLST5
 945 0148 00       		.byte	0
 946 0149 0A       		.uleb128 0xa
 947 014a 5E000000 		.4byte	0x5e
 948 014e 59010000 		.4byte	0x159
 949 0152 0B       		.uleb128 0xb
 950 0153 93000000 		.4byte	0x93
 951 0157 EF       		.byte	0xef
 952 0158 00       		.byte	0
 953 0159 0C       		.uleb128 0xc
 954 015a 49010000 		.4byte	0x149
 955 015e 0C       		.uleb128 0xc
 956 015f 49010000 		.4byte	0x149
 957 0163 0A       		.uleb128 0xa
 958 0164 5E000000 		.4byte	0x5e
 959 0168 73010000 		.4byte	0x173
 960 016c 0B       		.uleb128 0xb
 961 016d 93000000 		.4byte	0x93
 962 0171 7F       		.byte	0x7f
 963 0172 00       		.byte	0
 964 0173 0D       		.uleb128 0xd
 965 0174 54626C00 		.ascii	"Tbl\000"
 966 0178 01       		.byte	0x1
 967 0179 5601     		.2byte	0x156
 968 017b 85010000 		.4byte	0x185
 969 017f 05       		.byte	0x5
ARM GAS  C:\Users\Matuesz\AppData\Local\Temp\cchlXVgA.s 			page 18


 970 0180 03       		.byte	0x3
 971 0181 00000000 		.4byte	Tbl
 972 0185 0C       		.uleb128 0xc
 973 0186 63010000 		.4byte	0x163
 974 018a 00       		.byte	0
 975              		.section	.debug_abbrev,"",%progbits
 976              	.Ldebug_abbrev0:
 977 0000 01       		.uleb128 0x1
 978 0001 11       		.uleb128 0x11
 979 0002 01       		.byte	0x1
 980 0003 25       		.uleb128 0x25
 981 0004 0E       		.uleb128 0xe
 982 0005 13       		.uleb128 0x13
 983 0006 0B       		.uleb128 0xb
 984 0007 03       		.uleb128 0x3
 985 0008 0E       		.uleb128 0xe
 986 0009 1B       		.uleb128 0x1b
 987 000a 0E       		.uleb128 0xe
 988 000b 55       		.uleb128 0x55
 989 000c 06       		.uleb128 0x6
 990 000d 11       		.uleb128 0x11
 991 000e 01       		.uleb128 0x1
 992 000f 52       		.uleb128 0x52
 993 0010 01       		.uleb128 0x1
 994 0011 10       		.uleb128 0x10
 995 0012 06       		.uleb128 0x6
 996 0013 00       		.byte	0
 997 0014 00       		.byte	0
 998 0015 02       		.uleb128 0x2
 999 0016 24       		.uleb128 0x24
 1000 0017 00       		.byte	0
 1001 0018 0B       		.uleb128 0xb
 1002 0019 0B       		.uleb128 0xb
 1003 001a 3E       		.uleb128 0x3e
 1004 001b 0B       		.uleb128 0xb
 1005 001c 03       		.uleb128 0x3
 1006 001d 08       		.uleb128 0x8
 1007 001e 00       		.byte	0
 1008 001f 00       		.byte	0
 1009 0020 03       		.uleb128 0x3
 1010 0021 16       		.uleb128 0x16
 1011 0022 00       		.byte	0
 1012 0023 03       		.uleb128 0x3
 1013 0024 0E       		.uleb128 0xe
 1014 0025 3A       		.uleb128 0x3a
 1015 0026 0B       		.uleb128 0xb
 1016 0027 3B       		.uleb128 0x3b
 1017 0028 0B       		.uleb128 0xb
 1018 0029 49       		.uleb128 0x49
 1019 002a 13       		.uleb128 0x13
 1020 002b 00       		.byte	0
 1021 002c 00       		.byte	0
 1022 002d 04       		.uleb128 0x4
 1023 002e 24       		.uleb128 0x24
 1024 002f 00       		.byte	0
 1025 0030 0B       		.uleb128 0xb
 1026 0031 0B       		.uleb128 0xb
ARM GAS  C:\Users\Matuesz\AppData\Local\Temp\cchlXVgA.s 			page 19


 1027 0032 3E       		.uleb128 0x3e
 1028 0033 0B       		.uleb128 0xb
 1029 0034 03       		.uleb128 0x3
 1030 0035 0E       		.uleb128 0xe
 1031 0036 00       		.byte	0
 1032 0037 00       		.byte	0
 1033 0038 05       		.uleb128 0x5
 1034 0039 2E       		.uleb128 0x2e
 1035 003a 01       		.byte	0x1
 1036 003b 3F       		.uleb128 0x3f
 1037 003c 0C       		.uleb128 0xc
 1038 003d 03       		.uleb128 0x3
 1039 003e 0E       		.uleb128 0xe
 1040 003f 3A       		.uleb128 0x3a
 1041 0040 0B       		.uleb128 0xb
 1042 0041 3B       		.uleb128 0x3b
 1043 0042 05       		.uleb128 0x5
 1044 0043 27       		.uleb128 0x27
 1045 0044 0C       		.uleb128 0xc
 1046 0045 49       		.uleb128 0x49
 1047 0046 13       		.uleb128 0x13
 1048 0047 11       		.uleb128 0x11
 1049 0048 01       		.uleb128 0x1
 1050 0049 12       		.uleb128 0x12
 1051 004a 01       		.uleb128 0x1
 1052 004b 40       		.uleb128 0x40
 1053 004c 06       		.uleb128 0x6
 1054 004d 9742     		.uleb128 0x2117
 1055 004f 0C       		.uleb128 0xc
 1056 0050 01       		.uleb128 0x1
 1057 0051 13       		.uleb128 0x13
 1058 0052 00       		.byte	0
 1059 0053 00       		.byte	0
 1060 0054 06       		.uleb128 0x6
 1061 0055 05       		.uleb128 0x5
 1062 0056 00       		.byte	0
 1063 0057 03       		.uleb128 0x3
 1064 0058 08       		.uleb128 0x8
 1065 0059 3A       		.uleb128 0x3a
 1066 005a 0B       		.uleb128 0xb
 1067 005b 3B       		.uleb128 0x3b
 1068 005c 05       		.uleb128 0x5
 1069 005d 49       		.uleb128 0x49
 1070 005e 13       		.uleb128 0x13
 1071 005f 02       		.uleb128 0x2
 1072 0060 06       		.uleb128 0x6
 1073 0061 00       		.byte	0
 1074 0062 00       		.byte	0
 1075 0063 07       		.uleb128 0x7
 1076 0064 34       		.uleb128 0x34
 1077 0065 00       		.byte	0
 1078 0066 03       		.uleb128 0x3
 1079 0067 08       		.uleb128 0x8
 1080 0068 3A       		.uleb128 0x3a
 1081 0069 0B       		.uleb128 0xb
 1082 006a 3B       		.uleb128 0x3b
 1083 006b 05       		.uleb128 0x5
ARM GAS  C:\Users\Matuesz\AppData\Local\Temp\cchlXVgA.s 			page 20


 1084 006c 49       		.uleb128 0x49
 1085 006d 13       		.uleb128 0x13
 1086 006e 02       		.uleb128 0x2
 1087 006f 06       		.uleb128 0x6
 1088 0070 00       		.byte	0
 1089 0071 00       		.byte	0
 1090 0072 08       		.uleb128 0x8
 1091 0073 2E       		.uleb128 0x2e
 1092 0074 01       		.byte	0x1
 1093 0075 3F       		.uleb128 0x3f
 1094 0076 0C       		.uleb128 0xc
 1095 0077 03       		.uleb128 0x3
 1096 0078 0E       		.uleb128 0xe
 1097 0079 3A       		.uleb128 0x3a
 1098 007a 0B       		.uleb128 0xb
 1099 007b 3B       		.uleb128 0x3b
 1100 007c 05       		.uleb128 0x5
 1101 007d 27       		.uleb128 0x27
 1102 007e 0C       		.uleb128 0xc
 1103 007f 49       		.uleb128 0x49
 1104 0080 13       		.uleb128 0x13
 1105 0081 11       		.uleb128 0x11
 1106 0082 01       		.uleb128 0x1
 1107 0083 12       		.uleb128 0x12
 1108 0084 01       		.uleb128 0x1
 1109 0085 40       		.uleb128 0x40
 1110 0086 0A       		.uleb128 0xa
 1111 0087 9742     		.uleb128 0x2117
 1112 0089 0C       		.uleb128 0xc
 1113 008a 01       		.uleb128 0x1
 1114 008b 13       		.uleb128 0x13
 1115 008c 00       		.byte	0
 1116 008d 00       		.byte	0
 1117 008e 09       		.uleb128 0x9
 1118 008f 34       		.uleb128 0x34
 1119 0090 00       		.byte	0
 1120 0091 03       		.uleb128 0x3
 1121 0092 0E       		.uleb128 0xe
 1122 0093 3A       		.uleb128 0x3a
 1123 0094 0B       		.uleb128 0xb
 1124 0095 3B       		.uleb128 0x3b
 1125 0096 05       		.uleb128 0x5
 1126 0097 49       		.uleb128 0x49
 1127 0098 13       		.uleb128 0x13
 1128 0099 02       		.uleb128 0x2
 1129 009a 0A       		.uleb128 0xa
 1130 009b 00       		.byte	0
 1131 009c 00       		.byte	0
 1132 009d 0A       		.uleb128 0xa
 1133 009e 01       		.uleb128 0x1
 1134 009f 01       		.byte	0x1
 1135 00a0 49       		.uleb128 0x49
 1136 00a1 13       		.uleb128 0x13
 1137 00a2 01       		.uleb128 0x1
 1138 00a3 13       		.uleb128 0x13
 1139 00a4 00       		.byte	0
 1140 00a5 00       		.byte	0
ARM GAS  C:\Users\Matuesz\AppData\Local\Temp\cchlXVgA.s 			page 21


 1141 00a6 0B       		.uleb128 0xb
 1142 00a7 21       		.uleb128 0x21
 1143 00a8 00       		.byte	0
 1144 00a9 49       		.uleb128 0x49
 1145 00aa 13       		.uleb128 0x13
 1146 00ab 2F       		.uleb128 0x2f
 1147 00ac 0B       		.uleb128 0xb
 1148 00ad 00       		.byte	0
 1149 00ae 00       		.byte	0
 1150 00af 0C       		.uleb128 0xc
 1151 00b0 26       		.uleb128 0x26
 1152 00b1 00       		.byte	0
 1153 00b2 49       		.uleb128 0x49
 1154 00b3 13       		.uleb128 0x13
 1155 00b4 00       		.byte	0
 1156 00b5 00       		.byte	0
 1157 00b6 0D       		.uleb128 0xd
 1158 00b7 34       		.uleb128 0x34
 1159 00b8 00       		.byte	0
 1160 00b9 03       		.uleb128 0x3
 1161 00ba 08       		.uleb128 0x8
 1162 00bb 3A       		.uleb128 0x3a
 1163 00bc 0B       		.uleb128 0xb
 1164 00bd 3B       		.uleb128 0x3b
 1165 00be 05       		.uleb128 0x5
 1166 00bf 49       		.uleb128 0x49
 1167 00c0 13       		.uleb128 0x13
 1168 00c1 02       		.uleb128 0x2
 1169 00c2 0A       		.uleb128 0xa
 1170 00c3 00       		.byte	0
 1171 00c4 00       		.byte	0
 1172 00c5 00       		.byte	0
 1173              		.section	.debug_loc,"",%progbits
 1174              	.Ldebug_loc0:
 1175              	.LLST0:
 1176 0000 00000000 		.4byte	.LFB7
 1177 0004 04000000 		.4byte	.LCFI0
 1178 0008 0200     		.2byte	0x2
 1179 000a 7D       		.byte	0x7d
 1180 000b 00       		.sleb128 0
 1181 000c 04000000 		.4byte	.LCFI0
 1182 0010 50000000 		.4byte	.LFE7
 1183 0014 0200     		.2byte	0x2
 1184 0016 7D       		.byte	0x7d
 1185 0017 08       		.sleb128 8
 1186 0018 00000000 		.4byte	0
 1187 001c 00000000 		.4byte	0
 1188              	.LLST1:
 1189 0020 00000000 		.4byte	.LVL0
 1190 0024 2E000000 		.4byte	.LVL5
 1191 0028 0100     		.2byte	0x1
 1192 002a 50       		.byte	0x50
 1193 002b 2E000000 		.4byte	.LVL5
 1194 002f 34000000 		.4byte	.LVL7
 1195 0033 0400     		.2byte	0x4
 1196 0035 F3       		.byte	0xf3
 1197 0036 01       		.uleb128 0x1
ARM GAS  C:\Users\Matuesz\AppData\Local\Temp\cchlXVgA.s 			page 22


 1198 0037 50       		.byte	0x50
 1199 0038 9F       		.byte	0x9f
 1200 0039 34000000 		.4byte	.LVL7
 1201 003d 3A000000 		.4byte	.LVL8
 1202 0041 0100     		.2byte	0x1
 1203 0043 50       		.byte	0x50
 1204 0044 3A000000 		.4byte	.LVL8
 1205 0048 42000000 		.4byte	.LVL10
 1206 004c 0400     		.2byte	0x4
 1207 004e F3       		.byte	0xf3
 1208 004f 01       		.uleb128 0x1
 1209 0050 50       		.byte	0x50
 1210 0051 9F       		.byte	0x9f
 1211 0052 42000000 		.4byte	.LVL10
 1212 0056 44000000 		.4byte	.LVL11
 1213 005a 0100     		.2byte	0x1
 1214 005c 50       		.byte	0x50
 1215 005d 44000000 		.4byte	.LVL11
 1216 0061 50000000 		.4byte	.LFE7
 1217 0065 0400     		.2byte	0x4
 1218 0067 F3       		.byte	0xf3
 1219 0068 01       		.uleb128 0x1
 1220 0069 50       		.byte	0x50
 1221 006a 9F       		.byte	0x9f
 1222 006b 00000000 		.4byte	0
 1223 006f 00000000 		.4byte	0
 1224              	.LLST2:
 1225 0073 00000000 		.4byte	.LVL0
 1226 0077 0C000000 		.4byte	.LVL1
 1227 007b 0100     		.2byte	0x1
 1228 007d 51       		.byte	0x51
 1229 007e 0C000000 		.4byte	.LVL1
 1230 0082 34000000 		.4byte	.LVL7
 1231 0086 0400     		.2byte	0x4
 1232 0088 F3       		.byte	0xf3
 1233 0089 01       		.uleb128 0x1
 1234 008a 51       		.byte	0x51
 1235 008b 9F       		.byte	0x9f
 1236 008c 34000000 		.4byte	.LVL7
 1237 0090 3C000000 		.4byte	.LVL9
 1238 0094 0100     		.2byte	0x1
 1239 0096 51       		.byte	0x51
 1240 0097 3C000000 		.4byte	.LVL9
 1241 009b 50000000 		.4byte	.LFE7
 1242 009f 0400     		.2byte	0x4
 1243 00a1 F3       		.byte	0xf3
 1244 00a2 01       		.uleb128 0x1
 1245 00a3 51       		.byte	0x51
 1246 00a4 9F       		.byte	0x9f
 1247 00a5 00000000 		.4byte	0
 1248 00a9 00000000 		.4byte	0
 1249              	.LLST3:
 1250 00ad 10000000 		.4byte	.LVL2
 1251 00b1 18000000 		.4byte	.LVL3
 1252 00b5 0100     		.2byte	0x1
 1253 00b7 55       		.byte	0x55
 1254 00b8 18000000 		.4byte	.LVL3
ARM GAS  C:\Users\Matuesz\AppData\Local\Temp\cchlXVgA.s 			page 23


 1255 00bc 1C000000 		.4byte	.LVL4
 1256 00c0 0100     		.2byte	0x1
 1257 00c2 54       		.byte	0x54
 1258 00c3 30000000 		.4byte	.LVL6
 1259 00c7 34000000 		.4byte	.LVL7
 1260 00cb 0100     		.2byte	0x1
 1261 00cd 50       		.byte	0x50
 1262 00ce 00000000 		.4byte	0
 1263 00d2 00000000 		.4byte	0
 1264              	.LLST4:
 1265 00d6 00000000 		.4byte	.LVL12
 1266 00da 1E000000 		.4byte	.LVL18
 1267 00de 0100     		.2byte	0x1
 1268 00e0 50       		.byte	0x50
 1269 00e1 1E000000 		.4byte	.LVL18
 1270 00e5 2C000000 		.4byte	.LFE8
 1271 00e9 0400     		.2byte	0x4
 1272 00eb F3       		.byte	0xf3
 1273 00ec 01       		.uleb128 0x1
 1274 00ed 50       		.byte	0x50
 1275 00ee 9F       		.byte	0x9f
 1276 00ef 00000000 		.4byte	0
 1277 00f3 00000000 		.4byte	0
 1278              	.LLST5:
 1279 00f7 00000000 		.4byte	.LVL12
 1280 00fb 0A000000 		.4byte	.LVL13
 1281 00ff 0200     		.2byte	0x2
 1282 0101 30       		.byte	0x30
 1283 0102 9F       		.byte	0x9f
 1284 0103 0A000000 		.4byte	.LVL13
 1285 0107 0E000000 		.4byte	.LVL14
 1286 010b 0100     		.2byte	0x1
 1287 010d 52       		.byte	0x52
 1288 010e 14000000 		.4byte	.LVL15
 1289 0112 1A000000 		.4byte	.LVL16
 1290 0116 0100     		.2byte	0x1
 1291 0118 52       		.byte	0x52
 1292 0119 1A000000 		.4byte	.LVL16
 1293 011d 1C000000 		.4byte	.LVL17
 1294 0121 0200     		.2byte	0x2
 1295 0123 30       		.byte	0x30
 1296 0124 9F       		.byte	0x9f
 1297 0125 00000000 		.4byte	0
 1298 0129 00000000 		.4byte	0
 1299              		.section	.debug_aranges,"",%progbits
 1300 0000 24000000 		.4byte	0x24
 1301 0004 0200     		.2byte	0x2
 1302 0006 00000000 		.4byte	.Ldebug_info0
 1303 000a 04       		.byte	0x4
 1304 000b 00       		.byte	0
 1305 000c 0000     		.2byte	0
 1306 000e 0000     		.2byte	0
 1307 0010 00000000 		.4byte	.LFB7
 1308 0014 50000000 		.4byte	.LFE7-.LFB7
 1309 0018 00000000 		.4byte	.LFB8
 1310 001c 2C000000 		.4byte	.LFE8-.LFB8
 1311 0020 00000000 		.4byte	0
ARM GAS  C:\Users\Matuesz\AppData\Local\Temp\cchlXVgA.s 			page 24


 1312 0024 00000000 		.4byte	0
 1313              		.section	.debug_ranges,"",%progbits
 1314              	.Ldebug_ranges0:
 1315 0000 00000000 		.4byte	.LFB7
 1316 0004 50000000 		.4byte	.LFE7
 1317 0008 00000000 		.4byte	.LFB8
 1318 000c 2C000000 		.4byte	.LFE8
 1319 0010 00000000 		.4byte	0
 1320 0014 00000000 		.4byte	0
 1321              		.section	.debug_line,"",%progbits
 1322              	.Ldebug_line0:
 1323 0000 B2000000 		.section	.debug_str,"MS",%progbits,1
 1323      02006500 
 1323      00000201 
 1323      FB0E0D00 
 1323      01010101 
 1324              	.LASF10:
 1325 0000 6C6F6E67 		.ascii	"long long int\000"
 1325      206C6F6E 
 1325      6720696E 
 1325      7400
 1326              	.LASF0:
 1327 000e 756E7369 		.ascii	"unsigned int\000"
 1327      676E6564 
 1327      20696E74 
 1327      00
 1328              	.LASF20:
 1329 001b 433A5C43 		.ascii	"C:\\ChibiStudio\\chibios\\demos\\ARMCM4-STM32F407-E"
 1329      68696269 
 1329      53747564 
 1329      696F5C63 
 1329      68696269 
 1330 004a 4D4700   		.ascii	"MG\000"
 1331              	.LASF18:
 1332 004d 474E5520 		.ascii	"GNU C 4.7.4 20140401 (release) [ARM/embedded-4_7-br"
 1332      4320342E 
 1332      372E3420 
 1332      32303134 
 1332      30343031 
 1333 0080 616E6368 		.ascii	"anch revision 209195]\000"
 1333      20726576 
 1333      6973696F 
 1333      6E203230 
 1333      39313935 
 1334              	.LASF6:
 1335 0096 57434841 		.ascii	"WCHAR\000"
 1335      5200
 1336              	.LASF5:
 1337 009c 55494E54 		.ascii	"UINT\000"
 1337      00
 1338              	.LASF15:
 1339 00a1 66665F77 		.ascii	"ff_wtoupper\000"
 1339      746F7570 
 1339      70657200 
 1340              	.LASF11:
 1341 00ad 6C6F6E67 		.ascii	"long long unsigned int\000"
 1341      206C6F6E 
ARM GAS  C:\Users\Matuesz\AppData\Local\Temp\cchlXVgA.s 			page 25


 1341      6720756E 
 1341      7369676E 
 1341      65642069 
 1342              	.LASF16:
 1343 00c4 74626C5F 		.ascii	"tbl_lower\000"
 1343      6C6F7765 
 1343      7200
 1344              	.LASF14:
 1345 00ce 66665F63 		.ascii	"ff_convert\000"
 1345      6F6E7665 
 1345      727400
 1346              	.LASF2:
 1347 00d9 756E7369 		.ascii	"unsigned char\000"
 1347      676E6564 
 1347      20636861 
 1347      7200
 1348              	.LASF1:
 1349 00e7 63686172 		.ascii	"char\000"
 1349      00
 1350              	.LASF7:
 1351 00ec 6C6F6E67 		.ascii	"long int\000"
 1351      20696E74 
 1351      00
 1352              	.LASF8:
 1353 00f5 6C6F6E67 		.ascii	"long unsigned int\000"
 1353      20756E73 
 1353      69676E65 
 1353      6420696E 
 1353      7400
 1354              	.LASF12:
 1355 0107 5F426F6F 		.ascii	"_Bool\000"
 1355      6C00
 1356              	.LASF4:
 1357 010d 73686F72 		.ascii	"short unsigned int\000"
 1357      7420756E 
 1357      7369676E 
 1357      65642069 
 1357      6E7400
 1358              	.LASF9:
 1359 0120 7369676E 		.ascii	"signed char\000"
 1359      65642063 
 1359      68617200 
 1360              	.LASF13:
 1361 012c 73697A65 		.ascii	"sizetype\000"
 1361      74797065 
 1361      00
 1362              	.LASF3:
 1363 0135 73686F72 		.ascii	"short int\000"
 1363      7420696E 
 1363      7400
 1364              	.LASF19:
 1365 013f 2E2E2F2E 		.ascii	"../../ext/fatfs/src/option/ccsbcs.c\000"
 1365      2E2F6578 
 1365      742F6661 
 1365      7466732F 
 1365      7372632F 
 1366              	.LASF17:
ARM GAS  C:\Users\Matuesz\AppData\Local\Temp\cchlXVgA.s 			page 26


 1367 0163 74626C5F 		.ascii	"tbl_upper\000"
 1367      75707065 
 1367      7200
 1368              		.ident	"GCC: (GNU Tools for ARM Embedded Processors) 4.7.4 20140401 (release) [ARM/embedded-4_7-br
ARM GAS  C:\Users\Matuesz\AppData\Local\Temp\cchlXVgA.s 			page 27


DEFINED SYMBOLS
                            *ABS*:00000000 ccsbcs.c
C:\Users\Matuesz\AppData\Local\Temp\cchlXVgA.s:19     .text.ff_convert:00000000 $t
C:\Users\Matuesz\AppData\Local\Temp\cchlXVgA.s:25     .text.ff_convert:00000000 ff_convert
C:\Users\Matuesz\AppData\Local\Temp\cchlXVgA.s:105    .text.ff_convert:00000048 $d
C:\Users\Matuesz\AppData\Local\Temp\cchlXVgA.s:111    .text.ff_wtoupper:00000000 $t
C:\Users\Matuesz\AppData\Local\Temp\cchlXVgA.s:117    .text.ff_wtoupper:00000000 ff_wtoupper
C:\Users\Matuesz\AppData\Local\Temp\cchlXVgA.s:161    .text.ff_wtoupper:00000024 $d
C:\Users\Matuesz\AppData\Local\Temp\cchlXVgA.s:167    .rodata.tbl_lower.4976:00000000 $d
C:\Users\Matuesz\AppData\Local\Temp\cchlXVgA.s:171    .rodata.tbl_lower.4976:00000000 tbl_lower.4976
C:\Users\Matuesz\AppData\Local\Temp\cchlXVgA.s:413    .rodata.Tbl:00000000 $d
C:\Users\Matuesz\AppData\Local\Temp\cchlXVgA.s:417    .rodata.Tbl:00000000 Tbl
C:\Users\Matuesz\AppData\Local\Temp\cchlXVgA.s:547    .rodata.tbl_upper.4977:00000000 $d
C:\Users\Matuesz\AppData\Local\Temp\cchlXVgA.s:551    .rodata.tbl_upper.4977:00000000 tbl_upper.4977
                     .debug_frame:00000010 $d
C:\Users\Matuesz\AppData\Local\Temp\cchlXVgA.s:166    .text.ff_wtoupper:0000002c $t

NO UNDEFINED SYMBOLS
