ARM GAS  C:\Users\Matuesz\AppData\Local\Temp\ccYoGOSI.s 			page 1


   1              		.syntax unified
   2              		.cpu cortex-m4
   3              		.fpu softvfp
   4              		.eabi_attribute 20, 1
   5              		.eabi_attribute 21, 1
   6              		.eabi_attribute 23, 3
   7              		.eabi_attribute 24, 1
   8              		.eabi_attribute 25, 1
   9              		.eabi_attribute 26, 1
  10              		.eabi_attribute 30, 2
  11              		.eabi_attribute 34, 1
  12              		.eabi_attribute 18, 4
  13              		.thumb
  14              		.file	"fatfs_syscall.c"
  15              		.text
  16              	.Ltext0:
  17              		.cfi_sections	.debug_frame
  18              		.section	.text.ff_cre_syncobj,"ax",%progbits
  19              		.align	2
  20              		.p2align 4,,15
  21              		.global	ff_cre_syncobj
  22              		.thumb
  23              		.thumb_func
  24              		.type	ff_cre_syncobj, %function
  25              	ff_cre_syncobj:
  26              	.LFB7:
  27              		.file 1 "../../os/various/fatfs_bindings/fatfs_syscall.c"
  28              		.loc 1 34 0
  29              		.cfi_startproc
  30              		@ args = 0, pretend = 0, frame = 0
  31              		@ frame_needed = 0, uses_anonymous_args = 0
  32              	.LVL0:
  33 0000 08B5     		push	{r3, lr}
  34              	.LCFI0:
  35              		.cfi_def_cfa_offset 8
  36              		.cfi_offset 3, -8
  37              		.cfi_offset 14, -4
  38              		.loc 1 36 0
  39 0002 40F20003 		movw	r3, #:lower16:.LANCHOR0
  40 0006 C0F20003 		movt	r3, #:upper16:.LANCHOR0
  41 000a 00EB4000 		add	r0, r0, r0, lsl #1
  42              	.LVL1:
  43 000e 03EB8000 		add	r0, r3, r0, lsl #2
  44 0012 0860     		str	r0, [r1, #0]
  45              		.loc 1 37 0
  46 0014 0121     		movs	r1, #1
  47              	.LVL2:
  48 0016 FFF7FEFF 		bl	chSemInit
  49              	.LVL3:
  50              		.loc 1 39 0
  51 001a 0120     		movs	r0, #1
  52 001c 08BD     		pop	{r3, pc}
  53              		.cfi_endproc
  54              	.LFE7:
  55              		.size	ff_cre_syncobj, .-ff_cre_syncobj
  56 001e 00BF     		.section	.text.ff_del_syncobj,"ax",%progbits
  57              		.align	2
ARM GAS  C:\Users\Matuesz\AppData\Local\Temp\ccYoGOSI.s 			page 2


  58              		.p2align 4,,15
  59              		.global	ff_del_syncobj
  60              		.thumb
  61              		.thumb_func
  62              		.type	ff_del_syncobj, %function
  63              	ff_del_syncobj:
  64              	.LFB8:
  65              		.loc 1 44 0
  66              		.cfi_startproc
  67              		@ args = 0, pretend = 0, frame = 0
  68              		@ frame_needed = 0, uses_anonymous_args = 0
  69              	.LVL4:
  70 0000 08B5     		push	{r3, lr}
  71              	.LCFI1:
  72              		.cfi_def_cfa_offset 8
  73              		.cfi_offset 3, -8
  74              		.cfi_offset 14, -4
  75              		.loc 1 46 0
  76 0002 0021     		movs	r1, #0
  77 0004 FFF7FEFF 		bl	chSemReset
  78              	.LVL5:
  79              		.loc 1 48 0
  80 0008 0120     		movs	r0, #1
  81 000a 08BD     		pop	{r3, pc}
  82              		.cfi_endproc
  83              	.LFE8:
  84              		.size	ff_del_syncobj, .-ff_del_syncobj
  85 000c AFF30080 		.section	.text.ff_req_grant,"ax",%progbits
  86              		.align	2
  87              		.p2align 4,,15
  88              		.global	ff_req_grant
  89              		.thumb
  90              		.thumb_func
  91              		.type	ff_req_grant, %function
  92              	ff_req_grant:
  93              	.LFB9:
  94              		.loc 1 53 0
  95              		.cfi_startproc
  96              		@ args = 0, pretend = 0, frame = 0
  97              		@ frame_needed = 0, uses_anonymous_args = 0
  98              	.LVL6:
  99 0000 08B5     		push	{r3, lr}
 100              	.LCFI2:
 101              		.cfi_def_cfa_offset 8
 102              		.cfi_offset 3, -8
 103              		.cfi_offset 14, -4
 104              		.loc 1 55 0
 105 0002 4FF47A71 		mov	r1, #1000
 106 0006 FFF7FEFF 		bl	chSemWaitTimeout
 107              	.LVL7:
 108              		.loc 1 57 0
 109 000a D0F10100 		rsbs	r0, r0, #1
 110              	.LVL8:
 111 000e 38BF     		it	cc
 112 0010 0020     		movcc	r0, #0
 113 0012 08BD     		pop	{r3, pc}
 114              		.cfi_endproc
ARM GAS  C:\Users\Matuesz\AppData\Local\Temp\ccYoGOSI.s 			page 3


 115              	.LFE9:
 116              		.size	ff_req_grant, .-ff_req_grant
 117 0014 AFF30080 		.section	.text.ff_rel_grant,"ax",%progbits
 117      AFF30080 
 117      AFF30080 
 118              		.align	2
 119              		.p2align 4,,15
 120              		.global	ff_rel_grant
 121              		.thumb
 122              		.thumb_func
 123              		.type	ff_rel_grant, %function
 124              	ff_rel_grant:
 125              	.LFB10:
 126              		.loc 1 62 0
 127              		.cfi_startproc
 128              		@ args = 0, pretend = 0, frame = 0
 129              		@ frame_needed = 0, uses_anonymous_args = 0
 130              		@ link register save eliminated.
 131              	.LVL9:
 132              		.loc 1 65 0
 133              		.loc 1 64 0
 134 0000 FFF7FEBF 		b	chSemSignal
 135              	.LVL10:
 136              		.cfi_endproc
 137              	.LFE10:
 138              		.size	ff_rel_grant, .-ff_rel_grant
 139 0004 AFF30080 		.section	.text.ff_memalloc,"ax",%progbits
 139      AFF30080 
 139      AFF30080 
 140              		.align	2
 141              		.p2align 4,,15
 142              		.global	ff_memalloc
 143              		.thumb
 144              		.thumb_func
 145              		.type	ff_memalloc, %function
 146              	ff_memalloc:
 147              	.LFB11:
 148              		.loc 1 72 0
 149              		.cfi_startproc
 150              		@ args = 0, pretend = 0, frame = 0
 151              		@ frame_needed = 0, uses_anonymous_args = 0
 152              		@ link register save eliminated.
 153              	.LVL11:
 154              		.loc 1 72 0
 155 0000 0146     		mov	r1, r0
 156              		.loc 1 74 0
 157 0002 0020     		movs	r0, #0
 158              	.LVL12:
 159              		.loc 1 75 0
 160              		.loc 1 74 0
 161 0004 FFF7FEBF 		b	chHeapAlloc
 162              	.LVL13:
 163              		.cfi_endproc
 164              	.LFE11:
 165              		.size	ff_memalloc, .-ff_memalloc
 166 0008 AFF30080 		.section	.text.ff_memfree,"ax",%progbits
 166      AFF30080 
ARM GAS  C:\Users\Matuesz\AppData\Local\Temp\ccYoGOSI.s 			page 4


 167              		.align	2
 168              		.p2align 4,,15
 169              		.global	ff_memfree
 170              		.thumb
 171              		.thumb_func
 172              		.type	ff_memfree, %function
 173              	ff_memfree:
 174              	.LFB12:
 175              		.loc 1 80 0
 176              		.cfi_startproc
 177              		@ args = 0, pretend = 0, frame = 0
 178              		@ frame_needed = 0, uses_anonymous_args = 0
 179              		@ link register save eliminated.
 180              	.LVL14:
 181              		.loc 1 83 0
 182              		.loc 1 82 0
 183 0000 FFF7FEBF 		b	chHeapFree
 184              	.LVL15:
 185              		.cfi_endproc
 186              	.LFE12:
 187              		.size	ff_memfree, .-ff_memfree
 188 0004 AFF30080 		.section	.bss.ff_sem,"aw",%nobits
 188      AFF30080 
 188      AFF30080 
 189              		.align	2
 190              		.set	.LANCHOR0,. + 0
 191              		.type	ff_sem, %object
 192              		.size	ff_sem, 12
 193              	ff_sem:
 194 0000 00000000 		.space	12
 194      00000000 
 194      00000000 
 195              		.text
 196              	.Letext0:
 197              		.file 2 "c:\\chibistudio\\tools\\gnu tools arm embedded\\4.7 2014q2\\bin\\../lib/gcc/arm-none-eabi
 198              		.file 3 "c:\\chibistudio\\tools\\gnu tools arm embedded\\4.7 2014q2\\bin\\../lib/gcc/arm-none-eabi
 199              		.file 4 "../../os/ports/GCC/ARMCMx/chtypes.h"
 200              		.file 5 "../../os/kernel/include/chlists.h"
 201              		.file 6 "../../os/kernel/include/chthreads.h"
 202              		.file 7 "../../os/ports/GCC/ARMCMx/chcore_v7m.h"
 203              		.file 8 "../../os/kernel/include/chsem.h"
 204              		.file 9 "../../os/kernel/include/chmtx.h"
 205              		.file 10 "../../os/kernel/include/chmemcore.h"
 206              		.file 11 "../../os/kernel/include/chheap.h"
 207              		.file 12 "../../ext/fatfs/src/integer.h"
 208              		.section	.debug_info,"",%progbits
 209              	.Ldebug_info0:
 210 0000 77070000 		.4byte	0x777
 211 0004 0200     		.2byte	0x2
 212 0006 00000000 		.4byte	.Ldebug_abbrev0
 213 000a 04       		.byte	0x4
 214 000b 01       		.uleb128 0x1
 215 000c F2010000 		.4byte	.LASF89
 216 0010 01       		.byte	0x1
 217 0011 92000000 		.4byte	.LASF90
 218 0015 2E030000 		.4byte	.LASF91
 219 0019 00000000 		.4byte	.Ldebug_ranges0+0
ARM GAS  C:\Users\Matuesz\AppData\Local\Temp\ccYoGOSI.s 			page 5


 220 001d 00000000 		.4byte	0
 221 0021 00000000 		.4byte	0
 222 0025 00000000 		.4byte	.Ldebug_line0
 223 0029 02       		.uleb128 0x2
 224 002a 04       		.byte	0x4
 225 002b 05       		.byte	0x5
 226 002c 696E7400 		.ascii	"int\000"
 227 0030 03       		.uleb128 0x3
 228 0031 06000000 		.4byte	.LASF2
 229 0035 02       		.byte	0x2
 230 0036 D5       		.byte	0xd5
 231 0037 3B000000 		.4byte	0x3b
 232 003b 04       		.uleb128 0x4
 233 003c 04       		.byte	0x4
 234 003d 07       		.byte	0x7
 235 003e 3A010000 		.4byte	.LASF0
 236 0042 04       		.uleb128 0x4
 237 0043 01       		.byte	0x1
 238 0044 06       		.byte	0x6
 239 0045 6B000000 		.4byte	.LASF1
 240 0049 03       		.uleb128 0x3
 241 004a AB030000 		.4byte	.LASF3
 242 004e 03       		.byte	0x3
 243 004f 2A       		.byte	0x2a
 244 0050 54000000 		.4byte	0x54
 245 0054 04       		.uleb128 0x4
 246 0055 01       		.byte	0x1
 247 0056 08       		.byte	0x8
 248 0057 94020000 		.4byte	.LASF4
 249 005b 04       		.uleb128 0x4
 250 005c 02       		.byte	0x2
 251 005d 05       		.byte	0x5
 252 005e B7020000 		.4byte	.LASF5
 253 0062 04       		.uleb128 0x4
 254 0063 02       		.byte	0x2
 255 0064 07       		.byte	0x7
 256 0065 8D010000 		.4byte	.LASF6
 257 0069 03       		.uleb128 0x3
 258 006a 8C020000 		.4byte	.LASF7
 259 006e 03       		.byte	0x3
 260 006f 4F       		.byte	0x4f
 261 0070 74000000 		.4byte	0x74
 262 0074 04       		.uleb128 0x4
 263 0075 04       		.byte	0x4
 264 0076 05       		.byte	0x5
 265 0077 E3000000 		.4byte	.LASF8
 266 007b 03       		.uleb128 0x3
 267 007c 20030000 		.4byte	.LASF9
 268 0080 03       		.byte	0x3
 269 0081 50       		.byte	0x50
 270 0082 86000000 		.4byte	0x86
 271 0086 04       		.uleb128 0x4
 272 0087 04       		.byte	0x4
 273 0088 07       		.byte	0x7
 274 0089 68010000 		.4byte	.LASF10
 275 008d 04       		.uleb128 0x4
 276 008e 08       		.byte	0x8
ARM GAS  C:\Users\Matuesz\AppData\Local\Temp\ccYoGOSI.s 			page 6


 277 008f 05       		.byte	0x5
 278 0090 5D000000 		.4byte	.LASF11
 279 0094 03       		.uleb128 0x3
 280 0095 14000000 		.4byte	.LASF12
 281 0099 03       		.byte	0x3
 282 009a 78       		.byte	0x78
 283 009b 9F000000 		.4byte	0x9f
 284 009f 04       		.uleb128 0x4
 285 00a0 08       		.byte	0x8
 286 00a1 07       		.byte	0x7
 287 00a2 2A000000 		.4byte	.LASF13
 288 00a6 04       		.uleb128 0x4
 289 00a7 01       		.byte	0x1
 290 00a8 02       		.byte	0x2
 291 00a9 86020000 		.4byte	.LASF14
 292 00ad 03       		.uleb128 0x3
 293 00ae B1010000 		.4byte	.LASF15
 294 00b2 04       		.byte	0x4
 295 00b3 2C       		.byte	0x2c
 296 00b4 49000000 		.4byte	0x49
 297 00b8 03       		.uleb128 0x3
 298 00b9 FB000000 		.4byte	.LASF16
 299 00bd 04       		.byte	0x4
 300 00be 2D       		.byte	0x2d
 301 00bf 49000000 		.4byte	0x49
 302 00c3 03       		.uleb128 0x3
 303 00c4 6F020000 		.4byte	.LASF17
 304 00c8 04       		.byte	0x4
 305 00c9 2E       		.byte	0x2e
 306 00ca 49000000 		.4byte	0x49
 307 00ce 03       		.uleb128 0x3
 308 00cf D9000000 		.4byte	.LASF18
 309 00d3 04       		.byte	0x4
 310 00d4 2F       		.byte	0x2f
 311 00d5 49000000 		.4byte	0x49
 312 00d9 03       		.uleb128 0x3
 313 00da 7E020000 		.4byte	.LASF19
 314 00de 04       		.byte	0x4
 315 00df 30       		.byte	0x30
 316 00e0 7B000000 		.4byte	0x7b
 317 00e4 03       		.uleb128 0x3
 318 00e5 AB010000 		.4byte	.LASF20
 319 00e9 04       		.byte	0x4
 320 00ea 31       		.byte	0x31
 321 00eb 69000000 		.4byte	0x69
 322 00ef 03       		.uleb128 0x3
 323 00f0 C5010000 		.4byte	.LASF21
 324 00f4 04       		.byte	0x4
 325 00f5 33       		.byte	0x33
 326 00f6 7B000000 		.4byte	0x7b
 327 00fa 03       		.uleb128 0x3
 328 00fb 6C030000 		.4byte	.LASF22
 329 00ff 04       		.byte	0x4
 330 0100 35       		.byte	0x35
 331 0101 7B000000 		.4byte	0x7b
 332 0105 03       		.uleb128 0x3
 333 0106 34010000 		.4byte	.LASF23
ARM GAS  C:\Users\Matuesz\AppData\Local\Temp\ccYoGOSI.s 			page 7


 334 010a 04       		.byte	0x4
 335 010b 36       		.byte	0x36
 336 010c 69000000 		.4byte	0x69
 337 0110 03       		.uleb128 0x3
 338 0111 02030000 		.4byte	.LASF24
 339 0115 05       		.byte	0x5
 340 0116 2A       		.byte	0x2a
 341 0117 1B010000 		.4byte	0x11b
 342 011b 05       		.uleb128 0x5
 343 011c 02030000 		.4byte	.LASF24
 344 0120 48       		.byte	0x48
 345 0121 06       		.byte	0x6
 346 0122 5E       		.byte	0x5e
 347 0123 40020000 		.4byte	0x240
 348 0127 06       		.uleb128 0x6
 349 0128 F3020000 		.4byte	.LASF25
 350 012c 06       		.byte	0x6
 351 012d 5F       		.byte	0x5f
 352 012e 65020000 		.4byte	0x265
 353 0132 02       		.byte	0x2
 354 0133 23       		.byte	0x23
 355 0134 00       		.uleb128 0
 356 0135 06       		.uleb128 0x6
 357 0136 77020000 		.4byte	.LASF26
 358 013a 06       		.byte	0x6
 359 013b 61       		.byte	0x61
 360 013c 65020000 		.4byte	0x265
 361 0140 02       		.byte	0x2
 362 0141 23       		.byte	0x23
 363 0142 04       		.uleb128 0x4
 364 0143 06       		.uleb128 0x6
 365 0144 56000000 		.4byte	.LASF27
 366 0148 06       		.byte	0x6
 367 0149 63       		.byte	0x63
 368 014a D9000000 		.4byte	0xd9
 369 014e 02       		.byte	0x2
 370 014f 23       		.byte	0x23
 371 0150 08       		.uleb128 0x8
 372 0151 06       		.uleb128 0x6
 373 0152 D8030000 		.4byte	.LASF28
 374 0156 06       		.byte	0x6
 375 0157 64       		.byte	0x64
 376 0158 3E030000 		.4byte	0x33e
 377 015c 02       		.byte	0x2
 378 015d 23       		.byte	0x23
 379 015e 0C       		.uleb128 0xc
 380 015f 06       		.uleb128 0x6
 381 0160 10010000 		.4byte	.LASF29
 382 0164 06       		.byte	0x6
 383 0165 66       		.byte	0x66
 384 0166 65020000 		.4byte	0x265
 385 016a 02       		.byte	0x2
 386 016b 23       		.byte	0x23
 387 016c 10       		.uleb128 0x10
 388 016d 06       		.uleb128 0x6
 389 016e 3B020000 		.4byte	.LASF30
 390 0172 06       		.byte	0x6
ARM GAS  C:\Users\Matuesz\AppData\Local\Temp\ccYoGOSI.s 			page 8


 391 0173 67       		.byte	0x67
 392 0174 65020000 		.4byte	0x265
 393 0178 02       		.byte	0x2
 394 0179 23       		.byte	0x23
 395 017a 14       		.uleb128 0x14
 396 017b 06       		.uleb128 0x6
 397 017c BA030000 		.4byte	.LASF31
 398 0180 06       		.byte	0x6
 399 0181 6E       		.byte	0x6e
 400 0182 F0040000 		.4byte	0x4f0
 401 0186 02       		.byte	0x2
 402 0187 23       		.byte	0x23
 403 0188 18       		.uleb128 0x18
 404 0189 06       		.uleb128 0x6
 405 018a C1020000 		.4byte	.LASF32
 406 018e 06       		.byte	0x6
 407 018f 79       		.byte	0x79
 408 0190 B8000000 		.4byte	0xb8
 409 0194 02       		.byte	0x2
 410 0195 23       		.byte	0x23
 411 0196 1C       		.uleb128 0x1c
 412 0197 06       		.uleb128 0x6
 413 0198 FA020000 		.4byte	.LASF33
 414 019c 06       		.byte	0x6
 415 019d 7D       		.byte	0x7d
 416 019e AD000000 		.4byte	0xad
 417 01a2 02       		.byte	0x2
 418 01a3 23       		.byte	0x23
 419 01a4 1D       		.uleb128 0x1d
 420 01a5 06       		.uleb128 0x6
 421 01a6 A4030000 		.4byte	.LASF34
 422 01aa 06       		.byte	0x6
 423 01ab 82       		.byte	0x82
 424 01ac C3000000 		.4byte	0xc3
 425 01b0 02       		.byte	0x2
 426 01b1 23       		.byte	0x23
 427 01b2 1E       		.uleb128 0x1e
 428 01b3 06       		.uleb128 0x6
 429 01b4 C9020000 		.4byte	.LASF35
 430 01b8 06       		.byte	0x6
 431 01b9 88       		.byte	0x88
 432 01ba CE000000 		.4byte	0xce
 433 01be 02       		.byte	0x2
 434 01bf 23       		.byte	0x23
 435 01c0 1F       		.uleb128 0x1f
 436 01c1 06       		.uleb128 0x6
 437 01c2 81030000 		.4byte	.LASF36
 438 01c6 06       		.byte	0x6
 439 01c7 8F       		.byte	0x8f
 440 01c8 68030000 		.4byte	0x368
 441 01cc 02       		.byte	0x2
 442 01cd 23       		.byte	0x23
 443 01ce 20       		.uleb128 0x20
 444 01cf 07       		.uleb128 0x7
 445 01d0 705F7500 		.ascii	"p_u\000"
 446 01d4 06       		.byte	0x6
 447 01d5 B4       		.byte	0xb4
ARM GAS  C:\Users\Matuesz\AppData\Local\Temp\ccYoGOSI.s 			page 9


 448 01d6 BB040000 		.4byte	0x4bb
 449 01da 02       		.byte	0x2
 450 01db 23       		.byte	0x23
 451 01dc 24       		.uleb128 0x24
 452 01dd 06       		.uleb128 0x6
 453 01de DE030000 		.4byte	.LASF37
 454 01e2 06       		.byte	0x6
 455 01e3 B9       		.byte	0xb9
 456 01e4 8D020000 		.4byte	0x28d
 457 01e8 02       		.byte	0x2
 458 01e9 23       		.byte	0x23
 459 01ea 28       		.uleb128 0x28
 460 01eb 06       		.uleb128 0x6
 461 01ec 8F030000 		.4byte	.LASF38
 462 01f0 06       		.byte	0x6
 463 01f1 BF       		.byte	0xbf
 464 01f2 6B020000 		.4byte	0x26b
 465 01f6 02       		.byte	0x2
 466 01f7 23       		.byte	0x23
 467 01f8 2C       		.uleb128 0x2c
 468 01f9 06       		.uleb128 0x6
 469 01fa 00000000 		.4byte	.LASF39
 470 01fe 06       		.byte	0x6
 471 01ff C3       		.byte	0xc3
 472 0200 E4000000 		.4byte	0xe4
 473 0204 02       		.byte	0x2
 474 0205 23       		.byte	0x23
 475 0206 34       		.uleb128 0x34
 476 0207 06       		.uleb128 0x6
 477 0208 15030000 		.4byte	.LASF40
 478 020c 06       		.byte	0x6
 479 020d C9       		.byte	0xc9
 480 020e EF000000 		.4byte	0xef
 481 0212 02       		.byte	0x2
 482 0213 23       		.byte	0x23
 483 0214 38       		.uleb128 0x38
 484 0215 06       		.uleb128 0x6
 485 0216 AD020000 		.4byte	.LASF41
 486 021a 06       		.byte	0x6
 487 021b D0       		.byte	0xd0
 488 021c 02050000 		.4byte	0x502
 489 0220 02       		.byte	0x2
 490 0221 23       		.byte	0x23
 491 0222 3C       		.uleb128 0x3c
 492 0223 06       		.uleb128 0x6
 493 0224 76030000 		.4byte	.LASF42
 494 0228 06       		.byte	0x6
 495 0229 D4       		.byte	0xd4
 496 022a D9000000 		.4byte	0xd9
 497 022e 02       		.byte	0x2
 498 022f 23       		.byte	0x23
 499 0230 40       		.uleb128 0x40
 500 0231 06       		.uleb128 0x6
 501 0232 82000000 		.4byte	.LASF43
 502 0236 06       		.byte	0x6
 503 0237 DA       		.byte	0xda
 504 0238 A3020000 		.4byte	0x2a3
ARM GAS  C:\Users\Matuesz\AppData\Local\Temp\ccYoGOSI.s 			page 10


 505 023c 02       		.byte	0x2
 506 023d 23       		.byte	0x23
 507 023e 44       		.uleb128 0x44
 508 023f 00       		.byte	0
 509 0240 08       		.uleb128 0x8
 510 0241 08       		.byte	0x8
 511 0242 05       		.byte	0x5
 512 0243 61       		.byte	0x61
 513 0244 65020000 		.4byte	0x265
 514 0248 06       		.uleb128 0x6
 515 0249 F3020000 		.4byte	.LASF25
 516 024d 05       		.byte	0x5
 517 024e 62       		.byte	0x62
 518 024f 65020000 		.4byte	0x265
 519 0253 02       		.byte	0x2
 520 0254 23       		.byte	0x23
 521 0255 00       		.uleb128 0
 522 0256 06       		.uleb128 0x6
 523 0257 77020000 		.4byte	.LASF26
 524 025b 05       		.byte	0x5
 525 025c 64       		.byte	0x64
 526 025d 65020000 		.4byte	0x265
 527 0261 02       		.byte	0x2
 528 0262 23       		.byte	0x23
 529 0263 04       		.uleb128 0x4
 530 0264 00       		.byte	0
 531 0265 09       		.uleb128 0x9
 532 0266 04       		.byte	0x4
 533 0267 10010000 		.4byte	0x110
 534 026b 03       		.uleb128 0x3
 535 026c 43020000 		.4byte	.LASF44
 536 0270 05       		.byte	0x5
 537 0271 66       		.byte	0x66
 538 0272 40020000 		.4byte	0x240
 539 0276 08       		.uleb128 0x8
 540 0277 04       		.byte	0x4
 541 0278 05       		.byte	0x5
 542 0279 6B       		.byte	0x6b
 543 027a 8D020000 		.4byte	0x28d
 544 027e 06       		.uleb128 0x6
 545 027f F3020000 		.4byte	.LASF25
 546 0283 05       		.byte	0x5
 547 0284 6D       		.byte	0x6d
 548 0285 65020000 		.4byte	0x265
 549 0289 02       		.byte	0x2
 550 028a 23       		.byte	0x23
 551 028b 00       		.uleb128 0
 552 028c 00       		.byte	0
 553 028d 03       		.uleb128 0x3
 554 028e B9010000 		.4byte	.LASF45
 555 0292 05       		.byte	0x5
 556 0293 70       		.byte	0x70
 557 0294 76020000 		.4byte	0x276
 558 0298 03       		.uleb128 0x3
 559 0299 20010000 		.4byte	.LASF46
 560 029d 07       		.byte	0x7
 561 029e E5       		.byte	0xe5
ARM GAS  C:\Users\Matuesz\AppData\Local\Temp\ccYoGOSI.s 			page 11


 562 029f A3020000 		.4byte	0x2a3
 563 02a3 0A       		.uleb128 0xa
 564 02a4 04       		.byte	0x4
 565 02a5 03       		.uleb128 0x3
 566 02a6 D7010000 		.4byte	.LASF47
 567 02aa 07       		.byte	0x7
 568 02ab EB       		.byte	0xeb
 569 02ac 94000000 		.4byte	0x94
 570 02b0 0B       		.uleb128 0xb
 571 02b1 88030000 		.4byte	.LASF48
 572 02b5 24       		.byte	0x24
 573 02b6 07       		.byte	0x7
 574 02b7 0C01     		.2byte	0x10c
 575 02b9 3E030000 		.4byte	0x33e
 576 02bd 0C       		.uleb128 0xc
 577 02be 723400   		.ascii	"r4\000"
 578 02c1 07       		.byte	0x7
 579 02c2 1F01     		.2byte	0x11f
 580 02c4 98020000 		.4byte	0x298
 581 02c8 02       		.byte	0x2
 582 02c9 23       		.byte	0x23
 583 02ca 00       		.uleb128 0
 584 02cb 0C       		.uleb128 0xc
 585 02cc 723500   		.ascii	"r5\000"
 586 02cf 07       		.byte	0x7
 587 02d0 2001     		.2byte	0x120
 588 02d2 98020000 		.4byte	0x298
 589 02d6 02       		.byte	0x2
 590 02d7 23       		.byte	0x23
 591 02d8 04       		.uleb128 0x4
 592 02d9 0C       		.uleb128 0xc
 593 02da 723600   		.ascii	"r6\000"
 594 02dd 07       		.byte	0x7
 595 02de 2101     		.2byte	0x121
 596 02e0 98020000 		.4byte	0x298
 597 02e4 02       		.byte	0x2
 598 02e5 23       		.byte	0x23
 599 02e6 08       		.uleb128 0x8
 600 02e7 0C       		.uleb128 0xc
 601 02e8 723700   		.ascii	"r7\000"
 602 02eb 07       		.byte	0x7
 603 02ec 2201     		.2byte	0x122
 604 02ee 98020000 		.4byte	0x298
 605 02f2 02       		.byte	0x2
 606 02f3 23       		.byte	0x23
 607 02f4 0C       		.uleb128 0xc
 608 02f5 0C       		.uleb128 0xc
 609 02f6 723800   		.ascii	"r8\000"
 610 02f9 07       		.byte	0x7
 611 02fa 2301     		.2byte	0x123
 612 02fc 98020000 		.4byte	0x298
 613 0300 02       		.byte	0x2
 614 0301 23       		.byte	0x23
 615 0302 10       		.uleb128 0x10
 616 0303 0C       		.uleb128 0xc
 617 0304 723900   		.ascii	"r9\000"
 618 0307 07       		.byte	0x7
ARM GAS  C:\Users\Matuesz\AppData\Local\Temp\ccYoGOSI.s 			page 12


 619 0308 2401     		.2byte	0x124
 620 030a 98020000 		.4byte	0x298
 621 030e 02       		.byte	0x2
 622 030f 23       		.byte	0x23
 623 0310 14       		.uleb128 0x14
 624 0311 0C       		.uleb128 0xc
 625 0312 72313000 		.ascii	"r10\000"
 626 0316 07       		.byte	0x7
 627 0317 2501     		.2byte	0x125
 628 0319 98020000 		.4byte	0x298
 629 031d 02       		.byte	0x2
 630 031e 23       		.byte	0x23
 631 031f 18       		.uleb128 0x18
 632 0320 0C       		.uleb128 0xc
 633 0321 72313100 		.ascii	"r11\000"
 634 0325 07       		.byte	0x7
 635 0326 2601     		.2byte	0x126
 636 0328 98020000 		.4byte	0x298
 637 032c 02       		.byte	0x2
 638 032d 23       		.byte	0x23
 639 032e 1C       		.uleb128 0x1c
 640 032f 0C       		.uleb128 0xc
 641 0330 6C7200   		.ascii	"lr\000"
 642 0333 07       		.byte	0x7
 643 0334 2701     		.2byte	0x127
 644 0336 98020000 		.4byte	0x298
 645 033a 02       		.byte	0x2
 646 033b 23       		.byte	0x23
 647 033c 20       		.uleb128 0x20
 648 033d 00       		.byte	0
 649 033e 0B       		.uleb128 0xb
 650 033f 80010000 		.4byte	.LASF49
 651 0343 04       		.byte	0x4
 652 0344 07       		.byte	0x7
 653 0345 3101     		.2byte	0x131
 654 0347 5B030000 		.4byte	0x35b
 655 034b 0C       		.uleb128 0xc
 656 034c 72313300 		.ascii	"r13\000"
 657 0350 07       		.byte	0x7
 658 0351 3201     		.2byte	0x132
 659 0353 5B030000 		.4byte	0x35b
 660 0357 02       		.byte	0x2
 661 0358 23       		.byte	0x23
 662 0359 00       		.uleb128 0
 663 035a 00       		.byte	0
 664 035b 09       		.uleb128 0x9
 665 035c 04       		.byte	0x4
 666 035d B0020000 		.4byte	0x2b0
 667 0361 04       		.uleb128 0x4
 668 0362 04       		.byte	0x4
 669 0363 07       		.byte	0x7
 670 0364 E2010000 		.4byte	.LASF50
 671 0368 0D       		.uleb128 0xd
 672 0369 FA000000 		.4byte	0xfa
 673 036d 05       		.uleb128 0x5
 674 036e 9A030000 		.4byte	.LASF51
 675 0372 0C       		.byte	0xc
ARM GAS  C:\Users\Matuesz\AppData\Local\Temp\ccYoGOSI.s 			page 13


 676 0373 08       		.byte	0x8
 677 0374 2C       		.byte	0x2c
 678 0375 96030000 		.4byte	0x396
 679 0379 06       		.uleb128 0x6
 680 037a 18010000 		.4byte	.LASF52
 681 037e 08       		.byte	0x8
 682 037f 2D       		.byte	0x2d
 683 0380 6B020000 		.4byte	0x26b
 684 0384 02       		.byte	0x2
 685 0385 23       		.byte	0x23
 686 0386 00       		.uleb128 0
 687 0387 06       		.uleb128 0x6
 688 0388 7A010000 		.4byte	.LASF53
 689 038c 08       		.byte	0x8
 690 038d 2F       		.byte	0x2f
 691 038e 05010000 		.4byte	0x105
 692 0392 02       		.byte	0x2
 693 0393 23       		.byte	0x23
 694 0394 08       		.uleb128 0x8
 695 0395 00       		.byte	0
 696 0396 03       		.uleb128 0x3
 697 0397 9A030000 		.4byte	.LASF51
 698 039b 08       		.byte	0x8
 699 039c 30       		.byte	0x30
 700 039d 6D030000 		.4byte	0x36d
 701 03a1 05       		.uleb128 0x5
 702 03a2 D1010000 		.4byte	.LASF54
 703 03a6 10       		.byte	0x10
 704 03a7 09       		.byte	0x9
 705 03a8 2C       		.byte	0x2c
 706 03a9 D8030000 		.4byte	0x3d8
 707 03ad 06       		.uleb128 0x6
 708 03ae 8A000000 		.4byte	.LASF55
 709 03b2 09       		.byte	0x9
 710 03b3 2D       		.byte	0x2d
 711 03b4 6B020000 		.4byte	0x26b
 712 03b8 02       		.byte	0x2
 713 03b9 23       		.byte	0x23
 714 03ba 00       		.uleb128 0
 715 03bb 06       		.uleb128 0x6
 716 03bc D0030000 		.4byte	.LASF56
 717 03c0 09       		.byte	0x9
 718 03c1 2F       		.byte	0x2f
 719 03c2 65020000 		.4byte	0x265
 720 03c6 02       		.byte	0x2
 721 03c7 23       		.byte	0x23
 722 03c8 08       		.uleb128 0x8
 723 03c9 06       		.uleb128 0x6
 724 03ca 65030000 		.4byte	.LASF57
 725 03ce 09       		.byte	0x9
 726 03cf 31       		.byte	0x31
 727 03d0 D8030000 		.4byte	0x3d8
 728 03d4 02       		.byte	0x2
 729 03d5 23       		.byte	0x23
 730 03d6 0C       		.uleb128 0xc
 731 03d7 00       		.byte	0
 732 03d8 09       		.uleb128 0x9
ARM GAS  C:\Users\Matuesz\AppData\Local\Temp\ccYoGOSI.s 			page 14


 733 03d9 04       		.byte	0x4
 734 03da A1030000 		.4byte	0x3a1
 735 03de 03       		.uleb128 0x3
 736 03df D1010000 		.4byte	.LASF54
 737 03e3 09       		.byte	0x9
 738 03e4 33       		.byte	0x33
 739 03e5 A1030000 		.4byte	0x3a1
 740 03e9 03       		.uleb128 0x3
 741 03ea 1D000000 		.4byte	.LASF58
 742 03ee 0A       		.byte	0xa
 743 03ef 2C       		.byte	0x2c
 744 03f0 F4030000 		.4byte	0x3f4
 745 03f4 09       		.uleb128 0x9
 746 03f5 04       		.byte	0x4
 747 03f6 FA030000 		.4byte	0x3fa
 748 03fa 0E       		.uleb128 0xe
 749 03fb 01       		.byte	0x1
 750 03fc A3020000 		.4byte	0x2a3
 751 0400 0A040000 		.4byte	0x40a
 752 0404 0F       		.uleb128 0xf
 753 0405 30000000 		.4byte	0x30
 754 0409 00       		.byte	0
 755 040a 03       		.uleb128 0x3
 756 040b 64020000 		.4byte	.LASF59
 757 040f 0B       		.byte	0xb
 758 0410 34       		.byte	0x34
 759 0411 15040000 		.4byte	0x415
 760 0415 05       		.uleb128 0x5
 761 0416 F2030000 		.4byte	.LASF60
 762 041a 20       		.byte	0x20
 763 041b 0B       		.byte	0xb
 764 041c 47       		.byte	0x47
 765 041d 4C040000 		.4byte	0x44c
 766 0421 06       		.uleb128 0x6
 767 0422 A2020000 		.4byte	.LASF61
 768 0426 0B       		.byte	0xb
 769 0427 48       		.byte	0x48
 770 0428 E9030000 		.4byte	0x3e9
 771 042c 02       		.byte	0x2
 772 042d 23       		.byte	0x23
 773 042e 00       		.uleb128 0
 774 042f 06       		.uleb128 0x6
 775 0430 4A000000 		.4byte	.LASF62
 776 0434 0B       		.byte	0xb
 777 0435 4A       		.byte	0x4a
 778 0436 6B040000 		.4byte	0x46b
 779 043a 02       		.byte	0x2
 780 043b 23       		.byte	0x23
 781 043c 08       		.uleb128 0x8
 782 043d 06       		.uleb128 0x6
 783 043e 77000000 		.4byte	.LASF63
 784 0442 0B       		.byte	0xb
 785 0443 4C       		.byte	0x4c
 786 0444 DE030000 		.4byte	0x3de
 787 0448 02       		.byte	0x2
 788 0449 23       		.byte	0x23
 789 044a 10       		.uleb128 0x10
ARM GAS  C:\Users\Matuesz\AppData\Local\Temp\ccYoGOSI.s 			page 15


 790 044b 00       		.byte	0
 791 044c 10       		.uleb128 0x10
 792 044d 04       		.byte	0x4
 793 044e 0B       		.byte	0xb
 794 044f 3C       		.byte	0x3c
 795 0450 6B040000 		.4byte	0x46b
 796 0454 11       		.uleb128 0x11
 797 0455 51000000 		.4byte	.LASF64
 798 0459 0B       		.byte	0xb
 799 045a 3D       		.byte	0x3d
 800 045b 8C040000 		.4byte	0x48c
 801 045f 11       		.uleb128 0x11
 802 0460 29030000 		.4byte	.LASF65
 803 0464 0B       		.byte	0xb
 804 0465 3E       		.byte	0x3e
 805 0466 92040000 		.4byte	0x492
 806 046a 00       		.byte	0
 807 046b 12       		.uleb128 0x12
 808 046c D3020000 		.4byte	.LASF92
 809 0470 08       		.byte	0x8
 810 0471 0B       		.byte	0xb
 811 0472 39       		.byte	0x39
 812 0473 8C040000 		.4byte	0x48c
 813 0477 11       		.uleb128 0x11
 814 0478 2E010000 		.4byte	.LASF66
 815 047c 0B       		.byte	0xb
 816 047d 3A       		.byte	0x3a
 817 047e A5020000 		.4byte	0x2a5
 818 0482 13       		.uleb128 0x13
 819 0483 6800     		.ascii	"h\000"
 820 0485 0B       		.byte	0xb
 821 0486 41       		.byte	0x41
 822 0487 98040000 		.4byte	0x498
 823 048b 00       		.byte	0
 824 048c 09       		.uleb128 0x9
 825 048d 04       		.byte	0x4
 826 048e 6B040000 		.4byte	0x46b
 827 0492 09       		.uleb128 0x9
 828 0493 04       		.byte	0x4
 829 0494 0A040000 		.4byte	0x40a
 830 0498 08       		.uleb128 0x8
 831 0499 08       		.byte	0x8
 832 049a 0B       		.byte	0xb
 833 049b 3B       		.byte	0x3b
 834 049c BB040000 		.4byte	0x4bb
 835 04a0 07       		.uleb128 0x7
 836 04a1 7500     		.ascii	"u\000"
 837 04a3 0B       		.byte	0xb
 838 04a4 3F       		.byte	0x3f
 839 04a5 4C040000 		.4byte	0x44c
 840 04a9 02       		.byte	0x2
 841 04aa 23       		.byte	0x23
 842 04ab 00       		.uleb128 0
 843 04ac 06       		.uleb128 0x6
 844 04ad 88010000 		.4byte	.LASF67
 845 04b1 0B       		.byte	0xb
 846 04b2 40       		.byte	0x40
ARM GAS  C:\Users\Matuesz\AppData\Local\Temp\ccYoGOSI.s 			page 16


 847 04b3 30000000 		.4byte	0x30
 848 04b7 02       		.byte	0x2
 849 04b8 23       		.byte	0x23
 850 04b9 04       		.uleb128 0x4
 851 04ba 00       		.byte	0
 852 04bb 10       		.uleb128 0x10
 853 04bc 04       		.byte	0x4
 854 04bd 06       		.byte	0x6
 855 04be 96       		.byte	0x96
 856 04bf F0040000 		.4byte	0x4f0
 857 04c3 11       		.uleb128 0x11
 858 04c4 0D000000 		.4byte	.LASF68
 859 04c8 06       		.byte	0x6
 860 04c9 9D       		.byte	0x9d
 861 04ca E4000000 		.4byte	0xe4
 862 04ce 11       		.uleb128 0x11
 863 04cf 41000000 		.4byte	.LASF69
 864 04d3 06       		.byte	0x6
 865 04d4 A4       		.byte	0xa4
 866 04d5 E4000000 		.4byte	0xe4
 867 04d9 11       		.uleb128 0x11
 868 04da B3030000 		.4byte	.LASF70
 869 04de 06       		.byte	0x6
 870 04df AB       		.byte	0xab
 871 04e0 A3020000 		.4byte	0x2a3
 872 04e4 11       		.uleb128 0x11
 873 04e5 EC020000 		.4byte	.LASF71
 874 04e9 06       		.byte	0x6
 875 04ea B2       		.byte	0xb2
 876 04eb EF000000 		.4byte	0xef
 877 04ef 00       		.byte	0
 878 04f0 09       		.uleb128 0x9
 879 04f1 04       		.byte	0x4
 880 04f2 F6040000 		.4byte	0x4f6
 881 04f6 14       		.uleb128 0x14
 882 04f7 FB040000 		.4byte	0x4fb
 883 04fb 04       		.uleb128 0x4
 884 04fc 01       		.byte	0x1
 885 04fd 08       		.byte	0x8
 886 04fe 60030000 		.4byte	.LASF72
 887 0502 09       		.uleb128 0x9
 888 0503 04       		.byte	0x4
 889 0504 DE030000 		.4byte	0x3de
 890 0508 03       		.uleb128 0x3
 891 0509 63010000 		.4byte	.LASF73
 892 050d 0C       		.byte	0xc
 893 050e 11       		.byte	0x11
 894 050f 3B000000 		.4byte	0x3b
 895 0513 03       		.uleb128 0x3
 896 0514 29010000 		.4byte	.LASF74
 897 0518 0C       		.byte	0xc
 898 0519 16       		.byte	0x16
 899 051a 54000000 		.4byte	0x54
 900 051e 09       		.uleb128 0x9
 901 051f 04       		.byte	0x4
 902 0520 96030000 		.4byte	0x396
 903 0524 15       		.uleb128 0x15
ARM GAS  C:\Users\Matuesz\AppData\Local\Temp\ccYoGOSI.s 			page 17


 904 0525 01       		.byte	0x1
 905 0526 EC000000 		.4byte	.LASF76
 906 052a 01       		.byte	0x1
 907 052b 22       		.byte	0x22
 908 052c 01       		.byte	0x1
 909 052d 29000000 		.4byte	0x29
 910 0531 00000000 		.4byte	.LFB7
 911 0535 1E000000 		.4byte	.LFE7
 912 0539 00000000 		.4byte	.LLST0
 913 053d 01       		.byte	0x1
 914 053e 70050000 		.4byte	0x570
 915 0542 16       		.uleb128 0x16
 916 0543 766F6C00 		.ascii	"vol\000"
 917 0547 01       		.byte	0x1
 918 0548 22       		.byte	0x22
 919 0549 13050000 		.4byte	0x513
 920 054d 20000000 		.4byte	.LLST1
 921 0551 17       		.uleb128 0x17
 922 0552 7D000000 		.4byte	.LASF75
 923 0556 01       		.byte	0x1
 924 0557 22       		.byte	0x22
 925 0558 70050000 		.4byte	0x570
 926 055c 41000000 		.4byte	.LLST2
 927 0560 18       		.uleb128 0x18
 928 0561 1A000000 		.4byte	.LVL3
 929 0565 EA060000 		.4byte	0x6ea
 930 0569 19       		.uleb128 0x19
 931 056a 01       		.byte	0x1
 932 056b 51       		.byte	0x51
 933 056c 01       		.byte	0x1
 934 056d 31       		.byte	0x31
 935 056e 00       		.byte	0
 936 056f 00       		.byte	0
 937 0570 09       		.uleb128 0x9
 938 0571 04       		.byte	0x4
 939 0572 1E050000 		.4byte	0x51e
 940 0576 15       		.uleb128 0x15
 941 0577 01       		.byte	0x1
 942 0578 C1030000 		.4byte	.LASF77
 943 057c 01       		.byte	0x1
 944 057d 2C       		.byte	0x2c
 945 057e 01       		.byte	0x1
 946 057f 29000000 		.4byte	0x29
 947 0583 00000000 		.4byte	.LFB8
 948 0587 0C000000 		.4byte	.LFE8
 949 058b 62000000 		.4byte	.LLST3
 950 058f 01       		.byte	0x1
 951 0590 BA050000 		.4byte	0x5ba
 952 0594 17       		.uleb128 0x17
 953 0595 7D000000 		.4byte	.LASF75
 954 0599 01       		.byte	0x1
 955 059a 2C       		.byte	0x2c
 956 059b 1E050000 		.4byte	0x51e
 957 059f 82000000 		.4byte	.LLST4
 958 05a3 18       		.uleb128 0x18
 959 05a4 08000000 		.4byte	.LVL5
 960 05a8 03070000 		.4byte	0x703
ARM GAS  C:\Users\Matuesz\AppData\Local\Temp\ccYoGOSI.s 			page 18


 961 05ac 19       		.uleb128 0x19
 962 05ad 01       		.byte	0x1
 963 05ae 51       		.byte	0x51
 964 05af 01       		.byte	0x1
 965 05b0 30       		.byte	0x30
 966 05b1 19       		.uleb128 0x19
 967 05b2 01       		.byte	0x1
 968 05b3 50       		.byte	0x50
 969 05b4 03       		.byte	0x3
 970 05b5 F3       		.byte	0xf3
 971 05b6 01       		.uleb128 0x1
 972 05b7 50       		.byte	0x50
 973 05b8 00       		.byte	0
 974 05b9 00       		.byte	0
 975 05ba 15       		.uleb128 0x15
 976 05bb 01       		.byte	0x1
 977 05bc 50020000 		.4byte	.LASF78
 978 05c0 01       		.byte	0x1
 979 05c1 35       		.byte	0x35
 980 05c2 01       		.byte	0x1
 981 05c3 29000000 		.4byte	0x29
 982 05c7 00000000 		.4byte	.LFB9
 983 05cb 14000000 		.4byte	.LFE9
 984 05cf A3000000 		.4byte	.LLST5
 985 05d3 01       		.byte	0x1
 986 05d4 0F060000 		.4byte	0x60f
 987 05d8 17       		.uleb128 0x17
 988 05d9 7D000000 		.4byte	.LASF75
 989 05dd 01       		.byte	0x1
 990 05de 35       		.byte	0x35
 991 05df 1E050000 		.4byte	0x51e
 992 05e3 C3000000 		.4byte	.LLST6
 993 05e7 1A       		.uleb128 0x1a
 994 05e8 6D736700 		.ascii	"msg\000"
 995 05ec 01       		.byte	0x1
 996 05ed 37       		.byte	0x37
 997 05ee E4000000 		.4byte	0xe4
 998 05f2 E4000000 		.4byte	.LLST7
 999 05f6 18       		.uleb128 0x18
 1000 05f7 0A000000 		.4byte	.LVL7
 1001 05fb 1C070000 		.4byte	0x71c
 1002 05ff 19       		.uleb128 0x19
 1003 0600 01       		.byte	0x1
 1004 0601 51       		.byte	0x51
 1005 0602 03       		.byte	0x3
 1006 0603 0A       		.byte	0xa
 1007 0604 E803     		.2byte	0x3e8
 1008 0606 19       		.uleb128 0x19
 1009 0607 01       		.byte	0x1
 1010 0608 50       		.byte	0x50
 1011 0609 03       		.byte	0x3
 1012 060a F3       		.byte	0xf3
 1013 060b 01       		.uleb128 0x1
 1014 060c 50       		.byte	0x50
 1015 060d 00       		.byte	0
 1016 060e 00       		.byte	0
 1017 060f 1B       		.uleb128 0x1b
ARM GAS  C:\Users\Matuesz\AppData\Local\Temp\ccYoGOSI.s 			page 19


 1018 0610 01       		.byte	0x1
 1019 0611 DF020000 		.4byte	.LASF80
 1020 0615 01       		.byte	0x1
 1021 0616 3E       		.byte	0x3e
 1022 0617 01       		.byte	0x1
 1023 0618 00000000 		.4byte	.LFB10
 1024 061c 04000000 		.4byte	.LFE10
 1025 0620 02       		.byte	0x2
 1026 0621 7D       		.byte	0x7d
 1027 0622 00       		.sleb128 0
 1028 0623 01       		.byte	0x1
 1029 0624 4A060000 		.4byte	0x64a
 1030 0628 17       		.uleb128 0x17
 1031 0629 7D000000 		.4byte	.LASF75
 1032 062d 01       		.byte	0x1
 1033 062e 3E       		.byte	0x3e
 1034 062f 1E050000 		.4byte	0x51e
 1035 0633 F7000000 		.4byte	.LLST8
 1036 0637 1C       		.uleb128 0x1c
 1037 0638 04000000 		.4byte	.LVL10
 1038 063c 01       		.byte	0x1
 1039 063d 39070000 		.4byte	0x739
 1040 0641 19       		.uleb128 0x19
 1041 0642 01       		.byte	0x1
 1042 0643 50       		.byte	0x50
 1043 0644 03       		.byte	0x3
 1044 0645 F3       		.byte	0xf3
 1045 0646 01       		.uleb128 0x1
 1046 0647 50       		.byte	0x50
 1047 0648 00       		.byte	0
 1048 0649 00       		.byte	0
 1049 064a 1D       		.uleb128 0x1d
 1050 064b 01       		.byte	0x1
 1051 064c CD000000 		.4byte	.LASF79
 1052 0650 01       		.byte	0x1
 1053 0651 48       		.byte	0x48
 1054 0652 01       		.byte	0x1
 1055 0653 A3020000 		.4byte	0x2a3
 1056 0657 00000000 		.4byte	.LFB11
 1057 065b 08000000 		.4byte	.LFE11
 1058 065f 02       		.byte	0x2
 1059 0660 7D       		.byte	0x7d
 1060 0661 00       		.sleb128 0
 1061 0662 01       		.byte	0x1
 1062 0663 8E060000 		.4byte	0x68e
 1063 0667 17       		.uleb128 0x17
 1064 0668 88010000 		.4byte	.LASF67
 1065 066c 01       		.byte	0x1
 1066 066d 48       		.byte	0x48
 1067 066e 08050000 		.4byte	0x508
 1068 0672 18010000 		.4byte	.LLST9
 1069 0676 1C       		.uleb128 0x1c
 1070 0677 08000000 		.4byte	.LVL13
 1071 067b 01       		.byte	0x1
 1072 067c 4D070000 		.4byte	0x74d
 1073 0680 19       		.uleb128 0x19
 1074 0681 01       		.byte	0x1
ARM GAS  C:\Users\Matuesz\AppData\Local\Temp\ccYoGOSI.s 			page 20


 1075 0682 51       		.byte	0x51
 1076 0683 03       		.byte	0x3
 1077 0684 F3       		.byte	0xf3
 1078 0685 01       		.uleb128 0x1
 1079 0686 50       		.byte	0x50
 1080 0687 19       		.uleb128 0x19
 1081 0688 01       		.byte	0x1
 1082 0689 50       		.byte	0x50
 1083 068a 01       		.byte	0x1
 1084 068b 30       		.byte	0x30
 1085 068c 00       		.byte	0
 1086 068d 00       		.byte	0
 1087 068e 1B       		.uleb128 0x1b
 1088 068f 01       		.byte	0x1
 1089 0690 58010000 		.4byte	.LASF81
 1090 0694 01       		.byte	0x1
 1091 0695 50       		.byte	0x50
 1092 0696 01       		.byte	0x1
 1093 0697 00000000 		.4byte	.LFB12
 1094 069b 04000000 		.4byte	.LFE12
 1095 069f 02       		.byte	0x2
 1096 06a0 7D       		.byte	0x7d
 1097 06a1 00       		.sleb128 0
 1098 06a2 01       		.byte	0x1
 1099 06a3 C9060000 		.4byte	0x6c9
 1100 06a7 17       		.uleb128 0x17
 1101 06a8 EB010000 		.4byte	.LASF82
 1102 06ac 01       		.byte	0x1
 1103 06ad 50       		.byte	0x50
 1104 06ae A3020000 		.4byte	0x2a3
 1105 06b2 44010000 		.4byte	.LLST10
 1106 06b6 1C       		.uleb128 0x1c
 1107 06b7 04000000 		.4byte	.LVL15
 1108 06bb 01       		.byte	0x1
 1109 06bc 6A070000 		.4byte	0x76a
 1110 06c0 19       		.uleb128 0x19
 1111 06c1 01       		.byte	0x1
 1112 06c2 50       		.byte	0x50
 1113 06c3 03       		.byte	0x3
 1114 06c4 F3       		.byte	0xf3
 1115 06c5 01       		.uleb128 0x1
 1116 06c6 50       		.byte	0x50
 1117 06c7 00       		.byte	0
 1118 06c8 00       		.byte	0
 1119 06c9 1E       		.uleb128 0x1e
 1120 06ca 96030000 		.4byte	0x396
 1121 06ce D9060000 		.4byte	0x6d9
 1122 06d2 1F       		.uleb128 0x1f
 1123 06d3 61030000 		.4byte	0x361
 1124 06d7 00       		.byte	0
 1125 06d8 00       		.byte	0
 1126 06d9 20       		.uleb128 0x20
 1127 06da 5D020000 		.4byte	.LASF83
 1128 06de 01       		.byte	0x1
 1129 06df 1D       		.byte	0x1d
 1130 06e0 C9060000 		.4byte	0x6c9
 1131 06e4 05       		.byte	0x5
ARM GAS  C:\Users\Matuesz\AppData\Local\Temp\ccYoGOSI.s 			page 21


 1132 06e5 03       		.byte	0x3
 1133 06e6 00000000 		.4byte	ff_sem
 1134 06ea 21       		.uleb128 0x21
 1135 06eb 01       		.byte	0x1
 1136 06ec E8030000 		.4byte	.LASF84
 1137 06f0 08       		.byte	0x8
 1138 06f1 35       		.byte	0x35
 1139 06f2 01       		.byte	0x1
 1140 06f3 01       		.byte	0x1
 1141 06f4 03070000 		.4byte	0x703
 1142 06f8 0F       		.uleb128 0xf
 1143 06f9 1E050000 		.4byte	0x51e
 1144 06fd 0F       		.uleb128 0xf
 1145 06fe 05010000 		.4byte	0x105
 1146 0702 00       		.byte	0
 1147 0703 21       		.uleb128 0x21
 1148 0704 01       		.byte	0x1
 1149 0705 A0010000 		.4byte	.LASF85
 1150 0709 08       		.byte	0x8
 1151 070a 36       		.byte	0x36
 1152 070b 01       		.byte	0x1
 1153 070c 01       		.byte	0x1
 1154 070d 1C070000 		.4byte	0x71c
 1155 0711 0F       		.uleb128 0xf
 1156 0712 1E050000 		.4byte	0x51e
 1157 0716 0F       		.uleb128 0xf
 1158 0717 05010000 		.4byte	0x105
 1159 071b 00       		.byte	0
 1160 071c 22       		.uleb128 0x22
 1161 071d 01       		.byte	0x1
 1162 071e 47010000 		.4byte	.LASF87
 1163 0722 08       		.byte	0x8
 1164 0723 3A       		.byte	0x3a
 1165 0724 01       		.byte	0x1
 1166 0725 E4000000 		.4byte	0xe4
 1167 0729 01       		.byte	0x1
 1168 072a 39070000 		.4byte	0x739
 1169 072e 0F       		.uleb128 0xf
 1170 072f 1E050000 		.4byte	0x51e
 1171 0733 0F       		.uleb128 0xf
 1172 0734 FA000000 		.4byte	0xfa
 1173 0738 00       		.byte	0
 1174 0739 21       		.uleb128 0x21
 1175 073a 01       		.byte	0x1
 1176 073b 04010000 		.4byte	.LASF86
 1177 073f 08       		.byte	0x8
 1178 0740 3C       		.byte	0x3c
 1179 0741 01       		.byte	0x1
 1180 0742 01       		.byte	0x1
 1181 0743 4D070000 		.4byte	0x74d
 1182 0747 0F       		.uleb128 0xf
 1183 0748 1E050000 		.4byte	0x51e
 1184 074c 00       		.byte	0
 1185 074d 22       		.uleb128 0x22
 1186 074e 01       		.byte	0x1
 1187 074f 09030000 		.4byte	.LASF88
 1188 0753 0B       		.byte	0xb
ARM GAS  C:\Users\Matuesz\AppData\Local\Temp\ccYoGOSI.s 			page 22


 1189 0754 59       		.byte	0x59
 1190 0755 01       		.byte	0x1
 1191 0756 A3020000 		.4byte	0x2a3
 1192 075a 01       		.byte	0x1
 1193 075b 6A070000 		.4byte	0x76a
 1194 075f 0F       		.uleb128 0xf
 1195 0760 92040000 		.4byte	0x492
 1196 0764 0F       		.uleb128 0xf
 1197 0765 30000000 		.4byte	0x30
 1198 0769 00       		.byte	0
 1199 076a 23       		.uleb128 0x23
 1200 076b 01       		.byte	0x1
 1201 076c C2000000 		.4byte	.LASF93
 1202 0770 0B       		.byte	0xb
 1203 0771 5A       		.byte	0x5a
 1204 0772 01       		.byte	0x1
 1205 0773 01       		.byte	0x1
 1206 0774 0F       		.uleb128 0xf
 1207 0775 A3020000 		.4byte	0x2a3
 1208 0779 00       		.byte	0
 1209 077a 00       		.byte	0
 1210              		.section	.debug_abbrev,"",%progbits
 1211              	.Ldebug_abbrev0:
 1212 0000 01       		.uleb128 0x1
 1213 0001 11       		.uleb128 0x11
 1214 0002 01       		.byte	0x1
 1215 0003 25       		.uleb128 0x25
 1216 0004 0E       		.uleb128 0xe
 1217 0005 13       		.uleb128 0x13
 1218 0006 0B       		.uleb128 0xb
 1219 0007 03       		.uleb128 0x3
 1220 0008 0E       		.uleb128 0xe
 1221 0009 1B       		.uleb128 0x1b
 1222 000a 0E       		.uleb128 0xe
 1223 000b 55       		.uleb128 0x55
 1224 000c 06       		.uleb128 0x6
 1225 000d 11       		.uleb128 0x11
 1226 000e 01       		.uleb128 0x1
 1227 000f 52       		.uleb128 0x52
 1228 0010 01       		.uleb128 0x1
 1229 0011 10       		.uleb128 0x10
 1230 0012 06       		.uleb128 0x6
 1231 0013 00       		.byte	0
 1232 0014 00       		.byte	0
 1233 0015 02       		.uleb128 0x2
 1234 0016 24       		.uleb128 0x24
 1235 0017 00       		.byte	0
 1236 0018 0B       		.uleb128 0xb
 1237 0019 0B       		.uleb128 0xb
 1238 001a 3E       		.uleb128 0x3e
 1239 001b 0B       		.uleb128 0xb
 1240 001c 03       		.uleb128 0x3
 1241 001d 08       		.uleb128 0x8
 1242 001e 00       		.byte	0
 1243 001f 00       		.byte	0
 1244 0020 03       		.uleb128 0x3
 1245 0021 16       		.uleb128 0x16
ARM GAS  C:\Users\Matuesz\AppData\Local\Temp\ccYoGOSI.s 			page 23


 1246 0022 00       		.byte	0
 1247 0023 03       		.uleb128 0x3
 1248 0024 0E       		.uleb128 0xe
 1249 0025 3A       		.uleb128 0x3a
 1250 0026 0B       		.uleb128 0xb
 1251 0027 3B       		.uleb128 0x3b
 1252 0028 0B       		.uleb128 0xb
 1253 0029 49       		.uleb128 0x49
 1254 002a 13       		.uleb128 0x13
 1255 002b 00       		.byte	0
 1256 002c 00       		.byte	0
 1257 002d 04       		.uleb128 0x4
 1258 002e 24       		.uleb128 0x24
 1259 002f 00       		.byte	0
 1260 0030 0B       		.uleb128 0xb
 1261 0031 0B       		.uleb128 0xb
 1262 0032 3E       		.uleb128 0x3e
 1263 0033 0B       		.uleb128 0xb
 1264 0034 03       		.uleb128 0x3
 1265 0035 0E       		.uleb128 0xe
 1266 0036 00       		.byte	0
 1267 0037 00       		.byte	0
 1268 0038 05       		.uleb128 0x5
 1269 0039 13       		.uleb128 0x13
 1270 003a 01       		.byte	0x1
 1271 003b 03       		.uleb128 0x3
 1272 003c 0E       		.uleb128 0xe
 1273 003d 0B       		.uleb128 0xb
 1274 003e 0B       		.uleb128 0xb
 1275 003f 3A       		.uleb128 0x3a
 1276 0040 0B       		.uleb128 0xb
 1277 0041 3B       		.uleb128 0x3b
 1278 0042 0B       		.uleb128 0xb
 1279 0043 01       		.uleb128 0x1
 1280 0044 13       		.uleb128 0x13
 1281 0045 00       		.byte	0
 1282 0046 00       		.byte	0
 1283 0047 06       		.uleb128 0x6
 1284 0048 0D       		.uleb128 0xd
 1285 0049 00       		.byte	0
 1286 004a 03       		.uleb128 0x3
 1287 004b 0E       		.uleb128 0xe
 1288 004c 3A       		.uleb128 0x3a
 1289 004d 0B       		.uleb128 0xb
 1290 004e 3B       		.uleb128 0x3b
 1291 004f 0B       		.uleb128 0xb
 1292 0050 49       		.uleb128 0x49
 1293 0051 13       		.uleb128 0x13
 1294 0052 38       		.uleb128 0x38
 1295 0053 0A       		.uleb128 0xa
 1296 0054 00       		.byte	0
 1297 0055 00       		.byte	0
 1298 0056 07       		.uleb128 0x7
 1299 0057 0D       		.uleb128 0xd
 1300 0058 00       		.byte	0
 1301 0059 03       		.uleb128 0x3
 1302 005a 08       		.uleb128 0x8
ARM GAS  C:\Users\Matuesz\AppData\Local\Temp\ccYoGOSI.s 			page 24


 1303 005b 3A       		.uleb128 0x3a
 1304 005c 0B       		.uleb128 0xb
 1305 005d 3B       		.uleb128 0x3b
 1306 005e 0B       		.uleb128 0xb
 1307 005f 49       		.uleb128 0x49
 1308 0060 13       		.uleb128 0x13
 1309 0061 38       		.uleb128 0x38
 1310 0062 0A       		.uleb128 0xa
 1311 0063 00       		.byte	0
 1312 0064 00       		.byte	0
 1313 0065 08       		.uleb128 0x8
 1314 0066 13       		.uleb128 0x13
 1315 0067 01       		.byte	0x1
 1316 0068 0B       		.uleb128 0xb
 1317 0069 0B       		.uleb128 0xb
 1318 006a 3A       		.uleb128 0x3a
 1319 006b 0B       		.uleb128 0xb
 1320 006c 3B       		.uleb128 0x3b
 1321 006d 0B       		.uleb128 0xb
 1322 006e 01       		.uleb128 0x1
 1323 006f 13       		.uleb128 0x13
 1324 0070 00       		.byte	0
 1325 0071 00       		.byte	0
 1326 0072 09       		.uleb128 0x9
 1327 0073 0F       		.uleb128 0xf
 1328 0074 00       		.byte	0
 1329 0075 0B       		.uleb128 0xb
 1330 0076 0B       		.uleb128 0xb
 1331 0077 49       		.uleb128 0x49
 1332 0078 13       		.uleb128 0x13
 1333 0079 00       		.byte	0
 1334 007a 00       		.byte	0
 1335 007b 0A       		.uleb128 0xa
 1336 007c 0F       		.uleb128 0xf
 1337 007d 00       		.byte	0
 1338 007e 0B       		.uleb128 0xb
 1339 007f 0B       		.uleb128 0xb
 1340 0080 00       		.byte	0
 1341 0081 00       		.byte	0
 1342 0082 0B       		.uleb128 0xb
 1343 0083 13       		.uleb128 0x13
 1344 0084 01       		.byte	0x1
 1345 0085 03       		.uleb128 0x3
 1346 0086 0E       		.uleb128 0xe
 1347 0087 0B       		.uleb128 0xb
 1348 0088 0B       		.uleb128 0xb
 1349 0089 3A       		.uleb128 0x3a
 1350 008a 0B       		.uleb128 0xb
 1351 008b 3B       		.uleb128 0x3b
 1352 008c 05       		.uleb128 0x5
 1353 008d 01       		.uleb128 0x1
 1354 008e 13       		.uleb128 0x13
 1355 008f 00       		.byte	0
 1356 0090 00       		.byte	0
 1357 0091 0C       		.uleb128 0xc
 1358 0092 0D       		.uleb128 0xd
 1359 0093 00       		.byte	0
ARM GAS  C:\Users\Matuesz\AppData\Local\Temp\ccYoGOSI.s 			page 25


 1360 0094 03       		.uleb128 0x3
 1361 0095 08       		.uleb128 0x8
 1362 0096 3A       		.uleb128 0x3a
 1363 0097 0B       		.uleb128 0xb
 1364 0098 3B       		.uleb128 0x3b
 1365 0099 05       		.uleb128 0x5
 1366 009a 49       		.uleb128 0x49
 1367 009b 13       		.uleb128 0x13
 1368 009c 38       		.uleb128 0x38
 1369 009d 0A       		.uleb128 0xa
 1370 009e 00       		.byte	0
 1371 009f 00       		.byte	0
 1372 00a0 0D       		.uleb128 0xd
 1373 00a1 35       		.uleb128 0x35
 1374 00a2 00       		.byte	0
 1375 00a3 49       		.uleb128 0x49
 1376 00a4 13       		.uleb128 0x13
 1377 00a5 00       		.byte	0
 1378 00a6 00       		.byte	0
 1379 00a7 0E       		.uleb128 0xe
 1380 00a8 15       		.uleb128 0x15
 1381 00a9 01       		.byte	0x1
 1382 00aa 27       		.uleb128 0x27
 1383 00ab 0C       		.uleb128 0xc
 1384 00ac 49       		.uleb128 0x49
 1385 00ad 13       		.uleb128 0x13
 1386 00ae 01       		.uleb128 0x1
 1387 00af 13       		.uleb128 0x13
 1388 00b0 00       		.byte	0
 1389 00b1 00       		.byte	0
 1390 00b2 0F       		.uleb128 0xf
 1391 00b3 05       		.uleb128 0x5
 1392 00b4 00       		.byte	0
 1393 00b5 49       		.uleb128 0x49
 1394 00b6 13       		.uleb128 0x13
 1395 00b7 00       		.byte	0
 1396 00b8 00       		.byte	0
 1397 00b9 10       		.uleb128 0x10
 1398 00ba 17       		.uleb128 0x17
 1399 00bb 01       		.byte	0x1
 1400 00bc 0B       		.uleb128 0xb
 1401 00bd 0B       		.uleb128 0xb
 1402 00be 3A       		.uleb128 0x3a
 1403 00bf 0B       		.uleb128 0xb
 1404 00c0 3B       		.uleb128 0x3b
 1405 00c1 0B       		.uleb128 0xb
 1406 00c2 01       		.uleb128 0x1
 1407 00c3 13       		.uleb128 0x13
 1408 00c4 00       		.byte	0
 1409 00c5 00       		.byte	0
 1410 00c6 11       		.uleb128 0x11
 1411 00c7 0D       		.uleb128 0xd
 1412 00c8 00       		.byte	0
 1413 00c9 03       		.uleb128 0x3
 1414 00ca 0E       		.uleb128 0xe
 1415 00cb 3A       		.uleb128 0x3a
 1416 00cc 0B       		.uleb128 0xb
ARM GAS  C:\Users\Matuesz\AppData\Local\Temp\ccYoGOSI.s 			page 26


 1417 00cd 3B       		.uleb128 0x3b
 1418 00ce 0B       		.uleb128 0xb
 1419 00cf 49       		.uleb128 0x49
 1420 00d0 13       		.uleb128 0x13
 1421 00d1 00       		.byte	0
 1422 00d2 00       		.byte	0
 1423 00d3 12       		.uleb128 0x12
 1424 00d4 17       		.uleb128 0x17
 1425 00d5 01       		.byte	0x1
 1426 00d6 03       		.uleb128 0x3
 1427 00d7 0E       		.uleb128 0xe
 1428 00d8 0B       		.uleb128 0xb
 1429 00d9 0B       		.uleb128 0xb
 1430 00da 3A       		.uleb128 0x3a
 1431 00db 0B       		.uleb128 0xb
 1432 00dc 3B       		.uleb128 0x3b
 1433 00dd 0B       		.uleb128 0xb
 1434 00de 01       		.uleb128 0x1
 1435 00df 13       		.uleb128 0x13
 1436 00e0 00       		.byte	0
 1437 00e1 00       		.byte	0
 1438 00e2 13       		.uleb128 0x13
 1439 00e3 0D       		.uleb128 0xd
 1440 00e4 00       		.byte	0
 1441 00e5 03       		.uleb128 0x3
 1442 00e6 08       		.uleb128 0x8
 1443 00e7 3A       		.uleb128 0x3a
 1444 00e8 0B       		.uleb128 0xb
 1445 00e9 3B       		.uleb128 0x3b
 1446 00ea 0B       		.uleb128 0xb
 1447 00eb 49       		.uleb128 0x49
 1448 00ec 13       		.uleb128 0x13
 1449 00ed 00       		.byte	0
 1450 00ee 00       		.byte	0
 1451 00ef 14       		.uleb128 0x14
 1452 00f0 26       		.uleb128 0x26
 1453 00f1 00       		.byte	0
 1454 00f2 49       		.uleb128 0x49
 1455 00f3 13       		.uleb128 0x13
 1456 00f4 00       		.byte	0
 1457 00f5 00       		.byte	0
 1458 00f6 15       		.uleb128 0x15
 1459 00f7 2E       		.uleb128 0x2e
 1460 00f8 01       		.byte	0x1
 1461 00f9 3F       		.uleb128 0x3f
 1462 00fa 0C       		.uleb128 0xc
 1463 00fb 03       		.uleb128 0x3
 1464 00fc 0E       		.uleb128 0xe
 1465 00fd 3A       		.uleb128 0x3a
 1466 00fe 0B       		.uleb128 0xb
 1467 00ff 3B       		.uleb128 0x3b
 1468 0100 0B       		.uleb128 0xb
 1469 0101 27       		.uleb128 0x27
 1470 0102 0C       		.uleb128 0xc
 1471 0103 49       		.uleb128 0x49
 1472 0104 13       		.uleb128 0x13
 1473 0105 11       		.uleb128 0x11
ARM GAS  C:\Users\Matuesz\AppData\Local\Temp\ccYoGOSI.s 			page 27


 1474 0106 01       		.uleb128 0x1
 1475 0107 12       		.uleb128 0x12
 1476 0108 01       		.uleb128 0x1
 1477 0109 40       		.uleb128 0x40
 1478 010a 06       		.uleb128 0x6
 1479 010b 9742     		.uleb128 0x2117
 1480 010d 0C       		.uleb128 0xc
 1481 010e 01       		.uleb128 0x1
 1482 010f 13       		.uleb128 0x13
 1483 0110 00       		.byte	0
 1484 0111 00       		.byte	0
 1485 0112 16       		.uleb128 0x16
 1486 0113 05       		.uleb128 0x5
 1487 0114 00       		.byte	0
 1488 0115 03       		.uleb128 0x3
 1489 0116 08       		.uleb128 0x8
 1490 0117 3A       		.uleb128 0x3a
 1491 0118 0B       		.uleb128 0xb
 1492 0119 3B       		.uleb128 0x3b
 1493 011a 0B       		.uleb128 0xb
 1494 011b 49       		.uleb128 0x49
 1495 011c 13       		.uleb128 0x13
 1496 011d 02       		.uleb128 0x2
 1497 011e 06       		.uleb128 0x6
 1498 011f 00       		.byte	0
 1499 0120 00       		.byte	0
 1500 0121 17       		.uleb128 0x17
 1501 0122 05       		.uleb128 0x5
 1502 0123 00       		.byte	0
 1503 0124 03       		.uleb128 0x3
 1504 0125 0E       		.uleb128 0xe
 1505 0126 3A       		.uleb128 0x3a
 1506 0127 0B       		.uleb128 0xb
 1507 0128 3B       		.uleb128 0x3b
 1508 0129 0B       		.uleb128 0xb
 1509 012a 49       		.uleb128 0x49
 1510 012b 13       		.uleb128 0x13
 1511 012c 02       		.uleb128 0x2
 1512 012d 06       		.uleb128 0x6
 1513 012e 00       		.byte	0
 1514 012f 00       		.byte	0
 1515 0130 18       		.uleb128 0x18
 1516 0131 898201   		.uleb128 0x4109
 1517 0134 01       		.byte	0x1
 1518 0135 11       		.uleb128 0x11
 1519 0136 01       		.uleb128 0x1
 1520 0137 31       		.uleb128 0x31
 1521 0138 13       		.uleb128 0x13
 1522 0139 00       		.byte	0
 1523 013a 00       		.byte	0
 1524 013b 19       		.uleb128 0x19
 1525 013c 8A8201   		.uleb128 0x410a
 1526 013f 00       		.byte	0
 1527 0140 02       		.uleb128 0x2
 1528 0141 0A       		.uleb128 0xa
 1529 0142 9142     		.uleb128 0x2111
 1530 0144 0A       		.uleb128 0xa
ARM GAS  C:\Users\Matuesz\AppData\Local\Temp\ccYoGOSI.s 			page 28


 1531 0145 00       		.byte	0
 1532 0146 00       		.byte	0
 1533 0147 1A       		.uleb128 0x1a
 1534 0148 34       		.uleb128 0x34
 1535 0149 00       		.byte	0
 1536 014a 03       		.uleb128 0x3
 1537 014b 08       		.uleb128 0x8
 1538 014c 3A       		.uleb128 0x3a
 1539 014d 0B       		.uleb128 0xb
 1540 014e 3B       		.uleb128 0x3b
 1541 014f 0B       		.uleb128 0xb
 1542 0150 49       		.uleb128 0x49
 1543 0151 13       		.uleb128 0x13
 1544 0152 02       		.uleb128 0x2
 1545 0153 06       		.uleb128 0x6
 1546 0154 00       		.byte	0
 1547 0155 00       		.byte	0
 1548 0156 1B       		.uleb128 0x1b
 1549 0157 2E       		.uleb128 0x2e
 1550 0158 01       		.byte	0x1
 1551 0159 3F       		.uleb128 0x3f
 1552 015a 0C       		.uleb128 0xc
 1553 015b 03       		.uleb128 0x3
 1554 015c 0E       		.uleb128 0xe
 1555 015d 3A       		.uleb128 0x3a
 1556 015e 0B       		.uleb128 0xb
 1557 015f 3B       		.uleb128 0x3b
 1558 0160 0B       		.uleb128 0xb
 1559 0161 27       		.uleb128 0x27
 1560 0162 0C       		.uleb128 0xc
 1561 0163 11       		.uleb128 0x11
 1562 0164 01       		.uleb128 0x1
 1563 0165 12       		.uleb128 0x12
 1564 0166 01       		.uleb128 0x1
 1565 0167 40       		.uleb128 0x40
 1566 0168 0A       		.uleb128 0xa
 1567 0169 9742     		.uleb128 0x2117
 1568 016b 0C       		.uleb128 0xc
 1569 016c 01       		.uleb128 0x1
 1570 016d 13       		.uleb128 0x13
 1571 016e 00       		.byte	0
 1572 016f 00       		.byte	0
 1573 0170 1C       		.uleb128 0x1c
 1574 0171 898201   		.uleb128 0x4109
 1575 0174 01       		.byte	0x1
 1576 0175 11       		.uleb128 0x11
 1577 0176 01       		.uleb128 0x1
 1578 0177 9542     		.uleb128 0x2115
 1579 0179 0C       		.uleb128 0xc
 1580 017a 31       		.uleb128 0x31
 1581 017b 13       		.uleb128 0x13
 1582 017c 00       		.byte	0
 1583 017d 00       		.byte	0
 1584 017e 1D       		.uleb128 0x1d
 1585 017f 2E       		.uleb128 0x2e
 1586 0180 01       		.byte	0x1
 1587 0181 3F       		.uleb128 0x3f
ARM GAS  C:\Users\Matuesz\AppData\Local\Temp\ccYoGOSI.s 			page 29


 1588 0182 0C       		.uleb128 0xc
 1589 0183 03       		.uleb128 0x3
 1590 0184 0E       		.uleb128 0xe
 1591 0185 3A       		.uleb128 0x3a
 1592 0186 0B       		.uleb128 0xb
 1593 0187 3B       		.uleb128 0x3b
 1594 0188 0B       		.uleb128 0xb
 1595 0189 27       		.uleb128 0x27
 1596 018a 0C       		.uleb128 0xc
 1597 018b 49       		.uleb128 0x49
 1598 018c 13       		.uleb128 0x13
 1599 018d 11       		.uleb128 0x11
 1600 018e 01       		.uleb128 0x1
 1601 018f 12       		.uleb128 0x12
 1602 0190 01       		.uleb128 0x1
 1603 0191 40       		.uleb128 0x40
 1604 0192 0A       		.uleb128 0xa
 1605 0193 9742     		.uleb128 0x2117
 1606 0195 0C       		.uleb128 0xc
 1607 0196 01       		.uleb128 0x1
 1608 0197 13       		.uleb128 0x13
 1609 0198 00       		.byte	0
 1610 0199 00       		.byte	0
 1611 019a 1E       		.uleb128 0x1e
 1612 019b 01       		.uleb128 0x1
 1613 019c 01       		.byte	0x1
 1614 019d 49       		.uleb128 0x49
 1615 019e 13       		.uleb128 0x13
 1616 019f 01       		.uleb128 0x1
 1617 01a0 13       		.uleb128 0x13
 1618 01a1 00       		.byte	0
 1619 01a2 00       		.byte	0
 1620 01a3 1F       		.uleb128 0x1f
 1621 01a4 21       		.uleb128 0x21
 1622 01a5 00       		.byte	0
 1623 01a6 49       		.uleb128 0x49
 1624 01a7 13       		.uleb128 0x13
 1625 01a8 2F       		.uleb128 0x2f
 1626 01a9 0B       		.uleb128 0xb
 1627 01aa 00       		.byte	0
 1628 01ab 00       		.byte	0
 1629 01ac 20       		.uleb128 0x20
 1630 01ad 34       		.uleb128 0x34
 1631 01ae 00       		.byte	0
 1632 01af 03       		.uleb128 0x3
 1633 01b0 0E       		.uleb128 0xe
 1634 01b1 3A       		.uleb128 0x3a
 1635 01b2 0B       		.uleb128 0xb
 1636 01b3 3B       		.uleb128 0x3b
 1637 01b4 0B       		.uleb128 0xb
 1638 01b5 49       		.uleb128 0x49
 1639 01b6 13       		.uleb128 0x13
 1640 01b7 02       		.uleb128 0x2
 1641 01b8 0A       		.uleb128 0xa
 1642 01b9 00       		.byte	0
 1643 01ba 00       		.byte	0
 1644 01bb 21       		.uleb128 0x21
ARM GAS  C:\Users\Matuesz\AppData\Local\Temp\ccYoGOSI.s 			page 30


 1645 01bc 2E       		.uleb128 0x2e
 1646 01bd 01       		.byte	0x1
 1647 01be 3F       		.uleb128 0x3f
 1648 01bf 0C       		.uleb128 0xc
 1649 01c0 03       		.uleb128 0x3
 1650 01c1 0E       		.uleb128 0xe
 1651 01c2 3A       		.uleb128 0x3a
 1652 01c3 0B       		.uleb128 0xb
 1653 01c4 3B       		.uleb128 0x3b
 1654 01c5 0B       		.uleb128 0xb
 1655 01c6 27       		.uleb128 0x27
 1656 01c7 0C       		.uleb128 0xc
 1657 01c8 3C       		.uleb128 0x3c
 1658 01c9 0C       		.uleb128 0xc
 1659 01ca 01       		.uleb128 0x1
 1660 01cb 13       		.uleb128 0x13
 1661 01cc 00       		.byte	0
 1662 01cd 00       		.byte	0
 1663 01ce 22       		.uleb128 0x22
 1664 01cf 2E       		.uleb128 0x2e
 1665 01d0 01       		.byte	0x1
 1666 01d1 3F       		.uleb128 0x3f
 1667 01d2 0C       		.uleb128 0xc
 1668 01d3 03       		.uleb128 0x3
 1669 01d4 0E       		.uleb128 0xe
 1670 01d5 3A       		.uleb128 0x3a
 1671 01d6 0B       		.uleb128 0xb
 1672 01d7 3B       		.uleb128 0x3b
 1673 01d8 0B       		.uleb128 0xb
 1674 01d9 27       		.uleb128 0x27
 1675 01da 0C       		.uleb128 0xc
 1676 01db 49       		.uleb128 0x49
 1677 01dc 13       		.uleb128 0x13
 1678 01dd 3C       		.uleb128 0x3c
 1679 01de 0C       		.uleb128 0xc
 1680 01df 01       		.uleb128 0x1
 1681 01e0 13       		.uleb128 0x13
 1682 01e1 00       		.byte	0
 1683 01e2 00       		.byte	0
 1684 01e3 23       		.uleb128 0x23
 1685 01e4 2E       		.uleb128 0x2e
 1686 01e5 01       		.byte	0x1
 1687 01e6 3F       		.uleb128 0x3f
 1688 01e7 0C       		.uleb128 0xc
 1689 01e8 03       		.uleb128 0x3
 1690 01e9 0E       		.uleb128 0xe
 1691 01ea 3A       		.uleb128 0x3a
 1692 01eb 0B       		.uleb128 0xb
 1693 01ec 3B       		.uleb128 0x3b
 1694 01ed 0B       		.uleb128 0xb
 1695 01ee 27       		.uleb128 0x27
 1696 01ef 0C       		.uleb128 0xc
 1697 01f0 3C       		.uleb128 0x3c
 1698 01f1 0C       		.uleb128 0xc
 1699 01f2 00       		.byte	0
 1700 01f3 00       		.byte	0
 1701 01f4 00       		.byte	0
ARM GAS  C:\Users\Matuesz\AppData\Local\Temp\ccYoGOSI.s 			page 31


 1702              		.section	.debug_loc,"",%progbits
 1703              	.Ldebug_loc0:
 1704              	.LLST0:
 1705 0000 00000000 		.4byte	.LFB7
 1706 0004 02000000 		.4byte	.LCFI0
 1707 0008 0200     		.2byte	0x2
 1708 000a 7D       		.byte	0x7d
 1709 000b 00       		.sleb128 0
 1710 000c 02000000 		.4byte	.LCFI0
 1711 0010 1E000000 		.4byte	.LFE7
 1712 0014 0200     		.2byte	0x2
 1713 0016 7D       		.byte	0x7d
 1714 0017 08       		.sleb128 8
 1715 0018 00000000 		.4byte	0
 1716 001c 00000000 		.4byte	0
 1717              	.LLST1:
 1718 0020 00000000 		.4byte	.LVL0
 1719 0024 0E000000 		.4byte	.LVL1
 1720 0028 0100     		.2byte	0x1
 1721 002a 50       		.byte	0x50
 1722 002b 0E000000 		.4byte	.LVL1
 1723 002f 1E000000 		.4byte	.LFE7
 1724 0033 0400     		.2byte	0x4
 1725 0035 F3       		.byte	0xf3
 1726 0036 01       		.uleb128 0x1
 1727 0037 50       		.byte	0x50
 1728 0038 9F       		.byte	0x9f
 1729 0039 00000000 		.4byte	0
 1730 003d 00000000 		.4byte	0
 1731              	.LLST2:
 1732 0041 00000000 		.4byte	.LVL0
 1733 0045 16000000 		.4byte	.LVL2
 1734 0049 0100     		.2byte	0x1
 1735 004b 51       		.byte	0x51
 1736 004c 16000000 		.4byte	.LVL2
 1737 0050 1E000000 		.4byte	.LFE7
 1738 0054 0400     		.2byte	0x4
 1739 0056 F3       		.byte	0xf3
 1740 0057 01       		.uleb128 0x1
 1741 0058 51       		.byte	0x51
 1742 0059 9F       		.byte	0x9f
 1743 005a 00000000 		.4byte	0
 1744 005e 00000000 		.4byte	0
 1745              	.LLST3:
 1746 0062 00000000 		.4byte	.LFB8
 1747 0066 02000000 		.4byte	.LCFI1
 1748 006a 0200     		.2byte	0x2
 1749 006c 7D       		.byte	0x7d
 1750 006d 00       		.sleb128 0
 1751 006e 02000000 		.4byte	.LCFI1
 1752 0072 0C000000 		.4byte	.LFE8
 1753 0076 0200     		.2byte	0x2
 1754 0078 7D       		.byte	0x7d
 1755 0079 08       		.sleb128 8
 1756 007a 00000000 		.4byte	0
 1757 007e 00000000 		.4byte	0
 1758              	.LLST4:
ARM GAS  C:\Users\Matuesz\AppData\Local\Temp\ccYoGOSI.s 			page 32


 1759 0082 00000000 		.4byte	.LVL4
 1760 0086 07000000 		.4byte	.LVL5-1
 1761 008a 0100     		.2byte	0x1
 1762 008c 50       		.byte	0x50
 1763 008d 07000000 		.4byte	.LVL5-1
 1764 0091 0C000000 		.4byte	.LFE8
 1765 0095 0400     		.2byte	0x4
 1766 0097 F3       		.byte	0xf3
 1767 0098 01       		.uleb128 0x1
 1768 0099 50       		.byte	0x50
 1769 009a 9F       		.byte	0x9f
 1770 009b 00000000 		.4byte	0
 1771 009f 00000000 		.4byte	0
 1772              	.LLST5:
 1773 00a3 00000000 		.4byte	.LFB9
 1774 00a7 02000000 		.4byte	.LCFI2
 1775 00ab 0200     		.2byte	0x2
 1776 00ad 7D       		.byte	0x7d
 1777 00ae 00       		.sleb128 0
 1778 00af 02000000 		.4byte	.LCFI2
 1779 00b3 14000000 		.4byte	.LFE9
 1780 00b7 0200     		.2byte	0x2
 1781 00b9 7D       		.byte	0x7d
 1782 00ba 08       		.sleb128 8
 1783 00bb 00000000 		.4byte	0
 1784 00bf 00000000 		.4byte	0
 1785              	.LLST6:
 1786 00c3 00000000 		.4byte	.LVL6
 1787 00c7 09000000 		.4byte	.LVL7-1
 1788 00cb 0100     		.2byte	0x1
 1789 00cd 50       		.byte	0x50
 1790 00ce 09000000 		.4byte	.LVL7-1
 1791 00d2 14000000 		.4byte	.LFE9
 1792 00d6 0400     		.2byte	0x4
 1793 00d8 F3       		.byte	0xf3
 1794 00d9 01       		.uleb128 0x1
 1795 00da 50       		.byte	0x50
 1796 00db 9F       		.byte	0x9f
 1797 00dc 00000000 		.4byte	0
 1798 00e0 00000000 		.4byte	0
 1799              	.LLST7:
 1800 00e4 0A000000 		.4byte	.LVL7
 1801 00e8 0E000000 		.4byte	.LVL8
 1802 00ec 0100     		.2byte	0x1
 1803 00ee 50       		.byte	0x50
 1804 00ef 00000000 		.4byte	0
 1805 00f3 00000000 		.4byte	0
 1806              	.LLST8:
 1807 00f7 00000000 		.4byte	.LVL9
 1808 00fb 03000000 		.4byte	.LVL10-1
 1809 00ff 0100     		.2byte	0x1
 1810 0101 50       		.byte	0x50
 1811 0102 03000000 		.4byte	.LVL10-1
 1812 0106 04000000 		.4byte	.LFE10
 1813 010a 0400     		.2byte	0x4
 1814 010c F3       		.byte	0xf3
 1815 010d 01       		.uleb128 0x1
ARM GAS  C:\Users\Matuesz\AppData\Local\Temp\ccYoGOSI.s 			page 33


 1816 010e 50       		.byte	0x50
 1817 010f 9F       		.byte	0x9f
 1818 0110 00000000 		.4byte	0
 1819 0114 00000000 		.4byte	0
 1820              	.LLST9:
 1821 0118 00000000 		.4byte	.LVL11
 1822 011c 04000000 		.4byte	.LVL12
 1823 0120 0100     		.2byte	0x1
 1824 0122 50       		.byte	0x50
 1825 0123 04000000 		.4byte	.LVL12
 1826 0127 07000000 		.4byte	.LVL13-1
 1827 012b 0100     		.2byte	0x1
 1828 012d 51       		.byte	0x51
 1829 012e 07000000 		.4byte	.LVL13-1
 1830 0132 08000000 		.4byte	.LFE11
 1831 0136 0400     		.2byte	0x4
 1832 0138 F3       		.byte	0xf3
 1833 0139 01       		.uleb128 0x1
 1834 013a 50       		.byte	0x50
 1835 013b 9F       		.byte	0x9f
 1836 013c 00000000 		.4byte	0
 1837 0140 00000000 		.4byte	0
 1838              	.LLST10:
 1839 0144 00000000 		.4byte	.LVL14
 1840 0148 03000000 		.4byte	.LVL15-1
 1841 014c 0100     		.2byte	0x1
 1842 014e 50       		.byte	0x50
 1843 014f 03000000 		.4byte	.LVL15-1
 1844 0153 04000000 		.4byte	.LFE12
 1845 0157 0400     		.2byte	0x4
 1846 0159 F3       		.byte	0xf3
 1847 015a 01       		.uleb128 0x1
 1848 015b 50       		.byte	0x50
 1849 015c 9F       		.byte	0x9f
 1850 015d 00000000 		.4byte	0
 1851 0161 00000000 		.4byte	0
 1852              		.section	.debug_aranges,"",%progbits
 1853 0000 44000000 		.4byte	0x44
 1854 0004 0200     		.2byte	0x2
 1855 0006 00000000 		.4byte	.Ldebug_info0
 1856 000a 04       		.byte	0x4
 1857 000b 00       		.byte	0
 1858 000c 0000     		.2byte	0
 1859 000e 0000     		.2byte	0
 1860 0010 00000000 		.4byte	.LFB7
 1861 0014 1E000000 		.4byte	.LFE7-.LFB7
 1862 0018 00000000 		.4byte	.LFB8
 1863 001c 0C000000 		.4byte	.LFE8-.LFB8
 1864 0020 00000000 		.4byte	.LFB9
 1865 0024 14000000 		.4byte	.LFE9-.LFB9
 1866 0028 00000000 		.4byte	.LFB10
 1867 002c 04000000 		.4byte	.LFE10-.LFB10
 1868 0030 00000000 		.4byte	.LFB11
 1869 0034 08000000 		.4byte	.LFE11-.LFB11
 1870 0038 00000000 		.4byte	.LFB12
 1871 003c 04000000 		.4byte	.LFE12-.LFB12
 1872 0040 00000000 		.4byte	0
ARM GAS  C:\Users\Matuesz\AppData\Local\Temp\ccYoGOSI.s 			page 34


 1873 0044 00000000 		.4byte	0
 1874              		.section	.debug_ranges,"",%progbits
 1875              	.Ldebug_ranges0:
 1876 0000 00000000 		.4byte	.LFB7
 1877 0004 1E000000 		.4byte	.LFE7
 1878 0008 00000000 		.4byte	.LFB8
 1879 000c 0C000000 		.4byte	.LFE8
 1880 0010 00000000 		.4byte	.LFB9
 1881 0014 14000000 		.4byte	.LFE9
 1882 0018 00000000 		.4byte	.LFB10
 1883 001c 04000000 		.4byte	.LFE10
 1884 0020 00000000 		.4byte	.LFB11
 1885 0024 08000000 		.4byte	.LFE11
 1886 0028 00000000 		.4byte	.LFB12
 1887 002c 04000000 		.4byte	.LFE12
 1888 0030 00000000 		.4byte	0
 1889 0034 00000000 		.4byte	0
 1890              		.section	.debug_line,"",%progbits
 1891              	.Ldebug_line0:
 1892 0000 6A020000 		.section	.debug_str,"MS",%progbits,1
 1892      0200F901 
 1892      00000201 
 1892      FB0E0D00 
 1892      01010101 
 1893              	.LASF39:
 1894 0000 705F6D73 		.ascii	"p_msg\000"
 1894      6700
 1895              	.LASF2:
 1896 0006 73697A65 		.ascii	"size_t\000"
 1896      5F7400
 1897              	.LASF68:
 1898 000d 7264796D 		.ascii	"rdymsg\000"
 1898      736700
 1899              	.LASF12:
 1900 0014 75696E74 		.ascii	"uint64_t\000"
 1900      36345F74 
 1900      00
 1901              	.LASF58:
 1902 001d 6D656D67 		.ascii	"memgetfunc_t\000"
 1902      65746675 
 1902      6E635F74 
 1902      00
 1903              	.LASF13:
 1904 002a 6C6F6E67 		.ascii	"long long unsigned int\000"
 1904      206C6F6E 
 1904      6720756E 
 1904      7369676E 
 1904      65642069 
 1905              	.LASF69:
 1906 0041 65786974 		.ascii	"exitcode\000"
 1906      636F6465 
 1906      00
 1907              	.LASF62:
 1908 004a 685F6672 		.ascii	"h_free\000"
 1908      656500
 1909              	.LASF64:
 1910 0051 6E657874 		.ascii	"next\000"
ARM GAS  C:\Users\Matuesz\AppData\Local\Temp\ccYoGOSI.s 			page 35


 1910      00
 1911              	.LASF27:
 1912 0056 705F7072 		.ascii	"p_prio\000"
 1912      696F00
 1913              	.LASF11:
 1914 005d 6C6F6E67 		.ascii	"long long int\000"
 1914      206C6F6E 
 1914      6720696E 
 1914      7400
 1915              	.LASF1:
 1916 006b 7369676E 		.ascii	"signed char\000"
 1916      65642063 
 1916      68617200 
 1917              	.LASF63:
 1918 0077 685F6D74 		.ascii	"h_mtx\000"
 1918      7800
 1919              	.LASF75:
 1920 007d 736F626A 		.ascii	"sobj\000"
 1920      00
 1921              	.LASF43:
 1922 0082 705F6D70 		.ascii	"p_mpool\000"
 1922      6F6F6C00 
 1923              	.LASF55:
 1924 008a 6D5F7175 		.ascii	"m_queue\000"
 1924      65756500 
 1925              	.LASF90:
 1926 0092 2E2E2F2E 		.ascii	"../../os/various/fatfs_bindings/fatfs_syscall.c\000"
 1926      2E2F6F73 
 1926      2F766172 
 1926      696F7573 
 1926      2F666174 
 1927              	.LASF93:
 1928 00c2 63684865 		.ascii	"chHeapFree\000"
 1928      61704672 
 1928      656500
 1929              	.LASF79:
 1930 00cd 66665F6D 		.ascii	"ff_memalloc\000"
 1930      656D616C 
 1930      6C6F6300 
 1931              	.LASF18:
 1932 00d9 74736C69 		.ascii	"tslices_t\000"
 1932      6365735F 
 1932      7400
 1933              	.LASF8:
 1934 00e3 6C6F6E67 		.ascii	"long int\000"
 1934      20696E74 
 1934      00
 1935              	.LASF76:
 1936 00ec 66665F63 		.ascii	"ff_cre_syncobj\000"
 1936      72655F73 
 1936      796E636F 
 1936      626A00
 1937              	.LASF16:
 1938 00fb 74737461 		.ascii	"tstate_t\000"
 1938      74655F74 
 1938      00
 1939              	.LASF86:
ARM GAS  C:\Users\Matuesz\AppData\Local\Temp\ccYoGOSI.s 			page 36


 1940 0104 63685365 		.ascii	"chSemSignal\000"
 1940      6D536967 
 1940      6E616C00 
 1941              	.LASF29:
 1942 0110 705F6E65 		.ascii	"p_newer\000"
 1942      77657200 
 1943              	.LASF52:
 1944 0118 735F7175 		.ascii	"s_queue\000"
 1944      65756500 
 1945              	.LASF46:
 1946 0120 72656761 		.ascii	"regarm_t\000"
 1946      726D5F74 
 1946      00
 1947              	.LASF74:
 1948 0129 42595445 		.ascii	"BYTE\000"
 1948      00
 1949              	.LASF66:
 1950 012e 616C6967 		.ascii	"align\000"
 1950      6E00
 1951              	.LASF23:
 1952 0134 636E745F 		.ascii	"cnt_t\000"
 1952      7400
 1953              	.LASF0:
 1954 013a 756E7369 		.ascii	"unsigned int\000"
 1954      676E6564 
 1954      20696E74 
 1954      00
 1955              	.LASF87:
 1956 0147 63685365 		.ascii	"chSemWaitTimeout\000"
 1956      6D576169 
 1956      7454696D 
 1956      656F7574 
 1956      00
 1957              	.LASF81:
 1958 0158 66665F6D 		.ascii	"ff_memfree\000"
 1958      656D6672 
 1958      656500
 1959              	.LASF73:
 1960 0163 55494E54 		.ascii	"UINT\000"
 1960      00
 1961              	.LASF10:
 1962 0168 6C6F6E67 		.ascii	"long unsigned int\000"
 1962      20756E73 
 1962      69676E65 
 1962      6420696E 
 1962      7400
 1963              	.LASF53:
 1964 017a 735F636E 		.ascii	"s_cnt\000"
 1964      7400
 1965              	.LASF49:
 1966 0180 636F6E74 		.ascii	"context\000"
 1966      65787400 
 1967              	.LASF67:
 1968 0188 73697A65 		.ascii	"size\000"
 1968      00
 1969              	.LASF6:
 1970 018d 73686F72 		.ascii	"short unsigned int\000"
ARM GAS  C:\Users\Matuesz\AppData\Local\Temp\ccYoGOSI.s 			page 37


 1970      7420756E 
 1970      7369676E 
 1970      65642069 
 1970      6E7400
 1971              	.LASF85:
 1972 01a0 63685365 		.ascii	"chSemReset\000"
 1972      6D526573 
 1972      657400
 1973              	.LASF20:
 1974 01ab 6D73675F 		.ascii	"msg_t\000"
 1974      7400
 1975              	.LASF15:
 1976 01b1 746D6F64 		.ascii	"tmode_t\000"
 1976      655F7400 
 1977              	.LASF45:
 1978 01b9 54687265 		.ascii	"ThreadsList\000"
 1978      6164734C 
 1978      69737400 
 1979              	.LASF21:
 1980 01c5 6576656E 		.ascii	"eventmask_t\000"
 1980      746D6173 
 1980      6B5F7400 
 1981              	.LASF54:
 1982 01d1 4D757465 		.ascii	"Mutex\000"
 1982      7800
 1983              	.LASF47:
 1984 01d7 73746B61 		.ascii	"stkalign_t\000"
 1984      6C69676E 
 1984      5F7400
 1985              	.LASF50:
 1986 01e2 73697A65 		.ascii	"sizetype\000"
 1986      74797065 
 1986      00
 1987              	.LASF82:
 1988 01eb 6D626C6F 		.ascii	"mblock\000"
 1988      636B00
 1989              	.LASF89:
 1990 01f2 474E5520 		.ascii	"GNU C 4.7.4 20140401 (release) [ARM/embedded-4_7-br"
 1990      4320342E 
 1990      372E3420 
 1990      32303134 
 1990      30343031 
 1991 0225 616E6368 		.ascii	"anch revision 209195]\000"
 1991      20726576 
 1991      6973696F 
 1991      6E203230 
 1991      39313935 
 1992              	.LASF30:
 1993 023b 705F6F6C 		.ascii	"p_older\000"
 1993      64657200 
 1994              	.LASF44:
 1995 0243 54687265 		.ascii	"ThreadsQueue\000"
 1995      61647351 
 1995      75657565 
 1995      00
 1996              	.LASF78:
 1997 0250 66665F72 		.ascii	"ff_req_grant\000"
ARM GAS  C:\Users\Matuesz\AppData\Local\Temp\ccYoGOSI.s 			page 38


 1997      65715F67 
 1997      72616E74 
 1997      00
 1998              	.LASF83:
 1999 025d 66665F73 		.ascii	"ff_sem\000"
 1999      656D00
 2000              	.LASF59:
 2001 0264 4D656D6F 		.ascii	"MemoryHeap\000"
 2001      72794865 
 2001      617000
 2002              	.LASF17:
 2003 026f 74726566 		.ascii	"trefs_t\000"
 2003      735F7400 
 2004              	.LASF26:
 2005 0277 705F7072 		.ascii	"p_prev\000"
 2005      657600
 2006              	.LASF19:
 2007 027e 74707269 		.ascii	"tprio_t\000"
 2007      6F5F7400 
 2008              	.LASF14:
 2009 0286 5F426F6F 		.ascii	"_Bool\000"
 2009      6C00
 2010              	.LASF7:
 2011 028c 696E7433 		.ascii	"int32_t\000"
 2011      325F7400 
 2012              	.LASF4:
 2013 0294 756E7369 		.ascii	"unsigned char\000"
 2013      676E6564 
 2013      20636861 
 2013      7200
 2014              	.LASF61:
 2015 02a2 685F7072 		.ascii	"h_provider\000"
 2015      6F766964 
 2015      657200
 2016              	.LASF41:
 2017 02ad 705F6D74 		.ascii	"p_mtxlist\000"
 2017      786C6973 
 2017      7400
 2018              	.LASF5:
 2019 02b7 73686F72 		.ascii	"short int\000"
 2019      7420696E 
 2019      7400
 2020              	.LASF32:
 2021 02c1 705F7374 		.ascii	"p_state\000"
 2021      61746500 
 2022              	.LASF35:
 2023 02c9 705F7072 		.ascii	"p_preempt\000"
 2023      65656D70 
 2023      7400
 2024              	.LASF92:
 2025 02d3 68656170 		.ascii	"heap_header\000"
 2025      5F686561 
 2025      64657200 
 2026              	.LASF80:
 2027 02df 66665F72 		.ascii	"ff_rel_grant\000"
 2027      656C5F67 
 2027      72616E74 
ARM GAS  C:\Users\Matuesz\AppData\Local\Temp\ccYoGOSI.s 			page 39


 2027      00
 2028              	.LASF71:
 2029 02ec 65776D61 		.ascii	"ewmask\000"
 2029      736B00
 2030              	.LASF25:
 2031 02f3 705F6E65 		.ascii	"p_next\000"
 2031      787400
 2032              	.LASF33:
 2033 02fa 705F666C 		.ascii	"p_flags\000"
 2033      61677300 
 2034              	.LASF24:
 2035 0302 54687265 		.ascii	"Thread\000"
 2035      616400
 2036              	.LASF88:
 2037 0309 63684865 		.ascii	"chHeapAlloc\000"
 2037      6170416C 
 2037      6C6F6300 
 2038              	.LASF40:
 2039 0315 705F6570 		.ascii	"p_epending\000"
 2039      656E6469 
 2039      6E6700
 2040              	.LASF9:
 2041 0320 75696E74 		.ascii	"uint32_t\000"
 2041      33325F74 
 2041      00
 2042              	.LASF65:
 2043 0329 68656170 		.ascii	"heap\000"
 2043      00
 2044              	.LASF91:
 2045 032e 433A5C43 		.ascii	"C:\\ChibiStudio\\chibios\\demos\\ARMCM4-STM32F407-E"
 2045      68696269 
 2045      53747564 
 2045      696F5C63 
 2045      68696269 
 2046 035d 4D4700   		.ascii	"MG\000"
 2047              	.LASF72:
 2048 0360 63686172 		.ascii	"char\000"
 2048      00
 2049              	.LASF57:
 2050 0365 6D5F6E65 		.ascii	"m_next\000"
 2050      787400
 2051              	.LASF22:
 2052 036c 73797374 		.ascii	"systime_t\000"
 2052      696D655F 
 2052      7400
 2053              	.LASF42:
 2054 0376 705F7265 		.ascii	"p_realprio\000"
 2054      616C7072 
 2054      696F00
 2055              	.LASF36:
 2056 0381 705F7469 		.ascii	"p_time\000"
 2056      6D6500
 2057              	.LASF48:
 2058 0388 696E7463 		.ascii	"intctx\000"
 2058      747800
 2059              	.LASF38:
 2060 038f 705F6D73 		.ascii	"p_msgqueue\000"
ARM GAS  C:\Users\Matuesz\AppData\Local\Temp\ccYoGOSI.s 			page 40


 2060      67717565 
 2060      756500
 2061              	.LASF51:
 2062 039a 53656D61 		.ascii	"Semaphore\000"
 2062      70686F72 
 2062      6500
 2063              	.LASF34:
 2064 03a4 705F7265 		.ascii	"p_refs\000"
 2064      667300
 2065              	.LASF3:
 2066 03ab 75696E74 		.ascii	"uint8_t\000"
 2066      385F7400 
 2067              	.LASF70:
 2068 03b3 77746F62 		.ascii	"wtobjp\000"
 2068      6A7000
 2069              	.LASF31:
 2070 03ba 705F6E61 		.ascii	"p_name\000"
 2070      6D6500
 2071              	.LASF77:
 2072 03c1 66665F64 		.ascii	"ff_del_syncobj\000"
 2072      656C5F73 
 2072      796E636F 
 2072      626A00
 2073              	.LASF56:
 2074 03d0 6D5F6F77 		.ascii	"m_owner\000"
 2074      6E657200 
 2075              	.LASF28:
 2076 03d8 705F6374 		.ascii	"p_ctx\000"
 2076      7800
 2077              	.LASF37:
 2078 03de 705F7761 		.ascii	"p_waiting\000"
 2078      6974696E 
 2078      6700
 2079              	.LASF84:
 2080 03e8 63685365 		.ascii	"chSemInit\000"
 2080      6D496E69 
 2080      7400
 2081              	.LASF60:
 2082 03f2 6D656D6F 		.ascii	"memory_heap\000"
 2082      72795F68 
 2082      65617000 
 2083              		.ident	"GCC: (GNU Tools for ARM Embedded Processors) 4.7.4 20140401 (release) [ARM/embedded-4_7-br
ARM GAS  C:\Users\Matuesz\AppData\Local\Temp\ccYoGOSI.s 			page 41


DEFINED SYMBOLS
                            *ABS*:00000000 fatfs_syscall.c
C:\Users\Matuesz\AppData\Local\Temp\ccYoGOSI.s:19     .text.ff_cre_syncobj:00000000 $t
C:\Users\Matuesz\AppData\Local\Temp\ccYoGOSI.s:25     .text.ff_cre_syncobj:00000000 ff_cre_syncobj
C:\Users\Matuesz\AppData\Local\Temp\ccYoGOSI.s:190    .bss.ff_sem:00000000 .LANCHOR0
C:\Users\Matuesz\AppData\Local\Temp\ccYoGOSI.s:57     .text.ff_del_syncobj:00000000 $t
C:\Users\Matuesz\AppData\Local\Temp\ccYoGOSI.s:63     .text.ff_del_syncobj:00000000 ff_del_syncobj
C:\Users\Matuesz\AppData\Local\Temp\ccYoGOSI.s:86     .text.ff_req_grant:00000000 $t
C:\Users\Matuesz\AppData\Local\Temp\ccYoGOSI.s:92     .text.ff_req_grant:00000000 ff_req_grant
C:\Users\Matuesz\AppData\Local\Temp\ccYoGOSI.s:118    .text.ff_rel_grant:00000000 $t
C:\Users\Matuesz\AppData\Local\Temp\ccYoGOSI.s:124    .text.ff_rel_grant:00000000 ff_rel_grant
C:\Users\Matuesz\AppData\Local\Temp\ccYoGOSI.s:140    .text.ff_memalloc:00000000 $t
C:\Users\Matuesz\AppData\Local\Temp\ccYoGOSI.s:146    .text.ff_memalloc:00000000 ff_memalloc
C:\Users\Matuesz\AppData\Local\Temp\ccYoGOSI.s:167    .text.ff_memfree:00000000 $t
C:\Users\Matuesz\AppData\Local\Temp\ccYoGOSI.s:173    .text.ff_memfree:00000000 ff_memfree
C:\Users\Matuesz\AppData\Local\Temp\ccYoGOSI.s:189    .bss.ff_sem:00000000 $d
C:\Users\Matuesz\AppData\Local\Temp\ccYoGOSI.s:193    .bss.ff_sem:00000000 ff_sem
                     .debug_frame:00000010 $d

UNDEFINED SYMBOLS
chSemInit
chSemReset
chSemWaitTimeout
chSemSignal
chHeapAlloc
chHeapFree
