ARM GAS  C:\Users\Matuesz\AppData\Local\Temp\ccA6VugE.s 			page 1


   1              		.syntax unified
   2              		.cpu cortex-m4
   3              		.fpu softvfp
   4              		.eabi_attribute 20, 1
   5              		.eabi_attribute 21, 1
   6              		.eabi_attribute 23, 3
   7              		.eabi_attribute 24, 1
   8              		.eabi_attribute 25, 1
   9              		.eabi_attribute 26, 1
  10              		.eabi_attribute 30, 2
  11              		.eabi_attribute 34, 1
  12              		.eabi_attribute 18, 4
  13              		.thumb
  14              		.file	"hal_lld.c"
  15              		.text
  16              	.Ltext0:
  17              		.cfi_sections	.debug_frame
  18              		.section	.text.hal_lld_init,"ax",%progbits
  19              		.align	2
  20              		.p2align 4,,15
  21              		.global	hal_lld_init
  22              		.thumb
  23              		.thumb_func
  24              		.type	hal_lld_init, %function
  25              	hal_lld_init:
  26              	.LFB119:
  27              		.file 1 "../../os/hal/platforms/STM32F4xx/hal_lld.c"
  28              		.loc 1 111 0
  29              		.cfi_startproc
  30              		@ args = 0, pretend = 0, frame = 0
  31              		@ frame_needed = 0, uses_anonymous_args = 0
  32              		@ link register save eliminated.
  33              		.loc 1 115 0
  34 0000 4FF46053 		mov	r3, #14336
  35 0004 C4F20203 		movt	r3, 16386
  36              		.loc 1 111 0
  37 0008 70B4     		push	{r4, r5, r6}
  38              	.LCFI0:
  39              		.cfi_def_cfa_offset 12
  40              		.cfi_offset 4, -12
  41              		.cfi_offset 5, -8
  42              		.cfi_offset 6, -4
  43              		.loc 1 115 0
  44 000a 0022     		movs	r2, #0
  45 000c 4FF0FF34 		mov	r4, #-1
  46 0010 1969     		ldr	r1, [r3, #16]
  47 0012 1C61     		str	r4, [r3, #16]
  48 0014 1A61     		str	r2, [r3, #16]
  49              		.loc 1 116 0
  50 0016 5969     		ldr	r1, [r3, #20]
  51 0018 5C61     		str	r4, [r3, #20]
  52 001a 5A61     		str	r2, [r3, #20]
  53              		.loc 1 117 0
  54 001c 1E6A     		ldr	r6, [r3, #32]
  55              		.loc 1 121 0
  56 001e 4EF21001 		movw	r1, #57360
  57              		.loc 1 117 0
ARM GAS  C:\Users\Matuesz\AppData\Local\Temp\ccA6VugE.s 			page 2


  58 0022 66F08056 		orn	r6, r6, #268435456
  59 0026 1E62     		str	r6, [r3, #32]
  60              		.loc 1 121 0
  61 0028 CEF20001 		movt	r1, 57344
  62              		.loc 1 117 0
  63 002c 1A62     		str	r2, [r3, #32]
  64              		.loc 1 121 0
  65 002e 49F23F05 		movw	r5, #36927
  66              		.loc 1 128 0
  67 0032 4EF6F050 		movw	r0, #60912
  68              		.loc 1 118 0
  69 0036 5E6A     		ldr	r6, [r3, #36]
  70 0038 5C62     		str	r4, [r3, #36]
  71              		.loc 1 128 0
  72 003a CEF20000 		movt	r0, 57344
  73              		.loc 1 123 0
  74 003e 0724     		movs	r4, #7
  75              		.loc 1 121 0
  76 0040 C0F20205 		movt	r5, 2
  77              		.loc 1 118 0
  78 0044 5A62     		str	r2, [r3, #36]
  79              		.loc 1 121 0
  80 0046 4D60     		str	r5, [r1, #4]
  81              		.loc 1 122 0
  82 0048 8A60     		str	r2, [r1, #8]
  83              		.loc 1 123 0
  84 004a 0C60     		str	r4, [r1, #0]
  85              		.loc 1 128 0
  86 004c C468     		ldr	r4, [r0, #12]
  87              		.loc 1 129 0
  88 004e 4FF48051 		mov	r1, #4096
  89 0052 CEF20001 		movt	r1, 57344
  90              		.loc 1 128 0
  91 0056 44F08074 		orr	r4, r4, #16777216
  92 005a C460     		str	r4, [r0, #12]
  93              		.loc 1 129 0
  94 005c 0868     		ldr	r0, [r1, #0]
  95 005e 40F00100 		orr	r0, r0, #1
  96 0062 0860     		str	r0, [r1, #0]
  97              		.loc 1 132 0
  98 0064 186C     		ldr	r0, [r3, #64]
  99              	.LBB4:
 100              	.LBB5:
 101              		.loc 1 54 0
 102 0066 4FF4E041 		mov	r1, #28672
 103 006a C4F20001 		movt	r1, 16384
 104              	.LBE5:
 105              	.LBE4:
 106              		.loc 1 132 0
 107 006e 40F08050 		orr	r0, r0, #268435456
 108 0072 1864     		str	r0, [r3, #64]
 109              	.LBB7:
 110              	.LBB6:
 111              		.loc 1 54 0
 112 0074 0868     		ldr	r0, [r1, #0]
 113 0076 40F48070 		orr	r0, r0, #256
 114 007a 0860     		str	r0, [r1, #0]
ARM GAS  C:\Users\Matuesz\AppData\Local\Temp\ccA6VugE.s 			page 3


 115              		.loc 1 57 0
 116 007c 196F     		ldr	r1, [r3, #112]
 117 007e 01F44070 		and	r0, r1, #768
 118 0082 B0F5007F 		cmp	r0, #512
 119 0086 03D0     		beq	.L2
 120              		.loc 1 59 0
 121 0088 4FF48031 		mov	r1, #65536
 122 008c 1967     		str	r1, [r3, #112]
 123              		.loc 1 60 0
 124 008e 1A67     		str	r2, [r3, #112]
 125              	.L2:
 126              		.loc 1 94 0
 127 0090 4FF4E043 		mov	r3, #28672
 128 0094 C4F20003 		movt	r3, 16384
 129 0098 5A68     		ldr	r2, [r3, #4]
 130 009a 22F40070 		bic	r0, r2, #512
 131 009e 5860     		str	r0, [r3, #4]
 132              	.LBE6:
 133              	.LBE7:
 134              		.loc 1 145 0
 135 00a0 70BC     		pop	{r4, r5, r6}
 136              		.loc 1 138 0
 137 00a2 FFF7FEBF 		b	dmaInit
 138              	.LVL0:
 139              		.cfi_endproc
 140              	.LFE119:
 141              		.size	hal_lld_init, .-hal_lld_init
 142              		.section	.text.stm32_clock_init,"ax",%progbits
 143              		.align	2
 144              		.p2align 4,,15
 145              		.global	stm32_clock_init
 146              		.thumb
 147              		.thumb_func
 148              		.type	stm32_clock_init, %function
 149              	stm32_clock_init:
 150              	.LFB120:
 151              		.loc 1 154 0
 152              		.cfi_startproc
 153              		@ args = 0, pretend = 0, frame = 0
 154              		@ frame_needed = 0, uses_anonymous_args = 0
 155              		@ link register save eliminated.
 156              		.loc 1 158 0
 157 0000 4FF46051 		mov	r1, #14336
 158              		.loc 1 162 0
 159 0004 4FF4E043 		mov	r3, #28672
 160              		.loc 1 158 0
 161 0008 C4F20201 		movt	r1, 16386
 162              		.loc 1 162 0
 163 000c C4F20003 		movt	r3, 16384
 164              		.loc 1 158 0
 165 0010 4FF08052 		mov	r2, #268435456
 166              		.loc 1 162 0
 167 0014 4FF44040 		mov	r0, #49152
 168              		.loc 1 158 0
 169 0018 0A64     		str	r2, [r1, #64]
 170              		.loc 1 162 0
 171 001a 1860     		str	r0, [r3, #0]
ARM GAS  C:\Users\Matuesz\AppData\Local\Temp\ccA6VugE.s 			page 4


 172              		.loc 1 169 0
 173 001c 0B68     		ldr	r3, [r1, #0]
 174 001e 43F00102 		orr	r2, r3, #1
 175 0022 0A60     		str	r2, [r1, #0]
 176              	.L8:
 177              		.loc 1 170 0 discriminator 1
 178 0024 0868     		ldr	r0, [r1, #0]
 179 0026 4FF46053 		mov	r3, #14336
 180 002a 8007     		lsls	r0, r0, #30
 181 002c C4F20203 		movt	r3, 16386
 182 0030 F8D5     		bpl	.L8
 183              		.loc 1 172 0
 184 0032 1968     		ldr	r1, [r3, #0]
 185 0034 01F0F902 		and	r2, r1, #249
 186              		.loc 1 173 0
 187 0038 0021     		movs	r1, #0
 188              		.loc 1 172 0
 189 003a 1A60     		str	r2, [r3, #0]
 190              		.loc 1 174 0
 191 003c 1846     		mov	r0, r3
 192              		.loc 1 173 0
 193 003e 9960     		str	r1, [r3, #8]
 194              	.L9:
 195              		.loc 1 174 0 discriminator 1
 196 0040 8268     		ldr	r2, [r0, #8]
 197 0042 4FF46053 		mov	r3, #14336
 198 0046 12F00C0F 		tst	r2, #12
 199 004a C4F20203 		movt	r3, 16386
 200 004e F7D1     		bne	.L9
 201              		.loc 1 184 0
 202 0050 1868     		ldr	r0, [r3, #0]
 203 0052 40F48031 		orr	r1, r0, #65536
 204 0056 1960     		str	r1, [r3, #0]
 205              		.loc 1 186 0
 206 0058 1846     		mov	r0, r3
 207              	.L10:
 208              		.loc 1 186 0 is_stmt 0 discriminator 1
 209 005a 0268     		ldr	r2, [r0, #0]
 210 005c 4FF46053 		mov	r3, #14336
 211 0060 9203     		lsls	r2, r2, #14
 212 0062 C4F20203 		movt	r3, 16386
 213 0066 F8D5     		bpl	.L10
 214              		.loc 1 192 0 is_stmt 1
 215 0068 596F     		ldr	r1, [r3, #116]
 216 006a 41F00100 		orr	r0, r1, #1
 217 006e 5867     		str	r0, [r3, #116]
 218              		.loc 1 193 0
 219 0070 1946     		mov	r1, r3
 220              	.L11:
 221              		.loc 1 193 0 is_stmt 0 discriminator 1
 222 0072 4A6F     		ldr	r2, [r1, #116]
 223 0074 4FF46053 		mov	r3, #14336
 224 0078 9007     		lsls	r0, r2, #30
 225 007a C4F20203 		movt	r3, 16386
 226 007e F8D5     		bpl	.L11
 227              		.loc 1 199 0 is_stmt 1
 228 0080 45F20C40 		movw	r0, #21516
ARM GAS  C:\Users\Matuesz\AppData\Local\Temp\ccA6VugE.s 			page 5


 229 0084 C0F24070 		movt	r0, 1856
 230 0088 5860     		str	r0, [r3, #4]
 231              		.loc 1 201 0
 232 008a 1968     		ldr	r1, [r3, #0]
 233              		.loc 1 205 0
 234 008c 4FF4E042 		mov	r2, #28672
 235              		.loc 1 201 0
 236 0090 41F08070 		orr	r0, r1, #16777216
 237 0094 1860     		str	r0, [r3, #0]
 238              		.loc 1 205 0
 239 0096 C4F20002 		movt	r2, 16384
 240              	.L12:
 241              		.loc 1 205 0 is_stmt 0 discriminator 1
 242 009a 5368     		ldr	r3, [r2, #4]
 243 009c 5904     		lsls	r1, r3, #17
 244 009e FCD5     		bpl	.L12
 245              		.loc 1 221 0 is_stmt 1
 246 00a0 4FF46051 		mov	r1, #14336
 247 00a4 C4F20201 		movt	r1, 16386
 248              	.L25:
 249 00a8 0A68     		ldr	r2, [r1, #0]
 250 00aa 4FF46050 		mov	r0, #14336
 251 00ae 9201     		lsls	r2, r2, #6
 252 00b0 C4F20200 		movt	r0, 16386
 253 00b4 F8D5     		bpl	.L25
 254              		.loc 1 249 0
 255 00b6 4FF47053 		mov	r3, #15360
 256 00ba C4F20203 		movt	r3, 16386
 257              		.loc 1 236 0
 258 00be 4FF41441 		mov	r1, #37888
 259 00c2 C3F60801 		movt	r1, 14344
 260              		.loc 1 249 0
 261 00c6 40F20572 		movw	r2, #1797
 262              		.loc 1 236 0
 263 00ca 8160     		str	r1, [r0, #8]
 264              		.loc 1 249 0
 265 00cc 1A60     		str	r2, [r3, #0]
 266              		.loc 1 255 0
 267 00ce 8368     		ldr	r3, [r0, #8]
 268 00d0 43F00201 		orr	r1, r3, #2
 269 00d4 8160     		str	r1, [r0, #8]
 270              	.L14:
 271              		.loc 1 256 0 discriminator 1
 272 00d6 8268     		ldr	r2, [r0, #8]
 273 00d8 02F00C01 		and	r1, r2, #12
 274 00dc 4FF46053 		mov	r3, #14336
 275 00e0 0829     		cmp	r1, #8
 276 00e2 C4F20203 		movt	r3, 16386
 277 00e6 F6D1     		bne	.L14
 278              		.loc 1 263 0
 279 00e8 586C     		ldr	r0, [r3, #68]
 280 00ea 40F48042 		orr	r2, r0, #16384
 281 00ee 5A64     		str	r2, [r3, #68]
 282 00f0 596E     		ldr	r1, [r3, #100]
 283 00f2 41F48040 		orr	r0, r1, #16384
 284 00f6 5866     		str	r0, [r3, #100]
 285 00f8 7047     		bx	lr
ARM GAS  C:\Users\Matuesz\AppData\Local\Temp\ccA6VugE.s 			page 6


 286              		.cfi_endproc
 287              	.LFE120:
 288              		.size	stm32_clock_init, .-stm32_clock_init
 289 00fa 00BFAFF3 		.text
 289      0080
 290              	.Letext0:
 291              		.file 2 "c:\\chibistudio\\tools\\gnu tools arm embedded\\4.7 2014q2\\bin\\../lib/gcc/arm-none-eabi
 292              		.file 3 "../../os/ports/common/ARMCMx/nvic.h"
 293              		.file 4 "../../os/ports/common/ARMCMx/CMSIS/include/core_cm4.h"
 294              		.file 5 "../../os/hal/platforms/STM32F4xx/stm32f4xx.h"
 295              		.file 6 "../../os/hal/platforms/STM32F4xx/stm32_dma.h"
 296              		.section	.debug_info,"",%progbits
 297              	.Ldebug_info0:
 298 0000 01050000 		.4byte	0x501
 299 0004 0200     		.2byte	0x2
 300 0006 00000000 		.4byte	.Ldebug_abbrev0
 301 000a 04       		.byte	0x4
 302 000b 01       		.uleb128 0x1
 303 000c E8000000 		.4byte	.LASF68
 304 0010 01       		.byte	0x1
 305 0011 A6020000 		.4byte	.LASF69
 306 0015 2D030000 		.4byte	.LASF70
 307 0019 18000000 		.4byte	.Ldebug_ranges0+0x18
 308 001d 00000000 		.4byte	0
 309 0021 00000000 		.4byte	0
 310 0025 00000000 		.4byte	.Ldebug_line0
 311 0029 02       		.uleb128 0x2
 312 002a 04       		.byte	0x4
 313 002b 05       		.byte	0x5
 314 002c 696E7400 		.ascii	"int\000"
 315 0030 03       		.uleb128 0x3
 316 0031 04       		.byte	0x4
 317 0032 07       		.byte	0x7
 318 0033 C3010000 		.4byte	.LASF0
 319 0037 03       		.uleb128 0x3
 320 0038 01       		.byte	0x1
 321 0039 06       		.byte	0x6
 322 003a 97010000 		.4byte	.LASF1
 323 003e 03       		.uleb128 0x3
 324 003f 01       		.byte	0x1
 325 0040 08       		.byte	0x8
 326 0041 81010000 		.4byte	.LASF2
 327 0045 03       		.uleb128 0x3
 328 0046 02       		.byte	0x2
 329 0047 05       		.byte	0x5
 330 0048 21000000 		.4byte	.LASF3
 331 004c 03       		.uleb128 0x3
 332 004d 02       		.byte	0x2
 333 004e 07       		.byte	0x7
 334 004f 0D020000 		.4byte	.LASF4
 335 0053 04       		.uleb128 0x4
 336 0054 37020000 		.4byte	.LASF6
 337 0058 02       		.byte	0x2
 338 0059 4F       		.byte	0x4f
 339 005a 5E000000 		.4byte	0x5e
 340 005e 03       		.uleb128 0x3
 341 005f 04       		.byte	0x4
ARM GAS  C:\Users\Matuesz\AppData\Local\Temp\ccA6VugE.s 			page 7


 342 0060 05       		.byte	0x5
 343 0061 37010000 		.4byte	.LASF5
 344 0065 04       		.uleb128 0x4
 345 0066 BA010000 		.4byte	.LASF7
 346 006a 02       		.byte	0x2
 347 006b 50       		.byte	0x50
 348 006c 70000000 		.4byte	0x70
 349 0070 03       		.uleb128 0x3
 350 0071 04       		.byte	0x4
 351 0072 07       		.byte	0x7
 352 0073 D9010000 		.4byte	.LASF8
 353 0077 03       		.uleb128 0x3
 354 0078 08       		.byte	0x8
 355 0079 05       		.byte	0x5
 356 007a CD000000 		.4byte	.LASF9
 357 007e 03       		.uleb128 0x3
 358 007f 08       		.byte	0x8
 359 0080 07       		.byte	0x7
 360 0081 A3010000 		.4byte	.LASF10
 361 0085 03       		.uleb128 0x3
 362 0086 01       		.byte	0x1
 363 0087 02       		.byte	0x2
 364 0088 3F020000 		.4byte	.LASF11
 365 008c 04       		.uleb128 0x4
 366 008d BD000000 		.4byte	.LASF12
 367 0091 03       		.byte	0x3
 368 0092 3A       		.byte	0x3a
 369 0093 97000000 		.4byte	0x97
 370 0097 05       		.uleb128 0x5
 371 0098 65000000 		.4byte	0x65
 372 009c 03       		.uleb128 0x3
 373 009d 04       		.byte	0x4
 374 009e 07       		.byte	0x7
 375 009f 2B000000 		.4byte	.LASF13
 376 00a3 06       		.uleb128 0x6
 377 00a4 10       		.byte	0x10
 378 00a5 03       		.byte	0x3
 379 00a6 F1       		.byte	0xf1
 380 00a7 E4000000 		.4byte	0xe4
 381 00ab 07       		.uleb128 0x7
 382 00ac 31010000 		.4byte	.LASF14
 383 00b0 03       		.byte	0x3
 384 00b1 F2       		.byte	0xf2
 385 00b2 8C000000 		.4byte	0x8c
 386 00b6 02       		.byte	0x2
 387 00b7 23       		.byte	0x23
 388 00b8 00       		.uleb128 0
 389 00b9 07       		.uleb128 0x7
 390 00ba 8E000000 		.4byte	.LASF15
 391 00be 03       		.byte	0x3
 392 00bf F3       		.byte	0xf3
 393 00c0 8C000000 		.4byte	0x8c
 394 00c4 02       		.byte	0x2
 395 00c5 23       		.byte	0x23
 396 00c6 04       		.uleb128 0x4
 397 00c7 07       		.uleb128 0x7
 398 00c8 AF000000 		.4byte	.LASF16
ARM GAS  C:\Users\Matuesz\AppData\Local\Temp\ccA6VugE.s 			page 8


 399 00cc 03       		.byte	0x3
 400 00cd F4       		.byte	0xf4
 401 00ce 8C000000 		.4byte	0x8c
 402 00d2 02       		.byte	0x2
 403 00d3 23       		.byte	0x23
 404 00d4 08       		.uleb128 0x8
 405 00d5 07       		.uleb128 0x7
 406 00d6 1B000000 		.4byte	.LASF17
 407 00da 03       		.byte	0x3
 408 00db F5       		.byte	0xf5
 409 00dc 8C000000 		.4byte	0x8c
 410 00e0 02       		.byte	0x2
 411 00e1 23       		.byte	0x23
 412 00e2 0C       		.uleb128 0xc
 413 00e3 00       		.byte	0
 414 00e4 04       		.uleb128 0x4
 415 00e5 2F020000 		.4byte	.LASF18
 416 00e9 03       		.byte	0x3
 417 00ea F6       		.byte	0xf6
 418 00eb A3000000 		.4byte	0xa3
 419 00ef 08       		.uleb128 0x8
 420 00f0 20       		.byte	0x20
 421 00f1 03       		.byte	0x3
 422 00f2 0601     		.2byte	0x106
 423 00f4 71010000 		.4byte	0x171
 424 00f8 09       		.uleb128 0x9
 425 00f9 6B000000 		.4byte	.LASF19
 426 00fd 03       		.byte	0x3
 427 00fe 0701     		.2byte	0x107
 428 0100 8C000000 		.4byte	0x8c
 429 0104 02       		.byte	0x2
 430 0105 23       		.byte	0x23
 431 0106 00       		.uleb128 0
 432 0107 09       		.uleb128 0x9
 433 0108 DB000000 		.4byte	.LASF20
 434 010c 03       		.byte	0x3
 435 010d 0801     		.2byte	0x108
 436 010f 8C000000 		.4byte	0x8c
 437 0113 02       		.byte	0x2
 438 0114 23       		.byte	0x23
 439 0115 04       		.uleb128 0x4
 440 0116 09       		.uleb128 0x9
 441 0117 7F000000 		.4byte	.LASF21
 442 011b 03       		.byte	0x3
 443 011c 0901     		.2byte	0x109
 444 011e 8C000000 		.4byte	0x8c
 445 0122 02       		.byte	0x2
 446 0123 23       		.byte	0x23
 447 0124 08       		.uleb128 0x8
 448 0125 09       		.uleb128 0x9
 449 0126 7A010000 		.4byte	.LASF22
 450 012a 03       		.byte	0x3
 451 012b 0A01     		.2byte	0x10a
 452 012d 8C000000 		.4byte	0x8c
 453 0131 02       		.byte	0x2
 454 0132 23       		.byte	0x23
 455 0133 0C       		.uleb128 0xc
ARM GAS  C:\Users\Matuesz\AppData\Local\Temp\ccA6VugE.s 			page 9


 456 0134 09       		.uleb128 0x9
 457 0135 9D020000 		.4byte	.LASF23
 458 0139 03       		.byte	0x3
 459 013a 0B01     		.2byte	0x10b
 460 013c 8C000000 		.4byte	0x8c
 461 0140 02       		.byte	0x2
 462 0141 23       		.byte	0x23
 463 0142 10       		.uleb128 0x10
 464 0143 09       		.uleb128 0x9
 465 0144 D1020000 		.4byte	.LASF24
 466 0148 03       		.byte	0x3
 467 0149 0C01     		.2byte	0x10c
 468 014b 8C000000 		.4byte	0x8c
 469 014f 02       		.byte	0x2
 470 0150 23       		.byte	0x23
 471 0151 14       		.uleb128 0x14
 472 0152 09       		.uleb128 0x9
 473 0153 3E000000 		.4byte	.LASF25
 474 0157 03       		.byte	0x3
 475 0158 0D01     		.2byte	0x10d
 476 015a 8C000000 		.4byte	0x8c
 477 015e 02       		.byte	0x2
 478 015f 23       		.byte	0x23
 479 0160 18       		.uleb128 0x18
 480 0161 09       		.uleb128 0x9
 481 0162 39000000 		.4byte	.LASF26
 482 0166 03       		.byte	0x3
 483 0167 0E01     		.2byte	0x10e
 484 0169 8C000000 		.4byte	0x8c
 485 016d 02       		.byte	0x2
 486 016e 23       		.byte	0x23
 487 016f 1C       		.uleb128 0x1c
 488 0170 00       		.byte	0
 489 0171 0A       		.uleb128 0xa
 490 0172 5D000000 		.4byte	.LASF27
 491 0176 03       		.byte	0x3
 492 0177 0F01     		.2byte	0x10f
 493 0179 EF000000 		.4byte	0xef
 494 017d 03       		.uleb128 0x3
 495 017e 01       		.byte	0x1
 496 017f 08       		.byte	0x8
 497 0180 2A020000 		.4byte	.LASF28
 498 0184 0B       		.uleb128 0xb
 499 0185 97000000 		.4byte	0x97
 500 0189 0C       		.uleb128 0xc
 501 018a 65000000 		.4byte	0x65
 502 018e 99010000 		.4byte	0x199
 503 0192 0D       		.uleb128 0xd
 504 0193 9C000000 		.4byte	0x9c
 505 0197 01       		.byte	0x1
 506 0198 00       		.byte	0
 507 0199 08       		.uleb128 0x8
 508 019a 10       		.byte	0x10
 509 019b 04       		.byte	0x4
 510 019c 6002     		.2byte	0x260
 511 019e DF010000 		.4byte	0x1df
 512 01a2 09       		.uleb128 0x9
ARM GAS  C:\Users\Matuesz\AppData\Local\Temp\ccA6VugE.s 			page 10


 513 01a3 6B000000 		.4byte	.LASF19
 514 01a7 04       		.byte	0x4
 515 01a8 6202     		.2byte	0x262
 516 01aa 97000000 		.4byte	0x97
 517 01ae 02       		.byte	0x2
 518 01af 23       		.byte	0x23
 519 01b0 00       		.uleb128 0
 520 01b1 09       		.uleb128 0x9
 521 01b2 D8020000 		.4byte	.LASF29
 522 01b6 04       		.byte	0x4
 523 01b7 6302     		.2byte	0x263
 524 01b9 97000000 		.4byte	0x97
 525 01bd 02       		.byte	0x2
 526 01be 23       		.byte	0x23
 527 01bf 04       		.uleb128 0x4
 528 01c0 0E       		.uleb128 0xe
 529 01c1 56414C00 		.ascii	"VAL\000"
 530 01c5 04       		.byte	0x4
 531 01c6 6402     		.2byte	0x264
 532 01c8 97000000 		.4byte	0x97
 533 01cc 02       		.byte	0x2
 534 01cd 23       		.byte	0x23
 535 01ce 08       		.uleb128 0x8
 536 01cf 09       		.uleb128 0x9
 537 01d0 E2000000 		.4byte	.LASF30
 538 01d4 04       		.byte	0x4
 539 01d5 6502     		.2byte	0x265
 540 01d7 84010000 		.4byte	0x184
 541 01db 02       		.byte	0x2
 542 01dc 23       		.byte	0x23
 543 01dd 0C       		.uleb128 0xc
 544 01de 00       		.byte	0
 545 01df 0A       		.uleb128 0xa
 546 01e0 00020000 		.4byte	.LASF31
 547 01e4 04       		.byte	0x4
 548 01e5 6602     		.2byte	0x266
 549 01e7 99010000 		.4byte	0x199
 550 01eb 05       		.uleb128 0x5
 551 01ec 53000000 		.4byte	0x53
 552 01f0 08       		.uleb128 0x8
 553 01f1 1C       		.byte	0x1c
 554 01f2 05       		.byte	0x5
 555 01f3 3E03     		.2byte	0x33e
 556 01f5 61020000 		.4byte	0x261
 557 01f9 0E       		.uleb128 0xe
 558 01fa 41435200 		.ascii	"ACR\000"
 559 01fe 05       		.byte	0x5
 560 01ff 4003     		.2byte	0x340
 561 0201 97000000 		.4byte	0x97
 562 0205 02       		.byte	0x2
 563 0206 23       		.byte	0x23
 564 0207 00       		.uleb128 0
 565 0208 09       		.uleb128 0x9
 566 0209 75010000 		.4byte	.LASF32
 567 020d 05       		.byte	0x5
 568 020e 4103     		.2byte	0x341
 569 0210 97000000 		.4byte	0x97
ARM GAS  C:\Users\Matuesz\AppData\Local\Temp\ccA6VugE.s 			page 11


 570 0214 02       		.byte	0x2
 571 0215 23       		.byte	0x23
 572 0216 04       		.uleb128 0x4
 573 0217 09       		.uleb128 0x9
 574 0218 C5000000 		.4byte	.LASF33
 575 021c 05       		.byte	0x5
 576 021d 4203     		.2byte	0x342
 577 021f 97000000 		.4byte	0x97
 578 0223 02       		.byte	0x2
 579 0224 23       		.byte	0x23
 580 0225 08       		.uleb128 0x8
 581 0226 0E       		.uleb128 0xe
 582 0227 535200   		.ascii	"SR\000"
 583 022a 05       		.byte	0x5
 584 022b 4303     		.2byte	0x343
 585 022d 97000000 		.4byte	0x97
 586 0231 02       		.byte	0x2
 587 0232 23       		.byte	0x23
 588 0233 0C       		.uleb128 0xc
 589 0234 0E       		.uleb128 0xe
 590 0235 435200   		.ascii	"CR\000"
 591 0238 05       		.byte	0x5
 592 0239 4403     		.2byte	0x344
 593 023b 97000000 		.4byte	0x97
 594 023f 02       		.byte	0x2
 595 0240 23       		.byte	0x23
 596 0241 10       		.uleb128 0x10
 597 0242 09       		.uleb128 0x9
 598 0243 27030000 		.4byte	.LASF34
 599 0247 05       		.byte	0x5
 600 0248 4503     		.2byte	0x345
 601 024a 97000000 		.4byte	0x97
 602 024e 02       		.byte	0x2
 603 024f 23       		.byte	0x23
 604 0250 14       		.uleb128 0x14
 605 0251 09       		.uleb128 0x9
 606 0252 66010000 		.4byte	.LASF35
 607 0256 05       		.byte	0x5
 608 0257 4603     		.2byte	0x346
 609 0259 97000000 		.4byte	0x97
 610 025d 02       		.byte	0x2
 611 025e 23       		.byte	0x23
 612 025f 18       		.uleb128 0x18
 613 0260 00       		.byte	0
 614 0261 0A       		.uleb128 0xa
 615 0262 F7020000 		.4byte	.LASF36
 616 0266 05       		.byte	0x5
 617 0267 4703     		.2byte	0x347
 618 0269 F0010000 		.4byte	0x1f0
 619 026d 08       		.uleb128 0x8
 620 026e 08       		.byte	0x8
 621 026f 05       		.byte	0x5
 622 0270 4E04     		.2byte	0x44e
 623 0272 94020000 		.4byte	0x294
 624 0276 0E       		.uleb128 0xe
 625 0277 435200   		.ascii	"CR\000"
 626 027a 05       		.byte	0x5
ARM GAS  C:\Users\Matuesz\AppData\Local\Temp\ccA6VugE.s 			page 12


 627 027b 5004     		.2byte	0x450
 628 027d 97000000 		.4byte	0x97
 629 0281 02       		.byte	0x2
 630 0282 23       		.byte	0x23
 631 0283 00       		.uleb128 0
 632 0284 0E       		.uleb128 0xe
 633 0285 43535200 		.ascii	"CSR\000"
 634 0289 05       		.byte	0x5
 635 028a 5104     		.2byte	0x451
 636 028c 97000000 		.4byte	0x97
 637 0290 02       		.byte	0x2
 638 0291 23       		.byte	0x23
 639 0292 04       		.uleb128 0x4
 640 0293 00       		.byte	0
 641 0294 0A       		.uleb128 0xa
 642 0295 51000000 		.4byte	.LASF37
 643 0299 05       		.byte	0x5
 644 029a 5204     		.2byte	0x452
 645 029c 6D020000 		.4byte	0x26d
 646 02a0 08       		.uleb128 0x8
 647 02a1 90       		.byte	0x90
 648 02a2 05       		.byte	0x5
 649 02a3 5804     		.2byte	0x458
 650 02a5 8D040000 		.4byte	0x48d
 651 02a9 0E       		.uleb128 0xe
 652 02aa 435200   		.ascii	"CR\000"
 653 02ad 05       		.byte	0x5
 654 02ae 5A04     		.2byte	0x45a
 655 02b0 97000000 		.4byte	0x97
 656 02b4 02       		.byte	0x2
 657 02b5 23       		.byte	0x23
 658 02b6 00       		.uleb128 0
 659 02b7 09       		.uleb128 0x9
 660 02b8 F8010000 		.4byte	.LASF38
 661 02bc 05       		.byte	0x5
 662 02bd 5B04     		.2byte	0x45b
 663 02bf 97000000 		.4byte	0x97
 664 02c3 02       		.byte	0x2
 665 02c4 23       		.byte	0x23
 666 02c5 04       		.uleb128 0x4
 667 02c6 09       		.uleb128 0x9
 668 02c7 7A000000 		.4byte	.LASF39
 669 02cb 05       		.byte	0x5
 670 02cc 5C04     		.2byte	0x45c
 671 02ce 97000000 		.4byte	0x97
 672 02d2 02       		.byte	0x2
 673 02d3 23       		.byte	0x23
 674 02d4 08       		.uleb128 0x8
 675 02d5 0E       		.uleb128 0xe
 676 02d6 43495200 		.ascii	"CIR\000"
 677 02da 05       		.byte	0x5
 678 02db 5D04     		.2byte	0x45d
 679 02dd 97000000 		.4byte	0x97
 680 02e1 02       		.byte	0x2
 681 02e2 23       		.byte	0x23
 682 02e3 0C       		.uleb128 0xc
 683 02e4 09       		.uleb128 0x9
ARM GAS  C:\Users\Matuesz\AppData\Local\Temp\ccA6VugE.s 			page 13


 684 02e5 DD020000 		.4byte	.LASF40
 685 02e9 05       		.byte	0x5
 686 02ea 5E04     		.2byte	0x45e
 687 02ec 97000000 		.4byte	0x97
 688 02f0 02       		.byte	0x2
 689 02f1 23       		.byte	0x23
 690 02f2 10       		.uleb128 0x10
 691 02f3 09       		.uleb128 0x9
 692 02f4 D0010000 		.4byte	.LASF41
 693 02f8 05       		.byte	0x5
 694 02f9 5F04     		.2byte	0x45f
 695 02fb 97000000 		.4byte	0x97
 696 02ff 02       		.byte	0x2
 697 0300 23       		.byte	0x23
 698 0301 14       		.uleb128 0x14
 699 0302 09       		.uleb128 0x9
 700 0303 EE020000 		.4byte	.LASF42
 701 0307 05       		.byte	0x5
 702 0308 6004     		.2byte	0x460
 703 030a 97000000 		.4byte	0x97
 704 030e 02       		.byte	0x2
 705 030f 23       		.byte	0x23
 706 0310 18       		.uleb128 0x18
 707 0311 09       		.uleb128 0x9
 708 0312 57020000 		.4byte	.LASF43
 709 0316 05       		.byte	0x5
 710 0317 6104     		.2byte	0x461
 711 0319 65000000 		.4byte	0x65
 712 031d 02       		.byte	0x2
 713 031e 23       		.byte	0x23
 714 031f 1C       		.uleb128 0x1c
 715 0320 09       		.uleb128 0x9
 716 0321 0A000000 		.4byte	.LASF44
 717 0325 05       		.byte	0x5
 718 0326 6204     		.2byte	0x462
 719 0328 97000000 		.4byte	0x97
 720 032c 02       		.byte	0x2
 721 032d 23       		.byte	0x23
 722 032e 20       		.uleb128 0x20
 723 032f 09       		.uleb128 0x9
 724 0330 4C010000 		.4byte	.LASF45
 725 0334 05       		.byte	0x5
 726 0335 6304     		.2byte	0x463
 727 0337 97000000 		.4byte	0x97
 728 033b 02       		.byte	0x2
 729 033c 23       		.byte	0x23
 730 033d 24       		.uleb128 0x24
 731 033e 09       		.uleb128 0x9
 732 033f 61020000 		.4byte	.LASF46
 733 0343 05       		.byte	0x5
 734 0344 6404     		.2byte	0x464
 735 0346 89010000 		.4byte	0x189
 736 034a 02       		.byte	0x2
 737 034b 23       		.byte	0x23
 738 034c 28       		.uleb128 0x28
 739 034d 09       		.uleb128 0x9
 740 034e E6020000 		.4byte	.LASF47
ARM GAS  C:\Users\Matuesz\AppData\Local\Temp\ccA6VugE.s 			page 14


 741 0352 05       		.byte	0x5
 742 0353 6504     		.2byte	0x465
 743 0355 97000000 		.4byte	0x97
 744 0359 02       		.byte	0x2
 745 035a 23       		.byte	0x23
 746 035b 30       		.uleb128 0x30
 747 035c 09       		.uleb128 0x9
 748 035d 13000000 		.4byte	.LASF48
 749 0361 05       		.byte	0x5
 750 0362 6604     		.2byte	0x466
 751 0364 97000000 		.4byte	0x97
 752 0368 02       		.byte	0x2
 753 0369 23       		.byte	0x23
 754 036a 34       		.uleb128 0x34
 755 036b 09       		.uleb128 0x9
 756 036c 6D010000 		.4byte	.LASF49
 757 0370 05       		.byte	0x5
 758 0371 6704     		.2byte	0x467
 759 0373 97000000 		.4byte	0x97
 760 0377 02       		.byte	0x2
 761 0378 23       		.byte	0x23
 762 0379 38       		.uleb128 0x38
 763 037a 09       		.uleb128 0x9
 764 037b 6B020000 		.4byte	.LASF50
 765 037f 05       		.byte	0x5
 766 0380 6804     		.2byte	0x468
 767 0382 65000000 		.4byte	0x65
 768 0386 02       		.byte	0x2
 769 0387 23       		.byte	0x23
 770 0388 3C       		.uleb128 0x3c
 771 0389 09       		.uleb128 0x9
 772 038a 86000000 		.4byte	.LASF51
 773 038e 05       		.byte	0x5
 774 038f 6904     		.2byte	0x469
 775 0391 97000000 		.4byte	0x97
 776 0395 02       		.byte	0x2
 777 0396 23       		.byte	0x23
 778 0397 40       		.uleb128 0x40
 779 0398 09       		.uleb128 0x9
 780 0399 8F010000 		.4byte	.LASF52
 781 039d 05       		.byte	0x5
 782 039e 6A04     		.2byte	0x46a
 783 03a0 97000000 		.4byte	0x97
 784 03a4 02       		.byte	0x2
 785 03a5 23       		.byte	0x23
 786 03a6 44       		.uleb128 0x44
 787 03a7 09       		.uleb128 0x9
 788 03a8 75020000 		.4byte	.LASF53
 789 03ac 05       		.byte	0x5
 790 03ad 6B04     		.2byte	0x46b
 791 03af 89010000 		.4byte	0x189
 792 03b3 02       		.byte	0x2
 793 03b4 23       		.byte	0x23
 794 03b5 48       		.uleb128 0x48
 795 03b6 09       		.uleb128 0x9
 796 03b7 00000000 		.4byte	.LASF54
 797 03bb 05       		.byte	0x5
ARM GAS  C:\Users\Matuesz\AppData\Local\Temp\ccA6VugE.s 			page 15


 798 03bc 6C04     		.2byte	0x46c
 799 03be 97000000 		.4byte	0x97
 800 03c2 02       		.byte	0x2
 801 03c3 23       		.byte	0x23
 802 03c4 50       		.uleb128 0x50
 803 03c5 09       		.uleb128 0x9
 804 03c6 45020000 		.4byte	.LASF55
 805 03ca 05       		.byte	0x5
 806 03cb 6D04     		.2byte	0x46d
 807 03cd 97000000 		.4byte	0x97
 808 03d1 02       		.byte	0x2
 809 03d2 23       		.byte	0x23
 810 03d3 54       		.uleb128 0x54
 811 03d4 09       		.uleb128 0x9
 812 03d5 70000000 		.4byte	.LASF56
 813 03d9 05       		.byte	0x5
 814 03da 6E04     		.2byte	0x46e
 815 03dc 97000000 		.4byte	0x97
 816 03e0 02       		.byte	0x2
 817 03e1 23       		.byte	0x23
 818 03e2 58       		.uleb128 0x58
 819 03e3 09       		.uleb128 0x9
 820 03e4 7F020000 		.4byte	.LASF57
 821 03e8 05       		.byte	0x5
 822 03e9 6F04     		.2byte	0x46f
 823 03eb 65000000 		.4byte	0x65
 824 03ef 02       		.byte	0x2
 825 03f0 23       		.byte	0x23
 826 03f1 5C       		.uleb128 0x5c
 827 03f2 09       		.uleb128 0x9
 828 03f3 20020000 		.4byte	.LASF58
 829 03f7 05       		.byte	0x5
 830 03f8 7004     		.2byte	0x470
 831 03fa 97000000 		.4byte	0x97
 832 03fe 02       		.byte	0x2
 833 03ff 23       		.byte	0x23
 834 0400 60       		.uleb128 0x60
 835 0401 09       		.uleb128 0x9
 836 0402 1D030000 		.4byte	.LASF59
 837 0406 05       		.byte	0x5
 838 0407 7104     		.2byte	0x471
 839 0409 97000000 		.4byte	0x97
 840 040d 02       		.byte	0x2
 841 040e 23       		.byte	0x23
 842 040f 64       		.uleb128 0x64
 843 0410 09       		.uleb128 0x9
 844 0411 89020000 		.4byte	.LASF60
 845 0415 05       		.byte	0x5
 846 0416 7204     		.2byte	0x472
 847 0418 89010000 		.4byte	0x189
 848 041c 02       		.byte	0x2
 849 041d 23       		.byte	0x23
 850 041e 68       		.uleb128 0x68
 851 041f 09       		.uleb128 0x9
 852 0420 34000000 		.4byte	.LASF61
 853 0424 05       		.byte	0x5
 854 0425 7304     		.2byte	0x473
ARM GAS  C:\Users\Matuesz\AppData\Local\Temp\ccA6VugE.s 			page 16


 855 0427 97000000 		.4byte	0x97
 856 042b 02       		.byte	0x2
 857 042c 23       		.byte	0x23
 858 042d 70       		.uleb128 0x70
 859 042e 0E       		.uleb128 0xe
 860 042f 43535200 		.ascii	"CSR\000"
 861 0433 05       		.byte	0x5
 862 0434 7404     		.2byte	0x474
 863 0436 97000000 		.4byte	0x97
 864 043a 02       		.byte	0x2
 865 043b 23       		.byte	0x23
 866 043c 74       		.uleb128 0x74
 867 043d 09       		.uleb128 0x9
 868 043e 93020000 		.4byte	.LASF62
 869 0442 05       		.byte	0x5
 870 0443 7504     		.2byte	0x475
 871 0445 89010000 		.4byte	0x189
 872 0449 02       		.byte	0x2
 873 044a 23       		.byte	0x23
 874 044b 78       		.uleb128 0x78
 875 044c 09       		.uleb128 0x9
 876 044d 65000000 		.4byte	.LASF63
 877 0451 05       		.byte	0x5
 878 0452 7604     		.2byte	0x476
 879 0454 97000000 		.4byte	0x97
 880 0458 03       		.byte	0x3
 881 0459 23       		.byte	0x23
 882 045a 8001     		.uleb128 0x80
 883 045c 09       		.uleb128 0x9
 884 045d 46000000 		.4byte	.LASF64
 885 0461 05       		.byte	0x5
 886 0462 7704     		.2byte	0x477
 887 0464 97000000 		.4byte	0x97
 888 0468 03       		.byte	0x3
 889 0469 23       		.byte	0x23
 890 046a 8401     		.uleb128 0x84
 891 046c 09       		.uleb128 0x9
 892 046d 12030000 		.4byte	.LASF65
 893 0471 05       		.byte	0x5
 894 0472 7804     		.2byte	0x478
 895 0474 97000000 		.4byte	0x97
 896 0478 03       		.byte	0x3
 897 0479 23       		.byte	0x23
 898 047a 8801     		.uleb128 0x88
 899 047c 09       		.uleb128 0x9
 900 047d B5000000 		.4byte	.LASF66
 901 0481 05       		.byte	0x5
 902 0482 7904     		.2byte	0x479
 903 0484 97000000 		.4byte	0x97
 904 0488 03       		.byte	0x3
 905 0489 23       		.byte	0x23
 906 048a 8C01     		.uleb128 0x8c
 907 048c 00       		.byte	0
 908 048d 0A       		.uleb128 0xa
 909 048e 40010000 		.4byte	.LASF67
 910 0492 05       		.byte	0x5
 911 0493 7B04     		.2byte	0x47b
ARM GAS  C:\Users\Matuesz\AppData\Local\Temp\ccA6VugE.s 			page 17


 912 0495 A0020000 		.4byte	0x2a0
 913 0499 0F       		.uleb128 0xf
 914 049a 94000000 		.4byte	.LASF71
 915 049e 01       		.byte	0x1
 916 049f 33       		.byte	0x33
 917 04a0 01       		.byte	0x1
 918 04a1 01       		.byte	0x1
 919 04a2 10       		.uleb128 0x10
 920 04a3 01       		.byte	0x1
 921 04a4 EB010000 		.4byte	.LASF72
 922 04a8 01       		.byte	0x1
 923 04a9 6F       		.byte	0x6f
 924 04aa 01       		.byte	0x1
 925 04ab 00000000 		.4byte	.LFB119
 926 04af A6000000 		.4byte	.LFE119
 927 04b3 00000000 		.4byte	.LLST0
 928 04b7 01       		.byte	0x1
 929 04b8 D6040000 		.4byte	0x4d6
 930 04bc 11       		.uleb128 0x11
 931 04bd 99040000 		.4byte	0x499
 932 04c1 66000000 		.4byte	.LBB4
 933 04c5 00000000 		.4byte	.Ldebug_ranges0+0
 934 04c9 01       		.byte	0x1
 935 04ca 87       		.byte	0x87
 936 04cb 12       		.uleb128 0x12
 937 04cc A6000000 		.4byte	.LVL0
 938 04d0 01       		.byte	0x1
 939 04d1 F9040000 		.4byte	0x4f9
 940 04d5 00       		.byte	0
 941 04d6 13       		.uleb128 0x13
 942 04d7 01       		.byte	0x1
 943 04d8 55010000 		.4byte	.LASF73
 944 04dc 01       		.byte	0x1
 945 04dd 9A       		.byte	0x9a
 946 04de 01       		.byte	0x1
 947 04df 00000000 		.4byte	.LFB120
 948 04e3 FA000000 		.4byte	.LFE120
 949 04e7 02       		.byte	0x2
 950 04e8 7D       		.byte	0x7d
 951 04e9 00       		.sleb128 0
 952 04ea 01       		.byte	0x1
 953 04eb 14       		.uleb128 0x14
 954 04ec 05030000 		.4byte	.LASF74
 955 04f0 04       		.byte	0x4
 956 04f1 9806     		.2byte	0x698
 957 04f3 EB010000 		.4byte	0x1eb
 958 04f7 01       		.byte	0x1
 959 04f8 01       		.byte	0x1
 960 04f9 15       		.uleb128 0x15
 961 04fa 01       		.byte	0x1
 962 04fb 4F020000 		.4byte	.LASF75
 963 04ff 06       		.byte	0x6
 964 0500 C101     		.2byte	0x1c1
 965 0502 01       		.byte	0x1
 966 0503 01       		.byte	0x1
 967 0504 00       		.byte	0
 968              		.section	.debug_abbrev,"",%progbits
ARM GAS  C:\Users\Matuesz\AppData\Local\Temp\ccA6VugE.s 			page 18


 969              	.Ldebug_abbrev0:
 970 0000 01       		.uleb128 0x1
 971 0001 11       		.uleb128 0x11
 972 0002 01       		.byte	0x1
 973 0003 25       		.uleb128 0x25
 974 0004 0E       		.uleb128 0xe
 975 0005 13       		.uleb128 0x13
 976 0006 0B       		.uleb128 0xb
 977 0007 03       		.uleb128 0x3
 978 0008 0E       		.uleb128 0xe
 979 0009 1B       		.uleb128 0x1b
 980 000a 0E       		.uleb128 0xe
 981 000b 55       		.uleb128 0x55
 982 000c 06       		.uleb128 0x6
 983 000d 11       		.uleb128 0x11
 984 000e 01       		.uleb128 0x1
 985 000f 52       		.uleb128 0x52
 986 0010 01       		.uleb128 0x1
 987 0011 10       		.uleb128 0x10
 988 0012 06       		.uleb128 0x6
 989 0013 00       		.byte	0
 990 0014 00       		.byte	0
 991 0015 02       		.uleb128 0x2
 992 0016 24       		.uleb128 0x24
 993 0017 00       		.byte	0
 994 0018 0B       		.uleb128 0xb
 995 0019 0B       		.uleb128 0xb
 996 001a 3E       		.uleb128 0x3e
 997 001b 0B       		.uleb128 0xb
 998 001c 03       		.uleb128 0x3
 999 001d 08       		.uleb128 0x8
 1000 001e 00       		.byte	0
 1001 001f 00       		.byte	0
 1002 0020 03       		.uleb128 0x3
 1003 0021 24       		.uleb128 0x24
 1004 0022 00       		.byte	0
 1005 0023 0B       		.uleb128 0xb
 1006 0024 0B       		.uleb128 0xb
 1007 0025 3E       		.uleb128 0x3e
 1008 0026 0B       		.uleb128 0xb
 1009 0027 03       		.uleb128 0x3
 1010 0028 0E       		.uleb128 0xe
 1011 0029 00       		.byte	0
 1012 002a 00       		.byte	0
 1013 002b 04       		.uleb128 0x4
 1014 002c 16       		.uleb128 0x16
 1015 002d 00       		.byte	0
 1016 002e 03       		.uleb128 0x3
 1017 002f 0E       		.uleb128 0xe
 1018 0030 3A       		.uleb128 0x3a
 1019 0031 0B       		.uleb128 0xb
 1020 0032 3B       		.uleb128 0x3b
 1021 0033 0B       		.uleb128 0xb
 1022 0034 49       		.uleb128 0x49
 1023 0035 13       		.uleb128 0x13
 1024 0036 00       		.byte	0
 1025 0037 00       		.byte	0
ARM GAS  C:\Users\Matuesz\AppData\Local\Temp\ccA6VugE.s 			page 19


 1026 0038 05       		.uleb128 0x5
 1027 0039 35       		.uleb128 0x35
 1028 003a 00       		.byte	0
 1029 003b 49       		.uleb128 0x49
 1030 003c 13       		.uleb128 0x13
 1031 003d 00       		.byte	0
 1032 003e 00       		.byte	0
 1033 003f 06       		.uleb128 0x6
 1034 0040 13       		.uleb128 0x13
 1035 0041 01       		.byte	0x1
 1036 0042 0B       		.uleb128 0xb
 1037 0043 0B       		.uleb128 0xb
 1038 0044 3A       		.uleb128 0x3a
 1039 0045 0B       		.uleb128 0xb
 1040 0046 3B       		.uleb128 0x3b
 1041 0047 0B       		.uleb128 0xb
 1042 0048 01       		.uleb128 0x1
 1043 0049 13       		.uleb128 0x13
 1044 004a 00       		.byte	0
 1045 004b 00       		.byte	0
 1046 004c 07       		.uleb128 0x7
 1047 004d 0D       		.uleb128 0xd
 1048 004e 00       		.byte	0
 1049 004f 03       		.uleb128 0x3
 1050 0050 0E       		.uleb128 0xe
 1051 0051 3A       		.uleb128 0x3a
 1052 0052 0B       		.uleb128 0xb
 1053 0053 3B       		.uleb128 0x3b
 1054 0054 0B       		.uleb128 0xb
 1055 0055 49       		.uleb128 0x49
 1056 0056 13       		.uleb128 0x13
 1057 0057 38       		.uleb128 0x38
 1058 0058 0A       		.uleb128 0xa
 1059 0059 00       		.byte	0
 1060 005a 00       		.byte	0
 1061 005b 08       		.uleb128 0x8
 1062 005c 13       		.uleb128 0x13
 1063 005d 01       		.byte	0x1
 1064 005e 0B       		.uleb128 0xb
 1065 005f 0B       		.uleb128 0xb
 1066 0060 3A       		.uleb128 0x3a
 1067 0061 0B       		.uleb128 0xb
 1068 0062 3B       		.uleb128 0x3b
 1069 0063 05       		.uleb128 0x5
 1070 0064 01       		.uleb128 0x1
 1071 0065 13       		.uleb128 0x13
 1072 0066 00       		.byte	0
 1073 0067 00       		.byte	0
 1074 0068 09       		.uleb128 0x9
 1075 0069 0D       		.uleb128 0xd
 1076 006a 00       		.byte	0
 1077 006b 03       		.uleb128 0x3
 1078 006c 0E       		.uleb128 0xe
 1079 006d 3A       		.uleb128 0x3a
 1080 006e 0B       		.uleb128 0xb
 1081 006f 3B       		.uleb128 0x3b
 1082 0070 05       		.uleb128 0x5
ARM GAS  C:\Users\Matuesz\AppData\Local\Temp\ccA6VugE.s 			page 20


 1083 0071 49       		.uleb128 0x49
 1084 0072 13       		.uleb128 0x13
 1085 0073 38       		.uleb128 0x38
 1086 0074 0A       		.uleb128 0xa
 1087 0075 00       		.byte	0
 1088 0076 00       		.byte	0
 1089 0077 0A       		.uleb128 0xa
 1090 0078 16       		.uleb128 0x16
 1091 0079 00       		.byte	0
 1092 007a 03       		.uleb128 0x3
 1093 007b 0E       		.uleb128 0xe
 1094 007c 3A       		.uleb128 0x3a
 1095 007d 0B       		.uleb128 0xb
 1096 007e 3B       		.uleb128 0x3b
 1097 007f 05       		.uleb128 0x5
 1098 0080 49       		.uleb128 0x49
 1099 0081 13       		.uleb128 0x13
 1100 0082 00       		.byte	0
 1101 0083 00       		.byte	0
 1102 0084 0B       		.uleb128 0xb
 1103 0085 26       		.uleb128 0x26
 1104 0086 00       		.byte	0
 1105 0087 49       		.uleb128 0x49
 1106 0088 13       		.uleb128 0x13
 1107 0089 00       		.byte	0
 1108 008a 00       		.byte	0
 1109 008b 0C       		.uleb128 0xc
 1110 008c 01       		.uleb128 0x1
 1111 008d 01       		.byte	0x1
 1112 008e 49       		.uleb128 0x49
 1113 008f 13       		.uleb128 0x13
 1114 0090 01       		.uleb128 0x1
 1115 0091 13       		.uleb128 0x13
 1116 0092 00       		.byte	0
 1117 0093 00       		.byte	0
 1118 0094 0D       		.uleb128 0xd
 1119 0095 21       		.uleb128 0x21
 1120 0096 00       		.byte	0
 1121 0097 49       		.uleb128 0x49
 1122 0098 13       		.uleb128 0x13
 1123 0099 2F       		.uleb128 0x2f
 1124 009a 0B       		.uleb128 0xb
 1125 009b 00       		.byte	0
 1126 009c 00       		.byte	0
 1127 009d 0E       		.uleb128 0xe
 1128 009e 0D       		.uleb128 0xd
 1129 009f 00       		.byte	0
 1130 00a0 03       		.uleb128 0x3
 1131 00a1 08       		.uleb128 0x8
 1132 00a2 3A       		.uleb128 0x3a
 1133 00a3 0B       		.uleb128 0xb
 1134 00a4 3B       		.uleb128 0x3b
 1135 00a5 05       		.uleb128 0x5
 1136 00a6 49       		.uleb128 0x49
 1137 00a7 13       		.uleb128 0x13
 1138 00a8 38       		.uleb128 0x38
 1139 00a9 0A       		.uleb128 0xa
ARM GAS  C:\Users\Matuesz\AppData\Local\Temp\ccA6VugE.s 			page 21


 1140 00aa 00       		.byte	0
 1141 00ab 00       		.byte	0
 1142 00ac 0F       		.uleb128 0xf
 1143 00ad 2E       		.uleb128 0x2e
 1144 00ae 00       		.byte	0
 1145 00af 03       		.uleb128 0x3
 1146 00b0 0E       		.uleb128 0xe
 1147 00b1 3A       		.uleb128 0x3a
 1148 00b2 0B       		.uleb128 0xb
 1149 00b3 3B       		.uleb128 0x3b
 1150 00b4 0B       		.uleb128 0xb
 1151 00b5 27       		.uleb128 0x27
 1152 00b6 0C       		.uleb128 0xc
 1153 00b7 20       		.uleb128 0x20
 1154 00b8 0B       		.uleb128 0xb
 1155 00b9 00       		.byte	0
 1156 00ba 00       		.byte	0
 1157 00bb 10       		.uleb128 0x10
 1158 00bc 2E       		.uleb128 0x2e
 1159 00bd 01       		.byte	0x1
 1160 00be 3F       		.uleb128 0x3f
 1161 00bf 0C       		.uleb128 0xc
 1162 00c0 03       		.uleb128 0x3
 1163 00c1 0E       		.uleb128 0xe
 1164 00c2 3A       		.uleb128 0x3a
 1165 00c3 0B       		.uleb128 0xb
 1166 00c4 3B       		.uleb128 0x3b
 1167 00c5 0B       		.uleb128 0xb
 1168 00c6 27       		.uleb128 0x27
 1169 00c7 0C       		.uleb128 0xc
 1170 00c8 11       		.uleb128 0x11
 1171 00c9 01       		.uleb128 0x1
 1172 00ca 12       		.uleb128 0x12
 1173 00cb 01       		.uleb128 0x1
 1174 00cc 40       		.uleb128 0x40
 1175 00cd 06       		.uleb128 0x6
 1176 00ce 9742     		.uleb128 0x2117
 1177 00d0 0C       		.uleb128 0xc
 1178 00d1 01       		.uleb128 0x1
 1179 00d2 13       		.uleb128 0x13
 1180 00d3 00       		.byte	0
 1181 00d4 00       		.byte	0
 1182 00d5 11       		.uleb128 0x11
 1183 00d6 1D       		.uleb128 0x1d
 1184 00d7 00       		.byte	0
 1185 00d8 31       		.uleb128 0x31
 1186 00d9 13       		.uleb128 0x13
 1187 00da 52       		.uleb128 0x52
 1188 00db 01       		.uleb128 0x1
 1189 00dc 55       		.uleb128 0x55
 1190 00dd 06       		.uleb128 0x6
 1191 00de 58       		.uleb128 0x58
 1192 00df 0B       		.uleb128 0xb
 1193 00e0 59       		.uleb128 0x59
 1194 00e1 0B       		.uleb128 0xb
 1195 00e2 00       		.byte	0
 1196 00e3 00       		.byte	0
ARM GAS  C:\Users\Matuesz\AppData\Local\Temp\ccA6VugE.s 			page 22


 1197 00e4 12       		.uleb128 0x12
 1198 00e5 898201   		.uleb128 0x4109
 1199 00e8 00       		.byte	0
 1200 00e9 11       		.uleb128 0x11
 1201 00ea 01       		.uleb128 0x1
 1202 00eb 9542     		.uleb128 0x2115
 1203 00ed 0C       		.uleb128 0xc
 1204 00ee 31       		.uleb128 0x31
 1205 00ef 13       		.uleb128 0x13
 1206 00f0 00       		.byte	0
 1207 00f1 00       		.byte	0
 1208 00f2 13       		.uleb128 0x13
 1209 00f3 2E       		.uleb128 0x2e
 1210 00f4 00       		.byte	0
 1211 00f5 3F       		.uleb128 0x3f
 1212 00f6 0C       		.uleb128 0xc
 1213 00f7 03       		.uleb128 0x3
 1214 00f8 0E       		.uleb128 0xe
 1215 00f9 3A       		.uleb128 0x3a
 1216 00fa 0B       		.uleb128 0xb
 1217 00fb 3B       		.uleb128 0x3b
 1218 00fc 0B       		.uleb128 0xb
 1219 00fd 27       		.uleb128 0x27
 1220 00fe 0C       		.uleb128 0xc
 1221 00ff 11       		.uleb128 0x11
 1222 0100 01       		.uleb128 0x1
 1223 0101 12       		.uleb128 0x12
 1224 0102 01       		.uleb128 0x1
 1225 0103 40       		.uleb128 0x40
 1226 0104 0A       		.uleb128 0xa
 1227 0105 9742     		.uleb128 0x2117
 1228 0107 0C       		.uleb128 0xc
 1229 0108 00       		.byte	0
 1230 0109 00       		.byte	0
 1231 010a 14       		.uleb128 0x14
 1232 010b 34       		.uleb128 0x34
 1233 010c 00       		.byte	0
 1234 010d 03       		.uleb128 0x3
 1235 010e 0E       		.uleb128 0xe
 1236 010f 3A       		.uleb128 0x3a
 1237 0110 0B       		.uleb128 0xb
 1238 0111 3B       		.uleb128 0x3b
 1239 0112 05       		.uleb128 0x5
 1240 0113 49       		.uleb128 0x49
 1241 0114 13       		.uleb128 0x13
 1242 0115 3F       		.uleb128 0x3f
 1243 0116 0C       		.uleb128 0xc
 1244 0117 3C       		.uleb128 0x3c
 1245 0118 0C       		.uleb128 0xc
 1246 0119 00       		.byte	0
 1247 011a 00       		.byte	0
 1248 011b 15       		.uleb128 0x15
 1249 011c 2E       		.uleb128 0x2e
 1250 011d 00       		.byte	0
 1251 011e 3F       		.uleb128 0x3f
 1252 011f 0C       		.uleb128 0xc
 1253 0120 03       		.uleb128 0x3
ARM GAS  C:\Users\Matuesz\AppData\Local\Temp\ccA6VugE.s 			page 23


 1254 0121 0E       		.uleb128 0xe
 1255 0122 3A       		.uleb128 0x3a
 1256 0123 0B       		.uleb128 0xb
 1257 0124 3B       		.uleb128 0x3b
 1258 0125 05       		.uleb128 0x5
 1259 0126 27       		.uleb128 0x27
 1260 0127 0C       		.uleb128 0xc
 1261 0128 3C       		.uleb128 0x3c
 1262 0129 0C       		.uleb128 0xc
 1263 012a 00       		.byte	0
 1264 012b 00       		.byte	0
 1265 012c 00       		.byte	0
 1266              		.section	.debug_loc,"",%progbits
 1267              	.Ldebug_loc0:
 1268              	.LLST0:
 1269 0000 00000000 		.4byte	.LFB119
 1270 0004 0A000000 		.4byte	.LCFI0
 1271 0008 0200     		.2byte	0x2
 1272 000a 7D       		.byte	0x7d
 1273 000b 00       		.sleb128 0
 1274 000c 0A000000 		.4byte	.LCFI0
 1275 0010 A6000000 		.4byte	.LFE119
 1276 0014 0200     		.2byte	0x2
 1277 0016 7D       		.byte	0x7d
 1278 0017 0C       		.sleb128 12
 1279 0018 00000000 		.4byte	0
 1280 001c 00000000 		.4byte	0
 1281              		.section	.debug_aranges,"",%progbits
 1282 0000 24000000 		.4byte	0x24
 1283 0004 0200     		.2byte	0x2
 1284 0006 00000000 		.4byte	.Ldebug_info0
 1285 000a 04       		.byte	0x4
 1286 000b 00       		.byte	0
 1287 000c 0000     		.2byte	0
 1288 000e 0000     		.2byte	0
 1289 0010 00000000 		.4byte	.LFB119
 1290 0014 A6000000 		.4byte	.LFE119-.LFB119
 1291 0018 00000000 		.4byte	.LFB120
 1292 001c FA000000 		.4byte	.LFE120-.LFB120
 1293 0020 00000000 		.4byte	0
 1294 0024 00000000 		.4byte	0
 1295              		.section	.debug_ranges,"",%progbits
 1296              	.Ldebug_ranges0:
 1297 0000 66000000 		.4byte	.LBB4
 1298 0004 6E000000 		.4byte	.LBE4
 1299 0008 74000000 		.4byte	.LBB7
 1300 000c A0000000 		.4byte	.LBE7
 1301 0010 00000000 		.4byte	0
 1302 0014 00000000 		.4byte	0
 1303 0018 00000000 		.4byte	.LFB119
 1304 001c A6000000 		.4byte	.LFE119
 1305 0020 00000000 		.4byte	.LFB120
 1306 0024 FA000000 		.4byte	.LFE120
 1307 0028 00000000 		.4byte	0
 1308 002c 00000000 		.4byte	0
 1309              		.section	.debug_line,"",%progbits
 1310              	.Ldebug_line0:
ARM GAS  C:\Users\Matuesz\AppData\Local\Temp\ccA6VugE.s 			page 24


 1311 0000 F2010000 		.section	.debug_str,"MS",%progbits,1
 1311      02004701 
 1311      00000201 
 1311      FB0E0D00 
 1311      01010101 
 1312              	.LASF54:
 1313 0000 41484231 		.ascii	"AHB1LPENR\000"
 1313      4C50454E 
 1313      5200
 1314              	.LASF44:
 1315 000a 41504231 		.ascii	"APB1RSTR\000"
 1315      52535452 
 1315      00
 1316              	.LASF48:
 1317 0013 41484232 		.ascii	"AHB2ENR\000"
 1317      454E5200 
 1318              	.LASF17:
 1319 001b 44454D43 		.ascii	"DEMCR\000"
 1319      5200
 1320              	.LASF3:
 1321 0021 73686F72 		.ascii	"short int\000"
 1321      7420696E 
 1321      7400
 1322              	.LASF13:
 1323 002b 73697A65 		.ascii	"sizetype\000"
 1323      74797065 
 1323      00
 1324              	.LASF61:
 1325 0034 42444352 		.ascii	"BDCR\000"
 1325      00
 1326              	.LASF26:
 1327 0039 50435352 		.ascii	"PCSR\000"
 1327      00
 1328              	.LASF25:
 1329 003e 464F4C44 		.ascii	"FOLDCNT\000"
 1329      434E5400 
 1330              	.LASF64:
 1331 0046 504C4C49 		.ascii	"PLLI2SCFGR\000"
 1331      32534346 
 1331      475200
 1332              	.LASF37:
 1333 0051 5057525F 		.ascii	"PWR_TypeDef\000"
 1333      54797065 
 1333      44656600 
 1334              	.LASF27:
 1335 005d 434D785F 		.ascii	"CMx_DWT\000"
 1335      44575400 
 1336              	.LASF63:
 1337 0065 53534347 		.ascii	"SSCGR\000"
 1337      5200
 1338              	.LASF19:
 1339 006b 4354524C 		.ascii	"CTRL\000"
 1339      00
 1340              	.LASF56:
 1341 0070 41484233 		.ascii	"AHB3LPENR\000"
 1341      4C50454E 
 1341      5200
ARM GAS  C:\Users\Matuesz\AppData\Local\Temp\ccA6VugE.s 			page 25


 1342              	.LASF39:
 1343 007a 43464752 		.ascii	"CFGR\000"
 1343      00
 1344              	.LASF21:
 1345 007f 43504943 		.ascii	"CPICNT\000"
 1345      4E5400
 1346              	.LASF51:
 1347 0086 41504231 		.ascii	"APB1ENR\000"
 1347      454E5200 
 1348              	.LASF15:
 1349 008e 44435253 		.ascii	"DCRSR\000"
 1349      5200
 1350              	.LASF71:
 1351 0094 68616C5F 		.ascii	"hal_lld_backup_domain_init\000"
 1351      6C6C645F 
 1351      6261636B 
 1351      75705F64 
 1351      6F6D6169 
 1352              	.LASF16:
 1353 00af 44435244 		.ascii	"DCRDR\000"
 1353      5200
 1354              	.LASF66:
 1355 00b5 44434B43 		.ascii	"DCKCFGR\000"
 1355      46475200 
 1356              	.LASF12:
 1357 00bd 494F5245 		.ascii	"IOREG32\000"
 1357      47333200 
 1358              	.LASF33:
 1359 00c5 4F50544B 		.ascii	"OPTKEYR\000"
 1359      45595200 
 1360              	.LASF9:
 1361 00cd 6C6F6E67 		.ascii	"long long int\000"
 1361      206C6F6E 
 1361      6720696E 
 1361      7400
 1362              	.LASF20:
 1363 00db 43594343 		.ascii	"CYCCNT\000"
 1363      4E5400
 1364              	.LASF30:
 1365 00e2 43414C49 		.ascii	"CALIB\000"
 1365      4200
 1366              	.LASF68:
 1367 00e8 474E5520 		.ascii	"GNU C 4.7.4 20140401 (release) [ARM/embedded-4_7-br"
 1367      4320342E 
 1367      372E3420 
 1367      32303134 
 1367      30343031 
 1368 011b 616E6368 		.ascii	"anch revision 209195]\000"
 1368      20726576 
 1368      6973696F 
 1368      6E203230 
 1368      39313935 
 1369              	.LASF14:
 1370 0131 44484353 		.ascii	"DHCSR\000"
 1370      5200
 1371              	.LASF5:
 1372 0137 6C6F6E67 		.ascii	"long int\000"
ARM GAS  C:\Users\Matuesz\AppData\Local\Temp\ccA6VugE.s 			page 26


 1372      20696E74 
 1372      00
 1373              	.LASF67:
 1374 0140 5243435F 		.ascii	"RCC_TypeDef\000"
 1374      54797065 
 1374      44656600 
 1375              	.LASF45:
 1376 014c 41504232 		.ascii	"APB2RSTR\000"
 1376      52535452 
 1376      00
 1377              	.LASF73:
 1378 0155 73746D33 		.ascii	"stm32_clock_init\000"
 1378      325F636C 
 1378      6F636B5F 
 1378      696E6974 
 1378      00
 1379              	.LASF35:
 1380 0166 4F505443 		.ascii	"OPTCR1\000"
 1380      523100
 1381              	.LASF49:
 1382 016d 41484233 		.ascii	"AHB3ENR\000"
 1382      454E5200 
 1383              	.LASF32:
 1384 0175 4B455952 		.ascii	"KEYR\000"
 1384      00
 1385              	.LASF22:
 1386 017a 45584343 		.ascii	"EXCCNT\000"
 1386      4E5400
 1387              	.LASF2:
 1388 0181 756E7369 		.ascii	"unsigned char\000"
 1388      676E6564 
 1388      20636861 
 1388      7200
 1389              	.LASF52:
 1390 018f 41504232 		.ascii	"APB2ENR\000"
 1390      454E5200 
 1391              	.LASF1:
 1392 0197 7369676E 		.ascii	"signed char\000"
 1392      65642063 
 1392      68617200 
 1393              	.LASF10:
 1394 01a3 6C6F6E67 		.ascii	"long long unsigned int\000"
 1394      206C6F6E 
 1394      6720756E 
 1394      7369676E 
 1394      65642069 
 1395              	.LASF7:
 1396 01ba 75696E74 		.ascii	"uint32_t\000"
 1396      33325F74 
 1396      00
 1397              	.LASF0:
 1398 01c3 756E7369 		.ascii	"unsigned int\000"
 1398      676E6564 
 1398      20696E74 
 1398      00
 1399              	.LASF41:
 1400 01d0 41484232 		.ascii	"AHB2RSTR\000"
ARM GAS  C:\Users\Matuesz\AppData\Local\Temp\ccA6VugE.s 			page 27


 1400      52535452 
 1400      00
 1401              	.LASF8:
 1402 01d9 6C6F6E67 		.ascii	"long unsigned int\000"
 1402      20756E73 
 1402      69676E65 
 1402      6420696E 
 1402      7400
 1403              	.LASF72:
 1404 01eb 68616C5F 		.ascii	"hal_lld_init\000"
 1404      6C6C645F 
 1404      696E6974 
 1404      00
 1405              	.LASF38:
 1406 01f8 504C4C43 		.ascii	"PLLCFGR\000"
 1406      46475200 
 1407              	.LASF31:
 1408 0200 53797354 		.ascii	"SysTick_Type\000"
 1408      69636B5F 
 1408      54797065 
 1408      00
 1409              	.LASF4:
 1410 020d 73686F72 		.ascii	"short unsigned int\000"
 1410      7420756E 
 1410      7369676E 
 1410      65642069 
 1410      6E7400
 1411              	.LASF58:
 1412 0220 41504231 		.ascii	"APB1LPENR\000"
 1412      4C50454E 
 1412      5200
 1413              	.LASF28:
 1414 022a 63686172 		.ascii	"char\000"
 1414      00
 1415              	.LASF18:
 1416 022f 434D785F 		.ascii	"CMx_SCS\000"
 1416      53435300 
 1417              	.LASF6:
 1418 0237 696E7433 		.ascii	"int32_t\000"
 1418      325F7400 
 1419              	.LASF11:
 1420 023f 5F426F6F 		.ascii	"_Bool\000"
 1420      6C00
 1421              	.LASF55:
 1422 0245 41484232 		.ascii	"AHB2LPENR\000"
 1422      4C50454E 
 1422      5200
 1423              	.LASF75:
 1424 024f 646D6149 		.ascii	"dmaInit\000"
 1424      6E697400 
 1425              	.LASF43:
 1426 0257 52455345 		.ascii	"RESERVED0\000"
 1426      52564544 
 1426      3000
 1427              	.LASF46:
 1428 0261 52455345 		.ascii	"RESERVED1\000"
 1428      52564544 
ARM GAS  C:\Users\Matuesz\AppData\Local\Temp\ccA6VugE.s 			page 28


 1428      3100
 1429              	.LASF50:
 1430 026b 52455345 		.ascii	"RESERVED2\000"
 1430      52564544 
 1430      3200
 1431              	.LASF53:
 1432 0275 52455345 		.ascii	"RESERVED3\000"
 1432      52564544 
 1432      3300
 1433              	.LASF57:
 1434 027f 52455345 		.ascii	"RESERVED4\000"
 1434      52564544 
 1434      3400
 1435              	.LASF60:
 1436 0289 52455345 		.ascii	"RESERVED5\000"
 1436      52564544 
 1436      3500
 1437              	.LASF62:
 1438 0293 52455345 		.ascii	"RESERVED6\000"
 1438      52564544 
 1438      3600
 1439              	.LASF23:
 1440 029d 534C4545 		.ascii	"SLEEPCNT\000"
 1440      50434E54 
 1440      00
 1441              	.LASF69:
 1442 02a6 2E2E2F2E 		.ascii	"../../os/hal/platforms/STM32F4xx/hal_lld.c\000"
 1442      2E2F6F73 
 1442      2F68616C 
 1442      2F706C61 
 1442      74666F72 
 1443              	.LASF24:
 1444 02d1 4C535543 		.ascii	"LSUCNT\000"
 1444      4E5400
 1445              	.LASF29:
 1446 02d8 4C4F4144 		.ascii	"LOAD\000"
 1446      00
 1447              	.LASF40:
 1448 02dd 41484231 		.ascii	"AHB1RSTR\000"
 1448      52535452 
 1448      00
 1449              	.LASF47:
 1450 02e6 41484231 		.ascii	"AHB1ENR\000"
 1450      454E5200 
 1451              	.LASF42:
 1452 02ee 41484233 		.ascii	"AHB3RSTR\000"
 1452      52535452 
 1452      00
 1453              	.LASF36:
 1454 02f7 464C4153 		.ascii	"FLASH_TypeDef\000"
 1454      485F5479 
 1454      70654465 
 1454      6600
 1455              	.LASF74:
 1456 0305 49544D5F 		.ascii	"ITM_RxBuffer\000"
 1456      52784275 
 1456      66666572 
ARM GAS  C:\Users\Matuesz\AppData\Local\Temp\ccA6VugE.s 			page 29


 1456      00
 1457              	.LASF65:
 1458 0312 504C4C53 		.ascii	"PLLSAICFGR\000"
 1458      41494346 
 1458      475200
 1459              	.LASF59:
 1460 031d 41504232 		.ascii	"APB2LPENR\000"
 1460      4C50454E 
 1460      5200
 1461              	.LASF34:
 1462 0327 4F505443 		.ascii	"OPTCR\000"
 1462      5200
 1463              	.LASF70:
 1464 032d 433A5C43 		.ascii	"C:\\ChibiStudio\\chibios\\demos\\ARMCM4-STM32F407-E"
 1464      68696269 
 1464      53747564 
 1464      696F5C63 
 1464      68696269 
 1465 035c 4D4700   		.ascii	"MG\000"
 1466              		.ident	"GCC: (GNU Tools for ARM Embedded Processors) 4.7.4 20140401 (release) [ARM/embedded-4_7-br
ARM GAS  C:\Users\Matuesz\AppData\Local\Temp\ccA6VugE.s 			page 30


DEFINED SYMBOLS
                            *ABS*:00000000 hal_lld.c
C:\Users\Matuesz\AppData\Local\Temp\ccA6VugE.s:19     .text.hal_lld_init:00000000 $t
C:\Users\Matuesz\AppData\Local\Temp\ccA6VugE.s:25     .text.hal_lld_init:00000000 hal_lld_init
C:\Users\Matuesz\AppData\Local\Temp\ccA6VugE.s:143    .text.stm32_clock_init:00000000 $t
C:\Users\Matuesz\AppData\Local\Temp\ccA6VugE.s:149    .text.stm32_clock_init:00000000 stm32_clock_init
                     .debug_frame:00000010 $d

UNDEFINED SYMBOLS
dmaInit
