ARM GAS  C:\Users\Matuesz\AppData\Local\Temp\ccV4UU7Z.s 			page 1


   1              		.syntax unified
   2              		.cpu cortex-m4
   3              		.fpu softvfp
   4              		.eabi_attribute 20, 1
   5              		.eabi_attribute 21, 1
   6              		.eabi_attribute 23, 3
   7              		.eabi_attribute 24, 1
   8              		.eabi_attribute 25, 1
   9              		.eabi_attribute 26, 1
  10              		.eabi_attribute 30, 2
  11              		.eabi_attribute 34, 1
  12              		.eabi_attribute 18, 4
  13              		.thumb
  14              		.file	"inet_chksum.c"
  15              		.text
  16              	.Ltext0:
  17              		.cfi_sections	.debug_frame
  18              		.section	.text.lwip_standard_chksum,"ax",%progbits
  19              		.align	2
  20              		.p2align 4,,15
  21              		.thumb
  22              		.thumb_func
  23              		.type	lwip_standard_chksum, %function
  24              	lwip_standard_chksum:
  25              	.LFB7:
  26              		.file 1 "../../ext/lwip/src/core/ipv4/inet_chksum.c"
  27              		.loc 1 136 0
  28              		.cfi_startproc
  29              		@ args = 0, pretend = 0, frame = 8
  30              		@ frame_needed = 0, uses_anonymous_args = 0
  31              		@ link register save eliminated.
  32              	.LVL0:
  33 0000 F0B4     		push	{r4, r5, r6, r7}
  34              	.LCFI0:
  35              		.cfi_def_cfa_offset 16
  36              		.cfi_offset 4, -16
  37              		.cfi_offset 5, -12
  38              		.cfi_offset 6, -8
  39              		.cfi_offset 7, -4
  40 0002 82B0     		sub	sp, sp, #8
  41              	.LCFI1:
  42              		.cfi_def_cfa_offset 24
  43              		.loc 1 138 0
  44 0004 0025     		movs	r5, #0
  45              	.LVL1:
  46              		.loc 1 143 0
  47 0006 10F00107 		ands	r7, r0, #1
  48              		.loc 1 138 0
  49 000a ADF80650 		strh	r5, [sp, #6]	@ movhi
  50              	.LVL2:
  51              		.loc 1 143 0
  52 000e 06D0     		beq	.L2
  53              		.loc 1 143 0 is_stmt 0 discriminator 1
  54 0010 A942     		cmp	r1, r5
  55 0012 27DD     		ble	.L3
  56              		.loc 1 144 0 is_stmt 1
  57 0014 10F8013B 		ldrb	r3, [r0], #1	@ zero_extendqisi2
ARM GAS  C:\Users\Matuesz\AppData\Local\Temp\ccV4UU7Z.s 			page 2


  58              	.LVL3:
  59              		.loc 1 145 0
  60 0018 0139     		subs	r1, r1, #1
  61              	.LVL4:
  62              		.loc 1 144 0
  63 001a 8DF80730 		strb	r3, [sp, #7]
  64              	.LVL5:
  65              	.L2:
  66              		.loc 1 150 0
  67 001e 0129     		cmp	r1, #1
  68 0020 38DD     		ble	.L9
  69 0022 8C1E     		subs	r4, r1, #2
  70              		.loc 1 152 0
  71 0024 2246     		mov	r2, r4
  72              		.loc 1 151 0
  73 0026 0346     		mov	r3, r0
  74              		.loc 1 150 0
  75 0028 012A     		cmp	r2, #1
  76 002a C4F34004 		ubfx	r4, r4, #1, #1
  77              		.loc 1 151 0
  78 002e 33F8025B 		ldrh	r5, [r3], #2
  79              	.LVL6:
  80              		.loc 1 150 0
  81 0032 10DD     		ble	.L20
  82 0034 2CB1     		cbz	r4, .L4
  83              		.loc 1 151 0
  84 0036 33F8024B 		ldrh	r4, [r3], #2
  85              		.loc 1 152 0
  86 003a 023A     		subs	r2, r2, #2
  87              		.loc 1 150 0
  88 003c 012A     		cmp	r2, #1
  89              		.loc 1 151 0
  90 003e 2544     		add	r5, r5, r4
  91              	.LVL7:
  92              		.loc 1 150 0
  93 0040 09DD     		ble	.L20
  94              	.L4:
  95              		.loc 1 151 0
  96 0042 1C46     		mov	r4, r3
  97 0044 5B88     		ldrh	r3, [r3, #2]
  98 0046 34F8026B 		ldrh	r6, [r4], #2
  99              		.loc 1 152 0
 100 004a 043A     		subs	r2, r2, #4
 101              		.loc 1 151 0
 102 004c AD19     		adds	r5, r5, r6
 103 004e ED18     		adds	r5, r5, r3
 104 0050 A31C     		adds	r3, r4, #2
 105              		.loc 1 150 0
 106 0052 012A     		cmp	r2, #1
 107 0054 F5DC     		bgt	.L4
 108              	.L20:
 109              		.loc 1 135 0
 110 0056 0239     		subs	r1, r1, #2
 111 0058 4B08     		lsrs	r3, r1, #1
 112 005a 5A1C     		adds	r2, r3, #1
 113 005c 00EB4200 		add	r0, r0, r2, lsl #1
 114              	.LVL8:
ARM GAS  C:\Users\Matuesz\AppData\Local\Temp\ccV4UU7Z.s 			page 3


 115 0060 A1EB4301 		sub	r1, r1, r3, lsl #1
 116              	.L3:
 117              		.loc 1 156 0
 118 0064 0129     		cmp	r1, #1
 119              		.loc 1 157 0
 120 0066 04BF     		itt	eq
 121 0068 0378     		ldrbeq	r3, [r0, #0]	@ zero_extendqisi2
 122 006a 8DF80630 		strbeq	r3, [sp, #6]
 123              		.loc 1 161 0
 124 006e BDF80600 		ldrh	r0, [sp, #6]
 125              	.LVL9:
 126 0072 2B18     		adds	r3, r5, r0
 127              	.LVL10:
 128              		.loc 1 165 0
 129 0074 9DB2     		uxth	r5, r3
 130 0076 05EB1345 		add	r5, r5, r3, lsr #16
 131              	.LVL11:
 132              		.loc 1 166 0
 133 007a A9B2     		uxth	r1, r5
 134 007c 01EB1543 		add	r3, r1, r5, lsr #16
 135              	.LVL12:
 136              		.loc 1 169 0
 137 0080 27B1     		cbz	r7, .L6
 138              		.loc 1 170 0
 139 0082 1A06     		lsls	r2, r3, #24
 140 0084 C3F30720 		ubfx	r0, r3, #8, #8
 141              	.LVL13:
 142 0088 40EA1243 		orr	r3, r0, r2, lsr #16
 143              	.LVL14:
 144              	.L6:
 145              		.loc 1 174 0
 146 008c 98B2     		uxth	r0, r3
 147              	.LVL15:
 148 008e 02B0     		add	sp, sp, #8
 149 0090 F0BC     		pop	{r4, r5, r6, r7}
 150 0092 7047     		bx	lr
 151              	.LVL16:
 152              	.L9:
 153              		.loc 1 139 0
 154 0094 0025     		movs	r5, #0
 155 0096 E5E7     		b	.L3
 156              		.cfi_endproc
 157              	.LFE7:
 158              		.size	lwip_standard_chksum, .-lwip_standard_chksum
 159 0098 AFF30080 		.section	.text.inet_chksum_pseudo,"ax",%progbits
 159      AFF30080 
 160              		.align	2
 161              		.p2align 4,,15
 162              		.global	inet_chksum_pseudo
 163              		.thumb
 164              		.thumb_func
 165              		.type	inet_chksum_pseudo, %function
 166              	inet_chksum_pseudo:
 167              	.LFB8:
 168              		.loc 1 275 0
 169              		.cfi_startproc
 170              		@ args = 4, pretend = 0, frame = 0
ARM GAS  C:\Users\Matuesz\AppData\Local\Temp\ccV4UU7Z.s 			page 4


 171              		@ frame_needed = 0, uses_anonymous_args = 0
 172              	.LVL17:
 173 0000 2DE9F047 		push	{r4, r5, r6, r7, r8, r9, sl, lr}
 174              	.LCFI2:
 175              		.cfi_def_cfa_offset 32
 176              		.cfi_offset 4, -32
 177              		.cfi_offset 5, -28
 178              		.cfi_offset 6, -24
 179              		.cfi_offset 7, -20
 180              		.cfi_offset 8, -16
 181              		.cfi_offset 9, -12
 182              		.cfi_offset 10, -8
 183              		.cfi_offset 14, -4
 184              		.loc 1 275 0
 185 0004 8A46     		mov	sl, r1
 186 0006 9146     		mov	r9, r2
 187 0008 9846     		mov	r8, r3
 188              		.loc 1 284 0
 189 000a 0028     		cmp	r0, #0
 190 000c 3DD0     		beq	.L26
 191 000e 0027     		movs	r7, #0
 192 0010 0446     		mov	r4, r0
 193 0012 3D46     		mov	r5, r7
 194              	.LVL18:
 195              	.L25:
 196              		.loc 1 287 0
 197 0014 6068     		ldr	r0, [r4, #4]
 198 0016 6189     		ldrh	r1, [r4, #10]
 199 0018 FFF7FEFF 		bl	lwip_standard_chksum
 200              	.LVL19:
 201              		.loc 1 292 0
 202 001c 6689     		ldrh	r6, [r4, #10]
 203              		.loc 1 287 0
 204 001e 2818     		adds	r0, r5, r0
 205              	.LVL20:
 206              		.loc 1 291 0
 207 0020 83B2     		uxth	r3, r0
 208 0022 03EB1045 		add	r5, r3, r0, lsr #16
 209              	.LVL21:
 210              		.loc 1 292 0
 211 0026 F307     		lsls	r3, r6, #31
 212 0028 07D5     		bpl	.L24
 213              		.loc 1 293 0
 214 002a C7F10107 		rsb	r7, r7, #1
 215              		.loc 1 294 0
 216 002e 2906     		lsls	r1, r5, #24
 217 0030 C5F30722 		ubfx	r2, r5, #8, #8
 218              		.loc 1 293 0
 219 0034 FFB2     		uxtb	r7, r7
 220              	.LVL22:
 221              		.loc 1 294 0
 222 0036 42EA1145 		orr	r5, r2, r1, lsr #16
 223              	.LVL23:
 224              	.L24:
 225              		.loc 1 284 0
 226 003a 2468     		ldr	r4, [r4, #0]
 227              	.LVL24:
ARM GAS  C:\Users\Matuesz\AppData\Local\Temp\ccV4UU7Z.s 			page 5


 228 003c 002C     		cmp	r4, #0
 229 003e E9D1     		bne	.L25
 230              		.loc 1 299 0
 231 0040 27B1     		cbz	r7, .L23
 232              		.loc 1 300 0
 233 0042 2806     		lsls	r0, r5, #24
 234 0044 C5F30725 		ubfx	r5, r5, #8, #8
 235              	.LVL25:
 236 0048 45EA1045 		orr	r5, r5, r0, lsr #16
 237              	.LVL26:
 238              	.L23:
 239              		.loc 1 302 0
 240 004c DAF80020 		ldr	r2, [sl, #0]
 241              	.LVL27:
 242              		.loc 1 305 0
 243 0050 D9F80030 		ldr	r3, [r9, #0]
 244              	.LVL28:
 245              		.loc 1 303 0
 246 0054 91B2     		uxth	r1, r2
 247 0056 01EB1240 		add	r0, r1, r2, lsr #16
 248              		.loc 1 304 0
 249 005a 10FA83F2 		uxtah	r2, r0, r3
 250              	.LVL29:
 251              		.loc 1 306 0
 252 005e 02EB1343 		add	r3, r2, r3, lsr #16
 253              	.LVL30:
 254              		.loc 1 308 0
 255 0062 4046     		mov	r0, r8
 256              		.loc 1 307 0
 257 0064 5D19     		adds	r5, r3, r5
 258              	.LVL31:
 259              		.loc 1 308 0
 260 0066 FFF7FEFF 		bl	lwip_htons
 261              	.LVL32:
 262 006a 2D18     		adds	r5, r5, r0
 263              	.LVL33:
 264              		.loc 1 309 0
 265 006c BDF82000 		ldrh	r0, [sp, #32]
 266 0070 FFF7FEFF 		bl	lwip_htons
 267              	.LVL34:
 268 0074 2918     		adds	r1, r5, r0
 269              	.LVL35:
 270              		.loc 1 313 0
 271 0076 88B2     		uxth	r0, r1
 272 0078 00EB1142 		add	r2, r0, r1, lsr #16
 273              	.LVL36:
 274              		.loc 1 314 0
 275 007c 93B2     		uxth	r3, r2
 276              	.LVL37:
 277 007e 03EB1241 		add	r1, r3, r2, lsr #16
 278              	.LVL38:
 279              		.loc 1 316 0
 280 0082 C843     		mvns	r0, r1
 281              		.loc 1 317 0
 282 0084 80B2     		uxth	r0, r0
 283 0086 BDE8F087 		pop	{r4, r5, r6, r7, r8, r9, sl, pc}
 284              	.LVL39:
ARM GAS  C:\Users\Matuesz\AppData\Local\Temp\ccV4UU7Z.s 			page 6


 285              	.L26:
 286              		.loc 1 281 0
 287 008a 0546     		mov	r5, r0
 288 008c DEE7     		b	.L23
 289              		.cfi_endproc
 290              	.LFE8:
 291              		.size	inet_chksum_pseudo, .-inet_chksum_pseudo
 292 008e 00BF     		.section	.text.inet_chksum_pseudo_partial,"ax",%progbits
 293              		.align	2
 294              		.p2align 4,,15
 295              		.global	inet_chksum_pseudo_partial
 296              		.thumb
 297              		.thumb_func
 298              		.type	inet_chksum_pseudo_partial, %function
 299              	inet_chksum_pseudo_partial:
 300              	.LFB9:
 301              		.loc 1 335 0
 302              		.cfi_startproc
 303              		@ args = 8, pretend = 0, frame = 8
 304              		@ frame_needed = 0, uses_anonymous_args = 0
 305              	.LVL40:
 306 0000 2DE9F04F 		push	{r4, r5, r6, r7, r8, r9, sl, fp, lr}
 307              	.LCFI3:
 308              		.cfi_def_cfa_offset 36
 309              		.cfi_offset 4, -36
 310              		.cfi_offset 5, -32
 311              		.cfi_offset 6, -28
 312              		.cfi_offset 7, -24
 313              		.cfi_offset 8, -20
 314              		.cfi_offset 9, -16
 315              		.cfi_offset 10, -12
 316              		.cfi_offset 11, -8
 317              		.cfi_offset 14, -4
 318 0004 83B0     		sub	sp, sp, #12
 319              	.LCFI4:
 320              		.cfi_def_cfa_offset 48
 321              		.loc 1 335 0
 322 0006 8B46     		mov	fp, r1
 323 0008 9246     		mov	sl, r2
 324 000a 0193     		str	r3, [sp, #4]
 325 000c BDF83450 		ldrh	r5, [sp, #52]
 326              		.loc 1 345 0
 327 0010 0028     		cmp	r0, #0
 328 0012 50D0     		beq	.L42
 329 0014 002D     		cmp	r5, #0
 330 0016 50D0     		beq	.L43
 331 0018 0027     		movs	r7, #0
 332 001a 0446     		mov	r4, r0
 333 001c 3E46     		mov	r6, r7
 334              		.loc 1 354 0
 335 001e 47F6FE78 		movw	r8, #32766
 336 0022 10E0     		b	.L40
 337              	.LVL41:
 338              	.L36:
 339              		.loc 1 358 0
 340 0024 6089     		ldrh	r0, [r4, #10]
 341              		.loc 1 357 0
ARM GAS  C:\Users\Matuesz\AppData\Local\Temp\ccV4UU7Z.s 			page 7


 342 0026 B2B2     		uxth	r2, r6
 343              		.loc 1 358 0
 344 0028 C307     		lsls	r3, r0, #31
 345              		.loc 1 357 0
 346 002a 02EB1646 		add	r6, r2, r6, lsr #16
 347              	.LVL42:
 348              		.loc 1 358 0
 349 002e 07D5     		bpl	.L37
 350              		.loc 1 359 0
 351 0030 C7F10107 		rsb	r7, r7, #1
 352              		.loc 1 360 0
 353 0034 3106     		lsls	r1, r6, #24
 354 0036 C6F30723 		ubfx	r3, r6, #8, #8
 355              		.loc 1 359 0
 356 003a FFB2     		uxtb	r7, r7
 357              	.LVL43:
 358              		.loc 1 360 0
 359 003c 43EA1146 		orr	r6, r3, r1, lsr #16
 360              	.LVL44:
 361              	.L37:
 362              		.loc 1 345 0
 363 0040 2468     		ldr	r4, [r4, #0]
 364              	.LVL45:
 365 0042 94B1     		cbz	r4, .L41
 366              		.loc 1 345 0 is_stmt 0 discriminator 2
 367 0044 8DB1     		cbz	r5, .L41
 368              	.LVL46:
 369              	.L40:
 370              		.loc 1 348 0 is_stmt 1
 371 0046 6389     		ldrh	r3, [r4, #10]
 372              	.LVL47:
 373              		.loc 1 352 0
 374 0048 6068     		ldr	r0, [r4, #4]
 375 004a 9D42     		cmp	r5, r3
 376 004c 34BF     		ite	cc
 377 004e A946     		movcc	r9, r5
 378 0050 9946     		movcs	r9, r3
 379              	.LVL48:
 380 0052 4946     		mov	r1, r9
 381 0054 FFF7FEFF 		bl	lwip_standard_chksum
 382              	.LVL49:
 383              		.loc 1 353 0
 384 0058 C9EB0505 		rsb	r5, r9, r5
 385 005c ADB2     		uxth	r5, r5
 386              		.loc 1 354 0
 387 005e 4545     		cmp	r5, r8
 388              		.loc 1 352 0
 389 0060 0644     		add	r6, r6, r0
 390              	.LVL50:
 391              		.loc 1 354 0
 392 0062 DFD9     		bls	.L36
 393              		.loc 1 354 0 is_stmt 0 discriminator 1
 394 0064 FFF7FEFF 		bl	port_halt
 395              	.LVL51:
 396 0068 DCE7     		b	.L36
 397              	.LVL52:
 398              	.L41:
ARM GAS  C:\Users\Matuesz\AppData\Local\Temp\ccV4UU7Z.s 			page 8


 399              		.loc 1 365 0 is_stmt 1
 400 006a 27B1     		cbz	r7, .L35
 401              		.loc 1 366 0
 402 006c 3006     		lsls	r0, r6, #24
 403 006e C6F30726 		ubfx	r6, r6, #8, #8
 404              	.LVL53:
 405 0072 46EA1046 		orr	r6, r6, r0, lsr #16
 406              	.LVL54:
 407              	.L35:
 408              		.loc 1 368 0
 409 0076 DBF80020 		ldr	r2, [fp, #0]
 410              	.LVL55:
 411              		.loc 1 371 0
 412 007a DAF80030 		ldr	r3, [sl, #0]
 413              	.LVL56:
 414              		.loc 1 369 0
 415 007e 91B2     		uxth	r1, r2
 416 0080 01EB1240 		add	r0, r1, r2, lsr #16
 417              		.loc 1 370 0
 418 0084 10FA83F2 		uxtah	r2, r0, r3
 419              	.LVL57:
 420              		.loc 1 372 0
 421 0088 02EB1343 		add	r3, r2, r3, lsr #16
 422              	.LVL58:
 423              		.loc 1 374 0
 424 008c 0198     		ldr	r0, [sp, #4]
 425              		.loc 1 373 0
 426 008e 9E19     		adds	r6, r3, r6
 427              	.LVL59:
 428              		.loc 1 374 0
 429 0090 FFF7FEFF 		bl	lwip_htons
 430              	.LVL60:
 431 0094 3618     		adds	r6, r6, r0
 432              	.LVL61:
 433              		.loc 1 375 0
 434 0096 BDF83000 		ldrh	r0, [sp, #48]
 435 009a FFF7FEFF 		bl	lwip_htons
 436              	.LVL62:
 437 009e 3118     		adds	r1, r6, r0
 438              	.LVL63:
 439              		.loc 1 379 0
 440 00a0 88B2     		uxth	r0, r1
 441 00a2 00EB1142 		add	r2, r0, r1, lsr #16
 442              	.LVL64:
 443              		.loc 1 380 0
 444 00a6 93B2     		uxth	r3, r2
 445              	.LVL65:
 446 00a8 03EB1241 		add	r1, r3, r2, lsr #16
 447              	.LVL66:
 448              		.loc 1 382 0
 449 00ac C843     		mvns	r0, r1
 450              		.loc 1 383 0
 451 00ae 80B2     		uxth	r0, r0
 452 00b0 03B0     		add	sp, sp, #12
 453 00b2 BDE8F08F 		pop	{r4, r5, r6, r7, r8, r9, sl, fp, pc}
 454              	.LVL67:
 455              	.L42:
ARM GAS  C:\Users\Matuesz\AppData\Local\Temp\ccV4UU7Z.s 			page 9


 456              		.loc 1 345 0
 457 00b6 0646     		mov	r6, r0
 458 00b8 DDE7     		b	.L35
 459              	.L43:
 460 00ba 2E46     		mov	r6, r5
 461 00bc DBE7     		b	.L35
 462              		.cfi_endproc
 463              	.LFE9:
 464              		.size	inet_chksum_pseudo_partial, .-inet_chksum_pseudo_partial
 465 00be 00BF     		.section	.text.inet_chksum,"ax",%progbits
 466              		.align	2
 467              		.p2align 4,,15
 468              		.global	inet_chksum
 469              		.thumb
 470              		.thumb_func
 471              		.type	inet_chksum, %function
 472              	inet_chksum:
 473              	.LFB10:
 474              		.loc 1 397 0
 475              		.cfi_startproc
 476              		@ args = 0, pretend = 0, frame = 0
 477              		@ frame_needed = 0, uses_anonymous_args = 0
 478              	.LVL68:
 479 0000 08B5     		push	{r3, lr}
 480              	.LCFI5:
 481              		.cfi_def_cfa_offset 8
 482              		.cfi_offset 3, -8
 483              		.cfi_offset 14, -4
 484              		.loc 1 398 0
 485 0002 FFF7FEFF 		bl	lwip_standard_chksum
 486              	.LVL69:
 487 0006 C043     		mvns	r0, r0
 488              		.loc 1 399 0
 489 0008 80B2     		uxth	r0, r0
 490 000a 08BD     		pop	{r3, pc}
 491              		.cfi_endproc
 492              	.LFE10:
 493              		.size	inet_chksum, .-inet_chksum
 494 000c AFF30080 		.section	.text.inet_chksum_pbuf,"ax",%progbits
 495              		.align	2
 496              		.p2align 4,,15
 497              		.global	inet_chksum_pbuf
 498              		.thumb
 499              		.thumb_func
 500              		.type	inet_chksum_pbuf, %function
 501              	inet_chksum_pbuf:
 502              	.LFB11:
 503              		.loc 1 410 0
 504              		.cfi_startproc
 505              		@ args = 0, pretend = 0, frame = 0
 506              		@ frame_needed = 0, uses_anonymous_args = 0
 507              	.LVL70:
 508 0000 70B5     		push	{r4, r5, r6, lr}
 509              	.LCFI6:
 510              		.cfi_def_cfa_offset 16
 511              		.cfi_offset 4, -16
 512              		.cfi_offset 5, -12
ARM GAS  C:\Users\Matuesz\AppData\Local\Temp\ccV4UU7Z.s 			page 10


 513              		.cfi_offset 6, -8
 514              		.cfi_offset 14, -4
 515              		.loc 1 417 0
 516 0002 20B3     		cbz	r0, .L54
 517 0004 0026     		movs	r6, #0
 518 0006 0446     		mov	r4, r0
 519 0008 3546     		mov	r5, r6
 520              	.LVL71:
 521              	.L52:
 522              		.loc 1 418 0
 523 000a 6068     		ldr	r0, [r4, #4]
 524 000c 6189     		ldrh	r1, [r4, #10]
 525 000e FFF7FEFF 		bl	lwip_standard_chksum
 526              	.LVL72:
 527              		.loc 1 420 0
 528 0012 6389     		ldrh	r3, [r4, #10]
 529              		.loc 1 418 0
 530 0014 2818     		adds	r0, r5, r0
 531              	.LVL73:
 532              		.loc 1 419 0
 533 0016 85B2     		uxth	r5, r0
 534              		.loc 1 420 0
 535 0018 DB07     		lsls	r3, r3, #31
 536              		.loc 1 419 0
 537 001a 05EB1045 		add	r5, r5, r0, lsr #16
 538              	.LVL74:
 539              		.loc 1 420 0
 540 001e 07D5     		bpl	.L51
 541              		.loc 1 421 0
 542 0020 C6F10106 		rsb	r6, r6, #1
 543              		.loc 1 422 0
 544 0024 2906     		lsls	r1, r5, #24
 545 0026 C5F30722 		ubfx	r2, r5, #8, #8
 546              		.loc 1 421 0
 547 002a F6B2     		uxtb	r6, r6
 548              	.LVL75:
 549              		.loc 1 422 0
 550 002c 42EA1145 		orr	r5, r2, r1, lsr #16
 551              	.LVL76:
 552              	.L51:
 553              		.loc 1 417 0
 554 0030 2468     		ldr	r4, [r4, #0]
 555              	.LVL77:
 556 0032 002C     		cmp	r4, #0
 557 0034 E9D1     		bne	.L52
 558              		.loc 1 426 0
 559 0036 3EB1     		cbz	r6, .L59
 560              		.loc 1 427 0
 561 0038 2806     		lsls	r0, r5, #24
 562 003a C5F30725 		ubfx	r5, r5, #8, #8
 563              	.LVL78:
 564 003e 45EA1041 		orr	r1, r5, r0, lsr #16
 565              	.LVL79:
 566 0042 CA43     		mvns	r2, r1
 567 0044 90B2     		uxth	r0, r2
 568 0046 70BD     		pop	{r4, r5, r6, pc}
 569              	.LVL80:
ARM GAS  C:\Users\Matuesz\AppData\Local\Temp\ccV4UU7Z.s 			page 11


 570              	.L59:
 571 0048 EB43     		mvns	r3, r5
 572 004a 98B2     		uxth	r0, r3
 573 004c 70BD     		pop	{r4, r5, r6, pc}
 574              	.LVL81:
 575              	.L54:
 576              		.loc 1 417 0
 577 004e 4FF6FF70 		movw	r0, #65535
 578              	.LVL82:
 579              		.loc 1 430 0
 580 0052 70BD     		pop	{r4, r5, r6, pc}
 581              		.cfi_endproc
 582              	.LFE11:
 583              		.size	inet_chksum_pbuf, .-inet_chksum_pbuf
 584 0054 AFF30080 		.text
 584      AFF30080 
 584      AFF30080 
 585              	.Letext0:
 586              		.file 2 "c:\\chibistudio\\tools\\gnu tools arm embedded\\4.7 2014q2\\bin\\../lib/gcc/arm-none-eabi
 587              		.file 3 "../../os/various/lwip_bindings/arch/cc.h"
 588              		.file 4 "../../ext/lwip/src/include/lwip/pbuf.h"
 589              		.file 5 "../../ext/lwip/src/include/ipv4/lwip/ip_addr.h"
 590              		.file 6 "../../ext/lwip/src/include/lwip/def.h"
 591              		.file 7 "../../os/ports/GCC/ARMCMx/chcore_v7m.h"
 592              		.section	.debug_info,"",%progbits
 593              	.Ldebug_info0:
 594 0000 C1040000 		.4byte	0x4c1
 595 0004 0200     		.2byte	0x2
 596 0006 00000000 		.4byte	.Ldebug_abbrev0
 597 000a 04       		.byte	0x4
 598 000b 01       		.uleb128 0x1
 599 000c E2000000 		.4byte	.LASF39
 600 0010 01       		.byte	0x1
 601 0011 3B000000 		.4byte	.LASF40
 602 0015 0E020000 		.4byte	.LASF41
 603 0019 00000000 		.4byte	.Ldebug_ranges0+0
 604 001d 00000000 		.4byte	0
 605 0021 00000000 		.4byte	0
 606 0025 00000000 		.4byte	.Ldebug_line0
 607 0029 02       		.uleb128 0x2
 608 002a 04       		.byte	0x4
 609 002b 05       		.byte	0x5
 610 002c 696E7400 		.ascii	"int\000"
 611 0030 03       		.uleb128 0x3
 612 0031 04       		.byte	0x4
 613 0032 07       		.byte	0x7
 614 0033 49010000 		.4byte	.LASF0
 615 0037 03       		.uleb128 0x3
 616 0038 01       		.byte	0x1
 617 0039 06       		.byte	0x6
 618 003a A4000000 		.4byte	.LASF1
 619 003e 04       		.uleb128 0x4
 620 003f 8E010000 		.4byte	.LASF4
 621 0043 02       		.byte	0x2
 622 0044 2A       		.byte	0x2a
 623 0045 49000000 		.4byte	0x49
 624 0049 03       		.uleb128 0x3
ARM GAS  C:\Users\Matuesz\AppData\Local\Temp\ccV4UU7Z.s 			page 12


 625 004a 01       		.byte	0x1
 626 004b 08       		.byte	0x8
 627 004c B8000000 		.4byte	.LASF2
 628 0050 03       		.uleb128 0x3
 629 0051 02       		.byte	0x2
 630 0052 05       		.byte	0x5
 631 0053 E9010000 		.4byte	.LASF3
 632 0057 04       		.uleb128 0x4
 633 0058 F3010000 		.4byte	.LASF5
 634 005c 02       		.byte	0x2
 635 005d 36       		.byte	0x36
 636 005e 62000000 		.4byte	0x62
 637 0062 03       		.uleb128 0x3
 638 0063 02       		.byte	0x2
 639 0064 07       		.byte	0x7
 640 0065 66000000 		.4byte	.LASF6
 641 0069 03       		.uleb128 0x3
 642 006a 04       		.byte	0x4
 643 006b 05       		.byte	0x5
 644 006c 05020000 		.4byte	.LASF7
 645 0070 04       		.uleb128 0x4
 646 0071 FC010000 		.4byte	.LASF8
 647 0075 02       		.byte	0x2
 648 0076 50       		.byte	0x50
 649 0077 7B000000 		.4byte	0x7b
 650 007b 03       		.uleb128 0x3
 651 007c 04       		.byte	0x4
 652 007d 07       		.byte	0x7
 653 007e C6000000 		.4byte	.LASF9
 654 0082 03       		.uleb128 0x3
 655 0083 08       		.byte	0x8
 656 0084 05       		.byte	0x5
 657 0085 C9010000 		.4byte	.LASF10
 658 0089 03       		.uleb128 0x3
 659 008a 08       		.byte	0x8
 660 008b 07       		.byte	0x7
 661 008c 77010000 		.4byte	.LASF11
 662 0090 03       		.uleb128 0x3
 663 0091 01       		.byte	0x1
 664 0092 02       		.byte	0x2
 665 0093 4A020000 		.4byte	.LASF12
 666 0097 05       		.uleb128 0x5
 667 0098 04       		.byte	0x4
 668 0099 03       		.uleb128 0x3
 669 009a 04       		.byte	0x4
 670 009b 07       		.byte	0x7
 671 009c C0010000 		.4byte	.LASF13
 672 00a0 03       		.uleb128 0x3
 673 00a1 01       		.byte	0x1
 674 00a2 08       		.byte	0x8
 675 00a3 D7010000 		.4byte	.LASF14
 676 00a7 04       		.uleb128 0x4
 677 00a8 96010000 		.4byte	.LASF15
 678 00ac 03       		.byte	0x3
 679 00ad 38       		.byte	0x38
 680 00ae 3E000000 		.4byte	0x3e
 681 00b2 04       		.uleb128 0x4
ARM GAS  C:\Users\Matuesz\AppData\Local\Temp\ccV4UU7Z.s 			page 13


 682 00b3 2B010000 		.4byte	.LASF16
 683 00b7 03       		.byte	0x3
 684 00b8 3A       		.byte	0x3a
 685 00b9 57000000 		.4byte	0x57
 686 00bd 04       		.uleb128 0x4
 687 00be 31010000 		.4byte	.LASF17
 688 00c2 03       		.byte	0x3
 689 00c3 3C       		.byte	0x3c
 690 00c4 70000000 		.4byte	0x70
 691 00c8 04       		.uleb128 0x4
 692 00c9 16000000 		.4byte	.LASF18
 693 00cd 03       		.byte	0x3
 694 00ce 3E       		.byte	0x3e
 695 00cf 70000000 		.4byte	0x70
 696 00d3 06       		.uleb128 0x6
 697 00d4 DD000000 		.4byte	.LASF24
 698 00d8 10       		.byte	0x10
 699 00d9 04       		.byte	0x4
 700 00da 4F       		.byte	0x4f
 701 00db 42010000 		.4byte	0x142
 702 00df 07       		.uleb128 0x7
 703 00e0 11000000 		.4byte	.LASF19
 704 00e4 04       		.byte	0x4
 705 00e5 51       		.byte	0x51
 706 00e6 42010000 		.4byte	0x142
 707 00ea 02       		.byte	0x2
 708 00eb 23       		.byte	0x23
 709 00ec 00       		.uleb128 0
 710 00ed 07       		.uleb128 0x7
 711 00ee AE010000 		.4byte	.LASF20
 712 00f2 04       		.byte	0x4
 713 00f3 54       		.byte	0x54
 714 00f4 97000000 		.4byte	0x97
 715 00f8 02       		.byte	0x2
 716 00f9 23       		.byte	0x23
 717 00fa 04       		.uleb128 0x4
 718 00fb 07       		.uleb128 0x7
 719 00fc 37010000 		.4byte	.LASF21
 720 0100 04       		.byte	0x4
 721 0101 5D       		.byte	0x5d
 722 0102 B2000000 		.4byte	0xb2
 723 0106 02       		.byte	0x2
 724 0107 23       		.byte	0x23
 725 0108 08       		.uleb128 0x8
 726 0109 08       		.uleb128 0x8
 727 010a 6C656E00 		.ascii	"len\000"
 728 010e 04       		.byte	0x4
 729 010f 60       		.byte	0x60
 730 0110 B2000000 		.4byte	0xb2
 731 0114 02       		.byte	0x2
 732 0115 23       		.byte	0x23
 733 0116 0A       		.uleb128 0xa
 734 0117 07       		.uleb128 0x7
 735 0118 E4010000 		.4byte	.LASF22
 736 011c 04       		.byte	0x4
 737 011d 63       		.byte	0x63
 738 011e A7000000 		.4byte	0xa7
ARM GAS  C:\Users\Matuesz\AppData\Local\Temp\ccV4UU7Z.s 			page 14


 739 0122 02       		.byte	0x2
 740 0123 23       		.byte	0x23
 741 0124 0C       		.uleb128 0xc
 742 0125 07       		.uleb128 0x7
 743 0126 56010000 		.4byte	.LASF23
 744 012a 04       		.byte	0x4
 745 012b 66       		.byte	0x66
 746 012c A7000000 		.4byte	0xa7
 747 0130 02       		.byte	0x2
 748 0131 23       		.byte	0x23
 749 0132 0D       		.uleb128 0xd
 750 0133 08       		.uleb128 0x8
 751 0134 72656600 		.ascii	"ref\000"
 752 0138 04       		.byte	0x4
 753 0139 6D       		.byte	0x6d
 754 013a B2000000 		.4byte	0xb2
 755 013e 02       		.byte	0x2
 756 013f 23       		.byte	0x23
 757 0140 0E       		.uleb128 0xe
 758 0141 00       		.byte	0
 759 0142 09       		.uleb128 0x9
 760 0143 04       		.byte	0x4
 761 0144 D3000000 		.4byte	0xd3
 762 0148 06       		.uleb128 0x6
 763 0149 2C000000 		.4byte	.LASF25
 764 014d 04       		.byte	0x4
 765 014e 05       		.byte	0x5
 766 014f 2C       		.byte	0x2c
 767 0150 63010000 		.4byte	0x163
 768 0154 07       		.uleb128 0x7
 769 0155 D8000000 		.4byte	.LASF26
 770 0159 05       		.byte	0x5
 771 015a 2D       		.byte	0x2d
 772 015b BD000000 		.4byte	0xbd
 773 015f 02       		.byte	0x2
 774 0160 23       		.byte	0x23
 775 0161 00       		.uleb128 0
 776 0162 00       		.byte	0
 777 0163 04       		.uleb128 0x4
 778 0164 3F010000 		.4byte	.LASF27
 779 0168 05       		.byte	0x5
 780 0169 40       		.byte	0x40
 781 016a 48010000 		.4byte	0x148
 782 016e 0A       		.uleb128 0xa
 783 016f 79000000 		.4byte	.LASF42
 784 0173 01       		.byte	0x1
 785 0174 87       		.byte	0x87
 786 0175 01       		.byte	0x1
 787 0176 B2000000 		.4byte	0xb2
 788 017a 00000000 		.4byte	.LFB7
 789 017e 98000000 		.4byte	.LFE7
 790 0182 00000000 		.4byte	.LLST0
 791 0186 01       		.byte	0x1
 792 0187 EF010000 		.4byte	0x1ef
 793 018b 0B       		.uleb128 0xb
 794 018c DC010000 		.4byte	.LASF28
 795 0190 01       		.byte	0x1
ARM GAS  C:\Users\Matuesz\AppData\Local\Temp\ccV4UU7Z.s 			page 15


 796 0191 87       		.byte	0x87
 797 0192 97000000 		.4byte	0x97
 798 0196 2C000000 		.4byte	.LLST1
 799 019a 0C       		.uleb128 0xc
 800 019b 6C656E00 		.ascii	"len\000"
 801 019f 01       		.byte	0x1
 802 01a0 87       		.byte	0x87
 803 01a1 29000000 		.4byte	0x29
 804 01a5 5A000000 		.4byte	.LLST2
 805 01a9 0D       		.uleb128 0xd
 806 01aa 706200   		.ascii	"pb\000"
 807 01ad 01       		.byte	0x1
 808 01ae 89       		.byte	0x89
 809 01af EF010000 		.4byte	0x1ef
 810 01b3 90000000 		.4byte	.LLST3
 811 01b7 0D       		.uleb128 0xd
 812 01b8 707300   		.ascii	"ps\000"
 813 01bb 01       		.byte	0x1
 814 01bc 8A       		.byte	0x8a
 815 01bd F5010000 		.4byte	0x1f5
 816 01c1 C6000000 		.4byte	.LLST4
 817 01c5 0D       		.uleb128 0xd
 818 01c6 7400     		.ascii	"t\000"
 819 01c8 01       		.byte	0x1
 820 01c9 8A       		.byte	0x8a
 821 01ca B2000000 		.4byte	0xb2
 822 01ce E4000000 		.4byte	.LLST5
 823 01d2 0D       		.uleb128 0xd
 824 01d3 73756D00 		.ascii	"sum\000"
 825 01d7 01       		.byte	0x1
 826 01d8 8B       		.byte	0x8b
 827 01d9 BD000000 		.4byte	0xbd
 828 01dd 1A010000 		.4byte	.LLST6
 829 01e1 0E       		.uleb128 0xe
 830 01e2 6F646400 		.ascii	"odd\000"
 831 01e6 01       		.byte	0x1
 832 01e7 8C       		.byte	0x8c
 833 01e8 29000000 		.4byte	0x29
 834 01ec 01       		.byte	0x1
 835 01ed 57       		.byte	0x57
 836 01ee 00       		.byte	0
 837 01ef 09       		.uleb128 0x9
 838 01f0 04       		.byte	0x4
 839 01f1 A7000000 		.4byte	0xa7
 840 01f5 09       		.uleb128 0x9
 841 01f6 04       		.byte	0x4
 842 01f7 B2000000 		.4byte	0xb2
 843 01fb 0F       		.uleb128 0xf
 844 01fc 01       		.byte	0x1
 845 01fd 9B010000 		.4byte	.LASF33
 846 0201 01       		.byte	0x1
 847 0202 1001     		.2byte	0x110
 848 0204 01       		.byte	0x1
 849 0205 B2000000 		.4byte	0xb2
 850 0209 00000000 		.4byte	.LFB8
 851 020d 8E000000 		.4byte	.LFE8
 852 0211 5B010000 		.4byte	.LLST7
ARM GAS  C:\Users\Matuesz\AppData\Local\Temp\ccV4UU7Z.s 			page 16


 853 0215 01       		.byte	0x1
 854 0216 D5020000 		.4byte	0x2d5
 855 021a 10       		.uleb128 0x10
 856 021b 7000     		.ascii	"p\000"
 857 021d 01       		.byte	0x1
 858 021e 1001     		.2byte	0x110
 859 0220 42010000 		.4byte	0x142
 860 0224 7B010000 		.4byte	.LLST8
 861 0228 10       		.uleb128 0x10
 862 0229 73726300 		.ascii	"src\000"
 863 022d 01       		.byte	0x1
 864 022e 1101     		.2byte	0x111
 865 0230 D5020000 		.4byte	0x2d5
 866 0234 A7010000 		.4byte	.LLST9
 867 0238 11       		.uleb128 0x11
 868 0239 56020000 		.4byte	.LASF29
 869 023d 01       		.byte	0x1
 870 023e 1101     		.2byte	0x111
 871 0240 D5020000 		.4byte	0x2d5
 872 0244 D0010000 		.4byte	.LLST10
 873 0248 11       		.uleb128 0x11
 874 0249 50020000 		.4byte	.LASF30
 875 024d 01       		.byte	0x1
 876 024e 1201     		.2byte	0x112
 877 0250 A7000000 		.4byte	0xa7
 878 0254 F9010000 		.4byte	.LLST11
 879 0258 12       		.uleb128 0x12
 880 0259 40020000 		.4byte	.LASF31
 881 025d 01       		.byte	0x1
 882 025e 1201     		.2byte	0x112
 883 0260 B2000000 		.4byte	0xb2
 884 0264 02       		.byte	0x2
 885 0265 91       		.byte	0x91
 886 0266 00       		.sleb128 0
 887 0267 13       		.uleb128 0x13
 888 0268 61636300 		.ascii	"acc\000"
 889 026c 01       		.byte	0x1
 890 026d 1401     		.2byte	0x114
 891 026f BD000000 		.4byte	0xbd
 892 0273 25020000 		.4byte	.LLST12
 893 0277 14       		.uleb128 0x14
 894 0278 D8000000 		.4byte	.LASF26
 895 027c 01       		.byte	0x1
 896 027d 1501     		.2byte	0x115
 897 027f BD000000 		.4byte	0xbd
 898 0283 22030000 		.4byte	.LLST13
 899 0287 13       		.uleb128 0x13
 900 0288 7100     		.ascii	"q\000"
 901 028a 01       		.byte	0x1
 902 028b 1601     		.2byte	0x116
 903 028d 42010000 		.4byte	0x142
 904 0291 4C030000 		.4byte	.LLST14
 905 0295 14       		.uleb128 0x14
 906 0296 B0000000 		.4byte	.LASF32
 907 029a 01       		.byte	0x1
 908 029b 1701     		.2byte	0x117
 909 029d A7000000 		.4byte	0xa7
ARM GAS  C:\Users\Matuesz\AppData\Local\Temp\ccV4UU7Z.s 			page 17


 910 02a1 75030000 		.4byte	.LLST15
 911 02a5 15       		.uleb128 0x15
 912 02a6 1C000000 		.4byte	.LVL19
 913 02aa 6E010000 		.4byte	0x16e
 914 02ae 16       		.uleb128 0x16
 915 02af 6A000000 		.4byte	.LVL32
 916 02b3 A1040000 		.4byte	0x4a1
 917 02b7 C2020000 		.4byte	0x2c2
 918 02bb 17       		.uleb128 0x17
 919 02bc 01       		.byte	0x1
 920 02bd 50       		.byte	0x50
 921 02be 02       		.byte	0x2
 922 02bf 78       		.byte	0x78
 923 02c0 00       		.sleb128 0
 924 02c1 00       		.byte	0
 925 02c2 18       		.uleb128 0x18
 926 02c3 74000000 		.4byte	.LVL34
 927 02c7 A1040000 		.4byte	0x4a1
 928 02cb 17       		.uleb128 0x17
 929 02cc 01       		.byte	0x1
 930 02cd 50       		.byte	0x50
 931 02ce 04       		.byte	0x4
 932 02cf 91       		.byte	0x91
 933 02d0 00       		.sleb128 0
 934 02d1 94       		.byte	0x94
 935 02d2 02       		.byte	0x2
 936 02d3 00       		.byte	0
 937 02d4 00       		.byte	0
 938 02d5 09       		.uleb128 0x9
 939 02d6 04       		.byte	0x4
 940 02d7 63010000 		.4byte	0x163
 941 02db 0F       		.uleb128 0xf
 942 02dc 01       		.byte	0x1
 943 02dd 5C010000 		.4byte	.LASF34
 944 02e1 01       		.byte	0x1
 945 02e2 4C01     		.2byte	0x14c
 946 02e4 01       		.byte	0x1
 947 02e5 B2000000 		.4byte	0xb2
 948 02e9 00000000 		.4byte	.LFB9
 949 02ed BE000000 		.4byte	.LFE9
 950 02f1 A0030000 		.4byte	.LLST16
 951 02f5 01       		.byte	0x1
 952 02f6 EB030000 		.4byte	0x3eb
 953 02fa 10       		.uleb128 0x10
 954 02fb 7000     		.ascii	"p\000"
 955 02fd 01       		.byte	0x1
 956 02fe 4C01     		.2byte	0x14c
 957 0300 42010000 		.4byte	0x142
 958 0304 CC030000 		.4byte	.LLST17
 959 0308 10       		.uleb128 0x10
 960 0309 73726300 		.ascii	"src\000"
 961 030d 01       		.byte	0x1
 962 030e 4D01     		.2byte	0x14d
 963 0310 D5020000 		.4byte	0x2d5
 964 0314 F8030000 		.4byte	.LLST18
 965 0318 11       		.uleb128 0x11
 966 0319 56020000 		.4byte	.LASF29
ARM GAS  C:\Users\Matuesz\AppData\Local\Temp\ccV4UU7Z.s 			page 18


 967 031d 01       		.byte	0x1
 968 031e 4D01     		.2byte	0x14d
 969 0320 D5020000 		.4byte	0x2d5
 970 0324 21040000 		.4byte	.LLST19
 971 0328 11       		.uleb128 0x11
 972 0329 50020000 		.4byte	.LASF30
 973 032d 01       		.byte	0x1
 974 032e 4E01     		.2byte	0x14e
 975 0330 A7000000 		.4byte	0xa7
 976 0334 4A040000 		.4byte	.LLST20
 977 0338 12       		.uleb128 0x12
 978 0339 40020000 		.4byte	.LASF31
 979 033d 01       		.byte	0x1
 980 033e 4E01     		.2byte	0x14e
 981 0340 B2000000 		.4byte	0xb2
 982 0344 02       		.byte	0x2
 983 0345 91       		.byte	0x91
 984 0346 00       		.sleb128 0
 985 0347 11       		.uleb128 0x11
 986 0348 99000000 		.4byte	.LASF35
 987 034c 01       		.byte	0x1
 988 034d 4E01     		.2byte	0x14e
 989 034f B2000000 		.4byte	0xb2
 990 0353 76040000 		.4byte	.LLST21
 991 0357 13       		.uleb128 0x13
 992 0358 61636300 		.ascii	"acc\000"
 993 035c 01       		.byte	0x1
 994 035d 5001     		.2byte	0x150
 995 035f BD000000 		.4byte	0xbd
 996 0363 AC040000 		.4byte	.LLST22
 997 0367 14       		.uleb128 0x14
 998 0368 D8000000 		.4byte	.LASF26
 999 036c 01       		.byte	0x1
 1000 036d 5101     		.2byte	0x151
 1001 036f BD000000 		.4byte	0xbd
 1002 0373 A9050000 		.4byte	.LLST23
 1003 0377 13       		.uleb128 0x13
 1004 0378 7100     		.ascii	"q\000"
 1005 037a 01       		.byte	0x1
 1006 037b 5201     		.2byte	0x152
 1007 037d 42010000 		.4byte	0x142
 1008 0381 D3050000 		.4byte	.LLST24
 1009 0385 14       		.uleb128 0x14
 1010 0386 B0000000 		.4byte	.LASF32
 1011 038a 01       		.byte	0x1
 1012 038b 5301     		.2byte	0x153
 1013 038d A7000000 		.4byte	0xa7
 1014 0391 FC050000 		.4byte	.LLST25
 1015 0395 14       		.uleb128 0x14
 1016 0396 34000000 		.4byte	.LASF36
 1017 039a 01       		.byte	0x1
 1018 039b 5401     		.2byte	0x154
 1019 039d B2000000 		.4byte	0xb2
 1020 03a1 32060000 		.4byte	.LLST26
 1021 03a5 16       		.uleb128 0x16
 1022 03a6 58000000 		.4byte	.LVL49
 1023 03aa 6E010000 		.4byte	0x16e
ARM GAS  C:\Users\Matuesz\AppData\Local\Temp\ccV4UU7Z.s 			page 19


 1024 03ae B9030000 		.4byte	0x3b9
 1025 03b2 17       		.uleb128 0x17
 1026 03b3 01       		.byte	0x1
 1027 03b4 51       		.byte	0x51
 1028 03b5 02       		.byte	0x2
 1029 03b6 79       		.byte	0x79
 1030 03b7 00       		.sleb128 0
 1031 03b8 00       		.byte	0
 1032 03b9 15       		.uleb128 0x15
 1033 03ba 68000000 		.4byte	.LVL51
 1034 03be B9040000 		.4byte	0x4b9
 1035 03c2 16       		.uleb128 0x16
 1036 03c3 94000000 		.4byte	.LVL60
 1037 03c7 A1040000 		.4byte	0x4a1
 1038 03cb D8030000 		.4byte	0x3d8
 1039 03cf 17       		.uleb128 0x17
 1040 03d0 01       		.byte	0x1
 1041 03d1 50       		.byte	0x50
 1042 03d2 04       		.byte	0x4
 1043 03d3 91       		.byte	0x91
 1044 03d4 54       		.sleb128 -44
 1045 03d5 94       		.byte	0x94
 1046 03d6 02       		.byte	0x2
 1047 03d7 00       		.byte	0
 1048 03d8 18       		.uleb128 0x18
 1049 03d9 9E000000 		.4byte	.LVL62
 1050 03dd A1040000 		.4byte	0x4a1
 1051 03e1 17       		.uleb128 0x17
 1052 03e2 01       		.byte	0x1
 1053 03e3 50       		.byte	0x50
 1054 03e4 04       		.byte	0x4
 1055 03e5 91       		.byte	0x91
 1056 03e6 00       		.sleb128 0
 1057 03e7 94       		.byte	0x94
 1058 03e8 02       		.byte	0x2
 1059 03e9 00       		.byte	0
 1060 03ea 00       		.byte	0
 1061 03eb 0F       		.uleb128 0xf
 1062 03ec 01       		.byte	0x1
 1063 03ed 20000000 		.4byte	.LASF37
 1064 03f1 01       		.byte	0x1
 1065 03f2 8C01     		.2byte	0x18c
 1066 03f4 01       		.byte	0x1
 1067 03f5 B2000000 		.4byte	0xb2
 1068 03f9 00000000 		.4byte	.LFB10
 1069 03fd 0C000000 		.4byte	.LFE10
 1070 0401 5C060000 		.4byte	.LLST27
 1071 0405 01       		.byte	0x1
 1072 0406 3C040000 		.4byte	0x43c
 1073 040a 11       		.uleb128 0x11
 1074 040b DC010000 		.4byte	.LASF28
 1075 040f 01       		.byte	0x1
 1076 0410 8C01     		.2byte	0x18c
 1077 0412 97000000 		.4byte	0x97
 1078 0416 7C060000 		.4byte	.LLST28
 1079 041a 10       		.uleb128 0x10
 1080 041b 6C656E00 		.ascii	"len\000"
ARM GAS  C:\Users\Matuesz\AppData\Local\Temp\ccV4UU7Z.s 			page 20


 1081 041f 01       		.byte	0x1
 1082 0420 8C01     		.2byte	0x18c
 1083 0422 B2000000 		.4byte	0xb2
 1084 0426 9D060000 		.4byte	.LLST29
 1085 042a 18       		.uleb128 0x18
 1086 042b 06000000 		.4byte	.LVL69
 1087 042f 6E010000 		.4byte	0x16e
 1088 0433 17       		.uleb128 0x17
 1089 0434 01       		.byte	0x1
 1090 0435 50       		.byte	0x50
 1091 0436 03       		.byte	0x3
 1092 0437 F3       		.byte	0xf3
 1093 0438 01       		.uleb128 0x1
 1094 0439 50       		.byte	0x50
 1095 043a 00       		.byte	0
 1096 043b 00       		.byte	0
 1097 043c 0F       		.uleb128 0xf
 1098 043d 01       		.byte	0x1
 1099 043e 00000000 		.4byte	.LASF38
 1100 0442 01       		.byte	0x1
 1101 0443 9901     		.2byte	0x199
 1102 0445 01       		.byte	0x1
 1103 0446 B2000000 		.4byte	0xb2
 1104 044a 00000000 		.4byte	.LFB11
 1105 044e 54000000 		.4byte	.LFE11
 1106 0452 BE060000 		.4byte	.LLST30
 1107 0456 01       		.byte	0x1
 1108 0457 A1040000 		.4byte	0x4a1
 1109 045b 10       		.uleb128 0x10
 1110 045c 7000     		.ascii	"p\000"
 1111 045e 01       		.byte	0x1
 1112 045f 9901     		.2byte	0x199
 1113 0461 42010000 		.4byte	0x142
 1114 0465 DE060000 		.4byte	.LLST31
 1115 0469 13       		.uleb128 0x13
 1116 046a 61636300 		.ascii	"acc\000"
 1117 046e 01       		.byte	0x1
 1118 046f 9B01     		.2byte	0x19b
 1119 0471 BD000000 		.4byte	0xbd
 1120 0475 18070000 		.4byte	.LLST32
 1121 0479 13       		.uleb128 0x13
 1122 047a 7100     		.ascii	"q\000"
 1123 047c 01       		.byte	0x1
 1124 047d 9C01     		.2byte	0x19c
 1125 047f 42010000 		.4byte	0x142
 1126 0483 76070000 		.4byte	.LLST33
 1127 0487 14       		.uleb128 0x14
 1128 0488 B0000000 		.4byte	.LASF32
 1129 048c 01       		.byte	0x1
 1130 048d 9D01     		.2byte	0x19d
 1131 048f A7000000 		.4byte	0xa7
 1132 0493 AD070000 		.4byte	.LLST34
 1133 0497 15       		.uleb128 0x15
 1134 0498 12000000 		.4byte	.LVL72
 1135 049c 6E010000 		.4byte	0x16e
 1136 04a0 00       		.byte	0
 1137 04a1 19       		.uleb128 0x19
ARM GAS  C:\Users\Matuesz\AppData\Local\Temp\ccV4UU7Z.s 			page 21


 1138 04a2 01       		.byte	0x1
 1139 04a3 8E000000 		.4byte	.LASF43
 1140 04a7 06       		.byte	0x6
 1141 04a8 63       		.byte	0x63
 1142 04a9 01       		.byte	0x1
 1143 04aa B2000000 		.4byte	0xb2
 1144 04ae 01       		.byte	0x1
 1145 04af B9040000 		.4byte	0x4b9
 1146 04b3 1A       		.uleb128 0x1a
 1147 04b4 B2000000 		.4byte	0xb2
 1148 04b8 00       		.byte	0
 1149 04b9 1B       		.uleb128 0x1b
 1150 04ba 01       		.byte	0x1
 1151 04bb B6010000 		.4byte	.LASF44
 1152 04bf 07       		.byte	0x7
 1153 04c0 0102     		.2byte	0x201
 1154 04c2 01       		.byte	0x1
 1155 04c3 01       		.byte	0x1
 1156 04c4 00       		.byte	0
 1157              		.section	.debug_abbrev,"",%progbits
 1158              	.Ldebug_abbrev0:
 1159 0000 01       		.uleb128 0x1
 1160 0001 11       		.uleb128 0x11
 1161 0002 01       		.byte	0x1
 1162 0003 25       		.uleb128 0x25
 1163 0004 0E       		.uleb128 0xe
 1164 0005 13       		.uleb128 0x13
 1165 0006 0B       		.uleb128 0xb
 1166 0007 03       		.uleb128 0x3
 1167 0008 0E       		.uleb128 0xe
 1168 0009 1B       		.uleb128 0x1b
 1169 000a 0E       		.uleb128 0xe
 1170 000b 55       		.uleb128 0x55
 1171 000c 06       		.uleb128 0x6
 1172 000d 11       		.uleb128 0x11
 1173 000e 01       		.uleb128 0x1
 1174 000f 52       		.uleb128 0x52
 1175 0010 01       		.uleb128 0x1
 1176 0011 10       		.uleb128 0x10
 1177 0012 06       		.uleb128 0x6
 1178 0013 00       		.byte	0
 1179 0014 00       		.byte	0
 1180 0015 02       		.uleb128 0x2
 1181 0016 24       		.uleb128 0x24
 1182 0017 00       		.byte	0
 1183 0018 0B       		.uleb128 0xb
 1184 0019 0B       		.uleb128 0xb
 1185 001a 3E       		.uleb128 0x3e
 1186 001b 0B       		.uleb128 0xb
 1187 001c 03       		.uleb128 0x3
 1188 001d 08       		.uleb128 0x8
 1189 001e 00       		.byte	0
 1190 001f 00       		.byte	0
 1191 0020 03       		.uleb128 0x3
 1192 0021 24       		.uleb128 0x24
 1193 0022 00       		.byte	0
 1194 0023 0B       		.uleb128 0xb
ARM GAS  C:\Users\Matuesz\AppData\Local\Temp\ccV4UU7Z.s 			page 22


 1195 0024 0B       		.uleb128 0xb
 1196 0025 3E       		.uleb128 0x3e
 1197 0026 0B       		.uleb128 0xb
 1198 0027 03       		.uleb128 0x3
 1199 0028 0E       		.uleb128 0xe
 1200 0029 00       		.byte	0
 1201 002a 00       		.byte	0
 1202 002b 04       		.uleb128 0x4
 1203 002c 16       		.uleb128 0x16
 1204 002d 00       		.byte	0
 1205 002e 03       		.uleb128 0x3
 1206 002f 0E       		.uleb128 0xe
 1207 0030 3A       		.uleb128 0x3a
 1208 0031 0B       		.uleb128 0xb
 1209 0032 3B       		.uleb128 0x3b
 1210 0033 0B       		.uleb128 0xb
 1211 0034 49       		.uleb128 0x49
 1212 0035 13       		.uleb128 0x13
 1213 0036 00       		.byte	0
 1214 0037 00       		.byte	0
 1215 0038 05       		.uleb128 0x5
 1216 0039 0F       		.uleb128 0xf
 1217 003a 00       		.byte	0
 1218 003b 0B       		.uleb128 0xb
 1219 003c 0B       		.uleb128 0xb
 1220 003d 00       		.byte	0
 1221 003e 00       		.byte	0
 1222 003f 06       		.uleb128 0x6
 1223 0040 13       		.uleb128 0x13
 1224 0041 01       		.byte	0x1
 1225 0042 03       		.uleb128 0x3
 1226 0043 0E       		.uleb128 0xe
 1227 0044 0B       		.uleb128 0xb
 1228 0045 0B       		.uleb128 0xb
 1229 0046 3A       		.uleb128 0x3a
 1230 0047 0B       		.uleb128 0xb
 1231 0048 3B       		.uleb128 0x3b
 1232 0049 0B       		.uleb128 0xb
 1233 004a 01       		.uleb128 0x1
 1234 004b 13       		.uleb128 0x13
 1235 004c 00       		.byte	0
 1236 004d 00       		.byte	0
 1237 004e 07       		.uleb128 0x7
 1238 004f 0D       		.uleb128 0xd
 1239 0050 00       		.byte	0
 1240 0051 03       		.uleb128 0x3
 1241 0052 0E       		.uleb128 0xe
 1242 0053 3A       		.uleb128 0x3a
 1243 0054 0B       		.uleb128 0xb
 1244 0055 3B       		.uleb128 0x3b
 1245 0056 0B       		.uleb128 0xb
 1246 0057 49       		.uleb128 0x49
 1247 0058 13       		.uleb128 0x13
 1248 0059 38       		.uleb128 0x38
 1249 005a 0A       		.uleb128 0xa
 1250 005b 00       		.byte	0
 1251 005c 00       		.byte	0
ARM GAS  C:\Users\Matuesz\AppData\Local\Temp\ccV4UU7Z.s 			page 23


 1252 005d 08       		.uleb128 0x8
 1253 005e 0D       		.uleb128 0xd
 1254 005f 00       		.byte	0
 1255 0060 03       		.uleb128 0x3
 1256 0061 08       		.uleb128 0x8
 1257 0062 3A       		.uleb128 0x3a
 1258 0063 0B       		.uleb128 0xb
 1259 0064 3B       		.uleb128 0x3b
 1260 0065 0B       		.uleb128 0xb
 1261 0066 49       		.uleb128 0x49
 1262 0067 13       		.uleb128 0x13
 1263 0068 38       		.uleb128 0x38
 1264 0069 0A       		.uleb128 0xa
 1265 006a 00       		.byte	0
 1266 006b 00       		.byte	0
 1267 006c 09       		.uleb128 0x9
 1268 006d 0F       		.uleb128 0xf
 1269 006e 00       		.byte	0
 1270 006f 0B       		.uleb128 0xb
 1271 0070 0B       		.uleb128 0xb
 1272 0071 49       		.uleb128 0x49
 1273 0072 13       		.uleb128 0x13
 1274 0073 00       		.byte	0
 1275 0074 00       		.byte	0
 1276 0075 0A       		.uleb128 0xa
 1277 0076 2E       		.uleb128 0x2e
 1278 0077 01       		.byte	0x1
 1279 0078 03       		.uleb128 0x3
 1280 0079 0E       		.uleb128 0xe
 1281 007a 3A       		.uleb128 0x3a
 1282 007b 0B       		.uleb128 0xb
 1283 007c 3B       		.uleb128 0x3b
 1284 007d 0B       		.uleb128 0xb
 1285 007e 27       		.uleb128 0x27
 1286 007f 0C       		.uleb128 0xc
 1287 0080 49       		.uleb128 0x49
 1288 0081 13       		.uleb128 0x13
 1289 0082 11       		.uleb128 0x11
 1290 0083 01       		.uleb128 0x1
 1291 0084 12       		.uleb128 0x12
 1292 0085 01       		.uleb128 0x1
 1293 0086 40       		.uleb128 0x40
 1294 0087 06       		.uleb128 0x6
 1295 0088 9742     		.uleb128 0x2117
 1296 008a 0C       		.uleb128 0xc
 1297 008b 01       		.uleb128 0x1
 1298 008c 13       		.uleb128 0x13
 1299 008d 00       		.byte	0
 1300 008e 00       		.byte	0
 1301 008f 0B       		.uleb128 0xb
 1302 0090 05       		.uleb128 0x5
 1303 0091 00       		.byte	0
 1304 0092 03       		.uleb128 0x3
 1305 0093 0E       		.uleb128 0xe
 1306 0094 3A       		.uleb128 0x3a
 1307 0095 0B       		.uleb128 0xb
 1308 0096 3B       		.uleb128 0x3b
ARM GAS  C:\Users\Matuesz\AppData\Local\Temp\ccV4UU7Z.s 			page 24


 1309 0097 0B       		.uleb128 0xb
 1310 0098 49       		.uleb128 0x49
 1311 0099 13       		.uleb128 0x13
 1312 009a 02       		.uleb128 0x2
 1313 009b 06       		.uleb128 0x6
 1314 009c 00       		.byte	0
 1315 009d 00       		.byte	0
 1316 009e 0C       		.uleb128 0xc
 1317 009f 05       		.uleb128 0x5
 1318 00a0 00       		.byte	0
 1319 00a1 03       		.uleb128 0x3
 1320 00a2 08       		.uleb128 0x8
 1321 00a3 3A       		.uleb128 0x3a
 1322 00a4 0B       		.uleb128 0xb
 1323 00a5 3B       		.uleb128 0x3b
 1324 00a6 0B       		.uleb128 0xb
 1325 00a7 49       		.uleb128 0x49
 1326 00a8 13       		.uleb128 0x13
 1327 00a9 02       		.uleb128 0x2
 1328 00aa 06       		.uleb128 0x6
 1329 00ab 00       		.byte	0
 1330 00ac 00       		.byte	0
 1331 00ad 0D       		.uleb128 0xd
 1332 00ae 34       		.uleb128 0x34
 1333 00af 00       		.byte	0
 1334 00b0 03       		.uleb128 0x3
 1335 00b1 08       		.uleb128 0x8
 1336 00b2 3A       		.uleb128 0x3a
 1337 00b3 0B       		.uleb128 0xb
 1338 00b4 3B       		.uleb128 0x3b
 1339 00b5 0B       		.uleb128 0xb
 1340 00b6 49       		.uleb128 0x49
 1341 00b7 13       		.uleb128 0x13
 1342 00b8 02       		.uleb128 0x2
 1343 00b9 06       		.uleb128 0x6
 1344 00ba 00       		.byte	0
 1345 00bb 00       		.byte	0
 1346 00bc 0E       		.uleb128 0xe
 1347 00bd 34       		.uleb128 0x34
 1348 00be 00       		.byte	0
 1349 00bf 03       		.uleb128 0x3
 1350 00c0 08       		.uleb128 0x8
 1351 00c1 3A       		.uleb128 0x3a
 1352 00c2 0B       		.uleb128 0xb
 1353 00c3 3B       		.uleb128 0x3b
 1354 00c4 0B       		.uleb128 0xb
 1355 00c5 49       		.uleb128 0x49
 1356 00c6 13       		.uleb128 0x13
 1357 00c7 02       		.uleb128 0x2
 1358 00c8 0A       		.uleb128 0xa
 1359 00c9 00       		.byte	0
 1360 00ca 00       		.byte	0
 1361 00cb 0F       		.uleb128 0xf
 1362 00cc 2E       		.uleb128 0x2e
 1363 00cd 01       		.byte	0x1
 1364 00ce 3F       		.uleb128 0x3f
 1365 00cf 0C       		.uleb128 0xc
ARM GAS  C:\Users\Matuesz\AppData\Local\Temp\ccV4UU7Z.s 			page 25


 1366 00d0 03       		.uleb128 0x3
 1367 00d1 0E       		.uleb128 0xe
 1368 00d2 3A       		.uleb128 0x3a
 1369 00d3 0B       		.uleb128 0xb
 1370 00d4 3B       		.uleb128 0x3b
 1371 00d5 05       		.uleb128 0x5
 1372 00d6 27       		.uleb128 0x27
 1373 00d7 0C       		.uleb128 0xc
 1374 00d8 49       		.uleb128 0x49
 1375 00d9 13       		.uleb128 0x13
 1376 00da 11       		.uleb128 0x11
 1377 00db 01       		.uleb128 0x1
 1378 00dc 12       		.uleb128 0x12
 1379 00dd 01       		.uleb128 0x1
 1380 00de 40       		.uleb128 0x40
 1381 00df 06       		.uleb128 0x6
 1382 00e0 9742     		.uleb128 0x2117
 1383 00e2 0C       		.uleb128 0xc
 1384 00e3 01       		.uleb128 0x1
 1385 00e4 13       		.uleb128 0x13
 1386 00e5 00       		.byte	0
 1387 00e6 00       		.byte	0
 1388 00e7 10       		.uleb128 0x10
 1389 00e8 05       		.uleb128 0x5
 1390 00e9 00       		.byte	0
 1391 00ea 03       		.uleb128 0x3
 1392 00eb 08       		.uleb128 0x8
 1393 00ec 3A       		.uleb128 0x3a
 1394 00ed 0B       		.uleb128 0xb
 1395 00ee 3B       		.uleb128 0x3b
 1396 00ef 05       		.uleb128 0x5
 1397 00f0 49       		.uleb128 0x49
 1398 00f1 13       		.uleb128 0x13
 1399 00f2 02       		.uleb128 0x2
 1400 00f3 06       		.uleb128 0x6
 1401 00f4 00       		.byte	0
 1402 00f5 00       		.byte	0
 1403 00f6 11       		.uleb128 0x11
 1404 00f7 05       		.uleb128 0x5
 1405 00f8 00       		.byte	0
 1406 00f9 03       		.uleb128 0x3
 1407 00fa 0E       		.uleb128 0xe
 1408 00fb 3A       		.uleb128 0x3a
 1409 00fc 0B       		.uleb128 0xb
 1410 00fd 3B       		.uleb128 0x3b
 1411 00fe 05       		.uleb128 0x5
 1412 00ff 49       		.uleb128 0x49
 1413 0100 13       		.uleb128 0x13
 1414 0101 02       		.uleb128 0x2
 1415 0102 06       		.uleb128 0x6
 1416 0103 00       		.byte	0
 1417 0104 00       		.byte	0
 1418 0105 12       		.uleb128 0x12
 1419 0106 05       		.uleb128 0x5
 1420 0107 00       		.byte	0
 1421 0108 03       		.uleb128 0x3
 1422 0109 0E       		.uleb128 0xe
ARM GAS  C:\Users\Matuesz\AppData\Local\Temp\ccV4UU7Z.s 			page 26


 1423 010a 3A       		.uleb128 0x3a
 1424 010b 0B       		.uleb128 0xb
 1425 010c 3B       		.uleb128 0x3b
 1426 010d 05       		.uleb128 0x5
 1427 010e 49       		.uleb128 0x49
 1428 010f 13       		.uleb128 0x13
 1429 0110 02       		.uleb128 0x2
 1430 0111 0A       		.uleb128 0xa
 1431 0112 00       		.byte	0
 1432 0113 00       		.byte	0
 1433 0114 13       		.uleb128 0x13
 1434 0115 34       		.uleb128 0x34
 1435 0116 00       		.byte	0
 1436 0117 03       		.uleb128 0x3
 1437 0118 08       		.uleb128 0x8
 1438 0119 3A       		.uleb128 0x3a
 1439 011a 0B       		.uleb128 0xb
 1440 011b 3B       		.uleb128 0x3b
 1441 011c 05       		.uleb128 0x5
 1442 011d 49       		.uleb128 0x49
 1443 011e 13       		.uleb128 0x13
 1444 011f 02       		.uleb128 0x2
 1445 0120 06       		.uleb128 0x6
 1446 0121 00       		.byte	0
 1447 0122 00       		.byte	0
 1448 0123 14       		.uleb128 0x14
 1449 0124 34       		.uleb128 0x34
 1450 0125 00       		.byte	0
 1451 0126 03       		.uleb128 0x3
 1452 0127 0E       		.uleb128 0xe
 1453 0128 3A       		.uleb128 0x3a
 1454 0129 0B       		.uleb128 0xb
 1455 012a 3B       		.uleb128 0x3b
 1456 012b 05       		.uleb128 0x5
 1457 012c 49       		.uleb128 0x49
 1458 012d 13       		.uleb128 0x13
 1459 012e 02       		.uleb128 0x2
 1460 012f 06       		.uleb128 0x6
 1461 0130 00       		.byte	0
 1462 0131 00       		.byte	0
 1463 0132 15       		.uleb128 0x15
 1464 0133 898201   		.uleb128 0x4109
 1465 0136 00       		.byte	0
 1466 0137 11       		.uleb128 0x11
 1467 0138 01       		.uleb128 0x1
 1468 0139 31       		.uleb128 0x31
 1469 013a 13       		.uleb128 0x13
 1470 013b 00       		.byte	0
 1471 013c 00       		.byte	0
 1472 013d 16       		.uleb128 0x16
 1473 013e 898201   		.uleb128 0x4109
 1474 0141 01       		.byte	0x1
 1475 0142 11       		.uleb128 0x11
 1476 0143 01       		.uleb128 0x1
 1477 0144 31       		.uleb128 0x31
 1478 0145 13       		.uleb128 0x13
 1479 0146 01       		.uleb128 0x1
ARM GAS  C:\Users\Matuesz\AppData\Local\Temp\ccV4UU7Z.s 			page 27


 1480 0147 13       		.uleb128 0x13
 1481 0148 00       		.byte	0
 1482 0149 00       		.byte	0
 1483 014a 17       		.uleb128 0x17
 1484 014b 8A8201   		.uleb128 0x410a
 1485 014e 00       		.byte	0
 1486 014f 02       		.uleb128 0x2
 1487 0150 0A       		.uleb128 0xa
 1488 0151 9142     		.uleb128 0x2111
 1489 0153 0A       		.uleb128 0xa
 1490 0154 00       		.byte	0
 1491 0155 00       		.byte	0
 1492 0156 18       		.uleb128 0x18
 1493 0157 898201   		.uleb128 0x4109
 1494 015a 01       		.byte	0x1
 1495 015b 11       		.uleb128 0x11
 1496 015c 01       		.uleb128 0x1
 1497 015d 31       		.uleb128 0x31
 1498 015e 13       		.uleb128 0x13
 1499 015f 00       		.byte	0
 1500 0160 00       		.byte	0
 1501 0161 19       		.uleb128 0x19
 1502 0162 2E       		.uleb128 0x2e
 1503 0163 01       		.byte	0x1
 1504 0164 3F       		.uleb128 0x3f
 1505 0165 0C       		.uleb128 0xc
 1506 0166 03       		.uleb128 0x3
 1507 0167 0E       		.uleb128 0xe
 1508 0168 3A       		.uleb128 0x3a
 1509 0169 0B       		.uleb128 0xb
 1510 016a 3B       		.uleb128 0x3b
 1511 016b 0B       		.uleb128 0xb
 1512 016c 27       		.uleb128 0x27
 1513 016d 0C       		.uleb128 0xc
 1514 016e 49       		.uleb128 0x49
 1515 016f 13       		.uleb128 0x13
 1516 0170 3C       		.uleb128 0x3c
 1517 0171 0C       		.uleb128 0xc
 1518 0172 01       		.uleb128 0x1
 1519 0173 13       		.uleb128 0x13
 1520 0174 00       		.byte	0
 1521 0175 00       		.byte	0
 1522 0176 1A       		.uleb128 0x1a
 1523 0177 05       		.uleb128 0x5
 1524 0178 00       		.byte	0
 1525 0179 49       		.uleb128 0x49
 1526 017a 13       		.uleb128 0x13
 1527 017b 00       		.byte	0
 1528 017c 00       		.byte	0
 1529 017d 1B       		.uleb128 0x1b
 1530 017e 2E       		.uleb128 0x2e
 1531 017f 00       		.byte	0
 1532 0180 3F       		.uleb128 0x3f
 1533 0181 0C       		.uleb128 0xc
 1534 0182 03       		.uleb128 0x3
 1535 0183 0E       		.uleb128 0xe
 1536 0184 3A       		.uleb128 0x3a
ARM GAS  C:\Users\Matuesz\AppData\Local\Temp\ccV4UU7Z.s 			page 28


 1537 0185 0B       		.uleb128 0xb
 1538 0186 3B       		.uleb128 0x3b
 1539 0187 05       		.uleb128 0x5
 1540 0188 27       		.uleb128 0x27
 1541 0189 0C       		.uleb128 0xc
 1542 018a 3C       		.uleb128 0x3c
 1543 018b 0C       		.uleb128 0xc
 1544 018c 00       		.byte	0
 1545 018d 00       		.byte	0
 1546 018e 00       		.byte	0
 1547              		.section	.debug_loc,"",%progbits
 1548              	.Ldebug_loc0:
 1549              	.LLST0:
 1550 0000 00000000 		.4byte	.LFB7
 1551 0004 02000000 		.4byte	.LCFI0
 1552 0008 0200     		.2byte	0x2
 1553 000a 7D       		.byte	0x7d
 1554 000b 00       		.sleb128 0
 1555 000c 02000000 		.4byte	.LCFI0
 1556 0010 04000000 		.4byte	.LCFI1
 1557 0014 0200     		.2byte	0x2
 1558 0016 7D       		.byte	0x7d
 1559 0017 10       		.sleb128 16
 1560 0018 04000000 		.4byte	.LCFI1
 1561 001c 98000000 		.4byte	.LFE7
 1562 0020 0200     		.2byte	0x2
 1563 0022 7D       		.byte	0x7d
 1564 0023 18       		.sleb128 24
 1565 0024 00000000 		.4byte	0
 1566 0028 00000000 		.4byte	0
 1567              	.LLST1:
 1568 002c 00000000 		.4byte	.LVL0
 1569 0030 18000000 		.4byte	.LVL3
 1570 0034 0100     		.2byte	0x1
 1571 0036 50       		.byte	0x50
 1572 0037 18000000 		.4byte	.LVL3
 1573 003b 1E000000 		.4byte	.LVL5
 1574 003f 0300     		.2byte	0x3
 1575 0041 70       		.byte	0x70
 1576 0042 7F       		.sleb128 -1
 1577 0043 9F       		.byte	0x9f
 1578 0044 1E000000 		.4byte	.LVL5
 1579 0048 98000000 		.4byte	.LFE7
 1580 004c 0400     		.2byte	0x4
 1581 004e F3       		.byte	0xf3
 1582 004f 01       		.uleb128 0x1
 1583 0050 50       		.byte	0x50
 1584 0051 9F       		.byte	0x9f
 1585 0052 00000000 		.4byte	0
 1586 0056 00000000 		.4byte	0
 1587              	.LLST2:
 1588 005a 00000000 		.4byte	.LVL0
 1589 005e 1A000000 		.4byte	.LVL4
 1590 0062 0100     		.2byte	0x1
 1591 0064 51       		.byte	0x51
 1592 0065 1A000000 		.4byte	.LVL4
 1593 0069 1E000000 		.4byte	.LVL5
ARM GAS  C:\Users\Matuesz\AppData\Local\Temp\ccV4UU7Z.s 			page 29


 1594 006d 0300     		.2byte	0x3
 1595 006f 71       		.byte	0x71
 1596 0070 01       		.sleb128 1
 1597 0071 9F       		.byte	0x9f
 1598 0072 1E000000 		.4byte	.LVL5
 1599 0076 40000000 		.4byte	.LVL7
 1600 007a 0100     		.2byte	0x1
 1601 007c 51       		.byte	0x51
 1602 007d 94000000 		.4byte	.LVL16
 1603 0081 98000000 		.4byte	.LFE7
 1604 0085 0100     		.2byte	0x1
 1605 0087 51       		.byte	0x51
 1606 0088 00000000 		.4byte	0
 1607 008c 00000000 		.4byte	0
 1608              	.LLST3:
 1609 0090 06000000 		.4byte	.LVL1
 1610 0094 18000000 		.4byte	.LVL3
 1611 0098 0100     		.2byte	0x1
 1612 009a 50       		.byte	0x50
 1613 009b 18000000 		.4byte	.LVL3
 1614 009f 1E000000 		.4byte	.LVL5
 1615 00a3 0300     		.2byte	0x3
 1616 00a5 70       		.byte	0x70
 1617 00a6 7F       		.sleb128 -1
 1618 00a7 9F       		.byte	0x9f
 1619 00a8 1E000000 		.4byte	.LVL5
 1620 00ac 60000000 		.4byte	.LVL8
 1621 00b0 0100     		.2byte	0x1
 1622 00b2 50       		.byte	0x50
 1623 00b3 94000000 		.4byte	.LVL16
 1624 00b7 98000000 		.4byte	.LFE7
 1625 00bb 0100     		.2byte	0x1
 1626 00bd 50       		.byte	0x50
 1627 00be 00000000 		.4byte	0
 1628 00c2 00000000 		.4byte	0
 1629              	.LLST4:
 1630 00c6 1E000000 		.4byte	.LVL5
 1631 00ca 40000000 		.4byte	.LVL7
 1632 00ce 0100     		.2byte	0x1
 1633 00d0 50       		.byte	0x50
 1634 00d1 94000000 		.4byte	.LVL16
 1635 00d5 98000000 		.4byte	.LFE7
 1636 00d9 0100     		.2byte	0x1
 1637 00db 50       		.byte	0x50
 1638 00dc 00000000 		.4byte	0
 1639 00e0 00000000 		.4byte	0
 1640              	.LLST5:
 1641 00e4 0E000000 		.4byte	.LVL2
 1642 00e8 72000000 		.4byte	.LVL9
 1643 00ec 0200     		.2byte	0x2
 1644 00ee 91       		.byte	0x91
 1645 00ef 6E       		.sleb128 -18
 1646 00f0 74000000 		.4byte	.LVL10
 1647 00f4 88000000 		.4byte	.LVL13
 1648 00f8 0100     		.2byte	0x1
 1649 00fa 50       		.byte	0x50
 1650 00fb 8C000000 		.4byte	.LVL14
ARM GAS  C:\Users\Matuesz\AppData\Local\Temp\ccV4UU7Z.s 			page 30


 1651 00ff 8E000000 		.4byte	.LVL15
 1652 0103 0100     		.2byte	0x1
 1653 0105 50       		.byte	0x50
 1654 0106 94000000 		.4byte	.LVL16
 1655 010a 98000000 		.4byte	.LFE7
 1656 010e 0200     		.2byte	0x2
 1657 0110 91       		.byte	0x91
 1658 0111 6E       		.sleb128 -18
 1659 0112 00000000 		.4byte	0
 1660 0116 00000000 		.4byte	0
 1661              	.LLST6:
 1662 011a 0E000000 		.4byte	.LVL2
 1663 011e 32000000 		.4byte	.LVL6
 1664 0122 0200     		.2byte	0x2
 1665 0124 30       		.byte	0x30
 1666 0125 9F       		.byte	0x9f
 1667 0126 74000000 		.4byte	.LVL10
 1668 012a 7A000000 		.4byte	.LVL11
 1669 012e 0100     		.2byte	0x1
 1670 0130 53       		.byte	0x53
 1671 0131 7A000000 		.4byte	.LVL11
 1672 0135 80000000 		.4byte	.LVL12
 1673 0139 0100     		.2byte	0x1
 1674 013b 55       		.byte	0x55
 1675 013c 80000000 		.4byte	.LVL12
 1676 0140 94000000 		.4byte	.LVL16
 1677 0144 0100     		.2byte	0x1
 1678 0146 53       		.byte	0x53
 1679 0147 94000000 		.4byte	.LVL16
 1680 014b 98000000 		.4byte	.LFE7
 1681 014f 0200     		.2byte	0x2
 1682 0151 30       		.byte	0x30
 1683 0152 9F       		.byte	0x9f
 1684 0153 00000000 		.4byte	0
 1685 0157 00000000 		.4byte	0
 1686              	.LLST7:
 1687 015b 00000000 		.4byte	.LFB8
 1688 015f 04000000 		.4byte	.LCFI2
 1689 0163 0200     		.2byte	0x2
 1690 0165 7D       		.byte	0x7d
 1691 0166 00       		.sleb128 0
 1692 0167 04000000 		.4byte	.LCFI2
 1693 016b 8E000000 		.4byte	.LFE8
 1694 016f 0200     		.2byte	0x2
 1695 0171 7D       		.byte	0x7d
 1696 0172 20       		.sleb128 32
 1697 0173 00000000 		.4byte	0
 1698 0177 00000000 		.4byte	0
 1699              	.LLST8:
 1700 017b 00000000 		.4byte	.LVL17
 1701 017f 14000000 		.4byte	.LVL18
 1702 0183 0100     		.2byte	0x1
 1703 0185 50       		.byte	0x50
 1704 0186 14000000 		.4byte	.LVL18
 1705 018a 8A000000 		.4byte	.LVL39
 1706 018e 0400     		.2byte	0x4
 1707 0190 F3       		.byte	0xf3
ARM GAS  C:\Users\Matuesz\AppData\Local\Temp\ccV4UU7Z.s 			page 31


 1708 0191 01       		.uleb128 0x1
 1709 0192 50       		.byte	0x50
 1710 0193 9F       		.byte	0x9f
 1711 0194 8A000000 		.4byte	.LVL39
 1712 0198 8E000000 		.4byte	.LFE8
 1713 019c 0100     		.2byte	0x1
 1714 019e 50       		.byte	0x50
 1715 019f 00000000 		.4byte	0
 1716 01a3 00000000 		.4byte	0
 1717              	.LLST9:
 1718 01a7 00000000 		.4byte	.LVL17
 1719 01ab 14000000 		.4byte	.LVL18
 1720 01af 0100     		.2byte	0x1
 1721 01b1 51       		.byte	0x51
 1722 01b2 14000000 		.4byte	.LVL18
 1723 01b6 8A000000 		.4byte	.LVL39
 1724 01ba 0100     		.2byte	0x1
 1725 01bc 5A       		.byte	0x5a
 1726 01bd 8A000000 		.4byte	.LVL39
 1727 01c1 8E000000 		.4byte	.LFE8
 1728 01c5 0100     		.2byte	0x1
 1729 01c7 51       		.byte	0x51
 1730 01c8 00000000 		.4byte	0
 1731 01cc 00000000 		.4byte	0
 1732              	.LLST10:
 1733 01d0 00000000 		.4byte	.LVL17
 1734 01d4 14000000 		.4byte	.LVL18
 1735 01d8 0100     		.2byte	0x1
 1736 01da 52       		.byte	0x52
 1737 01db 14000000 		.4byte	.LVL18
 1738 01df 8A000000 		.4byte	.LVL39
 1739 01e3 0100     		.2byte	0x1
 1740 01e5 59       		.byte	0x59
 1741 01e6 8A000000 		.4byte	.LVL39
 1742 01ea 8E000000 		.4byte	.LFE8
 1743 01ee 0100     		.2byte	0x1
 1744 01f0 52       		.byte	0x52
 1745 01f1 00000000 		.4byte	0
 1746 01f5 00000000 		.4byte	0
 1747              	.LLST11:
 1748 01f9 00000000 		.4byte	.LVL17
 1749 01fd 14000000 		.4byte	.LVL18
 1750 0201 0100     		.2byte	0x1
 1751 0203 53       		.byte	0x53
 1752 0204 14000000 		.4byte	.LVL18
 1753 0208 8A000000 		.4byte	.LVL39
 1754 020c 0400     		.2byte	0x4
 1755 020e F3       		.byte	0xf3
 1756 020f 01       		.uleb128 0x1
 1757 0210 53       		.byte	0x53
 1758 0211 9F       		.byte	0x9f
 1759 0212 8A000000 		.4byte	.LVL39
 1760 0216 8E000000 		.4byte	.LFE8
 1761 021a 0100     		.2byte	0x1
 1762 021c 53       		.byte	0x53
 1763 021d 00000000 		.4byte	0
 1764 0221 00000000 		.4byte	0
ARM GAS  C:\Users\Matuesz\AppData\Local\Temp\ccV4UU7Z.s 			page 32


 1765              	.LLST12:
 1766 0225 00000000 		.4byte	.LVL17
 1767 0229 14000000 		.4byte	.LVL18
 1768 022d 0200     		.2byte	0x2
 1769 022f 30       		.byte	0x30
 1770 0230 9F       		.byte	0x9f
 1771 0231 20000000 		.4byte	.LVL20
 1772 0235 26000000 		.4byte	.LVL21
 1773 0239 0100     		.2byte	0x1
 1774 023b 50       		.byte	0x50
 1775 023c 26000000 		.4byte	.LVL21
 1776 0240 48000000 		.4byte	.LVL25
 1777 0244 0100     		.2byte	0x1
 1778 0246 55       		.byte	0x55
 1779 0247 4C000000 		.4byte	.LVL26
 1780 024b 50000000 		.4byte	.LVL27
 1781 024f 0100     		.2byte	0x1
 1782 0251 55       		.byte	0x55
 1783 0252 50000000 		.4byte	.LVL27
 1784 0256 54000000 		.4byte	.LVL28
 1785 025a 0F00     		.2byte	0xf
 1786 025c 72       		.byte	0x72
 1787 025d 00       		.sleb128 0
 1788 025e 0A       		.byte	0xa
 1789 025f FFFF     		.2byte	0xffff
 1790 0261 1A       		.byte	0x1a
 1791 0262 75       		.byte	0x75
 1792 0263 00       		.sleb128 0
 1793 0264 22       		.byte	0x22
 1794 0265 72       		.byte	0x72
 1795 0266 00       		.sleb128 0
 1796 0267 40       		.byte	0x40
 1797 0268 25       		.byte	0x25
 1798 0269 22       		.byte	0x22
 1799 026a 9F       		.byte	0x9f
 1800 026b 54000000 		.4byte	.LVL28
 1801 026f 5E000000 		.4byte	.LVL29
 1802 0273 1600     		.2byte	0x16
 1803 0275 73       		.byte	0x73
 1804 0276 00       		.sleb128 0
 1805 0277 0A       		.byte	0xa
 1806 0278 FFFF     		.2byte	0xffff
 1807 027a 1A       		.byte	0x1a
 1808 027b 72       		.byte	0x72
 1809 027c 00       		.sleb128 0
 1810 027d 0A       		.byte	0xa
 1811 027e FFFF     		.2byte	0xffff
 1812 0280 1A       		.byte	0x1a
 1813 0281 75       		.byte	0x75
 1814 0282 00       		.sleb128 0
 1815 0283 22       		.byte	0x22
 1816 0284 72       		.byte	0x72
 1817 0285 00       		.sleb128 0
 1818 0286 40       		.byte	0x40
 1819 0287 25       		.byte	0x25
 1820 0288 22       		.byte	0x22
 1821 0289 22       		.byte	0x22
ARM GAS  C:\Users\Matuesz\AppData\Local\Temp\ccV4UU7Z.s 			page 33


 1822 028a 9F       		.byte	0x9f
 1823 028b 5E000000 		.4byte	.LVL29
 1824 028f 62000000 		.4byte	.LVL30
 1825 0293 1800     		.2byte	0x18
 1826 0295 73       		.byte	0x73
 1827 0296 00       		.sleb128 0
 1828 0297 0A       		.byte	0xa
 1829 0298 FFFF     		.2byte	0xffff
 1830 029a 1A       		.byte	0x1a
 1831 029b 7A       		.byte	0x7a
 1832 029c 00       		.sleb128 0
 1833 029d 06       		.byte	0x6
 1834 029e 0A       		.byte	0xa
 1835 029f FFFF     		.2byte	0xffff
 1836 02a1 1A       		.byte	0x1a
 1837 02a2 75       		.byte	0x75
 1838 02a3 00       		.sleb128 0
 1839 02a4 22       		.byte	0x22
 1840 02a5 7A       		.byte	0x7a
 1841 02a6 00       		.sleb128 0
 1842 02a7 06       		.byte	0x6
 1843 02a8 40       		.byte	0x40
 1844 02a9 25       		.byte	0x25
 1845 02aa 22       		.byte	0x22
 1846 02ab 22       		.byte	0x22
 1847 02ac 9F       		.byte	0x9f
 1848 02ad 62000000 		.4byte	.LVL30
 1849 02b1 66000000 		.4byte	.LVL31
 1850 02b5 1900     		.2byte	0x19
 1851 02b7 79       		.byte	0x79
 1852 02b8 00       		.sleb128 0
 1853 02b9 06       		.byte	0x6
 1854 02ba 0A       		.byte	0xa
 1855 02bb FFFF     		.2byte	0xffff
 1856 02bd 1A       		.byte	0x1a
 1857 02be 7A       		.byte	0x7a
 1858 02bf 00       		.sleb128 0
 1859 02c0 06       		.byte	0x6
 1860 02c1 0A       		.byte	0xa
 1861 02c2 FFFF     		.2byte	0xffff
 1862 02c4 1A       		.byte	0x1a
 1863 02c5 75       		.byte	0x75
 1864 02c6 00       		.sleb128 0
 1865 02c7 22       		.byte	0x22
 1866 02c8 7A       		.byte	0x7a
 1867 02c9 00       		.sleb128 0
 1868 02ca 06       		.byte	0x6
 1869 02cb 40       		.byte	0x40
 1870 02cc 25       		.byte	0x25
 1871 02cd 22       		.byte	0x22
 1872 02ce 22       		.byte	0x22
 1873 02cf 9F       		.byte	0x9f
 1874 02d0 66000000 		.4byte	.LVL31
 1875 02d4 76000000 		.4byte	.LVL35
 1876 02d8 0100     		.2byte	0x1
 1877 02da 55       		.byte	0x55
 1878 02db 76000000 		.4byte	.LVL35
ARM GAS  C:\Users\Matuesz\AppData\Local\Temp\ccV4UU7Z.s 			page 34


 1879 02df 7C000000 		.4byte	.LVL36
 1880 02e3 0100     		.2byte	0x1
 1881 02e5 51       		.byte	0x51
 1882 02e6 7C000000 		.4byte	.LVL36
 1883 02ea 7E000000 		.4byte	.LVL37
 1884 02ee 0100     		.2byte	0x1
 1885 02f0 52       		.byte	0x52
 1886 02f1 7E000000 		.4byte	.LVL37
 1887 02f5 82000000 		.4byte	.LVL38
 1888 02f9 0800     		.2byte	0x8
 1889 02fb 72       		.byte	0x72
 1890 02fc 00       		.sleb128 0
 1891 02fd 40       		.byte	0x40
 1892 02fe 25       		.byte	0x25
 1893 02ff 73       		.byte	0x73
 1894 0300 00       		.sleb128 0
 1895 0301 22       		.byte	0x22
 1896 0302 9F       		.byte	0x9f
 1897 0303 82000000 		.4byte	.LVL38
 1898 0307 8A000000 		.4byte	.LVL39
 1899 030b 0100     		.2byte	0x1
 1900 030d 51       		.byte	0x51
 1901 030e 8A000000 		.4byte	.LVL39
 1902 0312 8E000000 		.4byte	.LFE8
 1903 0316 0200     		.2byte	0x2
 1904 0318 30       		.byte	0x30
 1905 0319 9F       		.byte	0x9f
 1906 031a 00000000 		.4byte	0
 1907 031e 00000000 		.4byte	0
 1908              	.LLST13:
 1909 0322 50000000 		.4byte	.LVL27
 1910 0326 54000000 		.4byte	.LVL28
 1911 032a 0100     		.2byte	0x1
 1912 032c 52       		.byte	0x52
 1913 032d 54000000 		.4byte	.LVL28
 1914 0331 62000000 		.4byte	.LVL30
 1915 0335 0100     		.2byte	0x1
 1916 0337 53       		.byte	0x53
 1917 0338 62000000 		.4byte	.LVL30
 1918 033c 69000000 		.4byte	.LVL32-1
 1919 0340 0200     		.2byte	0x2
 1920 0342 79       		.byte	0x79
 1921 0343 00       		.sleb128 0
 1922 0344 00000000 		.4byte	0
 1923 0348 00000000 		.4byte	0
 1924              	.LLST14:
 1925 034c 00000000 		.4byte	.LVL17
 1926 0350 14000000 		.4byte	.LVL18
 1927 0354 0100     		.2byte	0x1
 1928 0356 50       		.byte	0x50
 1929 0357 14000000 		.4byte	.LVL18
 1930 035b 4C000000 		.4byte	.LVL26
 1931 035f 0100     		.2byte	0x1
 1932 0361 54       		.byte	0x54
 1933 0362 8A000000 		.4byte	.LVL39
 1934 0366 8E000000 		.4byte	.LFE8
 1935 036a 0100     		.2byte	0x1
ARM GAS  C:\Users\Matuesz\AppData\Local\Temp\ccV4UU7Z.s 			page 35


 1936 036c 50       		.byte	0x50
 1937 036d 00000000 		.4byte	0
 1938 0371 00000000 		.4byte	0
 1939              	.LLST15:
 1940 0375 00000000 		.4byte	.LVL17
 1941 0379 14000000 		.4byte	.LVL18
 1942 037d 0200     		.2byte	0x2
 1943 037f 30       		.byte	0x30
 1944 0380 9F       		.byte	0x9f
 1945 0381 36000000 		.4byte	.LVL22
 1946 0385 4C000000 		.4byte	.LVL26
 1947 0389 0100     		.2byte	0x1
 1948 038b 57       		.byte	0x57
 1949 038c 8A000000 		.4byte	.LVL39
 1950 0390 8E000000 		.4byte	.LFE8
 1951 0394 0200     		.2byte	0x2
 1952 0396 30       		.byte	0x30
 1953 0397 9F       		.byte	0x9f
 1954 0398 00000000 		.4byte	0
 1955 039c 00000000 		.4byte	0
 1956              	.LLST16:
 1957 03a0 00000000 		.4byte	.LFB9
 1958 03a4 04000000 		.4byte	.LCFI3
 1959 03a8 0200     		.2byte	0x2
 1960 03aa 7D       		.byte	0x7d
 1961 03ab 00       		.sleb128 0
 1962 03ac 04000000 		.4byte	.LCFI3
 1963 03b0 06000000 		.4byte	.LCFI4
 1964 03b4 0200     		.2byte	0x2
 1965 03b6 7D       		.byte	0x7d
 1966 03b7 24       		.sleb128 36
 1967 03b8 06000000 		.4byte	.LCFI4
 1968 03bc BE000000 		.4byte	.LFE9
 1969 03c0 0200     		.2byte	0x2
 1970 03c2 7D       		.byte	0x7d
 1971 03c3 30       		.sleb128 48
 1972 03c4 00000000 		.4byte	0
 1973 03c8 00000000 		.4byte	0
 1974              	.LLST17:
 1975 03cc 00000000 		.4byte	.LVL40
 1976 03d0 24000000 		.4byte	.LVL41
 1977 03d4 0100     		.2byte	0x1
 1978 03d6 50       		.byte	0x50
 1979 03d7 24000000 		.4byte	.LVL41
 1980 03db B6000000 		.4byte	.LVL67
 1981 03df 0400     		.2byte	0x4
 1982 03e1 F3       		.byte	0xf3
 1983 03e2 01       		.uleb128 0x1
 1984 03e3 50       		.byte	0x50
 1985 03e4 9F       		.byte	0x9f
 1986 03e5 B6000000 		.4byte	.LVL67
 1987 03e9 BE000000 		.4byte	.LFE9
 1988 03ed 0100     		.2byte	0x1
 1989 03ef 50       		.byte	0x50
 1990 03f0 00000000 		.4byte	0
 1991 03f4 00000000 		.4byte	0
 1992              	.LLST18:
ARM GAS  C:\Users\Matuesz\AppData\Local\Temp\ccV4UU7Z.s 			page 36


 1993 03f8 00000000 		.4byte	.LVL40
 1994 03fc 24000000 		.4byte	.LVL41
 1995 0400 0100     		.2byte	0x1
 1996 0402 51       		.byte	0x51
 1997 0403 24000000 		.4byte	.LVL41
 1998 0407 B6000000 		.4byte	.LVL67
 1999 040b 0100     		.2byte	0x1
 2000 040d 5B       		.byte	0x5b
 2001 040e B6000000 		.4byte	.LVL67
 2002 0412 BE000000 		.4byte	.LFE9
 2003 0416 0100     		.2byte	0x1
 2004 0418 51       		.byte	0x51
 2005 0419 00000000 		.4byte	0
 2006 041d 00000000 		.4byte	0
 2007              	.LLST19:
 2008 0421 00000000 		.4byte	.LVL40
 2009 0425 24000000 		.4byte	.LVL41
 2010 0429 0100     		.2byte	0x1
 2011 042b 52       		.byte	0x52
 2012 042c 24000000 		.4byte	.LVL41
 2013 0430 B6000000 		.4byte	.LVL67
 2014 0434 0100     		.2byte	0x1
 2015 0436 5A       		.byte	0x5a
 2016 0437 B6000000 		.4byte	.LVL67
 2017 043b BE000000 		.4byte	.LFE9
 2018 043f 0100     		.2byte	0x1
 2019 0441 52       		.byte	0x52
 2020 0442 00000000 		.4byte	0
 2021 0446 00000000 		.4byte	0
 2022              	.LLST20:
 2023 044a 00000000 		.4byte	.LVL40
 2024 044e 24000000 		.4byte	.LVL41
 2025 0452 0100     		.2byte	0x1
 2026 0454 53       		.byte	0x53
 2027 0455 24000000 		.4byte	.LVL41
 2028 0459 B6000000 		.4byte	.LVL67
 2029 045d 0400     		.2byte	0x4
 2030 045f F3       		.byte	0xf3
 2031 0460 01       		.uleb128 0x1
 2032 0461 53       		.byte	0x53
 2033 0462 9F       		.byte	0x9f
 2034 0463 B6000000 		.4byte	.LVL67
 2035 0467 BE000000 		.4byte	.LFE9
 2036 046b 0100     		.2byte	0x1
 2037 046d 53       		.byte	0x53
 2038 046e 00000000 		.4byte	0
 2039 0472 00000000 		.4byte	0
 2040              	.LLST21:
 2041 0476 00000000 		.4byte	.LVL40
 2042 047a 24000000 		.4byte	.LVL41
 2043 047e 0200     		.2byte	0x2
 2044 0480 91       		.byte	0x91
 2045 0481 04       		.sleb128 4
 2046 0482 24000000 		.4byte	.LVL41
 2047 0486 46000000 		.4byte	.LVL46
 2048 048a 0100     		.2byte	0x1
 2049 048c 55       		.byte	0x55
ARM GAS  C:\Users\Matuesz\AppData\Local\Temp\ccV4UU7Z.s 			page 37


 2050 048d 62000000 		.4byte	.LVL50
 2051 0491 76000000 		.4byte	.LVL54
 2052 0495 0100     		.2byte	0x1
 2053 0497 55       		.byte	0x55
 2054 0498 B6000000 		.4byte	.LVL67
 2055 049c BE000000 		.4byte	.LFE9
 2056 04a0 0200     		.2byte	0x2
 2057 04a2 91       		.byte	0x91
 2058 04a3 04       		.sleb128 4
 2059 04a4 00000000 		.4byte	0
 2060 04a8 00000000 		.4byte	0
 2061              	.LLST22:
 2062 04ac 00000000 		.4byte	.LVL40
 2063 04b0 24000000 		.4byte	.LVL41
 2064 04b4 0200     		.2byte	0x2
 2065 04b6 30       		.byte	0x30
 2066 04b7 9F       		.byte	0x9f
 2067 04b8 24000000 		.4byte	.LVL41
 2068 04bc 46000000 		.4byte	.LVL46
 2069 04c0 0100     		.2byte	0x1
 2070 04c2 56       		.byte	0x56
 2071 04c3 62000000 		.4byte	.LVL50
 2072 04c7 72000000 		.4byte	.LVL53
 2073 04cb 0100     		.2byte	0x1
 2074 04cd 56       		.byte	0x56
 2075 04ce 76000000 		.4byte	.LVL54
 2076 04d2 7A000000 		.4byte	.LVL55
 2077 04d6 0100     		.2byte	0x1
 2078 04d8 56       		.byte	0x56
 2079 04d9 7A000000 		.4byte	.LVL55
 2080 04dd 7E000000 		.4byte	.LVL56
 2081 04e1 0F00     		.2byte	0xf
 2082 04e3 72       		.byte	0x72
 2083 04e4 00       		.sleb128 0
 2084 04e5 0A       		.byte	0xa
 2085 04e6 FFFF     		.2byte	0xffff
 2086 04e8 1A       		.byte	0x1a
 2087 04e9 76       		.byte	0x76
 2088 04ea 00       		.sleb128 0
 2089 04eb 22       		.byte	0x22
 2090 04ec 72       		.byte	0x72
 2091 04ed 00       		.sleb128 0
 2092 04ee 40       		.byte	0x40
 2093 04ef 25       		.byte	0x25
 2094 04f0 22       		.byte	0x22
 2095 04f1 9F       		.byte	0x9f
 2096 04f2 7E000000 		.4byte	.LVL56
 2097 04f6 88000000 		.4byte	.LVL57
 2098 04fa 1600     		.2byte	0x16
 2099 04fc 73       		.byte	0x73
 2100 04fd 00       		.sleb128 0
 2101 04fe 0A       		.byte	0xa
 2102 04ff FFFF     		.2byte	0xffff
 2103 0501 1A       		.byte	0x1a
 2104 0502 72       		.byte	0x72
 2105 0503 00       		.sleb128 0
 2106 0504 0A       		.byte	0xa
ARM GAS  C:\Users\Matuesz\AppData\Local\Temp\ccV4UU7Z.s 			page 38


 2107 0505 FFFF     		.2byte	0xffff
 2108 0507 1A       		.byte	0x1a
 2109 0508 76       		.byte	0x76
 2110 0509 00       		.sleb128 0
 2111 050a 22       		.byte	0x22
 2112 050b 72       		.byte	0x72
 2113 050c 00       		.sleb128 0
 2114 050d 40       		.byte	0x40
 2115 050e 25       		.byte	0x25
 2116 050f 22       		.byte	0x22
 2117 0510 22       		.byte	0x22
 2118 0511 9F       		.byte	0x9f
 2119 0512 88000000 		.4byte	.LVL57
 2120 0516 8C000000 		.4byte	.LVL58
 2121 051a 1800     		.2byte	0x18
 2122 051c 73       		.byte	0x73
 2123 051d 00       		.sleb128 0
 2124 051e 0A       		.byte	0xa
 2125 051f FFFF     		.2byte	0xffff
 2126 0521 1A       		.byte	0x1a
 2127 0522 7B       		.byte	0x7b
 2128 0523 00       		.sleb128 0
 2129 0524 06       		.byte	0x6
 2130 0525 0A       		.byte	0xa
 2131 0526 FFFF     		.2byte	0xffff
 2132 0528 1A       		.byte	0x1a
 2133 0529 76       		.byte	0x76
 2134 052a 00       		.sleb128 0
 2135 052b 22       		.byte	0x22
 2136 052c 7B       		.byte	0x7b
 2137 052d 00       		.sleb128 0
 2138 052e 06       		.byte	0x6
 2139 052f 40       		.byte	0x40
 2140 0530 25       		.byte	0x25
 2141 0531 22       		.byte	0x22
 2142 0532 22       		.byte	0x22
 2143 0533 9F       		.byte	0x9f
 2144 0534 8C000000 		.4byte	.LVL58
 2145 0538 90000000 		.4byte	.LVL59
 2146 053c 1900     		.2byte	0x19
 2147 053e 7A       		.byte	0x7a
 2148 053f 00       		.sleb128 0
 2149 0540 06       		.byte	0x6
 2150 0541 0A       		.byte	0xa
 2151 0542 FFFF     		.2byte	0xffff
 2152 0544 1A       		.byte	0x1a
 2153 0545 7B       		.byte	0x7b
 2154 0546 00       		.sleb128 0
 2155 0547 06       		.byte	0x6
 2156 0548 0A       		.byte	0xa
 2157 0549 FFFF     		.2byte	0xffff
 2158 054b 1A       		.byte	0x1a
 2159 054c 76       		.byte	0x76
 2160 054d 00       		.sleb128 0
 2161 054e 22       		.byte	0x22
 2162 054f 7B       		.byte	0x7b
 2163 0550 00       		.sleb128 0
ARM GAS  C:\Users\Matuesz\AppData\Local\Temp\ccV4UU7Z.s 			page 39


 2164 0551 06       		.byte	0x6
 2165 0552 40       		.byte	0x40
 2166 0553 25       		.byte	0x25
 2167 0554 22       		.byte	0x22
 2168 0555 22       		.byte	0x22
 2169 0556 9F       		.byte	0x9f
 2170 0557 90000000 		.4byte	.LVL59
 2171 055b A0000000 		.4byte	.LVL63
 2172 055f 0100     		.2byte	0x1
 2173 0561 56       		.byte	0x56
 2174 0562 A0000000 		.4byte	.LVL63
 2175 0566 A6000000 		.4byte	.LVL64
 2176 056a 0100     		.2byte	0x1
 2177 056c 51       		.byte	0x51
 2178 056d A6000000 		.4byte	.LVL64
 2179 0571 A8000000 		.4byte	.LVL65
 2180 0575 0100     		.2byte	0x1
 2181 0577 52       		.byte	0x52
 2182 0578 A8000000 		.4byte	.LVL65
 2183 057c AC000000 		.4byte	.LVL66
 2184 0580 0800     		.2byte	0x8
 2185 0582 72       		.byte	0x72
 2186 0583 00       		.sleb128 0
 2187 0584 40       		.byte	0x40
 2188 0585 25       		.byte	0x25
 2189 0586 73       		.byte	0x73
 2190 0587 00       		.sleb128 0
 2191 0588 22       		.byte	0x22
 2192 0589 9F       		.byte	0x9f
 2193 058a AC000000 		.4byte	.LVL66
 2194 058e B6000000 		.4byte	.LVL67
 2195 0592 0100     		.2byte	0x1
 2196 0594 51       		.byte	0x51
 2197 0595 B6000000 		.4byte	.LVL67
 2198 0599 BE000000 		.4byte	.LFE9
 2199 059d 0200     		.2byte	0x2
 2200 059f 30       		.byte	0x30
 2201 05a0 9F       		.byte	0x9f
 2202 05a1 00000000 		.4byte	0
 2203 05a5 00000000 		.4byte	0
 2204              	.LLST23:
 2205 05a9 7A000000 		.4byte	.LVL55
 2206 05ad 7E000000 		.4byte	.LVL56
 2207 05b1 0100     		.2byte	0x1
 2208 05b3 52       		.byte	0x52
 2209 05b4 7E000000 		.4byte	.LVL56
 2210 05b8 8C000000 		.4byte	.LVL58
 2211 05bc 0100     		.2byte	0x1
 2212 05be 53       		.byte	0x53
 2213 05bf 8C000000 		.4byte	.LVL58
 2214 05c3 93000000 		.4byte	.LVL60-1
 2215 05c7 0200     		.2byte	0x2
 2216 05c9 7A       		.byte	0x7a
 2217 05ca 00       		.sleb128 0
 2218 05cb 00000000 		.4byte	0
 2219 05cf 00000000 		.4byte	0
 2220              	.LLST24:
ARM GAS  C:\Users\Matuesz\AppData\Local\Temp\ccV4UU7Z.s 			page 40


 2221 05d3 00000000 		.4byte	.LVL40
 2222 05d7 24000000 		.4byte	.LVL41
 2223 05db 0100     		.2byte	0x1
 2224 05dd 50       		.byte	0x50
 2225 05de 24000000 		.4byte	.LVL41
 2226 05e2 76000000 		.4byte	.LVL54
 2227 05e6 0100     		.2byte	0x1
 2228 05e8 54       		.byte	0x54
 2229 05e9 B6000000 		.4byte	.LVL67
 2230 05ed BE000000 		.4byte	.LFE9
 2231 05f1 0100     		.2byte	0x1
 2232 05f3 50       		.byte	0x50
 2233 05f4 00000000 		.4byte	0
 2234 05f8 00000000 		.4byte	0
 2235              	.LLST25:
 2236 05fc 00000000 		.4byte	.LVL40
 2237 0600 24000000 		.4byte	.LVL41
 2238 0604 0200     		.2byte	0x2
 2239 0606 30       		.byte	0x30
 2240 0607 9F       		.byte	0x9f
 2241 0608 3C000000 		.4byte	.LVL43
 2242 060c 46000000 		.4byte	.LVL46
 2243 0610 0100     		.2byte	0x1
 2244 0612 57       		.byte	0x57
 2245 0613 6A000000 		.4byte	.LVL52
 2246 0617 76000000 		.4byte	.LVL54
 2247 061b 0100     		.2byte	0x1
 2248 061d 57       		.byte	0x57
 2249 061e B6000000 		.4byte	.LVL67
 2250 0622 BE000000 		.4byte	.LFE9
 2251 0626 0200     		.2byte	0x2
 2252 0628 30       		.byte	0x30
 2253 0629 9F       		.byte	0x9f
 2254 062a 00000000 		.4byte	0
 2255 062e 00000000 		.4byte	0
 2256              	.LLST26:
 2257 0632 24000000 		.4byte	.LVL41
 2258 0636 46000000 		.4byte	.LVL46
 2259 063a 0100     		.2byte	0x1
 2260 063c 59       		.byte	0x59
 2261 063d 48000000 		.4byte	.LVL47
 2262 0641 52000000 		.4byte	.LVL48
 2263 0645 0200     		.2byte	0x2
 2264 0647 74       		.byte	0x74
 2265 0648 0A       		.sleb128 10
 2266 0649 52000000 		.4byte	.LVL48
 2267 064d 76000000 		.4byte	.LVL54
 2268 0651 0100     		.2byte	0x1
 2269 0653 59       		.byte	0x59
 2270 0654 00000000 		.4byte	0
 2271 0658 00000000 		.4byte	0
 2272              	.LLST27:
 2273 065c 00000000 		.4byte	.LFB10
 2274 0660 02000000 		.4byte	.LCFI5
 2275 0664 0200     		.2byte	0x2
 2276 0666 7D       		.byte	0x7d
 2277 0667 00       		.sleb128 0
ARM GAS  C:\Users\Matuesz\AppData\Local\Temp\ccV4UU7Z.s 			page 41


 2278 0668 02000000 		.4byte	.LCFI5
 2279 066c 0C000000 		.4byte	.LFE10
 2280 0670 0200     		.2byte	0x2
 2281 0672 7D       		.byte	0x7d
 2282 0673 08       		.sleb128 8
 2283 0674 00000000 		.4byte	0
 2284 0678 00000000 		.4byte	0
 2285              	.LLST28:
 2286 067c 00000000 		.4byte	.LVL68
 2287 0680 05000000 		.4byte	.LVL69-1
 2288 0684 0100     		.2byte	0x1
 2289 0686 50       		.byte	0x50
 2290 0687 05000000 		.4byte	.LVL69-1
 2291 068b 0C000000 		.4byte	.LFE10
 2292 068f 0400     		.2byte	0x4
 2293 0691 F3       		.byte	0xf3
 2294 0692 01       		.uleb128 0x1
 2295 0693 50       		.byte	0x50
 2296 0694 9F       		.byte	0x9f
 2297 0695 00000000 		.4byte	0
 2298 0699 00000000 		.4byte	0
 2299              	.LLST29:
 2300 069d 00000000 		.4byte	.LVL68
 2301 06a1 05000000 		.4byte	.LVL69-1
 2302 06a5 0100     		.2byte	0x1
 2303 06a7 51       		.byte	0x51
 2304 06a8 05000000 		.4byte	.LVL69-1
 2305 06ac 0C000000 		.4byte	.LFE10
 2306 06b0 0400     		.2byte	0x4
 2307 06b2 F3       		.byte	0xf3
 2308 06b3 01       		.uleb128 0x1
 2309 06b4 51       		.byte	0x51
 2310 06b5 9F       		.byte	0x9f
 2311 06b6 00000000 		.4byte	0
 2312 06ba 00000000 		.4byte	0
 2313              	.LLST30:
 2314 06be 00000000 		.4byte	.LFB11
 2315 06c2 02000000 		.4byte	.LCFI6
 2316 06c6 0200     		.2byte	0x2
 2317 06c8 7D       		.byte	0x7d
 2318 06c9 00       		.sleb128 0
 2319 06ca 02000000 		.4byte	.LCFI6
 2320 06ce 54000000 		.4byte	.LFE11
 2321 06d2 0200     		.2byte	0x2
 2322 06d4 7D       		.byte	0x7d
 2323 06d5 10       		.sleb128 16
 2324 06d6 00000000 		.4byte	0
 2325 06da 00000000 		.4byte	0
 2326              	.LLST31:
 2327 06de 00000000 		.4byte	.LVL70
 2328 06e2 0A000000 		.4byte	.LVL71
 2329 06e6 0100     		.2byte	0x1
 2330 06e8 50       		.byte	0x50
 2331 06e9 0A000000 		.4byte	.LVL71
 2332 06ed 4E000000 		.4byte	.LVL81
 2333 06f1 0400     		.2byte	0x4
 2334 06f3 F3       		.byte	0xf3
ARM GAS  C:\Users\Matuesz\AppData\Local\Temp\ccV4UU7Z.s 			page 42


 2335 06f4 01       		.uleb128 0x1
 2336 06f5 50       		.byte	0x50
 2337 06f6 9F       		.byte	0x9f
 2338 06f7 4E000000 		.4byte	.LVL81
 2339 06fb 52000000 		.4byte	.LVL82
 2340 06ff 0100     		.2byte	0x1
 2341 0701 50       		.byte	0x50
 2342 0702 52000000 		.4byte	.LVL82
 2343 0706 54000000 		.4byte	.LFE11
 2344 070a 0400     		.2byte	0x4
 2345 070c F3       		.byte	0xf3
 2346 070d 01       		.uleb128 0x1
 2347 070e 50       		.byte	0x50
 2348 070f 9F       		.byte	0x9f
 2349 0710 00000000 		.4byte	0
 2350 0714 00000000 		.4byte	0
 2351              	.LLST32:
 2352 0718 00000000 		.4byte	.LVL70
 2353 071c 0A000000 		.4byte	.LVL71
 2354 0720 0200     		.2byte	0x2
 2355 0722 30       		.byte	0x30
 2356 0723 9F       		.byte	0x9f
 2357 0724 16000000 		.4byte	.LVL73
 2358 0728 1E000000 		.4byte	.LVL74
 2359 072c 0100     		.2byte	0x1
 2360 072e 50       		.byte	0x50
 2361 072f 1E000000 		.4byte	.LVL74
 2362 0733 3E000000 		.4byte	.LVL78
 2363 0737 0100     		.2byte	0x1
 2364 0739 55       		.byte	0x55
 2365 073a 3E000000 		.4byte	.LVL78
 2366 073e 42000000 		.4byte	.LVL79
 2367 0742 0800     		.2byte	0x8
 2368 0744 70       		.byte	0x70
 2369 0745 00       		.sleb128 0
 2370 0746 40       		.byte	0x40
 2371 0747 25       		.byte	0x25
 2372 0748 75       		.byte	0x75
 2373 0749 00       		.sleb128 0
 2374 074a 21       		.byte	0x21
 2375 074b 9F       		.byte	0x9f
 2376 074c 42000000 		.4byte	.LVL79
 2377 0750 48000000 		.4byte	.LVL80
 2378 0754 0100     		.2byte	0x1
 2379 0756 51       		.byte	0x51
 2380 0757 48000000 		.4byte	.LVL80
 2381 075b 4E000000 		.4byte	.LVL81
 2382 075f 0100     		.2byte	0x1
 2383 0761 55       		.byte	0x55
 2384 0762 4E000000 		.4byte	.LVL81
 2385 0766 52000000 		.4byte	.LVL82
 2386 076a 0200     		.2byte	0x2
 2387 076c 30       		.byte	0x30
 2388 076d 9F       		.byte	0x9f
 2389 076e 00000000 		.4byte	0
 2390 0772 00000000 		.4byte	0
 2391              	.LLST33:
ARM GAS  C:\Users\Matuesz\AppData\Local\Temp\ccV4UU7Z.s 			page 43


 2392 0776 00000000 		.4byte	.LVL70
 2393 077a 0A000000 		.4byte	.LVL71
 2394 077e 0100     		.2byte	0x1
 2395 0780 50       		.byte	0x50
 2396 0781 0A000000 		.4byte	.LVL71
 2397 0785 4E000000 		.4byte	.LVL81
 2398 0789 0100     		.2byte	0x1
 2399 078b 54       		.byte	0x54
 2400 078c 4E000000 		.4byte	.LVL81
 2401 0790 52000000 		.4byte	.LVL82
 2402 0794 0100     		.2byte	0x1
 2403 0796 50       		.byte	0x50
 2404 0797 52000000 		.4byte	.LVL82
 2405 079b 54000000 		.4byte	.LFE11
 2406 079f 0400     		.2byte	0x4
 2407 07a1 F3       		.byte	0xf3
 2408 07a2 01       		.uleb128 0x1
 2409 07a3 50       		.byte	0x50
 2410 07a4 9F       		.byte	0x9f
 2411 07a5 00000000 		.4byte	0
 2412 07a9 00000000 		.4byte	0
 2413              	.LLST34:
 2414 07ad 00000000 		.4byte	.LVL70
 2415 07b1 0A000000 		.4byte	.LVL71
 2416 07b5 0200     		.2byte	0x2
 2417 07b7 30       		.byte	0x30
 2418 07b8 9F       		.byte	0x9f
 2419 07b9 2C000000 		.4byte	.LVL75
 2420 07bd 4E000000 		.4byte	.LVL81
 2421 07c1 0100     		.2byte	0x1
 2422 07c3 56       		.byte	0x56
 2423 07c4 4E000000 		.4byte	.LVL81
 2424 07c8 54000000 		.4byte	.LFE11
 2425 07cc 0200     		.2byte	0x2
 2426 07ce 30       		.byte	0x30
 2427 07cf 9F       		.byte	0x9f
 2428 07d0 00000000 		.4byte	0
 2429 07d4 00000000 		.4byte	0
 2430              		.section	.debug_aranges,"",%progbits
 2431 0000 3C000000 		.4byte	0x3c
 2432 0004 0200     		.2byte	0x2
 2433 0006 00000000 		.4byte	.Ldebug_info0
 2434 000a 04       		.byte	0x4
 2435 000b 00       		.byte	0
 2436 000c 0000     		.2byte	0
 2437 000e 0000     		.2byte	0
 2438 0010 00000000 		.4byte	.LFB7
 2439 0014 98000000 		.4byte	.LFE7-.LFB7
 2440 0018 00000000 		.4byte	.LFB8
 2441 001c 8E000000 		.4byte	.LFE8-.LFB8
 2442 0020 00000000 		.4byte	.LFB9
 2443 0024 BE000000 		.4byte	.LFE9-.LFB9
 2444 0028 00000000 		.4byte	.LFB10
 2445 002c 0C000000 		.4byte	.LFE10-.LFB10
 2446 0030 00000000 		.4byte	.LFB11
 2447 0034 54000000 		.4byte	.LFE11-.LFB11
 2448 0038 00000000 		.4byte	0
ARM GAS  C:\Users\Matuesz\AppData\Local\Temp\ccV4UU7Z.s 			page 44


 2449 003c 00000000 		.4byte	0
 2450              		.section	.debug_ranges,"",%progbits
 2451              	.Ldebug_ranges0:
 2452 0000 00000000 		.4byte	.LFB7
 2453 0004 98000000 		.4byte	.LFE7
 2454 0008 00000000 		.4byte	.LFB8
 2455 000c 8E000000 		.4byte	.LFE8
 2456 0010 00000000 		.4byte	.LFB9
 2457 0014 BE000000 		.4byte	.LFE9
 2458 0018 00000000 		.4byte	.LFB10
 2459 001c 0C000000 		.4byte	.LFE10
 2460 0020 00000000 		.4byte	.LFB11
 2461 0024 54000000 		.4byte	.LFE11
 2462 0028 00000000 		.4byte	0
 2463 002c 00000000 		.4byte	0
 2464              		.section	.debug_line,"",%progbits
 2465              	.Ldebug_line0:
 2466 0000 7F020000 		.section	.debug_str,"MS",%progbits,1
 2466      02008401 
 2466      00000201 
 2466      FB0E0D00 
 2466      01010101 
 2467              	.LASF38:
 2468 0000 696E6574 		.ascii	"inet_chksum_pbuf\000"
 2468      5F63686B 
 2468      73756D5F 
 2468      70627566 
 2468      00
 2469              	.LASF19:
 2470 0011 6E657874 		.ascii	"next\000"
 2470      00
 2471              	.LASF18:
 2472 0016 6D656D5F 		.ascii	"mem_ptr_t\000"
 2472      7074725F 
 2472      7400
 2473              	.LASF37:
 2474 0020 696E6574 		.ascii	"inet_chksum\000"
 2474      5F63686B 
 2474      73756D00 
 2475              	.LASF25:
 2476 002c 69705F61 		.ascii	"ip_addr\000"
 2476      64647200 
 2477              	.LASF36:
 2478 0034 63686B6C 		.ascii	"chklen\000"
 2478      656E00
 2479              	.LASF40:
 2480 003b 2E2E2F2E 		.ascii	"../../ext/lwip/src/core/ipv4/inet_chksum.c\000"
 2480      2E2F6578 
 2480      742F6C77 
 2480      69702F73 
 2480      72632F63 
 2481              	.LASF6:
 2482 0066 73686F72 		.ascii	"short unsigned int\000"
 2482      7420756E 
 2482      7369676E 
 2482      65642069 
 2482      6E7400
ARM GAS  C:\Users\Matuesz\AppData\Local\Temp\ccV4UU7Z.s 			page 45


 2483              	.LASF42:
 2484 0079 6C776970 		.ascii	"lwip_standard_chksum\000"
 2484      5F737461 
 2484      6E646172 
 2484      645F6368 
 2484      6B73756D 
 2485              	.LASF43:
 2486 008e 6C776970 		.ascii	"lwip_htons\000"
 2486      5F68746F 
 2486      6E7300
 2487              	.LASF35:
 2488 0099 63686B73 		.ascii	"chksum_len\000"
 2488      756D5F6C 
 2488      656E00
 2489              	.LASF1:
 2490 00a4 7369676E 		.ascii	"signed char\000"
 2490      65642063 
 2490      68617200 
 2491              	.LASF32:
 2492 00b0 73776170 		.ascii	"swapped\000"
 2492      70656400 
 2493              	.LASF2:
 2494 00b8 756E7369 		.ascii	"unsigned char\000"
 2494      676E6564 
 2494      20636861 
 2494      7200
 2495              	.LASF9:
 2496 00c6 6C6F6E67 		.ascii	"long unsigned int\000"
 2496      20756E73 
 2496      69676E65 
 2496      6420696E 
 2496      7400
 2497              	.LASF26:
 2498 00d8 61646472 		.ascii	"addr\000"
 2498      00
 2499              	.LASF24:
 2500 00dd 70627566 		.ascii	"pbuf\000"
 2500      00
 2501              	.LASF39:
 2502 00e2 474E5520 		.ascii	"GNU C 4.7.4 20140401 (release) [ARM/embedded-4_7-br"
 2502      4320342E 
 2502      372E3420 
 2502      32303134 
 2502      30343031 
 2503 0115 616E6368 		.ascii	"anch revision 209195]\000"
 2503      20726576 
 2503      6973696F 
 2503      6E203230 
 2503      39313935 
 2504              	.LASF16:
 2505 012b 7531365F 		.ascii	"u16_t\000"
 2505      7400
 2506              	.LASF17:
 2507 0131 7533325F 		.ascii	"u32_t\000"
 2507      7400
 2508              	.LASF21:
 2509 0137 746F745F 		.ascii	"tot_len\000"
ARM GAS  C:\Users\Matuesz\AppData\Local\Temp\ccV4UU7Z.s 			page 46


 2509      6C656E00 
 2510              	.LASF27:
 2511 013f 69705F61 		.ascii	"ip_addr_t\000"
 2511      6464725F 
 2511      7400
 2512              	.LASF0:
 2513 0149 756E7369 		.ascii	"unsigned int\000"
 2513      676E6564 
 2513      20696E74 
 2513      00
 2514              	.LASF23:
 2515 0156 666C6167 		.ascii	"flags\000"
 2515      7300
 2516              	.LASF34:
 2517 015c 696E6574 		.ascii	"inet_chksum_pseudo_partial\000"
 2517      5F63686B 
 2517      73756D5F 
 2517      70736575 
 2517      646F5F70 
 2518              	.LASF11:
 2519 0177 6C6F6E67 		.ascii	"long long unsigned int\000"
 2519      206C6F6E 
 2519      6720756E 
 2519      7369676E 
 2519      65642069 
 2520              	.LASF4:
 2521 018e 75696E74 		.ascii	"uint8_t\000"
 2521      385F7400 
 2522              	.LASF15:
 2523 0196 75385F74 		.ascii	"u8_t\000"
 2523      00
 2524              	.LASF33:
 2525 019b 696E6574 		.ascii	"inet_chksum_pseudo\000"
 2525      5F63686B 
 2525      73756D5F 
 2525      70736575 
 2525      646F00
 2526              	.LASF20:
 2527 01ae 7061796C 		.ascii	"payload\000"
 2527      6F616400 
 2528              	.LASF44:
 2529 01b6 706F7274 		.ascii	"port_halt\000"
 2529      5F68616C 
 2529      7400
 2530              	.LASF13:
 2531 01c0 73697A65 		.ascii	"sizetype\000"
 2531      74797065 
 2531      00
 2532              	.LASF10:
 2533 01c9 6C6F6E67 		.ascii	"long long int\000"
 2533      206C6F6E 
 2533      6720696E 
 2533      7400
 2534              	.LASF14:
 2535 01d7 63686172 		.ascii	"char\000"
 2535      00
 2536              	.LASF28:
ARM GAS  C:\Users\Matuesz\AppData\Local\Temp\ccV4UU7Z.s 			page 47


 2537 01dc 64617461 		.ascii	"dataptr\000"
 2537      70747200 
 2538              	.LASF22:
 2539 01e4 74797065 		.ascii	"type\000"
 2539      00
 2540              	.LASF3:
 2541 01e9 73686F72 		.ascii	"short int\000"
 2541      7420696E 
 2541      7400
 2542              	.LASF5:
 2543 01f3 75696E74 		.ascii	"uint16_t\000"
 2543      31365F74 
 2543      00
 2544              	.LASF8:
 2545 01fc 75696E74 		.ascii	"uint32_t\000"
 2545      33325F74 
 2545      00
 2546              	.LASF7:
 2547 0205 6C6F6E67 		.ascii	"long int\000"
 2547      20696E74 
 2547      00
 2548              	.LASF41:
 2549 020e 433A5C43 		.ascii	"C:\\ChibiStudio\\chibios\\demos\\ARMCM4-STM32F407-E"
 2549      68696269 
 2549      53747564 
 2549      696F5C63 
 2549      68696269 
 2550 023d 4D4700   		.ascii	"MG\000"
 2551              	.LASF31:
 2552 0240 70726F74 		.ascii	"proto_len\000"
 2552      6F5F6C65 
 2552      6E00
 2553              	.LASF12:
 2554 024a 5F426F6F 		.ascii	"_Bool\000"
 2554      6C00
 2555              	.LASF30:
 2556 0250 70726F74 		.ascii	"proto\000"
 2556      6F00
 2557              	.LASF29:
 2558 0256 64657374 		.ascii	"dest\000"
 2558      00
 2559              		.ident	"GCC: (GNU Tools for ARM Embedded Processors) 4.7.4 20140401 (release) [ARM/embedded-4_7-br
ARM GAS  C:\Users\Matuesz\AppData\Local\Temp\ccV4UU7Z.s 			page 48


DEFINED SYMBOLS
                            *ABS*:00000000 inet_chksum.c
C:\Users\Matuesz\AppData\Local\Temp\ccV4UU7Z.s:19     .text.lwip_standard_chksum:00000000 $t
C:\Users\Matuesz\AppData\Local\Temp\ccV4UU7Z.s:24     .text.lwip_standard_chksum:00000000 lwip_standard_chksum
C:\Users\Matuesz\AppData\Local\Temp\ccV4UU7Z.s:160    .text.inet_chksum_pseudo:00000000 $t
C:\Users\Matuesz\AppData\Local\Temp\ccV4UU7Z.s:166    .text.inet_chksum_pseudo:00000000 inet_chksum_pseudo
C:\Users\Matuesz\AppData\Local\Temp\ccV4UU7Z.s:293    .text.inet_chksum_pseudo_partial:00000000 $t
C:\Users\Matuesz\AppData\Local\Temp\ccV4UU7Z.s:299    .text.inet_chksum_pseudo_partial:00000000 inet_chksum_pseudo_partial
C:\Users\Matuesz\AppData\Local\Temp\ccV4UU7Z.s:466    .text.inet_chksum:00000000 $t
C:\Users\Matuesz\AppData\Local\Temp\ccV4UU7Z.s:472    .text.inet_chksum:00000000 inet_chksum
C:\Users\Matuesz\AppData\Local\Temp\ccV4UU7Z.s:495    .text.inet_chksum_pbuf:00000000 $t
C:\Users\Matuesz\AppData\Local\Temp\ccV4UU7Z.s:501    .text.inet_chksum_pbuf:00000000 inet_chksum_pbuf
                     .debug_frame:00000010 $d

UNDEFINED SYMBOLS
lwip_htons
port_halt
